#-----------------------------------------------------------
# xsim v2017.2 (64-bit)
# SW Build 1909853 on Thu Jun 15 18:39:09 MDT 2017
# IP Build 1909766 on Thu Jun 15 19:58:00 MDT 2017
# Start of session at: Wed Oct  3 20:32:38 2018
# Process ID: 1412
# Current directory: C:/Users/titas/source/repos/-EmbeddedRealTimeSystems-/Assignment2/Exercise6/Exercise1/matrixmul.prj/solution1/sim/vhdl
# Command line: xsim.exe -mode tcl -source {xsim.dir/matrixmul/xsim_script.tcl}
# Log file: C:/Users/titas/source/repos/-EmbeddedRealTimeSystems-/Assignment2/Exercise6/Exercise1/matrixmul.prj/solution1/sim/vhdl/xsim.log
# Journal file: C:/Users/titas/source/repos/-EmbeddedRealTimeSystems-/Assignment2/Exercise6/Exercise1/matrixmul.prj/solution1/sim/vhdl\xsim.jou
#-----------------------------------------------------------
source xsim.dir/matrixmul/xsim_script.tcl
# xsim {matrixmul} -autoloadwcfg -tclbatch {matrixmul.tcl}
Vivado Simulator 2017.2
Time resolution is 1 ps
source matrixmul.tcl
## run all
Note: simulation done!
Time: 1012 ns  Iteration: 1  Process: /apatb_matrixmul_top/generate_sim_done_proc  File: C:/Users/titas/source/repos/-EmbeddedRealTimeSystems-/Assignment2/Exercise6/Exercise1/matrixmul.prj/solution1/sim/vhdl/matrixmul.autotb.vhd
Failure: NORMAL EXIT (note: failure is to force the simulator to stop)
Time: 1012 ns  Iteration: 1  Process: /apatb_matrixmul_top/generate_sim_done_proc  File: C:/Users/titas/source/repos/-EmbeddedRealTimeSystems-/Assignment2/Exercise6/Exercise1/matrixmul.prj/solution1/sim/vhdl/matrixmul.autotb.vhd
$finish called at time : 1012 ns
## quit
INFO: [Common 17-206] Exiting xsim at Wed Oct  3 20:32:44 2018...
