Copyright 1986-2017 Xilinx, Inc. All Rights Reserved.
-------------------------------------------------------------------------------------------------------------------
| Tool Version : Vivado v.2017.2 (win64) Build 1909853 Thu Jun 15 18:39:09 MDT 2017
| Date         : Mon Oct  8 19:29:21 2018
| Host         : LAPTOP-07F69O5Q running 64-bit major release  (build 9200)
| Command      : report_methodology -file Advios_methodology_drc_routed.rpt -rpx Advios_methodology_drc_routed.rpx
| Design       : Advios
| Device       : xc7z010clg400-1
| Speed File   : -1
| Design State : Routed
-------------------------------------------------------------------------------------------------------------------

Report Methodology

Table of Contents
-----------------
1. REPORT SUMMARY
2. REPORT DETAILS

1. REPORT SUMMARY
-----------------
            Netlist: netlist
          Floorplan: checkpoint_Advios
      Design limits: <entire design considered>
             Max violations: <unlimited>
             Violations found: 13
+-----------+----------+-------------------------------+------------+
| Rule      | Severity | Description                   | Violations |
+-----------+----------+-------------------------------+------------+
| TIMING-18 | Warning  | Missing input or output delay | 13         |
+-----------+----------+-------------------------------+------------+

2. REPORT DETAILS
-----------------
TIMING-18#1 Warning
Missing input or output delay  
An input delay is missing on ctrl[0] relative to clock(s) clk 
Related violations: <none>

TIMING-18#2 Warning
Missing input or output delay  
An input delay is missing on ctrl[1] relative to clock(s) clk 
Related violations: <none>

TIMING-18#3 Warning
Missing input or output delay  
An input delay is missing on ctrl[2] relative to clock(s) clk 
Related violations: <none>

TIMING-18#4 Warning
Missing input or output delay  
An input delay is missing on ctrl[3] relative to clock(s) clk 
Related violations: <none>

TIMING-18#5 Warning
Missing input or output delay  
An input delay is missing on reset relative to clock(s) clk 
Related violations: <none>

TIMING-18#6 Warning
Missing input or output delay  
An input delay is missing on switches[0] relative to clock(s) clk 
Related violations: <none>

TIMING-18#7 Warning
Missing input or output delay  
An input delay is missing on switches[1] relative to clock(s) clk 
Related violations: <none>

TIMING-18#8 Warning
Missing input or output delay  
An input delay is missing on switches[2] relative to clock(s) clk 
Related violations: <none>

TIMING-18#9 Warning
Missing input or output delay  
An input delay is missing on switches[3] relative to clock(s) clk 
Related violations: <none>

TIMING-18#10 Warning
Missing input or output delay  
An output delay is missing on leds[0] relative to clock(s) clk 
Related violations: <none>

TIMING-18#11 Warning
Missing input or output delay  
An output delay is missing on leds[1] relative to clock(s) clk 
Related violations: <none>

TIMING-18#12 Warning
Missing input or output delay  
An output delay is missing on leds[2] relative to clock(s) clk 
Related violations: <none>

TIMING-18#13 Warning
Missing input or output delay  
An output delay is missing on leds[3] relative to clock(s) clk 
Related violations: <none>


