Copyright 1986-2017 Xilinx, Inc. All Rights Reserved.
------------------------------------------------------------------------------------
| Tool Version : Vivado v.2017.2 (win64) Build 1909853 Thu Jun 15 18:39:09 MDT 2017
| Date         : Mon Oct  8 19:28:59 2018
| Host         : LAPTOP-07F69O5Q running 64-bit major release  (build 9200)
| Command      : report_control_sets -verbose -file Advios_control_sets_placed.rpt
| Design       : Advios
| Device       : xc7z010
------------------------------------------------------------------------------------

Control Set Information

Table of Contents
-----------------
1. Summary
2. Flip-Flop Distribution
3. Detailed Control Set Information

1. Summary
----------

+----------------------------------------------------------+-------+
|                          Status                          | Count |
+----------------------------------------------------------+-------+
| Number of unique control sets                            |     5 |
| Unused register locations in slices containing registers |    23 |
+----------------------------------------------------------+-------+


2. Flip-Flop Distribution
-------------------------

+--------------+-----------------------+------------------------+-----------------+--------------+
| Clock Enable | Synchronous Set/Reset | Asynchronous Set/Reset | Total Registers | Total Slices |
+--------------+-----------------------+------------------------+-----------------+--------------+
| No           | No                    | No                     |               3 |            3 |
| No           | No                    | Yes                    |               0 |            0 |
| No           | Yes                   | No                     |               4 |            4 |
| Yes          | No                    | No                     |               0 |            0 |
| Yes          | No                    | Yes                    |               0 |            0 |
| Yes          | Yes                   | No                     |              34 |            9 |
+--------------+-----------------------+------------------------+-----------------+--------------+


3. Detailed Control Set Information
-----------------------------------

+--------------+---------------------------------------------------------------------+-------------------------------------------------------------------------------------+------------------+----------------+
| Clock Signal |                            Enable Signal                            |                                   Set/Reset Signal                                  | Slice Load Count | Bel Load Count |
+--------------+---------------------------------------------------------------------+-------------------------------------------------------------------------------------+------------------+----------------+
|  clk         |                                                                     |                                                                                     |                3 |              3 |
|  clk         |                                                                     | reset                                                                               |                4 |              4 |
|  clk         | grp_Advios_LedControl_fu_78/grp_Advios_LedControl_fu_78_leds_ap_vld | grp_Advios_LedControl_fu_78/leds_reg[0]                                             |                1 |              4 |
|  clk         | grp_Advios_LedControl_fu_78/p_4_in                                  | grp_Advios_LedControl_fu_78/counter_V                                               |                1 |              4 |
|  clk         | grp_Advios_modulate_clock_fu_98/ap_CS_fsm_state2                    | grp_Advios_modulate_clock_fu_98/grp_Advios_modulate_clock_fu_98_clk_second_o_ap_vld |                7 |             26 |
+--------------+---------------------------------------------------------------------+-------------------------------------------------------------------------------------+------------------+----------------+


+--------+-----------------------+
| Fanout | Number of ControlSets |
+--------+-----------------------+
| 3      |                     1 |
| 4      |                     3 |
| 16+    |                     1 |
+--------+-----------------------+


