#-----------------------------------------------------------
# Vivado v2018.2 (64-bit)
# SW Build 2258646 on Thu Jun 14 20:02:38 MDT 2018
# IP Build 2256618 on Thu Jun 14 22:10:49 MDT 2018
# Start of session at: Sun Sep 30 16:56:55 2018
# Process ID: 5238
# Current directory: /home/olafur/Documents/Embedded_systems/Assignment_1/-EmbeddedRealTimeSystems-
# Command line: vivado
# Log file: /home/olafur/Documents/Embedded_systems/Assignment_1/-EmbeddedRealTimeSystems-/vivado.log
# Journal file: /home/olafur/Documents/Embedded_systems/Assignment_1/-EmbeddedRealTimeSystems-/vivado.jou
#-----------------------------------------------------------
start_gui
open_project /home/olafur/Documents/Embedded_systems/Assignment_1/-EmbeddedRealTimeSystems-/Assignment_2/Exercise_3/Lab_4.xpr
Scanning sources...
Finished scanning sources
INFO: [IP_Flow 19-234] Refreshing IP repositories
INFO: [IP_Flow 19-1700] Loaded user IP repository '/home/olafur/Documents/Embedded_systems/lectures/Lab_3/custom_ip'.
INFO: [IP_Flow 19-1700] Loaded user IP repository '/home/olafur/Documents/Embedded_systems/Assignment_1/-EmbeddedRealTimeSystems-/Assignment_2/IP/ip_repo'.
INFO: [IP_Flow 19-2313] Loaded Vivado IP repository '/opt/Xilinx/Vivado/2018.2/data/ip'.
open_project: Time (s): cpu = 00:00:15 ; elapsed = 00:00:09 . Memory (MB): peak = 6166.105 ; gain = 149.648 ; free physical = 1884 ; free virtual = 4675
update_compile_order -fileset sources_1
launch_sdk -workspace /home/olafur/Documents/Embedded_systems/Assignment_1/-EmbeddedRealTimeSystems-/Assignment_2/Exercise_3/Lab_4.sdk -hwspec /home/olafur/Documents/Embedded_systems/Assignment_1/-EmbeddedRealTimeSystems-/Assignment_2/Exercise_3/Lab_4.sdk/system_wrapper.hdf
INFO: [Vivado 12-393] Launching SDK...
INFO: [Vivado 12-417] Running xsdk -workspace /home/olafur/Documents/Embedded_systems/Assignment_1/-EmbeddedRealTimeSystems-/Assignment_2/Exercise_3/Lab_4.sdk -hwspec /home/olafur/Documents/Embedded_systems/Assignment_1/-EmbeddedRealTimeSystems-/Assignment_2/Exercise_3/Lab_4.sdk/system_wrapper.hdf
INFO: [Vivado 12-3157] SDK launch initiated. Please check console for any further messages.
exit
INFO: [Common 17-206] Exiting Vivado at Sun Sep 30 17:09:09 2018...
