

================================================================
== Vivado HLS Report for 'Advios_LedControl'
================================================================
* Date:           Sun Oct  7 14:07:04 2018

* Version:        2018.2 (Build 2258646 on Thu Jun 14 20:25:20 MDT 2018)
* Project:        advios_ip
* Solution:       solution1
* Product family: zynq
* Target device:  xc7z010clg400-1


================================================================
== Performance Estimates
================================================================
+ Timing (ns): 
    * Summary: 
    +--------+-------+----------+------------+
    |  Clock | Target| Estimated| Uncertainty|
    +--------+-------+----------+------------+
    |ap_clk  |  10.00|     3.504|        1.25|
    +--------+-------+----------+------------+

+ Latency (clock cycles): 
    * Summary: 
    +-----+-----+-----+-----+---------+
    |  Latency  |  Interval | Pipeline|
    | min | max | min | max |   Type  |
    +-----+-----+-----+-----+---------+
    |    3|    3|    3|    3|   none  |
    +-----+-----+-----+-----+---------+

    + Detail: 
        * Instance: 
        N/A

        * Loop: 
        +----------+-----+-----+----------+-----------+-----------+------+----------+
        |          |  Latency  | Iteration|  Initiation Interval  | Trip |          |
        | Loop Name| min | max |  Latency |  achieved |   target  | Count| Pipelined|
        +----------+-----+-----+----------+-----------+-----------+------+----------+
        |- Loop 1  |    2|    2|         2|          -|          -|  inf |    no    |
        +----------+-----+-----+----------+-----------+-----------+------+----------+

============================================================
+ Verbose Summary: Synthesis Manager
============================================================
InlineROM: 1
ExposeGlobal: 0
============================================================
+ Verbose Summary: CDFG Model
============================================================
IsTopModel: 0
ResetActiveHigh: 1
IsCombinational: 0
IsDatapathOnly: 0
HasWiredReturn: 0
HasMFsm: 0
HasVarLatency: 1
IsPipeline: 0
IsRtlPipelined: 0
IsInstanceOverlapped: 0
IsDontTouch: 0
HasImplIP: 0
IsGatedGlobalClock: 0


============================================================
+ Verbose Summary: Schedule
============================================================
* Number of FSM states : 3
* Pipeline : 0
* Dataflow Pipeline: 0

* FSM state transitions: 
1 --> 
	2  / true
2 --> 
	3  / true
3 --> 
	2  / true

* FSM state operations: 

State 1 <SV = 0> <Delay = 0.00>
ST_1 : Operation 4 [1/1] (0.00ns)   --->   "call void (...)* @_ssdm_op_SpecBitsMap(i1* %clk_second), !map !80"   --->   Operation 4 'specbitsmap' <Predicate = true> <Delay = 0.00>
ST_1 : Operation 5 [1/1] (0.00ns)   --->   "call void (...)* @_ssdm_op_SpecBitsMap(i1* %clk), !map !84"   --->   Operation 5 'specbitsmap' <Predicate = true> <Delay = 0.00>
ST_1 : Operation 6 [1/1] (0.00ns)   --->   "call void (...)* @_ssdm_op_SpecBitsMap(i1* %reset), !map !88"   --->   Operation 6 'specbitsmap' <Predicate = true> <Delay = 0.00>
ST_1 : Operation 7 [1/1] (0.00ns)   --->   "call void (...)* @_ssdm_op_SpecBitsMap(i4* %ctrl), !map !92"   --->   Operation 7 'specbitsmap' <Predicate = true> <Delay = 0.00>
ST_1 : Operation 8 [1/1] (0.00ns)   --->   "call void (...)* @_ssdm_op_SpecBitsMap(i4* %switches), !map !96"   --->   Operation 8 'specbitsmap' <Predicate = true> <Delay = 0.00>
ST_1 : Operation 9 [1/1] (0.00ns)   --->   "call void (...)* @_ssdm_op_SpecBitsMap(i4* %leds), !map !100"   --->   Operation 9 'specbitsmap' <Predicate = true> <Delay = 0.00>
ST_1 : Operation 10 [1/1] (0.00ns)   --->   "call void (...)* @_ssdm_op_SpecPort([7 x i8]* @p_str, i32 3, [5 x i8]* @p_str1, [4 x i8]* @p_str2, i32 0, i32 0, i1* %clk) nounwind" [Advios.cpp:20]   --->   Operation 10 'specport' <Predicate = true> <Delay = 0.00>
ST_1 : Operation 11 [1/1] (0.00ns)   --->   "call void (...)* @_ssdm_op_SpecPort([7 x i8]* @p_str, i32 0, [7 x i8]* @p_str3, [6 x i8]* @p_str4, i32 0, i32 0, i1* %reset) nounwind" [Advios.cpp:21]   --->   Operation 11 'specport' <Predicate = true> <Delay = 0.00>
ST_1 : Operation 12 [1/1] (0.00ns)   --->   "call void (...)* @_ssdm_op_SpecPort([7 x i8]* @p_str, i32 0, [13 x i8]* @p_str5, [5 x i8]* @p_str6, i32 0, i32 0, i4* %ctrl) nounwind" [Advios.cpp:22]   --->   Operation 12 'specport' <Predicate = true> <Delay = 0.00>
ST_1 : Operation 13 [1/1] (0.00ns)   --->   "call void (...)* @_ssdm_op_SpecPort([7 x i8]* @p_str, i32 0, [13 x i8]* @p_str5, [9 x i8]* @p_str7, i32 0, i32 0, i4* %switches) nounwind" [Advios.cpp:23]   --->   Operation 13 'specport' <Predicate = true> <Delay = 0.00>
ST_1 : Operation 14 [1/1] (0.00ns)   --->   "call void (...)* @_ssdm_op_SpecPort([7 x i8]* @p_str, i32 1, [13 x i8]* @p_str5, [5 x i8]* @p_str8, i32 0, i32 0, i4* %leds) nounwind" [Advios.cpp:24]   --->   Operation 14 'specport' <Predicate = true> <Delay = 0.00>
ST_1 : Operation 15 [1/1] (0.00ns)   --->   "call void (...)* @_ssdm_op_SpecProcessDef([7 x i8]* @p_str, i32 2, [11 x i8]* @p_str14) nounwind" [Advios.cpp:25]   --->   Operation 15 'specprocessdef' <Predicate = true> <Delay = 0.00>
ST_1 : Operation 16 [1/1] (0.00ns)   --->   "%tmp_5 = call i32 (...)* @_ssdm_op_SpecRegionBegin([15 x i8]* @p_str10)" [Advios.cpp:25]   --->   Operation 16 'specregionbegin' 'tmp_5' <Predicate = true> <Delay = 0.00>
ST_1 : Operation 17 [1/1] (0.00ns)   --->   "call void (...)* @_ssdm_op_SpecProtocol(i32 1, [1 x i8]* @p_str11) nounwind" [Advios.cpp:25]   --->   Operation 17 'specprotocol' <Predicate = true> <Delay = 0.00>
ST_1 : Operation 18 [1/1] (0.00ns)   --->   "%p_ssdm_reset_v = call i32 (...)* @_ssdm_op_SpecStateBegin(i32 0, i32 0, i32 1) nounwind" [Advios.cpp:25]   --->   Operation 18 'specstatebegin' 'p_ssdm_reset_v' <Predicate = true> <Delay = 0.00>
ST_1 : Operation 19 [1/1] (0.00ns)   --->   "%empty = call i32 (...)* @_ssdm_op_SpecStateEnd(i32 %p_ssdm_reset_v) nounwind" [Advios.cpp:24]   --->   Operation 19 'specstateend' 'empty' <Predicate = true> <Delay = 0.00>
ST_1 : Operation 20 [1/1] (0.00ns)   --->   "%empty_3 = call i32 (...)* @_ssdm_op_SpecRegionEnd([15 x i8]* @p_str10, i32 %tmp_5)" [Advios.cpp:24]   --->   Operation 20 'specregionend' 'empty_3' <Predicate = true> <Delay = 0.00>
ST_1 : Operation 21 [1/1] (0.00ns)   --->   "br label %_ZN7_ap_sc_7sc_core4waitEi.exit" [Advios.cpp:24]   --->   Operation 21 'br' <Predicate = true> <Delay = 0.00>

State 2 <SV = 1> <Delay = 3.50>
ST_2 : Operation 22 [1/1] (0.00ns)   --->   "call void (...)* @_ssdm_op_Wait(i32 1) nounwind" [Advios.cpp:28]   --->   Operation 22 'wait' <Predicate = true> <Delay = 0.00>
ST_2 : Operation 23 [1/1] (0.00ns)   --->   "%last_clock_load = load i1* @last_clock, align 1" [Advios.cpp:29]   --->   Operation 23 'load' 'last_clock_load' <Predicate = true> <Delay = 0.00>
ST_2 : Operation 24 [1/1] (0.00ns)   --->   "br i1 %last_clock_load, label %_ZN7_ap_sc_7sc_core4waitEi.exit._crit_edge, label %0" [Advios.cpp:29]   --->   Operation 24 'br' <Predicate = true> <Delay = 0.00>
ST_2 : Operation 25 [1/1] (0.00ns)   --->   "%tmp = call i1 @_ssdm_op_Read.ap_auto.volatile.i1P(i1* %clk_second)" [Advios.cpp:29]   --->   Operation 25 'read' 'tmp' <Predicate = (!last_clock_load)> <Delay = 0.00>
ST_2 : Operation 26 [1/1] (0.00ns)   --->   "br i1 %tmp, label %1, label %_ZN7_ap_sc_7sc_core4waitEi.exit._crit_edge" [Advios.cpp:29]   --->   Operation 26 'br' <Predicate = (!last_clock_load)> <Delay = 0.00>
ST_2 : Operation 27 [1/1] (0.00ns)   --->   "%val_V = call i4 @_ssdm_op_Read.ap_auto.volatile.i4P(i4* %ctrl)" [Advios.cpp:31]   --->   Operation 27 'read' 'val_V' <Predicate = (!last_clock_load & tmp)> <Delay = 0.00>
ST_2 : Operation 28 [1/1] (0.00ns)   --->   "%val_V_1 = call i4 @_ssdm_op_Read.ap_auto.volatile.i4P(i4* %switches)" [Advios.cpp:31]   --->   Operation 28 'read' 'val_V_1' <Predicate = (!last_clock_load & tmp)> <Delay = 0.00>
ST_2 : Operation 29 [1/1] (1.30ns)   --->   "%tmp_3 = icmp eq i4 %val_V, 0" [Advios.cpp:32]   --->   Operation 29 'icmp' 'tmp_3' <Predicate = (!last_clock_load & tmp)> <Delay = 1.30> <Core = "Cmp">   --->   Core 25 'Cmp' <Latency = 0> <II = 1> <Delay = 1.30> <FuncUnit> <Opcode : 'icmp'> <InPorts = 2> <OutPorts = 1>
ST_2 : Operation 30 [1/1] (0.00ns)   --->   "br i1 %tmp_3, label %2, label %6" [Advios.cpp:32]   --->   Operation 30 'br' <Predicate = (!last_clock_load & tmp)> <Delay = 0.00>
ST_2 : Operation 31 [1/1] (0.97ns)   --->   "%r_V = and i4 %val_V_1, %val_V" [Advios.cpp:47]   --->   Operation 31 'and' 'r_V' <Predicate = (!last_clock_load & tmp & !tmp_3)> <Delay = 0.97> <Core = "LogicGate">   --->   Core 27 'LogicGate' <Latency = 0> <II = 1> <Delay = 0.97> <FuncUnit> <Opcode : 'and' 'or' 'xor'> <InPorts = 2> <OutPorts = 1>
ST_2 : Operation 32 [1/1] (0.00ns)   --->   "call void @_ssdm_op_Write.ap_auto.volatile.i4P(i4* %leds, i4 %r_V)" [Advios.cpp:47]   --->   Operation 32 'write' <Predicate = (!last_clock_load & tmp & !tmp_3)> <Delay = 0.00>
ST_2 : Operation 33 [1/1] (0.00ns)   --->   "br label %7"   --->   Operation 33 'br' <Predicate = (!last_clock_load & tmp & !tmp_3)> <Delay = 0.00>
ST_2 : Operation 34 [1/1] (1.30ns)   --->   "%tmp_4 = icmp eq i4 %val_V_1, -8" [Advios.cpp:34]   --->   Operation 34 'icmp' 'tmp_4' <Predicate = (!last_clock_load & tmp & tmp_3)> <Delay = 1.30> <Core = "Cmp">   --->   Core 25 'Cmp' <Latency = 0> <II = 1> <Delay = 1.30> <FuncUnit> <Opcode : 'icmp'> <InPorts = 2> <OutPorts = 1>
ST_2 : Operation 35 [1/1] (0.00ns)   --->   "br i1 %tmp_4, label %3, label %4" [Advios.cpp:34]   --->   Operation 35 'br' <Predicate = (!last_clock_load & tmp & tmp_3)> <Delay = 0.00>
ST_2 : Operation 36 [1/1] (0.00ns)   --->   "%counter_V_load = load i4* @counter_V, align 1" [Advios.cpp:41]   --->   Operation 36 'load' 'counter_V_load' <Predicate = (!last_clock_load & tmp & tmp_3 & !tmp_4)> <Delay = 0.00>
ST_2 : Operation 37 [1/1] (1.73ns)   --->   "%v_V_1 = add i4 %counter_V_load, 1" [Advios.cpp:41]   --->   Operation 37 'add' 'v_V_1' <Predicate = (!last_clock_load & tmp & tmp_3 & !tmp_4)> <Delay = 1.73> <Core = "AddSub">   --->   Core 14 'AddSub' <Latency = 0> <II = 1> <Delay = 1.73> <FuncUnit> <Opcode : 'add' 'sub'> <InPorts = 2> <OutPorts = 1>
ST_2 : Operation 38 [1/1] (1.76ns)   --->   "store i4 %v_V_1, i4* @counter_V, align 1" [Advios.cpp:41]   --->   Operation 38 'store' <Predicate = (!last_clock_load & tmp & tmp_3 & !tmp_4)> <Delay = 1.76>
ST_2 : Operation 39 [1/1] (0.00ns)   --->   "call void @_ssdm_op_Write.ap_auto.volatile.i4P(i4* %leds, i4 %v_V_1)" [Advios.cpp:42]   --->   Operation 39 'write' <Predicate = (!last_clock_load & tmp & tmp_3 & !tmp_4)> <Delay = 0.00>
ST_2 : Operation 40 [1/1] (0.00ns)   --->   "br label %5"   --->   Operation 40 'br' <Predicate = (!last_clock_load & tmp & tmp_3 & !tmp_4)> <Delay = 0.00>
ST_2 : Operation 41 [1/1] (1.76ns)   --->   "store i4 0, i4* @counter_V, align 1" [Advios.cpp:36]   --->   Operation 41 'store' <Predicate = (!last_clock_load & tmp & tmp_3 & tmp_4)> <Delay = 1.76>
ST_2 : Operation 42 [1/1] (0.00ns)   --->   "call void @_ssdm_op_Write.ap_auto.volatile.i4P(i4* %leds, i4 0)" [Advios.cpp:37]   --->   Operation 42 'write' <Predicate = (!last_clock_load & tmp & tmp_3 & tmp_4)> <Delay = 0.00>
ST_2 : Operation 43 [1/1] (0.00ns)   --->   "br label %5" [Advios.cpp:38]   --->   Operation 43 'br' <Predicate = (!last_clock_load & tmp & tmp_3 & tmp_4)> <Delay = 0.00>
ST_2 : Operation 44 [1/1] (0.00ns)   --->   "br label %7" [Advios.cpp:44]   --->   Operation 44 'br' <Predicate = (!last_clock_load & tmp & tmp_3)> <Delay = 0.00>
ST_2 : Operation 45 [1/1] (0.00ns)   --->   "br label %_ZN7_ap_sc_7sc_core4waitEi.exit._crit_edge" [Advios.cpp:49]   --->   Operation 45 'br' <Predicate = (!last_clock_load & tmp)> <Delay = 0.00>

State 3 <SV = 2> <Delay = 0.00>
ST_3 : Operation 46 [1/1] (0.00ns)   --->   "%tmp_1 = call i1 @_ssdm_op_Read.ap_auto.volatile.i1P(i1* %clk_second)" [Advios.cpp:50]   --->   Operation 46 'read' 'tmp_1' <Predicate = true> <Delay = 0.00>
ST_3 : Operation 47 [1/1] (0.00ns)   --->   "store i1 %tmp_1, i1* @last_clock, align 1" [Advios.cpp:50]   --->   Operation 47 'store' <Predicate = true> <Delay = 0.00>
ST_3 : Operation 48 [1/1] (0.00ns)   --->   "br label %_ZN7_ap_sc_7sc_core4waitEi.exit" [Advios.cpp:51]   --->   Operation 48 'br' <Predicate = true> <Delay = 0.00>


============================================================
+ Verbose Summary: Timing violations
============================================================
Target clock period: 10ns, clock uncertainty: 1.25ns.

 <State 1>: 0ns
The critical path consists of the following:

 <State 2>: 3.5ns
The critical path consists of the following:
	'load' operation ('counter_V_load', Advios.cpp:41) on static variable 'counter_V' [47]  (0 ns)
	'add' operation ('v.V', Advios.cpp:41) [48]  (1.74 ns)
	'store' operation (Advios.cpp:41) of variable 'v.V', Advios.cpp:41 on static variable 'counter_V' [49]  (1.77 ns)

 <State 3>: 0ns
The critical path consists of the following:


============================================================
+ Verbose Summary: Binding
============================================================
N/A
* FSMD analyzer results:
  - Output states:
 - Input state : 
  - Chain level:
	State 1
	State 2
	State 3


============================================================
+ Verbose Summary: Datapath Resource usage 
============================================================
N/A
