

================================================================
== Vivado HLS Report for 'Advios'
================================================================
* Date:           Sun Oct  7 14:07:04 2018

* Version:        2018.2 (Build 2258646 on Thu Jun 14 20:25:20 MDT 2018)
* Project:        advios_ip
* Solution:       solution1
* Product family: zynq
* Target device:  xc7z010clg400-1


================================================================
== Performance Estimates
================================================================
+ Timing (ns): 
    * Summary: 
    +--------+-------+----------+------------+
    |  Clock | Target| Estimated| Uncertainty|
    +--------+-------+----------+------------+
    |ap_clk  |  10.00|     4.830|        1.25|
    +--------+-------+----------+------------+

+ Latency (clock cycles): 
    * Summary: 
    +-----+-----+-----+-----+---------+
    |  Latency  |  Interval | Pipeline|
    | min | max | min | max |   Type  |
    +-----+-----+-----+-----+---------+
    |    0|    4|    0|    4|   none  |
    +-----+-----+-----+-----+---------+

    + Detail: 
        * Instance: 
        +---------------------------------+-----------------------+-----+-----+-----+-----+---------+
        |                                 |                       |  Latency  |  Interval | Pipeline|
        |             Instance            |         Module        | min | max | min | max |   Type  |
        +---------------------------------+-----------------------+-----+-----+-----+-----+---------+
        |grp_Advios_LedControl_fu_70      |Advios_LedControl      |    3|    3|    3|    3|   none  |
        |grp_Advios_modulate_clock_fu_90  |Advios_modulate_clock  |    3|    3|    3|    3|   none  |
        +---------------------------------+-----------------------+-----+-----+-----+-----+---------+

        * Loop: 
        N/A



================================================================
== Utilization Estimates
================================================================
* Summary: 
+-----------------+---------+-------+-------+-------+
|       Name      | BRAM_18K| DSP48E|   FF  |  LUT  |
+-----------------+---------+-------+-------+-------+
|DSP              |        -|      -|      -|      -|
|Expression       |        -|      -|      -|      -|
|FIFO             |        -|      -|      -|      -|
|Instance         |        -|      -|     38|    163|
|Memory           |        -|      -|      -|      -|
|Multiplexer      |        -|      -|      -|      -|
|Register         |        -|      -|      5|      -|
+-----------------+---------+-------+-------+-------+
|Total            |        0|      0|     43|    163|
+-----------------+---------+-------+-------+-------+
|Available        |      120|     80|  35200|  17600|
+-----------------+---------+-------+-------+-------+
|Utilization (%)  |        0|      0|   ~0  |   ~0  |
+-----------------+---------+-------+-------+-------+

+ Detail: 
    * Instance: 
    +---------------------------------+-----------------------+---------+-------+----+----+
    |             Instance            |         Module        | BRAM_18K| DSP48E| FF | LUT|
    +---------------------------------+-----------------------+---------+-------+----+----+
    |grp_Advios_LedControl_fu_70      |Advios_LedControl      |        0|      0|   8|  86|
    |grp_Advios_modulate_clock_fu_90  |Advios_modulate_clock  |        0|      0|  30|  77|
    +---------------------------------+-----------------------+---------+-------+----+----+
    |Total                            |                       |        0|      0|  38| 163|
    +---------------------------------+-----------------------+---------+-------+----+----+

    * DSP48: 
    N/A

    * Memory: 
    N/A

    * FIFO: 
    N/A

    * Expression: 
    N/A

    * Multiplexer: 
    N/A

    * Register: 
    +------------+---+----+-----+-----------+
    |    Name    | FF| LUT| Bits| Const Bits|
    +------------+---+----+-----+-----------+
    |clk_second  |  1|   0|    1|          0|
    |leds        |  4|   0|    4|          0|
    +------------+---+----+-----+-----------+
    |Total       |  5|   0|    5|          0|
    +------------+---+----+-----+-----------+



================================================================
== Interface
================================================================
* Summary: 
+----------+-----+-----+------------+----------------+--------------+
| RTL Ports| Dir | Bits|  Protocol  |  Source Object |    C Type    |
+----------+-----+-----+------------+----------------+--------------+
|clk       |  in |    1| ap_ctrl_hs | Advios::Advios | return value |
|reset     |  in |    1| ap_ctrl_hs | Advios::Advios | return value |
|ctrl      |  in |    4|   ap_none  |      ctrl      |    pointer   |
|switches  |  in |    4|   ap_none  |    switches    |    pointer   |
|leds      | out |    4|   ap_vld   |      leds      |    pointer   |
+----------+-----+-----+------------+----------------+--------------+

============================================================
+ Verbose Summary: Synthesis Manager
============================================================
InlineROM: 1
ExposeGlobal: 0
============================================================
+ Verbose Summary: CDFG Model
============================================================
IsTopModel: 1
ResetActiveHigh: 1
IsCombinational: 2
IsDatapathOnly: 0
HasWiredReturn: 1
HasMFsm: 0
HasVarLatency: 1
IsPipeline: 0
IsRtlPipelined: 0
IsInstanceOverlapped: 0
IsDontTouch: 0
HasImplIP: 0
IsGatedGlobalClock: 0


============================================================
+ Verbose Summary: Schedule
============================================================
* Number of FSM states : 2
* Pipeline : 0
* Dataflow Pipeline: 0

* FSM state transitions: 
1 --> 
	2  / (Advios_ssdm_threa) | (Advios_ssdm_threa_1)
2 --> 

* FSM state operations: 

State 1 <SV = 0> <Delay = 1.30>
ST_1 : Operation 3 [1/1] (0.00ns)   --->   "call void (...)* @_ssdm_op_SpecBitsMap(i1* %clk_second), !map !80"   --->   Operation 3 'specbitsmap' <Predicate = true> <Delay = 0.00>
ST_1 : Operation 4 [1/1] (0.00ns)   --->   "call void (...)* @_ssdm_op_SpecBitsMap(i1* %clk), !map !84"   --->   Operation 4 'specbitsmap' <Predicate = true> <Delay = 0.00>
ST_1 : Operation 5 [1/1] (0.00ns)   --->   "call void (...)* @_ssdm_op_SpecBitsMap(i1* %reset), !map !88"   --->   Operation 5 'specbitsmap' <Predicate = true> <Delay = 0.00>
ST_1 : Operation 6 [1/1] (0.00ns)   --->   "call void (...)* @_ssdm_op_SpecBitsMap(i4* %ctrl), !map !92"   --->   Operation 6 'specbitsmap' <Predicate = true> <Delay = 0.00>
ST_1 : Operation 7 [1/1] (0.00ns)   --->   "call void (...)* @_ssdm_op_SpecBitsMap(i4* %switches), !map !96"   --->   Operation 7 'specbitsmap' <Predicate = true> <Delay = 0.00>
ST_1 : Operation 8 [1/1] (0.00ns)   --->   "call void (...)* @_ssdm_op_SpecBitsMap(i4* %leds), !map !100"   --->   Operation 8 'specbitsmap' <Predicate = true> <Delay = 0.00>
ST_1 : Operation 9 [1/1] (0.00ns)   --->   "call void (...)* @_ssdm_op_SpecTopModule([7 x i8]* @p_str, [7 x i8]* @p_str) nounwind" [./Advios.h:14]   --->   Operation 9 'spectopmodule' <Predicate = true> <Delay = 0.00>
ST_1 : Operation 10 [1/1] (0.00ns)   --->   "%Advios_ssdm_threa = load i1* @Advios_ssdm_thread_M_modulate_clock, align 1" [./Advios.h:15]   --->   Operation 10 'load' 'Advios_ssdm_threa' <Predicate = true> <Delay = 0.00>
ST_1 : Operation 11 [1/1] (0.00ns)   --->   "br i1 %Advios_ssdm_threa, label %1, label %2" [./Advios.h:15]   --->   Operation 11 'br' <Predicate = true> <Delay = 0.00>
ST_1 : Operation 12 [1/1] (0.00ns)   --->   "call void (...)* @_ssdm_op_SpecProcessDecl([7 x i8]* @p_str, i32 2, [15 x i8]* @p_str9) nounwind" [./Advios.h:15]   --->   Operation 12 'specprocessdecl' <Predicate = (!Advios_ssdm_threa)> <Delay = 0.00>
ST_1 : Operation 13 [1/1] (0.00ns)   --->   "call void (...)* @_ssdm_op_SpecSensitive([15 x i8]* @p_str9, [4 x i8]* @p_str2, i1* %clk, i32 1) nounwind" [./Advios.h:16]   --->   Operation 13 'specsensitive' <Predicate = (!Advios_ssdm_threa)> <Delay = 0.00>
ST_1 : Operation 14 [1/1] (0.00ns)   --->   "call void (...)* @_ssdm_op_SpecSensitive([15 x i8]* @p_str9, [6 x i8]* @p_str4, i1* %reset, i32 3) nounwind" [./Advios.h:17]   --->   Operation 14 'specsensitive' <Predicate = (!Advios_ssdm_threa)> <Delay = 0.00>
ST_1 : Operation 15 [1/1] (0.00ns)   --->   "%Advios_ssdm_threa_1 = load i1* @Advios_ssdm_thread_M_LedControl, align 1" [./Advios.h:18]   --->   Operation 15 'load' 'Advios_ssdm_threa_1' <Predicate = (!Advios_ssdm_threa)> <Delay = 0.00>
ST_1 : Operation 16 [1/1] (0.00ns)   --->   "br i1 %Advios_ssdm_threa_1, label %3, label %4" [./Advios.h:18]   --->   Operation 16 'br' <Predicate = (!Advios_ssdm_threa)> <Delay = 0.00>
ST_1 : Operation 17 [1/1] (0.00ns)   --->   "call void (...)* @_ssdm_op_SpecProcessDecl([7 x i8]* @p_str, i32 2, [11 x i8]* @p_str14) nounwind" [./Advios.h:18]   --->   Operation 17 'specprocessdecl' <Predicate = (!Advios_ssdm_threa & !Advios_ssdm_threa_1)> <Delay = 0.00>
ST_1 : Operation 18 [1/1] (0.00ns)   --->   "call void (...)* @_ssdm_op_SpecSensitive([11 x i8]* @p_str14, [4 x i8]* @p_str2, i1* %clk, i32 1) nounwind" [./Advios.h:19]   --->   Operation 18 'specsensitive' <Predicate = (!Advios_ssdm_threa & !Advios_ssdm_threa_1)> <Delay = 0.00>
ST_1 : Operation 19 [1/1] (0.00ns)   --->   "call void (...)* @_ssdm_op_SpecSensitive([11 x i8]* @p_str14, [6 x i8]* @p_str4, i1* %reset, i32 3) nounwind" [./Advios.h:20]   --->   Operation 19 'specsensitive' <Predicate = (!Advios_ssdm_threa & !Advios_ssdm_threa_1)> <Delay = 0.00>
ST_1 : Operation 20 [1/1] (0.00ns)   --->   "call void (...)* @_ssdm_op_SpecPort([7 x i8]* @p_str, i32 3, [5 x i8]* @p_str1, [4 x i8]* @p_str2, i32 0, i32 0, i1* %clk) nounwind" [./Advios.h:21]   --->   Operation 20 'specport' <Predicate = (!Advios_ssdm_threa & !Advios_ssdm_threa_1)> <Delay = 0.00>
ST_1 : Operation 21 [1/1] (0.00ns)   --->   "call void (...)* @_ssdm_op_SpecPort([7 x i8]* @p_str, i32 0, [7 x i8]* @p_str3, [6 x i8]* @p_str4, i32 0, i32 0, i1* %reset) nounwind" [./Advios.h:22]   --->   Operation 21 'specport' <Predicate = (!Advios_ssdm_threa & !Advios_ssdm_threa_1)> <Delay = 0.00>
ST_1 : Operation 22 [1/1] (0.00ns)   --->   "call void (...)* @_ssdm_op_SpecPort([7 x i8]* @p_str, i32 0, [13 x i8]* @p_str5, [5 x i8]* @p_str6, i32 0, i32 0, i4* %ctrl) nounwind" [./Advios.h:23]   --->   Operation 22 'specport' <Predicate = (!Advios_ssdm_threa & !Advios_ssdm_threa_1)> <Delay = 0.00>
ST_1 : Operation 23 [1/1] (0.00ns)   --->   "call void (...)* @_ssdm_op_SpecPort([7 x i8]* @p_str, i32 0, [13 x i8]* @p_str5, [9 x i8]* @p_str7, i32 0, i32 0, i4* %switches) nounwind" [./Advios.h:24]   --->   Operation 23 'specport' <Predicate = (!Advios_ssdm_threa & !Advios_ssdm_threa_1)> <Delay = 0.00>
ST_1 : Operation 24 [1/1] (0.00ns)   --->   "call void (...)* @_ssdm_op_SpecPort([7 x i8]* @p_str, i32 1, [13 x i8]* @p_str5, [5 x i8]* @p_str8, i32 0, i32 0, i4* %leds) nounwind" [./Advios.h:25]   --->   Operation 24 'specport' <Predicate = (!Advios_ssdm_threa & !Advios_ssdm_threa_1)> <Delay = 0.00>
ST_1 : Operation 25 [1/1] (0.00ns)   --->   "call void (...)* @_ssdm_op_SpecChannel([7 x i8]* @p_str, i32 0, [7 x i8]* @p_str3, [11 x i8]* @p_str13, i32 1, i32 0, i1* %clk_second) nounwind" [./Advios.h:26]   --->   Operation 25 'specchannel' <Predicate = (!Advios_ssdm_threa & !Advios_ssdm_threa_1)> <Delay = 0.00>
ST_1 : Operation 26 [1/1] (0.00ns)   --->   "ret void" [./Advios.h:17]   --->   Operation 26 'ret' <Predicate = (!Advios_ssdm_threa & !Advios_ssdm_threa_1)> <Delay = 0.00>
ST_1 : Operation 27 [2/2] (1.30ns)   --->   "call void @"Advios::LedControl"(i1* %clk_second, i1* %clk, i1* %reset, i4* %ctrl, i4* %switches, i4* %leds)" [./Advios.h:18]   --->   Operation 27 'call' <Predicate = (!Advios_ssdm_threa & Advios_ssdm_threa_1)> <Delay = 1.30> <CoreType = "Generic">   --->   Core 0 '' <Latency = 0> <II = 1> <Delay = 1.00> <Generic> <Opcode : >
ST_1 : Operation 28 [2/2] (0.97ns)   --->   "call void @"Advios::modulate_clock"(i1* %clk_second, i1* %clk, i1* %reset, i4* %ctrl, i4* %switches, i4* %leds)" [./Advios.h:15]   --->   Operation 28 'call' <Predicate = (Advios_ssdm_threa)> <Delay = 0.97> <CoreType = "Generic">   --->   Core 0 '' <Latency = 0> <II = 1> <Delay = 1.00> <Generic> <Opcode : >

State 2 <SV = 1> <Delay = 1.73>
ST_2 : Operation 29 [1/2] (1.73ns)   --->   "call void @"Advios::LedControl"(i1* %clk_second, i1* %clk, i1* %reset, i4* %ctrl, i4* %switches, i4* %leds)" [./Advios.h:18]   --->   Operation 29 'call' <Predicate = (!Advios_ssdm_threa)> <Delay = 1.73> <CoreType = "Generic">   --->   Core 0 '' <Latency = 0> <II = 1> <Delay = 1.00> <Generic> <Opcode : >
ST_2 : Operation 30 [1/1] (0.00ns)   --->   "br label %UnifiedUnreachableBlock"   --->   Operation 30 'br' <Predicate = (!Advios_ssdm_threa)> <Delay = 0.00>
ST_2 : Operation 31 [1/2] (0.97ns)   --->   "call void @"Advios::modulate_clock"(i1* %clk_second, i1* %clk, i1* %reset, i4* %ctrl, i4* %switches, i4* %leds)" [./Advios.h:15]   --->   Operation 31 'call' <Predicate = (Advios_ssdm_threa)> <Delay = 0.97> <CoreType = "Generic">   --->   Core 0 '' <Latency = 0> <II = 1> <Delay = 1.00> <Generic> <Opcode : >
ST_2 : Operation 32 [1/1] (0.00ns)   --->   "br label %UnifiedUnreachableBlock"   --->   Operation 32 'br' <Predicate = (Advios_ssdm_threa)> <Delay = 0.00>
ST_2 : Operation 33 [1/1] (0.00ns)   --->   "unreachable"   --->   Operation 33 'unreachable' <Predicate = true> <Delay = 0.00>


============================================================
+ Verbose Summary: Binding
============================================================
STG Binding: 
---------------- STG Properties BEGIN ----------------
- Is combinational: 0
- Is one-state seq: 0
- Is datapath-only: 0
- Is pipelined: 0
- Is top level: 1
Port [ Return ] is wired: 1; IO mode=ap_ctrl_hs:ce=0
Port [ clk_second]:  wired=1; compound=0; hidden=1; nouse=0; global=0; static=0; extern=0; dir=2; type=0; pingpong=0; private_global=0; IO mode=ap_ovld:ce=0
Port [ clk]:  wired=1; compound=0; hidden=0; nouse=1; global=0; static=0; extern=0; dir=0; type=0; pingpong=0; private_global=0; IO mode=ap_none:ce=0
Port [ reset]:  wired=1; compound=0; hidden=0; nouse=1; global=0; static=0; extern=0; dir=0; type=0; pingpong=0; private_global=0; IO mode=ap_none:ce=0
Port [ ctrl]:  wired=1; compound=0; hidden=0; nouse=0; global=0; static=0; extern=0; dir=0; type=0; pingpong=0; private_global=0; IO mode=ap_none:ce=0
Port [ switches]:  wired=1; compound=0; hidden=0; nouse=0; global=0; static=0; extern=0; dir=0; type=0; pingpong=0; private_global=0; IO mode=ap_none:ce=0
Port [ leds]:  wired=1; compound=0; hidden=0; nouse=0; global=0; static=0; extern=0; dir=1; type=0; pingpong=0; private_global=0; IO mode=ap_vld:ce=0
Port [ Advios_ssdm_thread_M_modulate_clock]:  wired=0; compound=0; hidden=1; nouse=0; global=1; static=0; extern=1; dir=2; type=0; pingpong=0; private_global=1; linkage=0; visibility=0; IO mode=ap_ovld:ce=0
Port [ clock_counter_V]:  wired=0; compound=0; hidden=1; nouse=1; global=1; static=1; extern=0; dir=2; type=0; pingpong=0; private_global=0; linkage=7; visibility=0; IO mode=ap_ovld:ce=0
Port [ Advios_ssdm_thread_M_LedControl]:  wired=0; compound=0; hidden=1; nouse=0; global=1; static=0; extern=1; dir=0; type=0; pingpong=0; private_global=1; linkage=0; visibility=0; IO mode=ap_none:ce=0
Port [ last_clock]:  wired=0; compound=0; hidden=1; nouse=1; global=1; static=1; extern=0; dir=2; type=0; pingpong=0; private_global=0; linkage=7; visibility=0; IO mode=ap_ovld:ce=0
Port [ counter_V]:  wired=0; compound=0; hidden=1; nouse=1; global=1; static=1; extern=0; dir=2; type=0; pingpong=0; private_global=0; linkage=7; visibility=0; IO mode=ap_ovld:ce=0
---------------- STG Properties END ------------------

---------------- Datapath Model BEGIN ----------------

<LifeTime>
<method=bitvector/>
StgValue_3          (specbitsmap    ) [ 000]
StgValue_4          (specbitsmap    ) [ 000]
StgValue_5          (specbitsmap    ) [ 000]
StgValue_6          (specbitsmap    ) [ 000]
StgValue_7          (specbitsmap    ) [ 000]
StgValue_8          (specbitsmap    ) [ 000]
StgValue_9          (spectopmodule  ) [ 000]
Advios_ssdm_threa   (load           ) [ 011]
StgValue_11         (br             ) [ 000]
StgValue_12         (specprocessdecl) [ 000]
StgValue_13         (specsensitive  ) [ 000]
StgValue_14         (specsensitive  ) [ 000]
Advios_ssdm_threa_1 (load           ) [ 010]
StgValue_16         (br             ) [ 000]
StgValue_17         (specprocessdecl) [ 000]
StgValue_18         (specsensitive  ) [ 000]
StgValue_19         (specsensitive  ) [ 000]
StgValue_20         (specport       ) [ 000]
StgValue_21         (specport       ) [ 000]
StgValue_22         (specport       ) [ 000]
StgValue_23         (specport       ) [ 000]
StgValue_24         (specport       ) [ 000]
StgValue_25         (specchannel    ) [ 000]
StgValue_26         (ret            ) [ 000]
StgValue_29         (call           ) [ 000]
StgValue_30         (br             ) [ 000]
StgValue_31         (call           ) [ 000]
StgValue_32         (br             ) [ 000]
StgValue_33         (unreachable    ) [ 000]
</LifeTime>

<model>

<comp_list>
<comp id="0" class="1000" name="clk_second">
<pin_list>
<pin id="1" dir="1" index="0" bw="1" slack="0"/>
</pin_list>
<bind>
<StgValue><ssdm name="clk_second"/></StgValue>
</bind>
</comp>

<comp id="2" class="1000" name="clk">
<pin_list>
<pin id="3" dir="1" index="0" bw="1" slack="0"/>
</pin_list>
<bind>
<StgValue><ssdm name="clk"/></StgValue>
</bind>
</comp>

<comp id="4" class="1000" name="reset">
<pin_list>
<pin id="5" dir="1" index="0" bw="1" slack="0"/>
</pin_list>
<bind>
<StgValue><ssdm name="reset"/></StgValue>
</bind>
</comp>

<comp id="6" class="1000" name="ctrl">
<pin_list>
<pin id="7" dir="1" index="0" bw="1" slack="0"/>
</pin_list>
<bind>
<StgValue><ssdm name="ctrl"/></StgValue>
</bind>
</comp>

<comp id="8" class="1000" name="switches">
<pin_list>
<pin id="9" dir="1" index="0" bw="1" slack="0"/>
</pin_list>
<bind>
<StgValue><ssdm name="switches"/></StgValue>
</bind>
</comp>

<comp id="10" class="1000" name="leds">
<pin_list>
<pin id="11" dir="1" index="0" bw="1" slack="0"/>
</pin_list>
<bind>
<StgValue><ssdm name="leds"/></StgValue>
</bind>
</comp>

<comp id="12" class="1000" name="Advios_ssdm_thread_M_modulate_clock">
<pin_list>
<pin id="13" dir="1" index="0" bw="1" slack="0"/>
</pin_list>
<bind>
<StgValue><ssdm name="Advios_ssdm_thread_M_modulate_clock"/></StgValue>
</bind>
</comp>

<comp id="14" class="1000" name="clock_counter_V">
<pin_list>
<pin id="15" dir="1" index="0" bw="1" slack="0"/>
</pin_list>
<bind>
<StgValue><ssdm name="clock_counter_V"/></StgValue>
</bind>
</comp>

<comp id="16" class="1000" name="Advios_ssdm_thread_M_LedControl">
<pin_list>
<pin id="17" dir="1" index="0" bw="1" slack="0"/>
</pin_list>
<bind>
<StgValue><ssdm name="Advios_ssdm_thread_M_LedControl"/></StgValue>
</bind>
</comp>

<comp id="18" class="1000" name="last_clock">
<pin_list>
<pin id="19" dir="1" index="0" bw="1" slack="0"/>
</pin_list>
<bind>
<StgValue><ssdm name="last_clock"/></StgValue>
</bind>
</comp>

<comp id="20" class="1000" name="counter_V">
<pin_list>
<pin id="21" dir="1" index="0" bw="1" slack="0"/>
</pin_list>
<bind>
<StgValue><ssdm name="counter_V"/></StgValue>
</bind>
</comp>

<comp id="22" class="1001" name="const_22">
<pin_list>
<pin id="23" dir="1" index="0" bw="1" slack="2147483647"/>
</pin_list>
<bind>
<StgValue><ssdm name="_ssdm_op_SpecBitsMap"/></StgValue>
</bind>
</comp>

<comp id="24" class="1001" name="const_24">
<pin_list>
<pin id="25" dir="1" index="0" bw="1" slack="2147483647"/>
</pin_list>
<bind>
<StgValue><ssdm name="_ssdm_op_SpecTopModule"/></StgValue>
</bind>
</comp>

<comp id="26" class="1001" name="const_26">
<pin_list>
<pin id="27" dir="1" index="0" bw="1" slack="2147483647"/>
</pin_list>
<bind>
<StgValue><ssdm name="p_str"/></StgValue>
</bind>
</comp>

<comp id="28" class="1001" name="const_28">
<pin_list>
<pin id="29" dir="1" index="0" bw="1" slack="2147483647"/>
</pin_list>
<bind>
<StgValue><ssdm name="_ssdm_op_SpecProcessDecl"/></StgValue>
</bind>
</comp>

<comp id="30" class="1001" name="const_30">
<pin_list>
<pin id="31" dir="1" index="0" bw="1" slack="2147483647"/>
</pin_list>
<bind>
<StgValue><ssdm name=""/></StgValue>
</bind>
</comp>

<comp id="32" class="1001" name="const_32">
<pin_list>
<pin id="33" dir="1" index="0" bw="1" slack="2147483647"/>
</pin_list>
<bind>
<StgValue><ssdm name="p_str9"/></StgValue>
</bind>
</comp>

<comp id="34" class="1001" name="const_34">
<pin_list>
<pin id="35" dir="1" index="0" bw="1" slack="2147483647"/>
</pin_list>
<bind>
<StgValue><ssdm name="_ssdm_op_SpecSensitive"/></StgValue>
</bind>
</comp>

<comp id="36" class="1001" name="const_36">
<pin_list>
<pin id="37" dir="1" index="0" bw="1" slack="2147483647"/>
</pin_list>
<bind>
<StgValue><ssdm name="p_str2"/></StgValue>
</bind>
</comp>

<comp id="38" class="1001" name="const_38">
<pin_list>
<pin id="39" dir="1" index="0" bw="1" slack="2147483647"/>
</pin_list>
<bind>
<StgValue><ssdm name=""/></StgValue>
</bind>
</comp>

<comp id="40" class="1001" name="const_40">
<pin_list>
<pin id="41" dir="1" index="0" bw="1" slack="2147483647"/>
</pin_list>
<bind>
<StgValue><ssdm name="p_str4"/></StgValue>
</bind>
</comp>

<comp id="42" class="1001" name="const_42">
<pin_list>
<pin id="43" dir="1" index="0" bw="1" slack="2147483647"/>
</pin_list>
<bind>
<StgValue><ssdm name=""/></StgValue>
</bind>
</comp>

<comp id="44" class="1001" name="const_44">
<pin_list>
<pin id="45" dir="1" index="0" bw="1" slack="2147483647"/>
</pin_list>
<bind>
<StgValue><ssdm name="p_str14"/></StgValue>
</bind>
</comp>

<comp id="46" class="1001" name="const_46">
<pin_list>
<pin id="47" dir="1" index="0" bw="1" slack="2147483647"/>
</pin_list>
<bind>
<StgValue><ssdm name="_ssdm_op_SpecPort"/></StgValue>
</bind>
</comp>

<comp id="48" class="1001" name="const_48">
<pin_list>
<pin id="49" dir="1" index="0" bw="1" slack="2147483647"/>
</pin_list>
<bind>
<StgValue><ssdm name="p_str1"/></StgValue>
</bind>
</comp>

<comp id="50" class="1001" name="const_50">
<pin_list>
<pin id="51" dir="1" index="0" bw="1" slack="2147483647"/>
</pin_list>
<bind>
<StgValue><ssdm name=""/></StgValue>
</bind>
</comp>

<comp id="52" class="1001" name="const_52">
<pin_list>
<pin id="53" dir="1" index="0" bw="1" slack="2147483647"/>
</pin_list>
<bind>
<StgValue><ssdm name="p_str3"/></StgValue>
</bind>
</comp>

<comp id="54" class="1001" name="const_54">
<pin_list>
<pin id="55" dir="1" index="0" bw="1" slack="2147483647"/>
</pin_list>
<bind>
<StgValue><ssdm name="p_str5"/></StgValue>
</bind>
</comp>

<comp id="56" class="1001" name="const_56">
<pin_list>
<pin id="57" dir="1" index="0" bw="1" slack="2147483647"/>
</pin_list>
<bind>
<StgValue><ssdm name="p_str6"/></StgValue>
</bind>
</comp>

<comp id="58" class="1001" name="const_58">
<pin_list>
<pin id="59" dir="1" index="0" bw="1" slack="2147483647"/>
</pin_list>
<bind>
<StgValue><ssdm name="p_str7"/></StgValue>
</bind>
</comp>

<comp id="60" class="1001" name="const_60">
<pin_list>
<pin id="61" dir="1" index="0" bw="1" slack="2147483647"/>
</pin_list>
<bind>
<StgValue><ssdm name="p_str8"/></StgValue>
</bind>
</comp>

<comp id="62" class="1001" name="const_62">
<pin_list>
<pin id="63" dir="1" index="0" bw="1" slack="2147483647"/>
</pin_list>
<bind>
<StgValue><ssdm name="_ssdm_op_SpecChannel"/></StgValue>
</bind>
</comp>

<comp id="64" class="1001" name="const_64">
<pin_list>
<pin id="65" dir="1" index="0" bw="1" slack="2147483647"/>
</pin_list>
<bind>
<StgValue><ssdm name="p_str13"/></StgValue>
</bind>
</comp>

<comp id="66" class="1001" name="const_66">
<pin_list>
<pin id="67" dir="1" index="0" bw="1" slack="0"/>
</pin_list>
<bind>
<StgValue><ssdm name="Advios::LedControl"/></StgValue>
</bind>
</comp>

<comp id="68" class="1001" name="const_68">
<pin_list>
<pin id="69" dir="1" index="0" bw="1" slack="0"/>
</pin_list>
<bind>
<StgValue><ssdm name="Advios::modulate_clock"/></StgValue>
</bind>
</comp>

<comp id="70" class="1004" name="grp_Advios_LedControl_fu_70">
<pin_list>
<pin id="71" dir="0" index="0" bw="0" slack="0"/>
<pin id="72" dir="0" index="1" bw="1" slack="0"/>
<pin id="73" dir="0" index="2" bw="1" slack="0"/>
<pin id="74" dir="0" index="3" bw="1" slack="0"/>
<pin id="75" dir="0" index="4" bw="4" slack="0"/>
<pin id="76" dir="0" index="5" bw="4" slack="0"/>
<pin id="77" dir="0" index="6" bw="4" slack="0"/>
<pin id="78" dir="0" index="7" bw="1" slack="0"/>
<pin id="79" dir="0" index="8" bw="4" slack="0"/>
<pin id="80" dir="1" index="9" bw="0" slack="2147483647"/>
</pin_list>
<bind>
<opcode="call(48) " fcode="call"/>
<opset="StgValue_27/1 "/>
</bind>
</comp>

<comp id="90" class="1004" name="grp_Advios_modulate_clock_fu_90">
<pin_list>
<pin id="91" dir="0" index="0" bw="0" slack="0"/>
<pin id="92" dir="0" index="1" bw="1" slack="0"/>
<pin id="93" dir="0" index="2" bw="1" slack="0"/>
<pin id="94" dir="0" index="3" bw="1" slack="0"/>
<pin id="95" dir="0" index="4" bw="4" slack="0"/>
<pin id="96" dir="0" index="5" bw="4" slack="0"/>
<pin id="97" dir="0" index="6" bw="4" slack="0"/>
<pin id="98" dir="0" index="7" bw="26" slack="0"/>
<pin id="99" dir="1" index="8" bw="0" slack="2147483647"/>
</pin_list>
<bind>
<opcode="call(48) " fcode="call"/>
<opset="StgValue_28/1 "/>
</bind>
</comp>

<comp id="108" class="1004" name="Advios_ssdm_threa_load_fu_108">
<pin_list>
<pin id="109" dir="0" index="0" bw="1" slack="0"/>
<pin id="110" dir="1" index="1" bw="1" slack="1"/>
</pin_list>
<bind>
<opcode="load(27) " fcode="load"/>
<opset="Advios_ssdm_threa/1 "/>
</bind>
</comp>

<comp id="112" class="1004" name="Advios_ssdm_threa_1_load_fu_112">
<pin_list>
<pin id="113" dir="0" index="0" bw="1" slack="0"/>
<pin id="114" dir="1" index="1" bw="1" slack="2147483647"/>
</pin_list>
<bind>
<opcode="load(27) " fcode="load"/>
<opset="Advios_ssdm_threa_1/1 "/>
</bind>
</comp>

<comp id="116" class="1005" name="Advios_ssdm_threa_reg_116">
<pin_list>
<pin id="117" dir="0" index="0" bw="1" slack="1"/>
<pin id="118" dir="1" index="1" bw="1" slack="2147483647"/>
</pin_list>
<bind>
<opset="Advios_ssdm_threa "/>
</bind>
</comp>

</comp_list>

<net_list>
<net id="81"><net_src comp="66" pin="0"/><net_sink comp="70" pin=0"/></net>

<net id="82"><net_src comp="0" pin="0"/><net_sink comp="70" pin=1"/></net>

<net id="83"><net_src comp="2" pin="0"/><net_sink comp="70" pin=2"/></net>

<net id="84"><net_src comp="4" pin="0"/><net_sink comp="70" pin=3"/></net>

<net id="85"><net_src comp="6" pin="0"/><net_sink comp="70" pin=4"/></net>

<net id="86"><net_src comp="8" pin="0"/><net_sink comp="70" pin=5"/></net>

<net id="87"><net_src comp="10" pin="0"/><net_sink comp="70" pin=6"/></net>

<net id="88"><net_src comp="18" pin="0"/><net_sink comp="70" pin=7"/></net>

<net id="89"><net_src comp="20" pin="0"/><net_sink comp="70" pin=8"/></net>

<net id="100"><net_src comp="68" pin="0"/><net_sink comp="90" pin=0"/></net>

<net id="101"><net_src comp="0" pin="0"/><net_sink comp="90" pin=1"/></net>

<net id="102"><net_src comp="2" pin="0"/><net_sink comp="90" pin=2"/></net>

<net id="103"><net_src comp="4" pin="0"/><net_sink comp="90" pin=3"/></net>

<net id="104"><net_src comp="6" pin="0"/><net_sink comp="90" pin=4"/></net>

<net id="105"><net_src comp="8" pin="0"/><net_sink comp="90" pin=5"/></net>

<net id="106"><net_src comp="10" pin="0"/><net_sink comp="90" pin=6"/></net>

<net id="107"><net_src comp="14" pin="0"/><net_sink comp="90" pin=7"/></net>

<net id="111"><net_src comp="12" pin="0"/><net_sink comp="108" pin=0"/></net>

<net id="115"><net_src comp="16" pin="0"/><net_sink comp="112" pin=0"/></net>

<net id="119"><net_src comp="108" pin="1"/><net_sink comp="116" pin=0"/></net>

</net_list>

</model> 
---------------- Datapath Model END ------------------

* FSMD analyzer results:
  - Output states:
	Port: clk_second | {1 2 }
	Port: leds | {1 2 }
	Port: clock_counter_V | {1 2 }
	Port: last_clock | {1 2 }
	Port: counter_V | {1 2 }
 - Input state : 
	Port: Advios::Advios : clk_second | {1 2 }
	Port: Advios::Advios : ctrl | {1 2 }
	Port: Advios::Advios : switches | {1 2 }
	Port: Advios::Advios : Advios_ssdm_thread_M_modulate_clock | {1 }
	Port: Advios::Advios : clock_counter_V | {1 2 }
	Port: Advios::Advios : Advios_ssdm_thread_M_LedControl | {1 }
	Port: Advios::Advios : last_clock | {1 2 }
	Port: Advios::Advios : counter_V | {1 2 }
  - Chain level:
	State 1
		StgValue_11 : 1
		StgValue_16 : 1
	State 2


============================================================
+ Verbose Summary: Datapath Resource usage 
============================================================

* Functional unit list:
|----------|---------------------------------|---------|---------|---------|
| Operation|         Functional Unit         |  Delay  |    FF   |   LUT   |
|----------|---------------------------------|---------|---------|---------|
|   call   |   grp_Advios_LedControl_fu_70   | 1.81475 |    0    |    50   |
|          | grp_Advios_modulate_clock_fu_90 |    0    |    1    |    53   |
|----------|---------------------------------|---------|---------|---------|
|   Total  |                                 | 1.81475 |    1    |   103   |
|----------|---------------------------------|---------|---------|---------|

Memories:
N/A

* Register list:
+-------------------------+--------+
|                         |   FF   |
+-------------------------+--------+
|Advios_ssdm_threa_reg_116|    1   |
+-------------------------+--------+
|          Total          |    1   |
+-------------------------+--------+

* Multiplexer (MUX) list: 
|--------|------|------|------|--------|
|  Comp  |  Pin | Size |  BW  | S x BW |
|--------|------|------|------|--------|
|  Total |      |      |      |    0   |
|--------|------|------|------|--------|



* Summary:
+-----------+--------+--------+--------+
|           |  Delay |   FF   |   LUT  |
+-----------+--------+--------+--------+
|  Function |    1   |    1   |   103  |
|   Memory  |    -   |    -   |    -   |
|Multiplexer|    -   |    -   |    -   |
|  Register |    -   |    1   |    -   |
+-----------+--------+--------+--------+
|   Total   |    1   |    2   |   103  |
+-----------+--------+--------+--------+
