

================================================================
== Vivado HLS Report for 'Advios_modulate_clock'
================================================================
* Date:           Mon Oct  8 19:23:22 2018

* Version:        2017.2 (Build 1909853 on Thu Jun 15 18:55:24 MDT 2017)
* Project:        advios_ip
* Solution:       solution1
* Product family: zynq
* Target device:  xc7z010clg400-1


================================================================
== Performance Estimates
================================================================
+ Timing (ns): 
    * Summary: 
    +--------+-------+----------+------------+
    |  Clock | Target| Estimated| Uncertainty|
    +--------+-------+----------+------------+
    |ap_clk  |   8.00|      5.92|        1.00|
    +--------+-------+----------+------------+

+ Latency (clock cycles): 
    * Summary: 
    +-----+-----+-----+-----+---------+
    |  Latency  |  Interval | Pipeline|
    | min | max | min | max |   Type  |
    +-----+-----+-----+-----+---------+
    |    3|    3|    3|    3|   none  |
    +-----+-----+-----+-----+---------+

    + Detail: 
        * Instance: 
        N/A

        * Loop: 
        +----------+-----+-----+----------+-----------+-----------+------+----------+
        |          |  Latency  | Iteration|  Initiation Interval  | Trip |          |
        | Loop Name| min | max |  Latency |  achieved |   target  | Count| Pipelined|
        +----------+-----+-----+----------+-----------+-----------+------+----------+
        |- Loop 1  |    2|    2|         2|          -|          -|  inf |    no    |
        +----------+-----+-----+----------+-----------+-----------+------+----------+

============================================================
+ Verbose Summary: Synthesis Manager
============================================================
InlineROM: 1
ExposeGlobal: 0
============================================================
+ Verbose Summary: CDFG Model
============================================================
IsTopModel: 0
ResetActiveHigh: 1
IsCombinational: 0
IsDatapathOnly: 0
HasWiredReturn: 0
HasMFsm: 0
HasVarLatency: 1
IsPipeline: 0
IsRtlPipelined: 0
IsInstanceOverlapped: 0
IsDontTouch: 0
HasImplIP: 0
IsGatedGlobalClock: 0


============================================================
+ Verbose Summary: Schedule
============================================================
* Number of FSM states: 3
* Pipeline: 0
* Dataflow Pipeline: 0

* FSM state transitions: 
1 --> 
	2  / true
2 --> 
	3  / true
3 --> 
	2  / true
* FSM state operations: 

 <State 1>: 0.00ns
ST_1: StgValue_4 (8)  [1/1] 0.00ns
codeRepl:0  call void (...)* @_ssdm_op_SpecIFCore(i4* %ctrl, [1 x i8]* @p_str10, [10 x i8]* @p_str14, [1 x i8]* @p_str10, i32 -1, [1 x i8]* @p_str10, [1 x i8]* @p_str10, [1 x i8]* @p_str10, [1 x i8]* @p_str10, [17 x i8]* @p_str15)

ST_1: StgValue_5 (9)  [1/1] 0.00ns
codeRepl:1  call void (...)* @_ssdm_op_SpecBitsMap(i1* %clk_second), !map !80

ST_1: StgValue_6 (10)  [1/1] 0.00ns
codeRepl:2  call void (...)* @_ssdm_op_SpecBitsMap(i1* %clk), !map !84

ST_1: StgValue_7 (11)  [1/1] 0.00ns
codeRepl:3  call void (...)* @_ssdm_op_SpecBitsMap(i1* %reset), !map !88

ST_1: StgValue_8 (12)  [1/1] 0.00ns
codeRepl:4  call void (...)* @_ssdm_op_SpecBitsMap(i4* %ctrl), !map !92

ST_1: StgValue_9 (13)  [1/1] 0.00ns
codeRepl:5  call void (...)* @_ssdm_op_SpecBitsMap(i4* %switches), !map !96

ST_1: StgValue_10 (14)  [1/1] 0.00ns
codeRepl:6  call void (...)* @_ssdm_op_SpecBitsMap(i4* %leds), !map !100

ST_1: StgValue_11 (15)  [1/1] 0.00ns  loc: Advios.cpp:5
codeRepl:7  call void (...)* @_ssdm_op_SpecPort([7 x i8]* @p_str, i32 0, [7 x i8]* @p_str1, [4 x i8]* @p_str2, i32 0, i32 0, i1* %clk) nounwind

ST_1: StgValue_12 (16)  [1/1] 0.00ns  loc: Advios.cpp:6
codeRepl:8  call void (...)* @_ssdm_op_SpecPort([7 x i8]* @p_str, i32 0, [7 x i8]* @p_str1, [6 x i8]* @p_str3, i32 0, i32 0, i1* %reset) nounwind

ST_1: StgValue_13 (17)  [1/1] 0.00ns  loc: Advios.cpp:7
codeRepl:9  call void (...)* @_ssdm_op_SpecPort([7 x i8]* @p_str, i32 0, [13 x i8]* @p_str4, [5 x i8]* @p_str5, i32 0, i32 0, i4* %ctrl) nounwind

ST_1: StgValue_14 (18)  [1/1] 0.00ns  loc: Advios.cpp:8
codeRepl:10  call void (...)* @_ssdm_op_SpecPort([7 x i8]* @p_str, i32 0, [13 x i8]* @p_str4, [9 x i8]* @p_str6, i32 0, i32 0, i4* %switches) nounwind

ST_1: StgValue_15 (19)  [1/1] 0.00ns  loc: Advios.cpp:9
codeRepl:11  call void (...)* @_ssdm_op_SpecPort([7 x i8]* @p_str, i32 1, [13 x i8]* @p_str4, [5 x i8]* @p_str7, i32 0, i32 0, i4* %leds) nounwind

ST_1: StgValue_16 (20)  [1/1] 0.00ns  loc: Advios.cpp:10
codeRepl:12  call void (...)* @_ssdm_op_SpecProcessDef([7 x i8]* @p_str, i32 2, [15 x i8]* @p_str8) nounwind

ST_1: tmp_2 (21)  [1/1] 0.00ns  loc: Advios.cpp:10
codeRepl:13  %tmp_2 = call i32 (...)* @_ssdm_op_SpecRegionBegin([15 x i8]* @p_str9)

ST_1: StgValue_18 (22)  [1/1] 0.00ns  loc: Advios.cpp:10
codeRepl:14  call void (...)* @_ssdm_op_SpecProtocol(i32 1, [1 x i8]* @p_str10) nounwind

ST_1: p_ssdm_reset_v (23)  [1/1] 0.00ns  loc: Advios.cpp:10
codeRepl:15  %p_ssdm_reset_v = call i32 (...)* @_ssdm_op_SpecStateBegin(i32 0, i32 0, i32 1) nounwind

ST_1: empty (24)  [1/1] 0.00ns  loc: Advios.cpp:6
codeRepl:16  %empty = call i32 (...)* @_ssdm_op_SpecStateEnd(i32 %p_ssdm_reset_v) nounwind

ST_1: empty_2 (25)  [1/1] 0.00ns  loc: Advios.cpp:6
codeRepl:17  %empty_2 = call i32 (...)* @_ssdm_op_SpecRegionEnd([15 x i8]* @p_str9, i32 %tmp_2)

ST_1: StgValue_22 (26)  [1/1] 0.00ns  loc: Advios.cpp:6
codeRepl:18  br label %_ZN7_ap_sc_7sc_core4waitEi.exit


 <State 2>: 5.92ns
ST_2: StgValue_23 (28)  [1/1] 0.00ns  loc: Advios.cpp:9
_ZN7_ap_sc_7sc_core4waitEi.exit:0  call void (...)* @_ssdm_op_Wait(i32 1) nounwind

ST_2: clock_counter_V_load (29)  [1/1] 0.00ns  loc: Advios.cpp:10
_ZN7_ap_sc_7sc_core4waitEi.exit:1  %clock_counter_V_load = load i26* @clock_counter_V, align 4

ST_2: clock_counter_V_assi (30)  [1/1] 2.67ns  loc: Advios.cpp:10
_ZN7_ap_sc_7sc_core4waitEi.exit:2  %clock_counter_V_assi = add i26 %clock_counter_V_load, 1

ST_2: StgValue_26 (31)  [1/1] 1.59ns  loc: Advios.cpp:10
_ZN7_ap_sc_7sc_core4waitEi.exit:3  store i26 %clock_counter_V_assi, i26* @clock_counter_V, align 4

ST_2: tmp_1 (32)  [1/1] 3.25ns  loc: Advios.cpp:11
_ZN7_ap_sc_7sc_core4waitEi.exit:4  %tmp_1 = icmp eq i26 %clock_counter_V_assi, -17108864

ST_2: StgValue_28 (33)  [1/1] 0.00ns  loc: Advios.cpp:11
_ZN7_ap_sc_7sc_core4waitEi.exit:5  br i1 %tmp_1, label %0, label %_ZN7_ap_sc_7sc_core4waitEi.exit._crit_edge


 <State 3>: 2.07ns
ST_3: tmp (35)  [1/1] 0.00ns  loc: Advios.cpp:13
:0  %tmp = call i1 @_ssdm_op_Read.ap_auto.volatile.i1P(i1* %clk_second)

ST_3: v (36)  [1/1] 2.07ns  loc: Advios.cpp:13
:1  %v = xor i1 %tmp, true

ST_3: StgValue_31 (37)  [1/1] 0.00ns  loc: Advios.cpp:13
:2  call void @_ssdm_op_Write.ap_auto.volatile.i1P(i1* %clk_second, i1 %v)

ST_3: StgValue_32 (38)  [1/1] 1.59ns  loc: Advios.cpp:14
:3  store i26 0, i26* @clock_counter_V, align 4

ST_3: StgValue_33 (39)  [1/1] 0.00ns  loc: Advios.cpp:15
:4  br label %_ZN7_ap_sc_7sc_core4waitEi.exit._crit_edge

ST_3: StgValue_34 (41)  [1/1] 0.00ns  loc: Advios.cpp:16
_ZN7_ap_sc_7sc_core4waitEi.exit._crit_edge:0  br label %_ZN7_ap_sc_7sc_core4waitEi.exit



============================================================
+ Verbose Summary: Binding
============================================================
STG Binding: 
---------------- STG Properties BEGIN ----------------
- Is combinational: 0
- Is one-state seq: 0
- Is datapath-only: 0
- Is pipelined: 0
- Is top level: 0
Port [ Return ] is wired: 1; IO mode=ap_ctrl_hs:ce=0
Port [ clk_second]:  wired=1; compound=0; hidden=0; nouse=0; global=0; static=0; extern=0; dir=2; type=0; pingpong=0; private_global=0; IO mode=ap_ovld:ce=0
Port [ clk]:  wired=1; compound=0; hidden=1; nouse=1; global=0; static=0; extern=0; dir=0; type=0; pingpong=0; private_global=0; IO mode=ap_none:ce=0
Port [ reset]:  wired=1; compound=0; hidden=1; nouse=1; global=0; static=0; extern=0; dir=0; type=0; pingpong=0; private_global=0; IO mode=ap_none:ce=0
Port [ ctrl]:  wired=1; compound=0; hidden=1; nouse=1; global=0; static=0; extern=0; dir=0; type=0; pingpong=0; private_global=0; IO mode=ap_none:ce=0
Port [ switches]:  wired=1; compound=0; hidden=1; nouse=1; global=0; static=0; extern=0; dir=0; type=0; pingpong=0; private_global=0; IO mode=ap_none:ce=0
Port [ leds]:  wired=1; compound=0; hidden=1; nouse=1; global=0; static=0; extern=0; dir=1; type=0; pingpong=0; private_global=0; IO mode=ap_vld:ce=0
Port [ clock_counter_V]:  wired=0; compound=0; hidden=1; nouse=0; global=1; static=1; extern=0; dir=2; type=0; pingpong=0; private_global=1; linkage=7; visibility=0; IO mode=ap_ovld:ce=0
---------------- STG Properties END ------------------

---------------- Datapath Model BEGIN ----------------

<LifeTime>
<method=bitvector/>
StgValue_4           (specifcore     ) [ 0000]
StgValue_5           (specbitsmap    ) [ 0000]
StgValue_6           (specbitsmap    ) [ 0000]
StgValue_7           (specbitsmap    ) [ 0000]
StgValue_8           (specbitsmap    ) [ 0000]
StgValue_9           (specbitsmap    ) [ 0000]
StgValue_10          (specbitsmap    ) [ 0000]
StgValue_11          (specport       ) [ 0000]
StgValue_12          (specport       ) [ 0000]
StgValue_13          (specport       ) [ 0000]
StgValue_14          (specport       ) [ 0000]
StgValue_15          (specport       ) [ 0000]
StgValue_16          (specprocessdef ) [ 0000]
tmp_2                (specregionbegin) [ 0000]
StgValue_18          (specprotocol   ) [ 0000]
p_ssdm_reset_v       (specstatebegin ) [ 0000]
empty                (specstateend   ) [ 0000]
empty_2              (specregionend  ) [ 0000]
StgValue_22          (br             ) [ 0000]
StgValue_23          (wait           ) [ 0000]
clock_counter_V_load (load           ) [ 0000]
clock_counter_V_assi (add            ) [ 0000]
StgValue_26          (store          ) [ 0000]
tmp_1                (icmp           ) [ 0001]
StgValue_28          (br             ) [ 0000]
tmp                  (read           ) [ 0000]
v                    (xor            ) [ 0000]
StgValue_31          (write          ) [ 0000]
StgValue_32          (store          ) [ 0000]
StgValue_33          (br             ) [ 0000]
StgValue_34          (br             ) [ 0000]
</LifeTime>

<model>

<comp_list>
<comp id="0" class="1000" name="clk_second">
<pin_list>
<pin id="1" dir="1" index="0" bw="1" slack="0"/>
</pin_list>
<bind>
<StgValue><ssdm name="clk_second"/></StgValue>
</bind>
</comp>

<comp id="2" class="1000" name="clk">
<pin_list>
<pin id="3" dir="1" index="0" bw="1" slack="2147483647"/>
</pin_list>
<bind>
<StgValue><ssdm name="clk"/></StgValue>
</bind>
</comp>

<comp id="4" class="1000" name="reset">
<pin_list>
<pin id="5" dir="1" index="0" bw="1" slack="2147483647"/>
</pin_list>
<bind>
<StgValue><ssdm name="reset"/></StgValue>
</bind>
</comp>

<comp id="6" class="1000" name="ctrl">
<pin_list>
<pin id="7" dir="1" index="0" bw="1" slack="2147483647"/>
</pin_list>
<bind>
<StgValue><ssdm name="ctrl"/></StgValue>
</bind>
</comp>

<comp id="8" class="1000" name="switches">
<pin_list>
<pin id="9" dir="1" index="0" bw="1" slack="2147483647"/>
</pin_list>
<bind>
<StgValue><ssdm name="switches"/></StgValue>
</bind>
</comp>

<comp id="10" class="1000" name="leds">
<pin_list>
<pin id="11" dir="1" index="0" bw="1" slack="2147483647"/>
</pin_list>
<bind>
<StgValue><ssdm name="leds"/></StgValue>
</bind>
</comp>

<comp id="12" class="1000" name="clock_counter_V">
<pin_list>
<pin id="13" dir="1" index="0" bw="1" slack="0"/>
</pin_list>
<bind>
<StgValue><ssdm name="clock_counter_V"/></StgValue>
</bind>
</comp>

<comp id="14" class="1001" name="const_14">
<pin_list>
<pin id="15" dir="1" index="0" bw="1" slack="2147483647"/>
</pin_list>
<bind>
<StgValue><ssdm name="_ssdm_op_SpecIFCore"/></StgValue>
</bind>
</comp>

<comp id="16" class="1001" name="const_16">
<pin_list>
<pin id="17" dir="1" index="0" bw="1" slack="2147483647"/>
</pin_list>
<bind>
<StgValue><ssdm name="p_str10"/></StgValue>
</bind>
</comp>

<comp id="18" class="1001" name="const_18">
<pin_list>
<pin id="19" dir="1" index="0" bw="1" slack="2147483647"/>
</pin_list>
<bind>
<StgValue><ssdm name="p_str14"/></StgValue>
</bind>
</comp>

<comp id="20" class="1001" name="const_20">
<pin_list>
<pin id="21" dir="1" index="0" bw="1" slack="2147483647"/>
</pin_list>
<bind>
<StgValue><ssdm name=""/></StgValue>
</bind>
</comp>

<comp id="22" class="1001" name="const_22">
<pin_list>
<pin id="23" dir="1" index="0" bw="1" slack="2147483647"/>
</pin_list>
<bind>
<StgValue><ssdm name="p_str15"/></StgValue>
</bind>
</comp>

<comp id="24" class="1001" name="const_24">
<pin_list>
<pin id="25" dir="1" index="0" bw="1" slack="2147483647"/>
</pin_list>
<bind>
<StgValue><ssdm name="_ssdm_op_SpecBitsMap"/></StgValue>
</bind>
</comp>

<comp id="26" class="1001" name="const_26">
<pin_list>
<pin id="27" dir="1" index="0" bw="1" slack="2147483647"/>
</pin_list>
<bind>
<StgValue><ssdm name="_ssdm_op_SpecPort"/></StgValue>
</bind>
</comp>

<comp id="28" class="1001" name="const_28">
<pin_list>
<pin id="29" dir="1" index="0" bw="1" slack="2147483647"/>
</pin_list>
<bind>
<StgValue><ssdm name="p_str"/></StgValue>
</bind>
</comp>

<comp id="30" class="1001" name="const_30">
<pin_list>
<pin id="31" dir="1" index="0" bw="1" slack="2147483647"/>
</pin_list>
<bind>
<StgValue><ssdm name=""/></StgValue>
</bind>
</comp>

<comp id="32" class="1001" name="const_32">
<pin_list>
<pin id="33" dir="1" index="0" bw="1" slack="2147483647"/>
</pin_list>
<bind>
<StgValue><ssdm name="p_str1"/></StgValue>
</bind>
</comp>

<comp id="34" class="1001" name="const_34">
<pin_list>
<pin id="35" dir="1" index="0" bw="1" slack="2147483647"/>
</pin_list>
<bind>
<StgValue><ssdm name="p_str2"/></StgValue>
</bind>
</comp>

<comp id="36" class="1001" name="const_36">
<pin_list>
<pin id="37" dir="1" index="0" bw="1" slack="2147483647"/>
</pin_list>
<bind>
<StgValue><ssdm name="p_str3"/></StgValue>
</bind>
</comp>

<comp id="38" class="1001" name="const_38">
<pin_list>
<pin id="39" dir="1" index="0" bw="1" slack="2147483647"/>
</pin_list>
<bind>
<StgValue><ssdm name="p_str4"/></StgValue>
</bind>
</comp>

<comp id="40" class="1001" name="const_40">
<pin_list>
<pin id="41" dir="1" index="0" bw="1" slack="2147483647"/>
</pin_list>
<bind>
<StgValue><ssdm name="p_str5"/></StgValue>
</bind>
</comp>

<comp id="42" class="1001" name="const_42">
<pin_list>
<pin id="43" dir="1" index="0" bw="1" slack="2147483647"/>
</pin_list>
<bind>
<StgValue><ssdm name="p_str6"/></StgValue>
</bind>
</comp>

<comp id="44" class="1001" name="const_44">
<pin_list>
<pin id="45" dir="1" index="0" bw="1" slack="2147483647"/>
</pin_list>
<bind>
<StgValue><ssdm name=""/></StgValue>
</bind>
</comp>

<comp id="46" class="1001" name="const_46">
<pin_list>
<pin id="47" dir="1" index="0" bw="1" slack="2147483647"/>
</pin_list>
<bind>
<StgValue><ssdm name="p_str7"/></StgValue>
</bind>
</comp>

<comp id="48" class="1001" name="const_48">
<pin_list>
<pin id="49" dir="1" index="0" bw="1" slack="2147483647"/>
</pin_list>
<bind>
<StgValue><ssdm name="_ssdm_op_SpecProcessDef"/></StgValue>
</bind>
</comp>

<comp id="50" class="1001" name="const_50">
<pin_list>
<pin id="51" dir="1" index="0" bw="1" slack="2147483647"/>
</pin_list>
<bind>
<StgValue><ssdm name=""/></StgValue>
</bind>
</comp>

<comp id="52" class="1001" name="const_52">
<pin_list>
<pin id="53" dir="1" index="0" bw="1" slack="2147483647"/>
</pin_list>
<bind>
<StgValue><ssdm name="p_str8"/></StgValue>
</bind>
</comp>

<comp id="54" class="1001" name="const_54">
<pin_list>
<pin id="55" dir="1" index="0" bw="1" slack="2147483647"/>
</pin_list>
<bind>
<StgValue><ssdm name="_ssdm_op_SpecRegionBegin"/></StgValue>
</bind>
</comp>

<comp id="56" class="1001" name="const_56">
<pin_list>
<pin id="57" dir="1" index="0" bw="1" slack="2147483647"/>
</pin_list>
<bind>
<StgValue><ssdm name="p_str9"/></StgValue>
</bind>
</comp>

<comp id="58" class="1001" name="const_58">
<pin_list>
<pin id="59" dir="1" index="0" bw="1" slack="2147483647"/>
</pin_list>
<bind>
<StgValue><ssdm name="_ssdm_op_SpecProtocol"/></StgValue>
</bind>
</comp>

<comp id="60" class="1001" name="const_60">
<pin_list>
<pin id="61" dir="1" index="0" bw="1" slack="2147483647"/>
</pin_list>
<bind>
<StgValue><ssdm name="_ssdm_op_SpecStateBegin"/></StgValue>
</bind>
</comp>

<comp id="62" class="1001" name="const_62">
<pin_list>
<pin id="63" dir="1" index="0" bw="1" slack="2147483647"/>
</pin_list>
<bind>
<StgValue><ssdm name="_ssdm_op_SpecStateEnd"/></StgValue>
</bind>
</comp>

<comp id="64" class="1001" name="const_64">
<pin_list>
<pin id="65" dir="1" index="0" bw="1" slack="2147483647"/>
</pin_list>
<bind>
<StgValue><ssdm name="_ssdm_op_SpecRegionEnd"/></StgValue>
</bind>
</comp>

<comp id="66" class="1001" name="const_66">
<pin_list>
<pin id="67" dir="1" index="0" bw="1" slack="2147483647"/>
</pin_list>
<bind>
<StgValue><ssdm name="_ssdm_op_Wait"/></StgValue>
</bind>
</comp>

<comp id="68" class="1001" name="const_68">
<pin_list>
<pin id="69" dir="1" index="0" bw="1" slack="0"/>
</pin_list>
<bind>
<StgValue><ssdm name=""/></StgValue>
</bind>
</comp>

<comp id="70" class="1001" name="const_70">
<pin_list>
<pin id="71" dir="1" index="0" bw="1" slack="0"/>
</pin_list>
<bind>
<StgValue><ssdm name=""/></StgValue>
</bind>
</comp>

<comp id="72" class="1001" name="const_72">
<pin_list>
<pin id="73" dir="1" index="0" bw="1" slack="0"/>
</pin_list>
<bind>
<StgValue><ssdm name="_ssdm_op_Read.ap_auto.volatile.i1P"/></StgValue>
</bind>
</comp>

<comp id="74" class="1001" name="const_74">
<pin_list>
<pin id="75" dir="1" index="0" bw="1" slack="0"/>
</pin_list>
<bind>
<StgValue><ssdm name=""/></StgValue>
</bind>
</comp>

<comp id="76" class="1001" name="const_76">
<pin_list>
<pin id="77" dir="1" index="0" bw="1" slack="0"/>
</pin_list>
<bind>
<StgValue><ssdm name="_ssdm_op_Write.ap_auto.volatile.i1P"/></StgValue>
</bind>
</comp>

<comp id="78" class="1001" name="const_78">
<pin_list>
<pin id="79" dir="1" index="0" bw="1" slack="0"/>
</pin_list>
<bind>
<StgValue><ssdm name=""/></StgValue>
</bind>
</comp>

<comp id="80" class="1004" name="tmp_read_fu_80">
<pin_list>
<pin id="81" dir="0" index="0" bw="1" slack="0"/>
<pin id="82" dir="0" index="1" bw="1" slack="0"/>
<pin id="83" dir="1" index="2" bw="1" slack="0"/>
</pin_list>
<bind>
<opcode="read(1150) " fcode="read"/>
<opset="tmp/3 "/>
</bind>
</comp>

<comp id="86" class="1004" name="StgValue_31_write_fu_86">
<pin_list>
<pin id="87" dir="0" index="0" bw="0" slack="0"/>
<pin id="88" dir="0" index="1" bw="1" slack="0"/>
<pin id="89" dir="0" index="2" bw="1" slack="0"/>
<pin id="90" dir="1" index="3" bw="0" slack="2147483647"/>
</pin_list>
<bind>
<opcode="write(1151) " fcode="write"/>
<opset="StgValue_31/3 "/>
</bind>
</comp>

<comp id="93" class="1004" name="clock_counter_V_load_load_fu_93">
<pin_list>
<pin id="94" dir="0" index="0" bw="26" slack="0"/>
<pin id="95" dir="1" index="1" bw="26" slack="0"/>
</pin_list>
<bind>
<opcode="load(27) " fcode="load"/>
<opset="clock_counter_V_load/2 "/>
</bind>
</comp>

<comp id="97" class="1004" name="clock_counter_V_assi_fu_97">
<pin_list>
<pin id="98" dir="0" index="0" bw="26" slack="0"/>
<pin id="99" dir="0" index="1" bw="1" slack="0"/>
<pin id="100" dir="1" index="2" bw="26" slack="0"/>
</pin_list>
<bind>
<opcode="add(8) " fcode="add"/>
<opset="clock_counter_V_assi/2 "/>
</bind>
</comp>

<comp id="103" class="1004" name="StgValue_26_store_fu_103">
<pin_list>
<pin id="104" dir="0" index="0" bw="26" slack="0"/>
<pin id="105" dir="0" index="1" bw="26" slack="0"/>
<pin id="106" dir="1" index="2" bw="0" slack="2147483647"/>
</pin_list>
<bind>
<opcode="store(28) " fcode="store"/>
<opset="StgValue_26/2 "/>
</bind>
</comp>

<comp id="109" class="1004" name="tmp_1_fu_109">
<pin_list>
<pin id="110" dir="0" index="0" bw="26" slack="0"/>
<pin id="111" dir="0" index="1" bw="26" slack="0"/>
<pin id="112" dir="1" index="2" bw="1" slack="1"/>
</pin_list>
<bind>
<opcode="icmp(45) " fcode="icmp"/>
<opset="tmp_1/2 "/>
</bind>
</comp>

<comp id="115" class="1004" name="v_fu_115">
<pin_list>
<pin id="116" dir="0" index="0" bw="1" slack="0"/>
<pin id="117" dir="0" index="1" bw="1" slack="0"/>
<pin id="118" dir="1" index="2" bw="1" slack="0"/>
</pin_list>
<bind>
<opcode="xor(25) " fcode="xor"/>
<opset="v/3 "/>
</bind>
</comp>

<comp id="122" class="1004" name="StgValue_32_store_fu_122">
<pin_list>
<pin id="123" dir="0" index="0" bw="1" slack="0"/>
<pin id="124" dir="0" index="1" bw="26" slack="0"/>
<pin id="125" dir="1" index="2" bw="0" slack="2147483647"/>
</pin_list>
<bind>
<opcode="store(28) " fcode="store"/>
<opset="StgValue_32/3 "/>
</bind>
</comp>

<comp id="128" class="1005" name="tmp_1_reg_128">
<pin_list>
<pin id="129" dir="0" index="0" bw="1" slack="1"/>
<pin id="130" dir="1" index="1" bw="1" slack="2147483647"/>
</pin_list>
<bind>
<opset="tmp_1 "/>
</bind>
</comp>

</comp_list>

<net_list>
<net id="84"><net_src comp="72" pin="0"/><net_sink comp="80" pin=0"/></net>

<net id="85"><net_src comp="0" pin="0"/><net_sink comp="80" pin=1"/></net>

<net id="91"><net_src comp="76" pin="0"/><net_sink comp="86" pin=0"/></net>

<net id="92"><net_src comp="0" pin="0"/><net_sink comp="86" pin=1"/></net>

<net id="96"><net_src comp="12" pin="0"/><net_sink comp="93" pin=0"/></net>

<net id="101"><net_src comp="93" pin="1"/><net_sink comp="97" pin=0"/></net>

<net id="102"><net_src comp="68" pin="0"/><net_sink comp="97" pin=1"/></net>

<net id="107"><net_src comp="97" pin="2"/><net_sink comp="103" pin=0"/></net>

<net id="108"><net_src comp="12" pin="0"/><net_sink comp="103" pin=1"/></net>

<net id="113"><net_src comp="97" pin="2"/><net_sink comp="109" pin=0"/></net>

<net id="114"><net_src comp="70" pin="0"/><net_sink comp="109" pin=1"/></net>

<net id="119"><net_src comp="80" pin="2"/><net_sink comp="115" pin=0"/></net>

<net id="120"><net_src comp="74" pin="0"/><net_sink comp="115" pin=1"/></net>

<net id="121"><net_src comp="115" pin="2"/><net_sink comp="86" pin=2"/></net>

<net id="126"><net_src comp="78" pin="0"/><net_sink comp="122" pin=0"/></net>

<net id="127"><net_src comp="12" pin="0"/><net_sink comp="122" pin=1"/></net>

<net id="131"><net_src comp="109" pin="2"/><net_sink comp="128" pin=0"/></net>

</net_list>

</model> 
---------------- Datapath Model END ------------------

* FSMD analyzer results:
  - Output states:
	Port: clk_second | {3 }
	Port: clock_counter_V | {2 3 }
 - Input state : 
	Port: Advios::modulate_clock : clk_second | {3 }
	Port: Advios::modulate_clock : clock_counter_V | {2 }
  - Chain level:
	State 1
		empty : 1
		empty_2 : 1
	State 2
		clock_counter_V_assi : 1
		StgValue_26 : 2
		tmp_1 : 2
		StgValue_28 : 3
	State 3


============================================================
+ Verbose Summary: Datapath Resource usage 
============================================================

* Functional unit list:
|----------|----------------------------|---------|---------|
| Operation|       Functional Unit      |    FF   |   LUT   |
|----------|----------------------------|---------|---------|
|    add   | clock_counter_V_assi_fu_97 |    83   |    31   |
|----------|----------------------------|---------|---------|
|   icmp   |        tmp_1_fu_109        |    0    |    13   |
|----------|----------------------------|---------|---------|
|    xor   |          v_fu_115          |    0    |    2    |
|----------|----------------------------|---------|---------|
|   read   |       tmp_read_fu_80       |    0    |    0    |
|----------|----------------------------|---------|---------|
|   write  |   StgValue_31_write_fu_86  |    0    |    0    |
|----------|----------------------------|---------|---------|
|   Total  |                            |    83   |    46   |
|----------|----------------------------|---------|---------|

Memories:
N/A

* Register list:
+-------------+--------+
|             |   FF   |
+-------------+--------+
|tmp_1_reg_128|    1   |
+-------------+--------+
|    Total    |    1   |
+-------------+--------+

* Multiplexer (MUX) list: 
|--------|------|------|------|--------|
|  Comp  |  Pin | Size |  BW  | S x BW |
|--------|------|------|------|--------|
|  Total |      |      |      |    0   |
|--------|------|------|------|--------|



* Summary:
+-----------+--------+--------+
|           |   FF   |   LUT  |
+-----------+--------+--------+
|  Function |   83   |   46   |
|   Memory  |    -   |    -   |
|Multiplexer|    -   |    -   |
|  Register |    1   |    -   |
+-----------+--------+--------+
|   Total   |   84   |   46   |
+-----------+--------+--------+
