

================================================================
== Vivado HLS Report for 'Advios'
================================================================
* Date:           Mon Oct  8 19:23:23 2018

* Version:        2017.2 (Build 1909853 on Thu Jun 15 18:55:24 MDT 2017)
* Project:        advios_ip
* Solution:       solution1
* Product family: zynq
* Target device:  xc7z010clg400-1


================================================================
== Performance Estimates
================================================================
+ Timing (ns): 
    * Summary: 
    +--------+-------+----------+------------+
    |  Clock | Target| Estimated| Uncertainty|
    +--------+-------+----------+------------+
    |ap_clk  |   8.00|      5.92|        1.00|
    +--------+-------+----------+------------+

+ Latency (clock cycles): 
    * Summary: 
    +-----+-----+-----+-----+---------+
    |  Latency  |  Interval | Pipeline|
    | min | max | min | max |   Type  |
    +-----+-----+-----+-----+---------+
    |    0|    4|    1|    5|   none  |
    +-----+-----+-----+-----+---------+

    + Detail: 
        * Instance: 
        +---------------------------------+-----------------------+-----+-----+-----+-----+---------+
        |                                 |                       |  Latency  |  Interval | Pipeline|
        |             Instance            |         Module        | min | max | min | max |   Type  |
        +---------------------------------+-----------------------+-----+-----+-----+-----+---------+
        |grp_Advios_LedControl_fu_78      |Advios_LedControl      |    3|    3|    3|    3|   none  |
        |grp_Advios_modulate_clock_fu_98  |Advios_modulate_clock  |    3|    3|    3|    3|   none  |
        +---------------------------------+-----------------------+-----+-----+-----+-----+---------+

        * Loop: 
        N/A

============================================================
+ Verbose Summary: Synthesis Manager
============================================================
InlineROM: 1
ExposeGlobal: 0
============================================================
+ Verbose Summary: CDFG Model
============================================================
IsTopModel: 1
ResetActiveHigh: 1
IsCombinational: 0
IsDatapathOnly: 0
HasWiredReturn: 1
HasMFsm: 0
HasVarLatency: 1
IsPipeline: 0
IsRtlPipelined: 0
IsInstanceOverlapped: 0
IsDontTouch: 0
HasImplIP: 0
IsGatedGlobalClock: 0


============================================================
+ Verbose Summary: Schedule
============================================================
* Number of FSM states: 2
* Pipeline: 0
* Dataflow Pipeline: 0

* FSM state transitions: 
1 --> 
	2  / (Advios_ssdm_threa) | (Advios_ssdm_threa_1)
2 --> 
* FSM state operations: 

 <State 1>: 3.10ns
ST_1: StgValue_3 (12)  [1/1] 0.00ns
:0  call void (...)* @_ssdm_op_SpecIFCore(i4* %ctrl, [1 x i8]* @p_str10, [10 x i8]* @p_str14, [1 x i8]* @p_str10, i32 -1, [1 x i8]* @p_str10, [1 x i8]* @p_str10, [1 x i8]* @p_str10, [1 x i8]* @p_str10, [17 x i8]* @p_str15)

ST_1: StgValue_4 (13)  [1/1] 0.00ns
:1  call void (...)* @_ssdm_op_SpecBitsMap(i1* %clk_second), !map !80

ST_1: StgValue_5 (14)  [1/1] 0.00ns
:2  call void (...)* @_ssdm_op_SpecBitsMap(i1* %clk), !map !84

ST_1: StgValue_6 (15)  [1/1] 0.00ns
:3  call void (...)* @_ssdm_op_SpecBitsMap(i1* %reset), !map !88

ST_1: StgValue_7 (16)  [1/1] 0.00ns
:4  call void (...)* @_ssdm_op_SpecBitsMap(i4* %ctrl), !map !92

ST_1: StgValue_8 (17)  [1/1] 0.00ns
:5  call void (...)* @_ssdm_op_SpecBitsMap(i4* %switches), !map !96

ST_1: StgValue_9 (18)  [1/1] 0.00ns
:6  call void (...)* @_ssdm_op_SpecBitsMap(i4* %leds), !map !100

ST_1: StgValue_10 (19)  [1/1] 0.00ns  loc: ./Advios.h:13
:7  call void (...)* @_ssdm_op_SpecTopModule([7 x i8]* @p_str, [7 x i8]* @p_str) nounwind

ST_1: Advios_ssdm_threa (20)  [1/1] 0.00ns  loc: ./Advios.h:14
:8  %Advios_ssdm_threa = load i1* @Advios_ssdm_thread_M_modulate_clock, align 1

ST_1: StgValue_12 (21)  [1/1] 0.00ns  loc: ./Advios.h:14
:9  br i1 %Advios_ssdm_threa, label %1, label %2

ST_1: StgValue_13 (23)  [1/1] 0.00ns  loc: ./Advios.h:14
:0  call void (...)* @_ssdm_op_SpecProcessDecl([7 x i8]* @p_str, i32 2, [15 x i8]* @p_str8) nounwind

ST_1: StgValue_14 (24)  [1/1] 0.00ns  loc: ./Advios.h:15
:1  call void (...)* @_ssdm_op_SpecSensitive([15 x i8]* @p_str8, [4 x i8]* @p_str2, i1* %clk, i32 1) nounwind

ST_1: StgValue_15 (25)  [1/1] 0.00ns  loc: ./Advios.h:16
:2  call void (...)* @_ssdm_op_SpecSensitive([15 x i8]* @p_str8, [6 x i8]* @p_str3, i1* %reset, i32 3) nounwind

ST_1: Advios_ssdm_threa_1 (26)  [1/1] 0.00ns  loc: ./Advios.h:17
:3  %Advios_ssdm_threa_1 = load i1* @Advios_ssdm_thread_M_LedControl, align 1

ST_1: StgValue_17 (27)  [1/1] 0.00ns  loc: ./Advios.h:17
:4  br i1 %Advios_ssdm_threa_1, label %3, label %4

ST_1: StgValue_18 (29)  [1/1] 0.00ns  loc: ./Advios.h:17
:0  call void (...)* @_ssdm_op_SpecProcessDecl([7 x i8]* @p_str, i32 2, [11 x i8]* @p_str13) nounwind

ST_1: StgValue_19 (30)  [1/1] 0.00ns  loc: ./Advios.h:18
:1  call void (...)* @_ssdm_op_SpecSensitive([11 x i8]* @p_str13, [4 x i8]* @p_str2, i1* %clk, i32 1) nounwind

ST_1: StgValue_20 (31)  [1/1] 0.00ns  loc: ./Advios.h:19
:2  call void (...)* @_ssdm_op_SpecSensitive([11 x i8]* @p_str13, [6 x i8]* @p_str3, i1* %reset, i32 3) nounwind

ST_1: StgValue_21 (32)  [1/1] 0.00ns  loc: ./Advios.h:20
:3  call void (...)* @_ssdm_op_SpecPort([7 x i8]* @p_str, i32 0, [7 x i8]* @p_str1, [4 x i8]* @p_str2, i32 0, i32 0, i1* %clk) nounwind

ST_1: StgValue_22 (33)  [1/1] 0.00ns  loc: ./Advios.h:21
:4  call void (...)* @_ssdm_op_SpecPort([7 x i8]* @p_str, i32 0, [7 x i8]* @p_str1, [6 x i8]* @p_str3, i32 0, i32 0, i1* %reset) nounwind

ST_1: StgValue_23 (34)  [1/1] 0.00ns  loc: ./Advios.h:22
:5  call void (...)* @_ssdm_op_SpecPort([7 x i8]* @p_str, i32 0, [13 x i8]* @p_str4, [5 x i8]* @p_str5, i32 0, i32 0, i4* %ctrl) nounwind

ST_1: StgValue_24 (35)  [1/1] 0.00ns  loc: ./Advios.h:23
:6  call void (...)* @_ssdm_op_SpecPort([7 x i8]* @p_str, i32 0, [13 x i8]* @p_str4, [9 x i8]* @p_str6, i32 0, i32 0, i4* %switches) nounwind

ST_1: StgValue_25 (36)  [1/1] 0.00ns  loc: ./Advios.h:24
:7  call void (...)* @_ssdm_op_SpecPort([7 x i8]* @p_str, i32 1, [13 x i8]* @p_str4, [5 x i8]* @p_str7, i32 0, i32 0, i4* %leds) nounwind

ST_1: StgValue_26 (37)  [1/1] 0.00ns  loc: ./Advios.h:25
:8  call void (...)* @_ssdm_op_SpecChannel([7 x i8]* @p_str, i32 0, [7 x i8]* @p_str1, [11 x i8]* @p_str12, i32 1, i32 0, i1* %clk_second) nounwind

ST_1: StgValue_27 (38)  [1/1] 0.00ns  loc: ./Advios.h:16
:9  ret void

ST_1: StgValue_28 (40)  [2/2] 3.10ns  loc: ./Advios.h:17
:0  call void @"Advios::LedControl"(i1* %clk_second, i1* %clk, i1* %reset, i4* %ctrl, i4* %switches, i4* %leds)

ST_1: StgValue_29 (43)  [2/2] 2.07ns  loc: ./Advios.h:14
:0  call void @"Advios::modulate_clock"(i1* %clk_second, i1* %clk, i1* %reset, i4* %ctrl, i4* %switches, i4* %leds)


 <State 2>: 2.35ns
ST_2: StgValue_30 (40)  [1/2] 2.35ns  loc: ./Advios.h:17
:0  call void @"Advios::LedControl"(i1* %clk_second, i1* %clk, i1* %reset, i4* %ctrl, i4* %switches, i4* %leds)

ST_2: StgValue_31 (41)  [1/1] 0.00ns
:1  br label %UnifiedUnreachableBlock

ST_2: StgValue_32 (43)  [1/2] 2.07ns  loc: ./Advios.h:14
:0  call void @"Advios::modulate_clock"(i1* %clk_second, i1* %clk, i1* %reset, i4* %ctrl, i4* %switches, i4* %leds)

ST_2: StgValue_33 (44)  [1/1] 0.00ns
:1  br label %UnifiedUnreachableBlock

ST_2: StgValue_34 (46)  [1/1] 0.00ns
UnifiedUnreachableBlock:0  unreachable



============================================================
+ Verbose Summary: Binding
============================================================
STG Binding: 
---------------- STG Properties BEGIN ----------------
- Is combinational: 0
- Is one-state seq: 0
- Is datapath-only: 0
- Is pipelined: 0
- Is top level: 1
Port [ Return ] is wired: 1; IO mode=ap_ctrl_hs:ce=0
Port [ clk_second]:  wired=1; compound=0; hidden=1; nouse=0; global=0; static=0; extern=0; dir=2; type=0; pingpong=0; private_global=0; IO mode=ap_ovld:ce=0
Port [ clk]:  wired=1; compound=0; hidden=0; nouse=1; global=0; static=0; extern=0; dir=0; type=0; pingpong=0; private_global=0; IO mode=ap_none:ce=0
Port [ reset]:  wired=1; compound=0; hidden=0; nouse=1; global=0; static=0; extern=0; dir=0; type=0; pingpong=0; private_global=0; IO mode=ap_none:ce=0
Port [ ctrl]:  wired=1; compound=0; hidden=0; nouse=0; global=0; static=0; extern=0; dir=0; type=0; pingpong=0; private_global=0; IO mode=ap_none:ce=0
Port [ switches]:  wired=1; compound=0; hidden=0; nouse=0; global=0; static=0; extern=0; dir=0; type=0; pingpong=0; private_global=0; IO mode=ap_none:ce=0
Port [ leds]:  wired=1; compound=0; hidden=0; nouse=0; global=0; static=0; extern=0; dir=1; type=0; pingpong=0; private_global=0; IO mode=ap_vld:ce=0
Port [ Advios_ssdm_thread_M_modulate_clock]:  wired=0; compound=0; hidden=1; nouse=0; global=1; static=0; extern=1; dir=2; type=0; pingpong=0; private_global=1; linkage=0; visibility=0; IO mode=ap_ovld:ce=0
Port [ clock_counter_V]:  wired=0; compound=0; hidden=1; nouse=1; global=1; static=1; extern=0; dir=2; type=0; pingpong=0; private_global=0; linkage=7; visibility=0; IO mode=ap_ovld:ce=0
Port [ Advios_ssdm_thread_M_LedControl]:  wired=0; compound=0; hidden=1; nouse=0; global=1; static=0; extern=1; dir=0; type=0; pingpong=0; private_global=1; linkage=0; visibility=0; IO mode=ap_none:ce=0
Port [ last_clock]:  wired=0; compound=0; hidden=1; nouse=1; global=1; static=1; extern=0; dir=2; type=0; pingpong=0; private_global=0; linkage=7; visibility=0; IO mode=ap_ovld:ce=0
Port [ counter_V]:  wired=0; compound=0; hidden=1; nouse=1; global=1; static=1; extern=0; dir=2; type=0; pingpong=0; private_global=0; linkage=7; visibility=0; IO mode=ap_ovld:ce=0
---------------- STG Properties END ------------------

---------------- Datapath Model BEGIN ----------------

<LifeTime>
<method=bitvector/>
StgValue_3          (specifcore     ) [ 000]
StgValue_4          (specbitsmap    ) [ 000]
StgValue_5          (specbitsmap    ) [ 000]
StgValue_6          (specbitsmap    ) [ 000]
StgValue_7          (specbitsmap    ) [ 000]
StgValue_8          (specbitsmap    ) [ 000]
StgValue_9          (specbitsmap    ) [ 000]
StgValue_10         (spectopmodule  ) [ 000]
Advios_ssdm_threa   (load           ) [ 011]
StgValue_12         (br             ) [ 000]
StgValue_13         (specprocessdecl) [ 000]
StgValue_14         (specsensitive  ) [ 000]
StgValue_15         (specsensitive  ) [ 000]
Advios_ssdm_threa_1 (load           ) [ 010]
StgValue_17         (br             ) [ 000]
StgValue_18         (specprocessdecl) [ 000]
StgValue_19         (specsensitive  ) [ 000]
StgValue_20         (specsensitive  ) [ 000]
StgValue_21         (specport       ) [ 000]
StgValue_22         (specport       ) [ 000]
StgValue_23         (specport       ) [ 000]
StgValue_24         (specport       ) [ 000]
StgValue_25         (specport       ) [ 000]
StgValue_26         (specchannel    ) [ 000]
StgValue_27         (ret            ) [ 000]
StgValue_30         (call           ) [ 000]
StgValue_31         (br             ) [ 000]
StgValue_32         (call           ) [ 000]
StgValue_33         (br             ) [ 000]
StgValue_34         (unreachable    ) [ 000]
</LifeTime>

<model>

<comp_list>
<comp id="0" class="1000" name="clk_second">
<pin_list>
<pin id="1" dir="1" index="0" bw="1" slack="0"/>
</pin_list>
<bind>
<StgValue><ssdm name="clk_second"/></StgValue>
</bind>
</comp>

<comp id="2" class="1000" name="clk">
<pin_list>
<pin id="3" dir="1" index="0" bw="1" slack="0"/>
</pin_list>
<bind>
<StgValue><ssdm name="clk"/></StgValue>
</bind>
</comp>

<comp id="4" class="1000" name="reset">
<pin_list>
<pin id="5" dir="1" index="0" bw="1" slack="0"/>
</pin_list>
<bind>
<StgValue><ssdm name="reset"/></StgValue>
</bind>
</comp>

<comp id="6" class="1000" name="ctrl">
<pin_list>
<pin id="7" dir="1" index="0" bw="1" slack="0"/>
</pin_list>
<bind>
<StgValue><ssdm name="ctrl"/></StgValue>
</bind>
</comp>

<comp id="8" class="1000" name="switches">
<pin_list>
<pin id="9" dir="1" index="0" bw="1" slack="0"/>
</pin_list>
<bind>
<StgValue><ssdm name="switches"/></StgValue>
</bind>
</comp>

<comp id="10" class="1000" name="leds">
<pin_list>
<pin id="11" dir="1" index="0" bw="1" slack="0"/>
</pin_list>
<bind>
<StgValue><ssdm name="leds"/></StgValue>
</bind>
</comp>

<comp id="12" class="1000" name="Advios_ssdm_thread_M_modulate_clock">
<pin_list>
<pin id="13" dir="1" index="0" bw="1" slack="0"/>
</pin_list>
<bind>
<StgValue><ssdm name="Advios_ssdm_thread_M_modulate_clock"/></StgValue>
</bind>
</comp>

<comp id="14" class="1000" name="clock_counter_V">
<pin_list>
<pin id="15" dir="1" index="0" bw="1" slack="0"/>
</pin_list>
<bind>
<StgValue><ssdm name="clock_counter_V"/></StgValue>
</bind>
</comp>

<comp id="16" class="1000" name="Advios_ssdm_thread_M_LedControl">
<pin_list>
<pin id="17" dir="1" index="0" bw="1" slack="0"/>
</pin_list>
<bind>
<StgValue><ssdm name="Advios_ssdm_thread_M_LedControl"/></StgValue>
</bind>
</comp>

<comp id="18" class="1000" name="last_clock">
<pin_list>
<pin id="19" dir="1" index="0" bw="1" slack="0"/>
</pin_list>
<bind>
<StgValue><ssdm name="last_clock"/></StgValue>
</bind>
</comp>

<comp id="20" class="1000" name="counter_V">
<pin_list>
<pin id="21" dir="1" index="0" bw="1" slack="0"/>
</pin_list>
<bind>
<StgValue><ssdm name="counter_V"/></StgValue>
</bind>
</comp>

<comp id="22" class="1001" name="const_22">
<pin_list>
<pin id="23" dir="1" index="0" bw="1" slack="2147483647"/>
</pin_list>
<bind>
<StgValue><ssdm name="_ssdm_op_SpecIFCore"/></StgValue>
</bind>
</comp>

<comp id="24" class="1001" name="const_24">
<pin_list>
<pin id="25" dir="1" index="0" bw="1" slack="2147483647"/>
</pin_list>
<bind>
<StgValue><ssdm name="p_str10"/></StgValue>
</bind>
</comp>

<comp id="26" class="1001" name="const_26">
<pin_list>
<pin id="27" dir="1" index="0" bw="1" slack="2147483647"/>
</pin_list>
<bind>
<StgValue><ssdm name="p_str14"/></StgValue>
</bind>
</comp>

<comp id="28" class="1001" name="const_28">
<pin_list>
<pin id="29" dir="1" index="0" bw="1" slack="2147483647"/>
</pin_list>
<bind>
<StgValue><ssdm name=""/></StgValue>
</bind>
</comp>

<comp id="30" class="1001" name="const_30">
<pin_list>
<pin id="31" dir="1" index="0" bw="1" slack="2147483647"/>
</pin_list>
<bind>
<StgValue><ssdm name="p_str15"/></StgValue>
</bind>
</comp>

<comp id="32" class="1001" name="const_32">
<pin_list>
<pin id="33" dir="1" index="0" bw="1" slack="2147483647"/>
</pin_list>
<bind>
<StgValue><ssdm name="_ssdm_op_SpecBitsMap"/></StgValue>
</bind>
</comp>

<comp id="34" class="1001" name="const_34">
<pin_list>
<pin id="35" dir="1" index="0" bw="1" slack="2147483647"/>
</pin_list>
<bind>
<StgValue><ssdm name="_ssdm_op_SpecTopModule"/></StgValue>
</bind>
</comp>

<comp id="36" class="1001" name="const_36">
<pin_list>
<pin id="37" dir="1" index="0" bw="1" slack="2147483647"/>
</pin_list>
<bind>
<StgValue><ssdm name="p_str"/></StgValue>
</bind>
</comp>

<comp id="38" class="1001" name="const_38">
<pin_list>
<pin id="39" dir="1" index="0" bw="1" slack="2147483647"/>
</pin_list>
<bind>
<StgValue><ssdm name="_ssdm_op_SpecProcessDecl"/></StgValue>
</bind>
</comp>

<comp id="40" class="1001" name="const_40">
<pin_list>
<pin id="41" dir="1" index="0" bw="1" slack="2147483647"/>
</pin_list>
<bind>
<StgValue><ssdm name=""/></StgValue>
</bind>
</comp>

<comp id="42" class="1001" name="const_42">
<pin_list>
<pin id="43" dir="1" index="0" bw="1" slack="2147483647"/>
</pin_list>
<bind>
<StgValue><ssdm name="p_str8"/></StgValue>
</bind>
</comp>

<comp id="44" class="1001" name="const_44">
<pin_list>
<pin id="45" dir="1" index="0" bw="1" slack="2147483647"/>
</pin_list>
<bind>
<StgValue><ssdm name="_ssdm_op_SpecSensitive"/></StgValue>
</bind>
</comp>

<comp id="46" class="1001" name="const_46">
<pin_list>
<pin id="47" dir="1" index="0" bw="1" slack="2147483647"/>
</pin_list>
<bind>
<StgValue><ssdm name="p_str2"/></StgValue>
</bind>
</comp>

<comp id="48" class="1001" name="const_48">
<pin_list>
<pin id="49" dir="1" index="0" bw="1" slack="2147483647"/>
</pin_list>
<bind>
<StgValue><ssdm name=""/></StgValue>
</bind>
</comp>

<comp id="50" class="1001" name="const_50">
<pin_list>
<pin id="51" dir="1" index="0" bw="1" slack="2147483647"/>
</pin_list>
<bind>
<StgValue><ssdm name="p_str3"/></StgValue>
</bind>
</comp>

<comp id="52" class="1001" name="const_52">
<pin_list>
<pin id="53" dir="1" index="0" bw="1" slack="2147483647"/>
</pin_list>
<bind>
<StgValue><ssdm name=""/></StgValue>
</bind>
</comp>

<comp id="54" class="1001" name="const_54">
<pin_list>
<pin id="55" dir="1" index="0" bw="1" slack="2147483647"/>
</pin_list>
<bind>
<StgValue><ssdm name="p_str13"/></StgValue>
</bind>
</comp>

<comp id="56" class="1001" name="const_56">
<pin_list>
<pin id="57" dir="1" index="0" bw="1" slack="2147483647"/>
</pin_list>
<bind>
<StgValue><ssdm name="_ssdm_op_SpecPort"/></StgValue>
</bind>
</comp>

<comp id="58" class="1001" name="const_58">
<pin_list>
<pin id="59" dir="1" index="0" bw="1" slack="2147483647"/>
</pin_list>
<bind>
<StgValue><ssdm name=""/></StgValue>
</bind>
</comp>

<comp id="60" class="1001" name="const_60">
<pin_list>
<pin id="61" dir="1" index="0" bw="1" slack="2147483647"/>
</pin_list>
<bind>
<StgValue><ssdm name="p_str1"/></StgValue>
</bind>
</comp>

<comp id="62" class="1001" name="const_62">
<pin_list>
<pin id="63" dir="1" index="0" bw="1" slack="2147483647"/>
</pin_list>
<bind>
<StgValue><ssdm name="p_str4"/></StgValue>
</bind>
</comp>

<comp id="64" class="1001" name="const_64">
<pin_list>
<pin id="65" dir="1" index="0" bw="1" slack="2147483647"/>
</pin_list>
<bind>
<StgValue><ssdm name="p_str5"/></StgValue>
</bind>
</comp>

<comp id="66" class="1001" name="const_66">
<pin_list>
<pin id="67" dir="1" index="0" bw="1" slack="2147483647"/>
</pin_list>
<bind>
<StgValue><ssdm name="p_str6"/></StgValue>
</bind>
</comp>

<comp id="68" class="1001" name="const_68">
<pin_list>
<pin id="69" dir="1" index="0" bw="1" slack="2147483647"/>
</pin_list>
<bind>
<StgValue><ssdm name="p_str7"/></StgValue>
</bind>
</comp>

<comp id="70" class="1001" name="const_70">
<pin_list>
<pin id="71" dir="1" index="0" bw="1" slack="2147483647"/>
</pin_list>
<bind>
<StgValue><ssdm name="_ssdm_op_SpecChannel"/></StgValue>
</bind>
</comp>

<comp id="72" class="1001" name="const_72">
<pin_list>
<pin id="73" dir="1" index="0" bw="1" slack="2147483647"/>
</pin_list>
<bind>
<StgValue><ssdm name="p_str12"/></StgValue>
</bind>
</comp>

<comp id="74" class="1001" name="const_74">
<pin_list>
<pin id="75" dir="1" index="0" bw="1" slack="0"/>
</pin_list>
<bind>
<StgValue><ssdm name="Advios::LedControl"/></StgValue>
</bind>
</comp>

<comp id="76" class="1001" name="const_76">
<pin_list>
<pin id="77" dir="1" index="0" bw="1" slack="0"/>
</pin_list>
<bind>
<StgValue><ssdm name="Advios::modulate_clock"/></StgValue>
</bind>
</comp>

<comp id="78" class="1004" name="grp_Advios_LedControl_fu_78">
<pin_list>
<pin id="79" dir="0" index="0" bw="0" slack="0"/>
<pin id="80" dir="0" index="1" bw="1" slack="0"/>
<pin id="81" dir="0" index="2" bw="1" slack="0"/>
<pin id="82" dir="0" index="3" bw="1" slack="0"/>
<pin id="83" dir="0" index="4" bw="4" slack="0"/>
<pin id="84" dir="0" index="5" bw="4" slack="0"/>
<pin id="85" dir="0" index="6" bw="4" slack="0"/>
<pin id="86" dir="0" index="7" bw="1" slack="0"/>
<pin id="87" dir="0" index="8" bw="4" slack="0"/>
<pin id="88" dir="1" index="9" bw="0" slack="2147483647"/>
</pin_list>
<bind>
<opcode="call(48) " fcode="call"/>
<opset="StgValue_28/1 "/>
</bind>
</comp>

<comp id="98" class="1004" name="grp_Advios_modulate_clock_fu_98">
<pin_list>
<pin id="99" dir="0" index="0" bw="0" slack="0"/>
<pin id="100" dir="0" index="1" bw="1" slack="0"/>
<pin id="101" dir="0" index="2" bw="1" slack="0"/>
<pin id="102" dir="0" index="3" bw="1" slack="0"/>
<pin id="103" dir="0" index="4" bw="4" slack="0"/>
<pin id="104" dir="0" index="5" bw="4" slack="0"/>
<pin id="105" dir="0" index="6" bw="4" slack="0"/>
<pin id="106" dir="0" index="7" bw="26" slack="0"/>
<pin id="107" dir="1" index="8" bw="0" slack="2147483647"/>
</pin_list>
<bind>
<opcode="call(48) " fcode="call"/>
<opset="StgValue_29/1 "/>
</bind>
</comp>

<comp id="116" class="1004" name="Advios_ssdm_threa_load_fu_116">
<pin_list>
<pin id="117" dir="0" index="0" bw="1" slack="0"/>
<pin id="118" dir="1" index="1" bw="1" slack="1"/>
</pin_list>
<bind>
<opcode="load(27) " fcode="load"/>
<opset="Advios_ssdm_threa/1 "/>
</bind>
</comp>

<comp id="120" class="1004" name="Advios_ssdm_threa_1_load_fu_120">
<pin_list>
<pin id="121" dir="0" index="0" bw="1" slack="0"/>
<pin id="122" dir="1" index="1" bw="1" slack="2147483647"/>
</pin_list>
<bind>
<opcode="load(27) " fcode="load"/>
<opset="Advios_ssdm_threa_1/1 "/>
</bind>
</comp>

<comp id="124" class="1005" name="Advios_ssdm_threa_reg_124">
<pin_list>
<pin id="125" dir="0" index="0" bw="1" slack="1"/>
<pin id="126" dir="1" index="1" bw="1" slack="2147483647"/>
</pin_list>
<bind>
<opset="Advios_ssdm_threa "/>
</bind>
</comp>

</comp_list>

<net_list>
<net id="89"><net_src comp="74" pin="0"/><net_sink comp="78" pin=0"/></net>

<net id="90"><net_src comp="0" pin="0"/><net_sink comp="78" pin=1"/></net>

<net id="91"><net_src comp="2" pin="0"/><net_sink comp="78" pin=2"/></net>

<net id="92"><net_src comp="4" pin="0"/><net_sink comp="78" pin=3"/></net>

<net id="93"><net_src comp="6" pin="0"/><net_sink comp="78" pin=4"/></net>

<net id="94"><net_src comp="8" pin="0"/><net_sink comp="78" pin=5"/></net>

<net id="95"><net_src comp="10" pin="0"/><net_sink comp="78" pin=6"/></net>

<net id="96"><net_src comp="18" pin="0"/><net_sink comp="78" pin=7"/></net>

<net id="97"><net_src comp="20" pin="0"/><net_sink comp="78" pin=8"/></net>

<net id="108"><net_src comp="76" pin="0"/><net_sink comp="98" pin=0"/></net>

<net id="109"><net_src comp="0" pin="0"/><net_sink comp="98" pin=1"/></net>

<net id="110"><net_src comp="2" pin="0"/><net_sink comp="98" pin=2"/></net>

<net id="111"><net_src comp="4" pin="0"/><net_sink comp="98" pin=3"/></net>

<net id="112"><net_src comp="6" pin="0"/><net_sink comp="98" pin=4"/></net>

<net id="113"><net_src comp="8" pin="0"/><net_sink comp="98" pin=5"/></net>

<net id="114"><net_src comp="10" pin="0"/><net_sink comp="98" pin=6"/></net>

<net id="115"><net_src comp="14" pin="0"/><net_sink comp="98" pin=7"/></net>

<net id="119"><net_src comp="12" pin="0"/><net_sink comp="116" pin=0"/></net>

<net id="123"><net_src comp="16" pin="0"/><net_sink comp="120" pin=0"/></net>

<net id="127"><net_src comp="116" pin="1"/><net_sink comp="124" pin=0"/></net>

</net_list>

</model> 
---------------- Datapath Model END ------------------

* FSMD analyzer results:
  - Output states:
	Port: clk_second | {1 2 }
	Port: leds | {1 2 }
	Port: clock_counter_V | {1 2 }
	Port: last_clock | {1 2 }
	Port: counter_V | {1 2 }
 - Input state : 
	Port: Advios::Advios : clk_second | {1 2 }
	Port: Advios::Advios : ctrl | {1 2 }
	Port: Advios::Advios : switches | {1 2 }
	Port: Advios::Advios : Advios_ssdm_thread_M_modulate_clock | {1 }
	Port: Advios::Advios : clock_counter_V | {1 2 }
	Port: Advios::Advios : Advios_ssdm_thread_M_LedControl | {1 }
	Port: Advios::Advios : last_clock | {1 2 }
	Port: Advios::Advios : counter_V | {1 2 }
  - Chain level:
	State 1
		StgValue_12 : 1
		StgValue_17 : 1
	State 2


============================================================
+ Verbose Summary: Datapath Resource usage 
============================================================

* Functional unit list:
|----------|---------------------------------|---------|---------|---------|
| Operation|         Functional Unit         |  Delay  |    FF   |   LUT   |
|----------|---------------------------------|---------|---------|---------|
|   call   |   grp_Advios_LedControl_fu_78   |  1.773  |    17   |    32   |
|          | grp_Advios_modulate_clock_fu_98 |    0    |    84   |    46   |
|----------|---------------------------------|---------|---------|---------|
|   Total  |                                 |  1.773  |   101   |    78   |
|----------|---------------------------------|---------|---------|---------|

Memories:
N/A

* Register list:
+-------------------------+--------+
|                         |   FF   |
+-------------------------+--------+
|Advios_ssdm_threa_reg_124|    1   |
+-------------------------+--------+
|          Total          |    1   |
+-------------------------+--------+

* Multiplexer (MUX) list: 
|--------|------|------|------|--------|
|  Comp  |  Pin | Size |  BW  | S x BW |
|--------|------|------|------|--------|
|  Total |      |      |      |    0   |
|--------|------|------|------|--------|



* Summary:
+-----------+--------+--------+--------+
|           |  Delay |   FF   |   LUT  |
+-----------+--------+--------+--------+
|  Function |    1   |   101  |   78   |
|   Memory  |    -   |    -   |    -   |
|Multiplexer|    -   |    -   |    -   |
|  Register |    -   |    1   |    -   |
+-----------+--------+--------+--------+
|   Total   |    1   |   102  |   78   |
+-----------+--------+--------+--------+
