Copyright 1986-2017 Xilinx, Inc. All Rights Reserved.
------------------------------------------------------------------------------------
| Tool Version : Vivado v.2017.2 (win64) Build 1909853 Thu Jun 15 18:39:09 MDT 2017
| Date         : Wed Oct  3 20:36:52 2018
| Host         : LAPTOP-07F69O5Q running 64-bit major release  (build 9200)
| Command      : report_timing_summary -file ./report/matrixmul_timing_routed.rpt
| Design       : matrixmul
| Device       : 7z010-clg400
| Speed File   : -1  PRODUCTION 1.11 2014-09-11
------------------------------------------------------------------------------------

Timing Summary Report

------------------------------------------------------------------------------------------------
| Timer Settings
| --------------
------------------------------------------------------------------------------------------------

  Enable Multi Corner Analysis               :  Yes
  Enable Pessimism Removal                   :  Yes
  Pessimism Removal Resolution               :  Nearest Common Node
  Enable Input Delay Default Clock           :  No
  Enable Preset / Clear Arcs                 :  No
  Disable Flight Delays                      :  No
  Ignore I/O Paths                           :  No
  Timing Early Launch at Borrowing Latches   :  false

  Corner  Analyze    Analyze    
  Name    Max Paths  Min Paths  
  ------  ---------  ---------  
  Slow    Yes        Yes        
  Fast    Yes        Yes        



check_timing report

Table of Contents
-----------------
1. checking no_clock
2. checking constant_clock
3. checking pulse_width_clock
4. checking unconstrained_internal_endpoints
5. checking no_input_delay
6. checking no_output_delay
7. checking multiple_clock
8. checking generated_clocks
9. checking loops
10. checking partial_input_delay
11. checking partial_output_delay
12. checking latch_loops

1. checking no_clock
--------------------
 There are 0 register/latch pins with no clock.


2. checking constant_clock
--------------------------
 There are 0 register/latch pins with constant_clock.


3. checking pulse_width_clock
-----------------------------
 There are 0 register/latch pins which need pulse_width check


4. checking unconstrained_internal_endpoints
--------------------------------------------
 There are 0 pins that are not constrained for maximum delay.

 There are 0 pins that are not constrained for maximum delay due to constant clock.


5. checking no_input_delay
--------------------------
 There are 18 input ports with no input delay specified. (HIGH)

 There are 0 input ports with no input delay but user has a false path constraint.


6. checking no_output_delay
---------------------------
 There are 35 ports with no output delay specified. (HIGH)

 There are 0 ports with no output delay but user has a false path constraint

 There are 0 ports with no output delay but with a timing clock defined on it or propagating through it


7. checking multiple_clock
--------------------------
 There are 0 register/latch pins with multiple clocks.


8. checking generated_clocks
----------------------------
 There are 0 generated clocks that are not connected to a clock source.


9. checking loops
-----------------
 There are 0 combinational loops in the design.


10. checking partial_input_delay
--------------------------------
 There are 0 input ports with partial input delay specified.


11. checking partial_output_delay
---------------------------------
 There are 0 ports with partial output delay specified.


12. checking latch_loops
------------------------
 There are 0 combinational latch loops in the design through latch input



------------------------------------------------------------------------------------------------
| Design Timing Summary
| ---------------------
------------------------------------------------------------------------------------------------

    WNS(ns)      TNS(ns)  TNS Failing Endpoints  TNS Total Endpoints      WHS(ns)      THS(ns)  THS Failing Endpoints  THS Total Endpoints     WPWS(ns)     TPWS(ns)  TPWS Failing Endpoints  TPWS Total Endpoints  
    -------      -------  ---------------------  -------------------      -------      -------  ---------------------  -------------------     --------     --------  ----------------------  --------------------  
      4.296        0.000                      0                   92        0.150        0.000                      0                   92        3.500        0.000                       0                    28  


All user specified timing constraints are met.


------------------------------------------------------------------------------------------------
| Clock Summary
| -------------
------------------------------------------------------------------------------------------------

Clock   Waveform(ns)         Period(ns)      Frequency(MHz)
-----   ------------         ----------      --------------
ap_clk  {0.000 4.000}        8.000           125.000         


------------------------------------------------------------------------------------------------
| Intra Clock Table
| -----------------
------------------------------------------------------------------------------------------------

Clock             WNS(ns)      TNS(ns)  TNS Failing Endpoints  TNS Total Endpoints      WHS(ns)      THS(ns)  THS Failing Endpoints  THS Total Endpoints     WPWS(ns)     TPWS(ns)  TPWS Failing Endpoints  TPWS Total Endpoints  
-----             -------      -------  ---------------------  -------------------      -------      -------  ---------------------  -------------------     --------     --------  ----------------------  --------------------  
ap_clk              4.296        0.000                      0                   92        0.150        0.000                      0                   92        3.500        0.000                       0                    28  


------------------------------------------------------------------------------------------------
| Inter Clock Table
| -----------------
------------------------------------------------------------------------------------------------

From Clock    To Clock          WNS(ns)      TNS(ns)  TNS Failing Endpoints  TNS Total Endpoints      WHS(ns)      THS(ns)  THS Failing Endpoints  THS Total Endpoints  
----------    --------          -------      -------  ---------------------  -------------------      -------      -------  ---------------------  -------------------  


------------------------------------------------------------------------------------------------
| Other Path Groups Table
| -----------------------
------------------------------------------------------------------------------------------------

Path Group    From Clock    To Clock          WNS(ns)      TNS(ns)  TNS Failing Endpoints  TNS Total Endpoints      WHS(ns)      THS(ns)  THS Failing Endpoints  THS Total Endpoints  
----------    ----------    --------          -------      -------  ---------------------  -------------------      -------      -------  ---------------------  -------------------  


------------------------------------------------------------------------------------------------
| Timing Details
| --------------
------------------------------------------------------------------------------------------------


---------------------------------------------------------------------------------------------------
From Clock:  ap_clk
  To Clock:  ap_clk

Setup :            0  Failing Endpoints,  Worst Slack        4.296ns,  Total Violation        0.000ns
Hold  :            0  Failing Endpoints,  Worst Slack        0.150ns,  Total Violation        0.000ns
PW    :            0  Failing Endpoints,  Worst Slack        3.500ns,  Total Violation        0.000ns
---------------------------------------------------------------------------------------------------


Max Delay Paths
--------------------------------------------------------------------------------------
Slack (MET) :             4.296ns  (required time - arrival time)
  Source:                 matrixmul_mac_mulbkb_U0/matrixmul_mac_mulbkb_DSP48_0_U/p/CLK
                            (rising edge-triggered cell DSP48E1 clocked by ap_clk  {rise@0.000ns fall@4.000ns period=8.000ns})
  Destination:            matrixmul_mac_mulbkb_U0/matrixmul_mac_mulbkb_DSP48_0_U/p/C[16]
                            (rising edge-triggered cell DSP48E1 clocked by ap_clk  {rise@0.000ns fall@4.000ns period=8.000ns})
  Path Group:             ap_clk
  Path Type:              Setup (Max at Slow Process Corner)
  Requirement:            8.000ns  (ap_clk rise@8.000ns - ap_clk rise@0.000ns)
  Data Path Delay:        1.943ns  (logic 0.434ns (22.336%)  route 1.509ns (77.664%))
  Logic Levels:           0  
  Clock Path Skew:        -0.025ns (DCD - SCD + CPR)
    Destination Clock Delay (DCD):    1.584ns = ( 9.584 - 8.000 ) 
    Source Clock Delay      (SCD):    1.758ns
    Clock Pessimism Removal (CPR):    0.149ns
  Clock Uncertainty:      0.035ns  ((TSJ^2 + TIJ^2)^1/2 + DJ) / 2 + PE
    Total System Jitter     (TSJ):    0.071ns
    Total Input Jitter      (TIJ):    0.000ns
    Discrete Jitter          (DJ):    0.000ns
    Phase Error              (PE):    0.000ns

    Location             Delay type                Incr(ns)  Path(ns)    Netlist Resource(s)
  -------------------------------------------------------------------    -------------------
                         (clock ap_clk rise edge)     0.000     0.000 r  
                                                      0.000     0.000 r  ap_clk (IN)
                         net (fo=27, unset)           1.758     1.758    matrixmul_mac_mulbkb_U0/matrixmul_mac_mulbkb_DSP48_0_U/ap_clk
    DSP48_X0Y20          DSP48E1                                      r  matrixmul_mac_mulbkb_U0/matrixmul_mac_mulbkb_DSP48_0_U/p/CLK
  -------------------------------------------------------------------    -------------------
    DSP48_X0Y20          DSP48E1 (Prop_dsp48e1_CLK_P[15])
                                                      0.434     2.192 r  matrixmul_mac_mulbkb_U0/matrixmul_mac_mulbkb_DSP48_0_U/p/P[15]
                         net (fo=33, routed)          1.509     3.701    matrixmul_mac_mulbkb_U0/matrixmul_mac_mulbkb_DSP48_0_U/P[15]
    DSP48_X0Y20          DSP48E1                                      r  matrixmul_mac_mulbkb_U0/matrixmul_mac_mulbkb_DSP48_0_U/p/C[16]
  -------------------------------------------------------------------    -------------------

                         (clock ap_clk rise edge)     8.000     8.000 r  
                                                      0.000     8.000 r  ap_clk (IN)
                         net (fo=27, unset)           1.584     9.584    matrixmul_mac_mulbkb_U0/matrixmul_mac_mulbkb_DSP48_0_U/ap_clk
    DSP48_X0Y20          DSP48E1                                      r  matrixmul_mac_mulbkb_U0/matrixmul_mac_mulbkb_DSP48_0_U/p/CLK
                         clock pessimism              0.149     9.733    
                         clock uncertainty           -0.035     9.697    
    DSP48_X0Y20          DSP48E1 (Setup_dsp48e1_CLK_C[16])
                                                     -1.701     7.996    matrixmul_mac_mulbkb_U0/matrixmul_mac_mulbkb_DSP48_0_U/p
  -------------------------------------------------------------------
                         required time                          7.996    
                         arrival time                          -3.701    
  -------------------------------------------------------------------
                         slack                                  4.296    





Min Delay Paths
--------------------------------------------------------------------------------------
Slack (MET) :             0.150ns  (arrival time - required time)
  Source:                 k_reg_110_reg[0]/C
                            (rising edge-triggered cell FDRE clocked by ap_clk  {rise@0.000ns fall@4.000ns period=8.000ns})
  Destination:            ap_CS_fsm_reg[4]/D
                            (rising edge-triggered cell FDRE clocked by ap_clk  {rise@0.000ns fall@4.000ns period=8.000ns})
  Path Group:             ap_clk
  Path Type:              Hold (Min at Fast Process Corner)
  Requirement:            0.000ns  (ap_clk rise@0.000ns - ap_clk rise@0.000ns)
  Data Path Delay:        0.287ns  (logic 0.186ns (64.874%)  route 0.101ns (35.126%))
  Logic Levels:           1  (LUT3=1)
  Clock Path Skew:        0.016ns (DCD - SCD - CPR)
    Destination Clock Delay (DCD):    0.850ns
    Source Clock Delay      (SCD):    0.581ns
    Clock Pessimism Removal (CPR):    0.253ns

    Location             Delay type                Incr(ns)  Path(ns)    Netlist Resource(s)
  -------------------------------------------------------------------    -------------------
                         (clock ap_clk rise edge)     0.000     0.000 r  
                                                      0.000     0.000 r  ap_clk (IN)
                         net (fo=27, unset)           0.581     0.581    ap_clk
    SLICE_X5Y50          FDRE                                         r  k_reg_110_reg[0]/C
  -------------------------------------------------------------------    -------------------
    SLICE_X5Y50          FDRE (Prop_fdre_C_Q)         0.141     0.722 f  k_reg_110_reg[0]/Q
                         net (fo=14, routed)          0.101     0.823    tmp_s_fu_195_p3[2]
    SLICE_X4Y50          LUT3 (Prop_lut3_I2_O)        0.045     0.868 r  ap_CS_fsm[4]_i_1/O
                         net (fo=1, routed)           0.000     0.868    ap_CS_fsm[4]_i_1_n_2
    SLICE_X4Y50          FDRE                                         r  ap_CS_fsm_reg[4]/D
  -------------------------------------------------------------------    -------------------

                         (clock ap_clk rise edge)     0.000     0.000 r  
                                                      0.000     0.000 r  ap_clk (IN)
                         net (fo=27, unset)           0.850     0.850    ap_clk
    SLICE_X4Y50          FDRE                                         r  ap_CS_fsm_reg[4]/C
                         clock pessimism             -0.253     0.597    
    SLICE_X4Y50          FDRE (Hold_fdre_C_D)         0.121     0.718    ap_CS_fsm_reg[4]
  -------------------------------------------------------------------
                         required time                         -0.718    
                         arrival time                           0.868    
  -------------------------------------------------------------------
                         slack                                  0.150    





Pulse Width Checks
--------------------------------------------------------------------------------------
Clock Name:         ap_clk
Waveform(ns):       { 0.000 4.000 }
Period(ns):         8.000
Sources:            { ap_clk }

Check Type        Corner  Lib Pin      Reference Pin  Required(ns)  Actual(ns)  Slack(ns)  Location     Pin
Min Period        n/a     DSP48E1/CLK  n/a            3.884         8.000       4.116      DSP48_X0Y20  matrixmul_mac_mulbkb_U0/matrixmul_mac_mulbkb_DSP48_0_U/p/CLK
Low Pulse Width   Slow    FDRE/C       n/a            0.500         4.000       3.500      SLICE_X4Y53  tmp_7_reg_249_reg[0]/C
High Pulse Width  Slow    FDSE/C       n/a            0.500         4.000       3.500      SLICE_X4Y51  ap_CS_fsm_reg[0]/C



