
*** Running vivado
    with args -log led_ip_v1_0.vds -m64 -product Vivado -mode batch -messageDb vivado.pb -notrace -source led_ip_v1_0.tcl


****** Vivado v2018.2 (64-bit)
  **** SW Build 2258646 on Thu Jun 14 20:02:38 MDT 2018
  **** IP Build 2256618 on Thu Jun 14 22:10:49 MDT 2018
    ** Copyright 1986-2018 Xilinx, Inc. All Rights Reserved.

source led_ip_v1_0.tcl -notrace
Command: synth_design -top led_ip_v1_0 -part xc7z010clg400-1
Starting synth_design
Attempting to get a license for feature 'Synthesis' and/or device 'xc7z010'
INFO: [Common 17-349] Got license for feature 'Synthesis' and/or device 'xc7z010'
INFO: Launching helper process for spawning children vivado processes
INFO: Helper process launched with PID 91615 
---------------------------------------------------------------------------------
Starting Synthesize : Time (s): cpu = 00:00:02 ; elapsed = 00:00:03 . Memory (MB): peak = 1259.941 ; gain = 79.875 ; free physical = 316 ; free virtual = 1839
---------------------------------------------------------------------------------
INFO: [Synth 8-638] synthesizing module 'led_ip_v1_0' [/home/olafur/Documents/Embedded_systems/lectures/Lab_3/custom_ip/ip_repo/led_ip_1.0/hdl/led_ip_v1_0.vhd:49]
	Parameter LED_WIDTH bound to: 8 - type: integer 
	Parameter C_S_AXI_DATA_WIDTH bound to: 32 - type: integer 
	Parameter C_S_AXI_ADDR_WIDTH bound to: 4 - type: integer 
	Parameter LED_WIDTH bound to: 8 - type: integer 
	Parameter C_S_AXI_DATA_WIDTH bound to: 32 - type: integer 
	Parameter C_S_AXI_ADDR_WIDTH bound to: 4 - type: integer 
INFO: [Synth 8-3491] module 'led_ip_v1_0_S_AXI' declared at '/home/olafur/Documents/Embedded_systems/lectures/Lab_3/custom_ip/ip_repo/led_ip_1.0/hdl/led_ip_v1_0_S_AXI.vhd:5' bound to instance 'led_ip_v1_0_S_AXI_inst' of component 'led_ip_v1_0_S_AXI' [/home/olafur/Documents/Embedded_systems/lectures/Lab_3/custom_ip/ip_repo/led_ip_1.0/hdl/led_ip_v1_0.vhd:87]
INFO: [Synth 8-638] synthesizing module 'led_ip_v1_0_S_AXI' [/home/olafur/Documents/Embedded_systems/lectures/Lab_3/custom_ip/ip_repo/led_ip_1.0/hdl/led_ip_v1_0_S_AXI.vhd:86]
	Parameter LED_WIDTH bound to: 8 - type: integer 
	Parameter C_S_AXI_DATA_WIDTH bound to: 32 - type: integer 
	Parameter C_S_AXI_ADDR_WIDTH bound to: 4 - type: integer 
INFO: [Synth 8-226] default block is never used [/home/olafur/Documents/Embedded_systems/lectures/Lab_3/custom_ip/ip_repo/led_ip_1.0/hdl/led_ip_v1_0_S_AXI.vhd:223]
INFO: [Synth 8-226] default block is never used [/home/olafur/Documents/Embedded_systems/lectures/Lab_3/custom_ip/ip_repo/led_ip_1.0/hdl/led_ip_v1_0_S_AXI.vhd:353]
WARNING: [Synth 8-6014] Unused sequential element loc_addr_reg was removed.  [/home/olafur/Documents/Embedded_systems/lectures/Lab_3/custom_ip/ip_repo/led_ip_1.0/hdl/led_ip_v1_0_S_AXI.vhd:221]
INFO: [Synth 8-256] done synthesizing module 'led_ip_v1_0_S_AXI' (1#1) [/home/olafur/Documents/Embedded_systems/lectures/Lab_3/custom_ip/ip_repo/led_ip_1.0/hdl/led_ip_v1_0_S_AXI.vhd:86]
INFO: [Synth 8-256] done synthesizing module 'led_ip_v1_0' (2#1) [/home/olafur/Documents/Embedded_systems/lectures/Lab_3/custom_ip/ip_repo/led_ip_1.0/hdl/led_ip_v1_0.vhd:49]
WARNING: [Synth 8-3331] design led_ip_v1_0_S_AXI has unconnected port S_AXI_AWPROT[2]
WARNING: [Synth 8-3331] design led_ip_v1_0_S_AXI has unconnected port S_AXI_AWPROT[1]
WARNING: [Synth 8-3331] design led_ip_v1_0_S_AXI has unconnected port S_AXI_AWPROT[0]
WARNING: [Synth 8-3331] design led_ip_v1_0_S_AXI has unconnected port S_AXI_ARPROT[2]
WARNING: [Synth 8-3331] design led_ip_v1_0_S_AXI has unconnected port S_AXI_ARPROT[1]
WARNING: [Synth 8-3331] design led_ip_v1_0_S_AXI has unconnected port S_AXI_ARPROT[0]
---------------------------------------------------------------------------------
Finished Synthesize : Time (s): cpu = 00:00:03 ; elapsed = 00:00:04 . Memory (MB): peak = 1304.566 ; gain = 124.500 ; free physical = 326 ; free virtual = 1850
---------------------------------------------------------------------------------
---------------------------------------------------------------------------------
Finished Constraint Validation : Time (s): cpu = 00:00:03 ; elapsed = 00:00:04 . Memory (MB): peak = 1304.566 ; gain = 124.500 ; free physical = 326 ; free virtual = 1849
---------------------------------------------------------------------------------
---------------------------------------------------------------------------------
Start Loading Part and Timing Information
---------------------------------------------------------------------------------
Loading part: xc7z010clg400-1
---------------------------------------------------------------------------------
Finished Loading Part and Timing Information : Time (s): cpu = 00:00:03 ; elapsed = 00:00:04 . Memory (MB): peak = 1312.570 ; gain = 132.504 ; free physical = 326 ; free virtual = 1849
---------------------------------------------------------------------------------
INFO: [Device 21-403] Loading part xc7z010clg400-1
---------------------------------------------------------------------------------
Finished RTL Optimization Phase 2 : Time (s): cpu = 00:00:03 ; elapsed = 00:00:04 . Memory (MB): peak = 1320.578 ; gain = 140.512 ; free physical = 318 ; free virtual = 1842
---------------------------------------------------------------------------------

Report RTL Partitions: 
+-+--------------+------------+----------+
| |RTL Partition |Replication |Instances |
+-+--------------+------------+----------+
+-+--------------+------------+----------+
No constraint files found.
---------------------------------------------------------------------------------
Start RTL Component Statistics 
---------------------------------------------------------------------------------
Detailed RTL Component Info : 
+---Registers : 
	               32 Bit    Registers := 5     
	                4 Bit    Registers := 2     
	                2 Bit    Registers := 2     
	                1 Bit    Registers := 6     
+---Muxes : 
	   2 Input     32 Bit        Muxes := 4     
	   4 Input     32 Bit        Muxes := 5     
	   2 Input      1 Bit        Muxes := 5     
---------------------------------------------------------------------------------
Finished RTL Component Statistics 
---------------------------------------------------------------------------------
---------------------------------------------------------------------------------
Start RTL Hierarchical Component Statistics 
---------------------------------------------------------------------------------
Hierarchical RTL Component report 
Module led_ip_v1_0_S_AXI 
Detailed RTL Component Info : 
+---Registers : 
	               32 Bit    Registers := 5     
	                4 Bit    Registers := 2     
	                2 Bit    Registers := 2     
	                1 Bit    Registers := 6     
+---Muxes : 
	   2 Input     32 Bit        Muxes := 4     
	   4 Input     32 Bit        Muxes := 5     
	   2 Input      1 Bit        Muxes := 5     
---------------------------------------------------------------------------------
Finished RTL Hierarchical Component Statistics
---------------------------------------------------------------------------------
---------------------------------------------------------------------------------
Start Part Resource Summary
---------------------------------------------------------------------------------
Part Resources:
DSPs: 80 (col length:40)
BRAMs: 120 (col length: RAMB18 40 RAMB36 20)
---------------------------------------------------------------------------------
Finished Part Resource Summary
---------------------------------------------------------------------------------
No constraint files found.
---------------------------------------------------------------------------------
Start Cross Boundary and Area Optimization
---------------------------------------------------------------------------------
Warning: Parallel synthesis criteria is not met 
WARNING: [Synth 8-3331] design led_ip_v1_0 has unconnected port s_axi_awprot[2]
WARNING: [Synth 8-3331] design led_ip_v1_0 has unconnected port s_axi_awprot[1]
WARNING: [Synth 8-3331] design led_ip_v1_0 has unconnected port s_axi_awprot[0]
WARNING: [Synth 8-3331] design led_ip_v1_0 has unconnected port s_axi_arprot[2]
WARNING: [Synth 8-3331] design led_ip_v1_0 has unconnected port s_axi_arprot[1]
WARNING: [Synth 8-3331] design led_ip_v1_0 has unconnected port s_axi_arprot[0]
INFO: [Synth 8-3333] propagating constant 1 across sequential element (\led_ip_v1_0_S_AXI_inst/aw_en_reg )
INFO: [Synth 8-3886] merging instance 'led_ip_v1_0_S_AXI_inst/axi_rresp_reg[0]' (FDRE) to 'led_ip_v1_0_S_AXI_inst/axi_rresp_reg[1]'
INFO: [Synth 8-3333] propagating constant 0 across sequential element (\led_ip_v1_0_S_AXI_inst/axi_rresp_reg[1] )
INFO: [Synth 8-3886] merging instance 'led_ip_v1_0_S_AXI_inst/axi_bresp_reg[0]' (FDRE) to 'led_ip_v1_0_S_AXI_inst/axi_bresp_reg[1]'
INFO: [Synth 8-3333] propagating constant 0 across sequential element (\led_ip_v1_0_S_AXI_inst/axi_bresp_reg[1] )
WARNING: [Synth 8-3332] Sequential element (led_ip_v1_0_S_AXI_inst/aw_en_reg) is unused and will be removed from module led_ip_v1_0.
WARNING: [Synth 8-3332] Sequential element (led_ip_v1_0_S_AXI_inst/axi_awaddr_reg[1]) is unused and will be removed from module led_ip_v1_0.
WARNING: [Synth 8-3332] Sequential element (led_ip_v1_0_S_AXI_inst/axi_awaddr_reg[0]) is unused and will be removed from module led_ip_v1_0.
WARNING: [Synth 8-3332] Sequential element (led_ip_v1_0_S_AXI_inst/axi_bresp_reg[1]) is unused and will be removed from module led_ip_v1_0.
WARNING: [Synth 8-3332] Sequential element (led_ip_v1_0_S_AXI_inst/axi_araddr_reg[1]) is unused and will be removed from module led_ip_v1_0.
WARNING: [Synth 8-3332] Sequential element (led_ip_v1_0_S_AXI_inst/axi_araddr_reg[0]) is unused and will be removed from module led_ip_v1_0.
WARNING: [Synth 8-3332] Sequential element (led_ip_v1_0_S_AXI_inst/axi_rresp_reg[1]) is unused and will be removed from module led_ip_v1_0.
---------------------------------------------------------------------------------
Finished Cross Boundary and Area Optimization : Time (s): cpu = 00:00:10 ; elapsed = 00:00:28 . Memory (MB): peak = 1438.188 ; gain = 258.121 ; free physical = 167 ; free virtual = 1692
---------------------------------------------------------------------------------

Report RTL Partitions: 
+-+--------------+------------+----------+
| |RTL Partition |Replication |Instances |
+-+--------------+------------+----------+
+-+--------------+------------+----------+
No constraint files found.
---------------------------------------------------------------------------------
Start Timing Optimization
---------------------------------------------------------------------------------
---------------------------------------------------------------------------------
Finished Timing Optimization : Time (s): cpu = 00:00:10 ; elapsed = 00:00:29 . Memory (MB): peak = 1438.188 ; gain = 258.121 ; free physical = 167 ; free virtual = 1692
---------------------------------------------------------------------------------

Report RTL Partitions: 
+-+--------------+------------+----------+
| |RTL Partition |Replication |Instances |
+-+--------------+------------+----------+
+-+--------------+------------+----------+
---------------------------------------------------------------------------------
Start Technology Mapping
---------------------------------------------------------------------------------
---------------------------------------------------------------------------------
Finished Technology Mapping : Time (s): cpu = 00:00:10 ; elapsed = 00:00:29 . Memory (MB): peak = 1438.188 ; gain = 258.121 ; free physical = 166 ; free virtual = 1691
---------------------------------------------------------------------------------

Report RTL Partitions: 
+-+--------------+------------+----------+
| |RTL Partition |Replication |Instances |
+-+--------------+------------+----------+
+-+--------------+------------+----------+
---------------------------------------------------------------------------------
Start IO Insertion
---------------------------------------------------------------------------------
---------------------------------------------------------------------------------
Start Flattening Before IO Insertion
---------------------------------------------------------------------------------
---------------------------------------------------------------------------------
Finished Flattening Before IO Insertion
---------------------------------------------------------------------------------
---------------------------------------------------------------------------------
Start Final Netlist Cleanup
---------------------------------------------------------------------------------
---------------------------------------------------------------------------------
Finished Final Netlist Cleanup
---------------------------------------------------------------------------------
---------------------------------------------------------------------------------
Finished IO Insertion : Time (s): cpu = 00:00:11 ; elapsed = 00:00:29 . Memory (MB): peak = 1438.188 ; gain = 258.121 ; free physical = 166 ; free virtual = 1691
---------------------------------------------------------------------------------

Report Check Netlist: 
+------+------------------+-------+---------+-------+------------------+
|      |Item              |Errors |Warnings |Status |Description       |
+------+------------------+-------+---------+-------+------------------+
|1     |multi_driven_nets |      0|        0|Passed |Multi driven nets |
+------+------------------+-------+---------+-------+------------------+
---------------------------------------------------------------------------------
Start Renaming Generated Instances
---------------------------------------------------------------------------------
---------------------------------------------------------------------------------
Finished Renaming Generated Instances : Time (s): cpu = 00:00:11 ; elapsed = 00:00:29 . Memory (MB): peak = 1438.188 ; gain = 258.121 ; free physical = 166 ; free virtual = 1691
---------------------------------------------------------------------------------

Report RTL Partitions: 
+-+--------------+------------+----------+
| |RTL Partition |Replication |Instances |
+-+--------------+------------+----------+
+-+--------------+------------+----------+
---------------------------------------------------------------------------------
Start Rebuilding User Hierarchy
---------------------------------------------------------------------------------
---------------------------------------------------------------------------------
Finished Rebuilding User Hierarchy : Time (s): cpu = 00:00:11 ; elapsed = 00:00:29 . Memory (MB): peak = 1438.188 ; gain = 258.121 ; free physical = 166 ; free virtual = 1691
---------------------------------------------------------------------------------
---------------------------------------------------------------------------------
Start Renaming Generated Ports
---------------------------------------------------------------------------------
---------------------------------------------------------------------------------
Finished Renaming Generated Ports : Time (s): cpu = 00:00:11 ; elapsed = 00:00:29 . Memory (MB): peak = 1438.188 ; gain = 258.121 ; free physical = 166 ; free virtual = 1691
---------------------------------------------------------------------------------
---------------------------------------------------------------------------------
Start Handling Custom Attributes
---------------------------------------------------------------------------------
---------------------------------------------------------------------------------
Finished Handling Custom Attributes : Time (s): cpu = 00:00:11 ; elapsed = 00:00:29 . Memory (MB): peak = 1438.188 ; gain = 258.121 ; free physical = 166 ; free virtual = 1691
---------------------------------------------------------------------------------
---------------------------------------------------------------------------------
Start Renaming Generated Nets
---------------------------------------------------------------------------------
---------------------------------------------------------------------------------
Finished Renaming Generated Nets : Time (s): cpu = 00:00:11 ; elapsed = 00:00:29 . Memory (MB): peak = 1438.188 ; gain = 258.121 ; free physical = 166 ; free virtual = 1691
---------------------------------------------------------------------------------
---------------------------------------------------------------------------------
Start Writing Synthesis Report
---------------------------------------------------------------------------------

Report BlackBoxes: 
+-+--------------+----------+
| |BlackBox name |Instances |
+-+--------------+----------+
+-+--------------+----------+

Report Cell Usage: 
+------+-----+------+
|      |Cell |Count |
+------+-----+------+
|1     |BUFG |     1|
|2     |LUT1 |     1|
|3     |LUT2 |     1|
|4     |LUT3 |     3|
|5     |LUT4 |    18|
|6     |LUT6 |    33|
|7     |FDRE |   167|
|8     |FDSE |     2|
|9     |IBUF |    47|
|10    |OBUF |    49|
+------+-----+------+

Report Instance Areas: 
+------+-------------------------+------------------+------+
|      |Instance                 |Module            |Cells |
+------+-------------------------+------------------+------+
|1     |top                      |                  |   322|
|2     |  led_ip_v1_0_S_AXI_inst |led_ip_v1_0_S_AXI |   225|
+------+-------------------------+------------------+------+
---------------------------------------------------------------------------------
Finished Writing Synthesis Report : Time (s): cpu = 00:00:11 ; elapsed = 00:00:29 . Memory (MB): peak = 1438.188 ; gain = 258.121 ; free physical = 166 ; free virtual = 1691
---------------------------------------------------------------------------------
Synthesis finished with 0 errors, 0 critical warnings and 20 warnings.
Synthesis Optimization Runtime : Time (s): cpu = 00:00:11 ; elapsed = 00:00:29 . Memory (MB): peak = 1438.188 ; gain = 258.121 ; free physical = 167 ; free virtual = 1692
Synthesis Optimization Complete : Time (s): cpu = 00:00:11 ; elapsed = 00:00:29 . Memory (MB): peak = 1438.195 ; gain = 258.121 ; free physical = 167 ; free virtual = 1692
INFO: [Project 1-571] Translating synthesized netlist
INFO: [Netlist 29-17] Analyzing 47 Unisim elements for replacement
INFO: [Netlist 29-28] Unisim Transformation completed in 0 CPU seconds
INFO: [Project 1-570] Preparing netlist for logic optimization
INFO: [Opt 31-138] Pushed 0 inverter(s) to 0 load pin(s).
INFO: [Project 1-111] Unisim Transformation Summary:
No Unisim elements were transformed.

INFO: [Common 17-83] Releasing license: Synthesis
21 Infos, 20 Warnings, 0 Critical Warnings and 0 Errors encountered.
synth_design completed successfully
synth_design: Time (s): cpu = 00:00:14 ; elapsed = 00:00:32 . Memory (MB): peak = 1540.199 ; gain = 360.258 ; free physical = 180 ; free virtual = 1662
WARNING: [Constraints 18-5210] No constraint will be written out.
INFO: [Common 17-1381] The checkpoint '/home/olafur/Documents/Embedded_systems/lectures/Lab_4/Lab_4.tmp/led_ip_v1_0_project/led_ip_v1_0_project.runs/synth_1/led_ip_v1_0.dcp' has been generated.
INFO: [runtcl-4] Executing : report_utilization -file led_ip_v1_0_utilization_synth.rpt -pb led_ip_v1_0_utilization_synth.pb
report_utilization: Time (s): cpu = 00:00:00.07 ; elapsed = 00:00:00.13 . Memory (MB): peak = 1564.211 ; gain = 0.000 ; free physical = 180 ; free virtual = 1663
INFO: [Common 17-206] Exiting Vivado at Sun Sep 16 16:22:09 2018...
