
*** Running vivado
    with args -log system_led_ip_0_0.vds -m64 -product Vivado -mode batch -messageDb vivado.pb -notrace -source system_led_ip_0_0.tcl


****** Vivado v2018.2 (64-bit)
  **** SW Build 2258646 on Thu Jun 14 20:02:38 MDT 2018
  **** IP Build 2256618 on Thu Jun 14 22:10:49 MDT 2018
    ** Copyright 1986-2018 Xilinx, Inc. All Rights Reserved.

source system_led_ip_0_0.tcl -notrace
Command: synth_design -top system_led_ip_0_0 -part xc7z010clg400-1 -mode out_of_context
Starting synth_design
Attempting to get a license for feature 'Synthesis' and/or device 'xc7z010'
INFO: [Common 17-349] Got license for feature 'Synthesis' and/or device 'xc7z010'
INFO: Launching helper process for spawning children vivado processes
INFO: Helper process launched with PID 82035 
---------------------------------------------------------------------------------
Starting RTL Elaboration : Time (s): cpu = 00:00:02 ; elapsed = 00:00:03 . Memory (MB): peak = 1287.387 ; gain = 80.875 ; free physical = 690 ; free virtual = 1895
---------------------------------------------------------------------------------
INFO: [Synth 8-638] synthesizing module 'system_led_ip_0_0' [/home/olafur/Documents/Embedded_systems/lectures/Lab_4/Lab_4.srcs/sources_1/bd/system/ip/system_led_ip_0_0/synth/system_led_ip_0_0.vhd:83]
	Parameter C_S_AXI_DATA_WIDTH bound to: 32 - type: integer 
	Parameter C_S_AXI_ADDR_WIDTH bound to: 4 - type: integer 
	Parameter LED_WIDTH bound to: 4 - type: integer 
INFO: [Synth 8-3491] module 'led_ip_v1_0' declared at '/home/olafur/Documents/Embedded_systems/lectures/Lab_4/Lab_4.srcs/sources_1/bd/system/ipshared/eea9/hdl/led_ip_v1_0.vhd:5' bound to instance 'U0' of component 'led_ip_v1_0' [/home/olafur/Documents/Embedded_systems/lectures/Lab_4/Lab_4.srcs/sources_1/bd/system/ip/system_led_ip_0_0/synth/system_led_ip_0_0.vhd:149]
INFO: [Synth 8-638] synthesizing module 'led_ip_v1_0' [/home/olafur/Documents/Embedded_systems/lectures/Lab_4/Lab_4.srcs/sources_1/bd/system/ipshared/eea9/hdl/led_ip_v1_0.vhd:49]
	Parameter LED_WIDTH bound to: 4 - type: integer 
	Parameter C_S_AXI_DATA_WIDTH bound to: 32 - type: integer 
	Parameter C_S_AXI_ADDR_WIDTH bound to: 4 - type: integer 
	Parameter LED_WIDTH bound to: 4 - type: integer 
	Parameter C_S_AXI_DATA_WIDTH bound to: 32 - type: integer 
	Parameter C_S_AXI_ADDR_WIDTH bound to: 4 - type: integer 
INFO: [Synth 8-3491] module 'led_ip_v1_0_S_AXI' declared at '/home/olafur/Documents/Embedded_systems/lectures/Lab_4/Lab_4.srcs/sources_1/bd/system/ipshared/eea9/hdl/led_ip_v1_0_S_AXI.vhd:5' bound to instance 'led_ip_v1_0_S_AXI_inst' of component 'led_ip_v1_0_S_AXI' [/home/olafur/Documents/Embedded_systems/lectures/Lab_4/Lab_4.srcs/sources_1/bd/system/ipshared/eea9/hdl/led_ip_v1_0.vhd:87]
INFO: [Synth 8-638] synthesizing module 'led_ip_v1_0_S_AXI' [/home/olafur/Documents/Embedded_systems/lectures/Lab_4/Lab_4.srcs/sources_1/bd/system/ipshared/eea9/hdl/led_ip_v1_0_S_AXI.vhd:86]
	Parameter LED_WIDTH bound to: 4 - type: integer 
	Parameter C_S_AXI_DATA_WIDTH bound to: 32 - type: integer 
	Parameter C_S_AXI_ADDR_WIDTH bound to: 4 - type: integer 
INFO: [Synth 8-226] default block is never used [/home/olafur/Documents/Embedded_systems/lectures/Lab_4/Lab_4.srcs/sources_1/bd/system/ipshared/eea9/hdl/led_ip_v1_0_S_AXI.vhd:223]
INFO: [Synth 8-226] default block is never used [/home/olafur/Documents/Embedded_systems/lectures/Lab_4/Lab_4.srcs/sources_1/bd/system/ipshared/eea9/hdl/led_ip_v1_0_S_AXI.vhd:353]
WARNING: [Synth 8-6014] Unused sequential element loc_addr_reg was removed.  [/home/olafur/Documents/Embedded_systems/lectures/Lab_4/Lab_4.srcs/sources_1/bd/system/ipshared/eea9/hdl/led_ip_v1_0_S_AXI.vhd:221]
INFO: [Synth 8-256] done synthesizing module 'led_ip_v1_0_S_AXI' (1#1) [/home/olafur/Documents/Embedded_systems/lectures/Lab_4/Lab_4.srcs/sources_1/bd/system/ipshared/eea9/hdl/led_ip_v1_0_S_AXI.vhd:86]
INFO: [Synth 8-256] done synthesizing module 'led_ip_v1_0' (2#1) [/home/olafur/Documents/Embedded_systems/lectures/Lab_4/Lab_4.srcs/sources_1/bd/system/ipshared/eea9/hdl/led_ip_v1_0.vhd:49]
INFO: [Synth 8-256] done synthesizing module 'system_led_ip_0_0' (3#1) [/home/olafur/Documents/Embedded_systems/lectures/Lab_4/Lab_4.srcs/sources_1/bd/system/ip/system_led_ip_0_0/synth/system_led_ip_0_0.vhd:83]
WARNING: [Synth 8-3331] design led_ip_v1_0_S_AXI has unconnected port S_AXI_AWPROT[2]
WARNING: [Synth 8-3331] design led_ip_v1_0_S_AXI has unconnected port S_AXI_AWPROT[1]
WARNING: [Synth 8-3331] design led_ip_v1_0_S_AXI has unconnected port S_AXI_AWPROT[0]
WARNING: [Synth 8-3331] design led_ip_v1_0_S_AXI has unconnected port S_AXI_ARPROT[2]
WARNING: [Synth 8-3331] design led_ip_v1_0_S_AXI has unconnected port S_AXI_ARPROT[1]
WARNING: [Synth 8-3331] design led_ip_v1_0_S_AXI has unconnected port S_AXI_ARPROT[0]
---------------------------------------------------------------------------------
Finished RTL Elaboration : Time (s): cpu = 00:00:03 ; elapsed = 00:00:04 . Memory (MB): peak = 1332.012 ; gain = 125.500 ; free physical = 707 ; free virtual = 1912
---------------------------------------------------------------------------------

Report Check Netlist: 
+------+------------------+-------+---------+-------+------------------+
|      |Item              |Errors |Warnings |Status |Description       |
+------+------------------+-------+---------+-------+------------------+
|1     |multi_driven_nets |      0|        0|Passed |Multi driven nets |
+------+------------------+-------+---------+-------+------------------+
---------------------------------------------------------------------------------
Start Handling Custom Attributes
---------------------------------------------------------------------------------
---------------------------------------------------------------------------------
Finished Handling Custom Attributes : Time (s): cpu = 00:00:03 ; elapsed = 00:00:04 . Memory (MB): peak = 1332.012 ; gain = 125.500 ; free physical = 706 ; free virtual = 1911
---------------------------------------------------------------------------------
---------------------------------------------------------------------------------
Finished RTL Optimization Phase 1 : Time (s): cpu = 00:00:03 ; elapsed = 00:00:04 . Memory (MB): peak = 1332.012 ; gain = 125.500 ; free physical = 706 ; free virtual = 1911
---------------------------------------------------------------------------------
INFO: [Device 21-403] Loading part xc7z010clg400-1
INFO: [Project 1-570] Preparing netlist for logic optimization

Processing XDC Constraints
Initializing timing engine
Completed Processing XDC Constraints

INFO: [Project 1-111] Unisim Transformation Summary:
No Unisim elements were transformed.

WARNING: [Constraints 18-5210] No constraint will be written out.
Constraint Validation Runtime : Time (s): cpu = 00:00:00.09 ; elapsed = 00:00:00.13 . Memory (MB): peak = 1644.637 ; gain = 2.000 ; free physical = 465 ; free virtual = 1670
---------------------------------------------------------------------------------
Finished Constraint Validation : Time (s): cpu = 00:00:14 ; elapsed = 00:00:32 . Memory (MB): peak = 1644.637 ; gain = 438.125 ; free physical = 534 ; free virtual = 1739
---------------------------------------------------------------------------------
---------------------------------------------------------------------------------
Start Loading Part and Timing Information
---------------------------------------------------------------------------------
Loading part: xc7z010clg400-1
---------------------------------------------------------------------------------
Finished Loading Part and Timing Information : Time (s): cpu = 00:00:14 ; elapsed = 00:00:32 . Memory (MB): peak = 1644.637 ; gain = 438.125 ; free physical = 534 ; free virtual = 1739
---------------------------------------------------------------------------------
---------------------------------------------------------------------------------
Start Applying 'set_property' XDC Constraints
---------------------------------------------------------------------------------
---------------------------------------------------------------------------------
Finished applying 'set_property' XDC Constraints : Time (s): cpu = 00:00:14 ; elapsed = 00:00:32 . Memory (MB): peak = 1644.637 ; gain = 438.125 ; free physical = 534 ; free virtual = 1739
---------------------------------------------------------------------------------
---------------------------------------------------------------------------------
Finished RTL Optimization Phase 2 : Time (s): cpu = 00:00:14 ; elapsed = 00:00:32 . Memory (MB): peak = 1644.637 ; gain = 438.125 ; free physical = 526 ; free virtual = 1732
---------------------------------------------------------------------------------

Report RTL Partitions: 
+-+--------------+------------+----------+
| |RTL Partition |Replication |Instances |
+-+--------------+------------+----------+
+-+--------------+------------+----------+
---------------------------------------------------------------------------------
Start RTL Component Statistics 
---------------------------------------------------------------------------------
Detailed RTL Component Info : 
+---Registers : 
	               32 Bit    Registers := 5     
	                4 Bit    Registers := 2     
	                2 Bit    Registers := 2     
	                1 Bit    Registers := 6     
+---Muxes : 
	   2 Input     32 Bit        Muxes := 4     
	   4 Input     32 Bit        Muxes := 5     
	   2 Input      1 Bit        Muxes := 5     
---------------------------------------------------------------------------------
Finished RTL Component Statistics 
---------------------------------------------------------------------------------
---------------------------------------------------------------------------------
Start RTL Hierarchical Component Statistics 
---------------------------------------------------------------------------------
Hierarchical RTL Component report 
Module led_ip_v1_0_S_AXI 
Detailed RTL Component Info : 
+---Registers : 
	               32 Bit    Registers := 5     
	                4 Bit    Registers := 2     
	                2 Bit    Registers := 2     
	                1 Bit    Registers := 6     
+---Muxes : 
	   2 Input     32 Bit        Muxes := 4     
	   4 Input     32 Bit        Muxes := 5     
	   2 Input      1 Bit        Muxes := 5     
---------------------------------------------------------------------------------
Finished RTL Hierarchical Component Statistics
---------------------------------------------------------------------------------
---------------------------------------------------------------------------------
Start Part Resource Summary
---------------------------------------------------------------------------------
Part Resources:
DSPs: 80 (col length:40)
BRAMs: 120 (col length: RAMB18 40 RAMB36 20)
---------------------------------------------------------------------------------
Finished Part Resource Summary
---------------------------------------------------------------------------------
---------------------------------------------------------------------------------
Start Cross Boundary and Area Optimization
---------------------------------------------------------------------------------
Warning: Parallel synthesis criteria is not met 
WARNING: [Synth 8-3331] design system_led_ip_0_0 has unconnected port s_axi_awprot[2]
WARNING: [Synth 8-3331] design system_led_ip_0_0 has unconnected port s_axi_awprot[1]
WARNING: [Synth 8-3331] design system_led_ip_0_0 has unconnected port s_axi_awprot[0]
WARNING: [Synth 8-3331] design system_led_ip_0_0 has unconnected port s_axi_arprot[2]
WARNING: [Synth 8-3331] design system_led_ip_0_0 has unconnected port s_axi_arprot[1]
WARNING: [Synth 8-3331] design system_led_ip_0_0 has unconnected port s_axi_arprot[0]
INFO: [Synth 8-3333] propagating constant 1 across sequential element (\U0/led_ip_v1_0_S_AXI_inst/aw_en_reg )
INFO: [Synth 8-3886] merging instance 'U0/led_ip_v1_0_S_AXI_inst/axi_rresp_reg[0]' (FDRE) to 'U0/led_ip_v1_0_S_AXI_inst/axi_rresp_reg[1]'
INFO: [Synth 8-3333] propagating constant 0 across sequential element (\U0/led_ip_v1_0_S_AXI_inst/axi_rresp_reg[1] )
INFO: [Synth 8-3886] merging instance 'U0/led_ip_v1_0_S_AXI_inst/axi_bresp_reg[0]' (FDRE) to 'U0/led_ip_v1_0_S_AXI_inst/axi_bresp_reg[1]'
INFO: [Synth 8-3333] propagating constant 0 across sequential element (\U0/led_ip_v1_0_S_AXI_inst/axi_bresp_reg[1] )
INFO: [Synth 8-3332] Sequential element (U0/led_ip_v1_0_S_AXI_inst/aw_en_reg) is unused and will be removed from module system_led_ip_0_0.
INFO: [Synth 8-3332] Sequential element (U0/led_ip_v1_0_S_AXI_inst/axi_awaddr_reg[1]) is unused and will be removed from module system_led_ip_0_0.
INFO: [Synth 8-3332] Sequential element (U0/led_ip_v1_0_S_AXI_inst/axi_awaddr_reg[0]) is unused and will be removed from module system_led_ip_0_0.
INFO: [Synth 8-3332] Sequential element (U0/led_ip_v1_0_S_AXI_inst/axi_bresp_reg[1]) is unused and will be removed from module system_led_ip_0_0.
INFO: [Synth 8-3332] Sequential element (U0/led_ip_v1_0_S_AXI_inst/axi_araddr_reg[1]) is unused and will be removed from module system_led_ip_0_0.
INFO: [Synth 8-3332] Sequential element (U0/led_ip_v1_0_S_AXI_inst/axi_araddr_reg[0]) is unused and will be removed from module system_led_ip_0_0.
INFO: [Synth 8-3332] Sequential element (U0/led_ip_v1_0_S_AXI_inst/axi_rresp_reg[1]) is unused and will be removed from module system_led_ip_0_0.
---------------------------------------------------------------------------------
Finished Cross Boundary and Area Optimization : Time (s): cpu = 00:00:14 ; elapsed = 00:00:32 . Memory (MB): peak = 1644.637 ; gain = 438.125 ; free physical = 516 ; free virtual = 1723
---------------------------------------------------------------------------------

Report RTL Partitions: 
+-+--------------+------------+----------+
| |RTL Partition |Replication |Instances |
+-+--------------+------------+----------+
+-+--------------+------------+----------+
---------------------------------------------------------------------------------
Start Applying XDC Timing Constraints
---------------------------------------------------------------------------------
---------------------------------------------------------------------------------
Finished Applying XDC Timing Constraints : Time (s): cpu = 00:00:21 ; elapsed = 00:00:42 . Memory (MB): peak = 1644.637 ; gain = 438.125 ; free physical = 386 ; free virtual = 1593
---------------------------------------------------------------------------------
---------------------------------------------------------------------------------
Start Timing Optimization
---------------------------------------------------------------------------------
---------------------------------------------------------------------------------
Finished Timing Optimization : Time (s): cpu = 00:00:21 ; elapsed = 00:00:42 . Memory (MB): peak = 1644.637 ; gain = 438.125 ; free physical = 386 ; free virtual = 1593
---------------------------------------------------------------------------------

Report RTL Partitions: 
+-+--------------+------------+----------+
| |RTL Partition |Replication |Instances |
+-+--------------+------------+----------+
+-+--------------+------------+----------+
---------------------------------------------------------------------------------
Start Technology Mapping
---------------------------------------------------------------------------------
---------------------------------------------------------------------------------
Finished Technology Mapping : Time (s): cpu = 00:00:21 ; elapsed = 00:00:42 . Memory (MB): peak = 1644.637 ; gain = 438.125 ; free physical = 384 ; free virtual = 1591
---------------------------------------------------------------------------------

Report RTL Partitions: 
+-+--------------+------------+----------+
| |RTL Partition |Replication |Instances |
+-+--------------+------------+----------+
+-+--------------+------------+----------+
---------------------------------------------------------------------------------
Start IO Insertion
---------------------------------------------------------------------------------
---------------------------------------------------------------------------------
Start Flattening Before IO Insertion
---------------------------------------------------------------------------------
---------------------------------------------------------------------------------
Finished Flattening Before IO Insertion
---------------------------------------------------------------------------------
---------------------------------------------------------------------------------
Start Final Netlist Cleanup
---------------------------------------------------------------------------------
---------------------------------------------------------------------------------
Finished Final Netlist Cleanup
---------------------------------------------------------------------------------
---------------------------------------------------------------------------------
Finished IO Insertion : Time (s): cpu = 00:00:22 ; elapsed = 00:00:43 . Memory (MB): peak = 1644.637 ; gain = 438.125 ; free physical = 385 ; free virtual = 1592
---------------------------------------------------------------------------------

Report Check Netlist: 
+------+------------------+-------+---------+-------+------------------+
|      |Item              |Errors |Warnings |Status |Description       |
+------+------------------+-------+---------+-------+------------------+
|1     |multi_driven_nets |      0|        0|Passed |Multi driven nets |
+------+------------------+-------+---------+-------+------------------+
---------------------------------------------------------------------------------
Start Renaming Generated Instances
---------------------------------------------------------------------------------
---------------------------------------------------------------------------------
Finished Renaming Generated Instances : Time (s): cpu = 00:00:22 ; elapsed = 00:00:43 . Memory (MB): peak = 1644.637 ; gain = 438.125 ; free physical = 385 ; free virtual = 1592
---------------------------------------------------------------------------------

Report RTL Partitions: 
+-+--------------+------------+----------+
| |RTL Partition |Replication |Instances |
+-+--------------+------------+----------+
+-+--------------+------------+----------+
---------------------------------------------------------------------------------
Start Rebuilding User Hierarchy
---------------------------------------------------------------------------------
---------------------------------------------------------------------------------
Finished Rebuilding User Hierarchy : Time (s): cpu = 00:00:22 ; elapsed = 00:00:43 . Memory (MB): peak = 1644.637 ; gain = 438.125 ; free physical = 385 ; free virtual = 1592
---------------------------------------------------------------------------------
---------------------------------------------------------------------------------
Start Renaming Generated Ports
---------------------------------------------------------------------------------
---------------------------------------------------------------------------------
Finished Renaming Generated Ports : Time (s): cpu = 00:00:22 ; elapsed = 00:00:43 . Memory (MB): peak = 1644.637 ; gain = 438.125 ; free physical = 385 ; free virtual = 1592
---------------------------------------------------------------------------------
---------------------------------------------------------------------------------
Start Handling Custom Attributes
---------------------------------------------------------------------------------
---------------------------------------------------------------------------------
Finished Handling Custom Attributes : Time (s): cpu = 00:00:22 ; elapsed = 00:00:43 . Memory (MB): peak = 1644.637 ; gain = 438.125 ; free physical = 385 ; free virtual = 1592
---------------------------------------------------------------------------------
---------------------------------------------------------------------------------
Start Renaming Generated Nets
---------------------------------------------------------------------------------
---------------------------------------------------------------------------------
Finished Renaming Generated Nets : Time (s): cpu = 00:00:22 ; elapsed = 00:00:43 . Memory (MB): peak = 1644.637 ; gain = 438.125 ; free physical = 385 ; free virtual = 1592
---------------------------------------------------------------------------------
---------------------------------------------------------------------------------
Start Writing Synthesis Report
---------------------------------------------------------------------------------

Report BlackBoxes: 
+-+--------------+----------+
| |BlackBox name |Instances |
+-+--------------+----------+
+-+--------------+----------+

Report Cell Usage: 
+------+-----+------+
|      |Cell |Count |
+------+-----+------+
|1     |LUT1 |     1|
|2     |LUT2 |     1|
|3     |LUT3 |     3|
|4     |LUT4 |    20|
|5     |LUT5 |     2|
|6     |LUT6 |    33|
|7     |FDRE |   167|
|8     |FDSE |     2|
+------+-----+------+

Report Instance Areas: 
+------+---------------------------+------------------+------+
|      |Instance                   |Module            |Cells |
+------+---------------------------+------------------+------+
|1     |top                        |                  |   229|
|2     |  U0                       |led_ip_v1_0       |   229|
|3     |    led_ip_v1_0_S_AXI_inst |led_ip_v1_0_S_AXI |   229|
+------+---------------------------+------------------+------+
---------------------------------------------------------------------------------
Finished Writing Synthesis Report : Time (s): cpu = 00:00:22 ; elapsed = 00:00:43 . Memory (MB): peak = 1644.637 ; gain = 438.125 ; free physical = 385 ; free virtual = 1592
---------------------------------------------------------------------------------
Synthesis finished with 0 errors, 0 critical warnings and 6 warnings.
Synthesis Optimization Runtime : Time (s): cpu = 00:00:13 ; elapsed = 00:00:18 . Memory (MB): peak = 1644.637 ; gain = 125.500 ; free physical = 443 ; free virtual = 1650
Synthesis Optimization Complete : Time (s): cpu = 00:00:22 ; elapsed = 00:00:43 . Memory (MB): peak = 1644.645 ; gain = 438.125 ; free physical = 443 ; free virtual = 1650
INFO: [Project 1-571] Translating synthesized netlist
INFO: [Project 1-570] Preparing netlist for logic optimization
INFO: [Opt 31-138] Pushed 0 inverter(s) to 0 load pin(s).
INFO: [Project 1-111] Unisim Transformation Summary:
No Unisim elements were transformed.

INFO: [Common 17-83] Releasing license: Synthesis
31 Infos, 14 Warnings, 0 Critical Warnings and 0 Errors encountered.
synth_design completed successfully
synth_design: Time (s): cpu = 00:00:23 ; elapsed = 00:00:44 . Memory (MB): peak = 1644.645 ; gain = 449.711 ; free physical = 435 ; free virtual = 1642
WARNING: [Constraints 18-5210] No constraint will be written out.
INFO: [Common 17-1381] The checkpoint '/home/olafur/Documents/Embedded_systems/lectures/Lab_4/Lab_4.runs/system_led_ip_0_0_synth_1/system_led_ip_0_0.dcp' has been generated.
INFO: [Coretcl 2-1482] Added synthesis output to IP cache for IP /home/olafur/Documents/Embedded_systems/lectures/Lab_4/Lab_4.srcs/sources_1/bd/system/ip/system_led_ip_0_0/system_led_ip_0_0.xci
INFO: [Coretcl 2-1174] Renamed 2 cell refs.
WARNING: [Constraints 18-5210] No constraint will be written out.
INFO: [Common 17-1381] The checkpoint '/home/olafur/Documents/Embedded_systems/lectures/Lab_4/Lab_4.runs/system_led_ip_0_0_synth_1/system_led_ip_0_0.dcp' has been generated.
INFO: [runtcl-4] Executing : report_utilization -file system_led_ip_0_0_utilization_synth.rpt -pb system_led_ip_0_0_utilization_synth.pb
report_utilization: Time (s): cpu = 00:00:00.08 ; elapsed = 00:00:00.10 . Memory (MB): peak = 1668.648 ; gain = 0.000 ; free physical = 435 ; free virtual = 1643
INFO: [Common 17-206] Exiting Vivado at Sat Sep 15 20:56:02 2018...
