#-----------------------------------------------------------
# Webtalk v2018.2 (64-bit)
# SW Build 2258646 on Thu Jun 14 20:02:38 MDT 2018
# 
# Start of session at: Sat Sep 15 21:04:11 2018
# Process ID: 89275
# Current directory: /home/olafur/Documents/Embedded_systems/lectures/Lab_4/Lab_4.sdk/webtalk
# Command line: wbtcv -mode batch -source sdk_webtalk.tcl
# Log file: /home/olafur/Documents/Embedded_systems/lectures/Lab_4/Lab_4.sdk/webtalk/webtalk.log
# Journal file: /home/olafur/Documents/Embedded_systems/lectures/Lab_4/Lab_4.sdk/webtalk/webtalk.jou
#-----------------------------------------------------------
source sdk_webtalk.tcl
# webtalk_init -webtalk_dir /home/olafur/Documents/Embedded_systems/lectures/Lab_4/Lab_4.sdk/webtalk
# webtalk_register_client -client project
# webtalk_add_data -client project -key date_generated -value "2018-09-15 21:04:09" -context "software_version_and_target_device"
# webtalk_add_data -client project -key product_version -value "SDK v2018.2" -context "software_version_and_target_device"
# webtalk_add_data -client project -key build_version -value "2018.2" -context "software_version_and_target_device"
# webtalk_add_data -client project -key os_platform -value "amd64" -context "software_version_and_target_device"
# webtalk_add_data -client project -key registration_id -value "" -context "software_version_and_target_device"
# webtalk_add_data -client project -key tool_flow -value "SDK" -context "software_version_and_target_device"
# webtalk_add_data -client project -key beta -value "false" -context "software_version_and_target_device"
# webtalk_add_data -client project -key route_design -value "NA" -context "software_version_and_target_device"
# webtalk_add_data -client project -key target_family -value "NA" -context "software_version_and_target_device"
# webtalk_add_data -client project -key target_device -value "NA" -context "software_version_and_target_device"
# webtalk_add_data -client project -key target_package -value "NA" -context "software_version_and_target_device"
# webtalk_add_data -client project -key target_speed -value "NA" -context "software_version_and_target_device"
# webtalk_add_data -client project -key random_id -value "38lj9mk9rdvvbki9q1ctflve4b" -context "software_version_and_target_device"
# webtalk_add_data -client project -key project_id -value "2018.2_3" -context "software_version_and_target_device"
# webtalk_add_data -client project -key project_iteration -value "3" -context "software_version_and_target_device"
# webtalk_add_data -client project -key os_name -value "Ubuntu" -context "user_environment"
# webtalk_add_data -client project -key os_release -value "Ubuntu 16.04.5 LTS" -context "user_environment"
# webtalk_add_data -client project -key cpu_name -value "Intel(R) Core(TM) i7-7700HQ CPU @ 2.80GHz" -context "user_environment"
# webtalk_add_data -client project -key cpu_speed -value "2808.006 MHz" -context "user_environment"
# webtalk_add_data -client project -key total_processors -value "4" -context "user_environment"
# webtalk_add_data -client project -key system_ram -value "8,340 GB" -context "user_environment"
# webtalk_register_client -client sdk
# webtalk_add_data -client sdk -key uid -value "1537036873000" -context "sdk\\\\bsp/1537036873000"
# webtalk_add_data -client sdk -key hwid -value "1537035183000" -context "sdk\\\\bsp/1537036873000"
# webtalk_add_data -client sdk -key os -value "standalone" -context "sdk\\\\bsp/1537036873000"
# webtalk_add_data -client sdk -key apptemplate -value "empty_application" -context "sdk\\\\bsp/1537036873000"
# webtalk_add_data -client sdk -key RecordType -value "BSPCreation" -context "sdk\\\\bsp/1537036873000"
# webtalk_add_data -client sdk -key uid -value "1537036876000" -context "sdk\\\\application/1537036876000"
# webtalk_add_data -client sdk -key hwid -value "1537035183000" -context "sdk\\\\application/1537036876000"
# webtalk_add_data -client sdk -key bspid -value "1537036873000" -context "sdk\\\\application/1537036876000"
# webtalk_add_data -client sdk -key newbsp -value "true" -context "sdk\\\\application/1537036876000"
# webtalk_add_data -client sdk -key os -value "standalone" -context "sdk\\\\application/1537036876000"
# webtalk_add_data -client sdk -key apptemplate -value "empty_application" -context "sdk\\\\application/1537036876000"
# webtalk_add_data -client sdk -key RecordType -value "APPCreation" -context "sdk\\\\application/1537036876000"
# webtalk_add_data -client sdk -key LangUsed -value "C" -context "sdk\\\\application/1537036876000"
# webtalk_add_data -client sdk -key Procused -value "ps7_cortexa9" -context "sdk\\\\application/1537036876000"
# webtalk_add_data -client sdk -key projSize -value "212.25" -context "sdk\\\\application/1537036876000"
# webtalk_add_data -client sdk -key uid -value "NA" -context "sdk\\\\bsp/1537038249654"
# webtalk_add_data -client sdk -key RecordType -value "ToolUsage" -context "sdk\\\\bsp/1537038249654"
# webtalk_add_data -client sdk -key BootgenCount -value "0" -context "sdk\\\\bsp/1537038249654"
# webtalk_add_data -client sdk -key DebugCount -value "0" -context "sdk\\\\bsp/1537038249654"
# webtalk_add_data -client sdk -key PerfCount -value "0" -context "sdk\\\\bsp/1537038249654"
# webtalk_add_data -client sdk -key FlashCount -value "0" -context "sdk\\\\bsp/1537038249654"
# webtalk_add_data -client sdk -key CrossTriggCount -value "0" -context "sdk\\\\bsp/1537038249654"
# webtalk_add_data -client sdk -key QemuDebugCount -value "0" -context "sdk\\\\bsp/1537038249654"
# webtalk_transmit -clientid 315010459 -regid "" -xml /home/olafur/Documents/Embedded_systems/lectures/Lab_4/Lab_4.sdk/webtalk/usage_statistics_ext_sdk.xml -html /home/olafur/Documents/Embedded_systems/lectures/Lab_4/Lab_4.sdk/webtalk/usage_statistics_ext_sdk.html -wdm /home/olafur/Documents/Embedded_systems/lectures/Lab_4/Lab_4.sdk/webtalk/sdk_webtalk.wdm -intro "<H3>SDK Usage Report</H3><BR>"
INFO: [Common 17-186] '/home/olafur/Documents/Embedded_systems/lectures/Lab_4/Lab_4.sdk/webtalk/usage_statistics_ext_sdk.xml' has been successfully sent to Xilinx on Sat Sep 15 21:04:15 2018. For additional details about this file, please refer to the WebTalk help file at /opt/Xilinx/SDK/2018.2/doc/webtalk_introduction.html.
# webtalk_terminate
INFO: [Common 17-206] Exiting Webtalk at Sat Sep 15 21:04:15 2018...
