#-----------------------------------------------------------
# xsim v2017.2 (64-bit)
# SW Build 1909853 on Thu Jun 15 18:39:09 MDT 2017
# IP Build 1909766 on Thu Jun 15 19:58:00 MDT 2017
# Start of session at: Wed Oct  3 20:07:41 2018
# Process ID: 17352
# Current directory: C:/Users/titas/source/repos/-EmbeddedRealTimeSystems-/Assignment2/Exercise6/Exercise1/matrixmul.prj/solution1/sim/verilog
# Command line: xsim.exe -mode tcl -source {xsim.dir/matrixmul/xsim_script.tcl}
# Log file: C:/Users/titas/source/repos/-EmbeddedRealTimeSystems-/Assignment2/Exercise6/Exercise1/matrixmul.prj/solution1/sim/verilog/xsim.log
# Journal file: C:/Users/titas/source/repos/-EmbeddedRealTimeSystems-/Assignment2/Exercise6/Exercise1/matrixmul.prj/solution1/sim/verilog\xsim.jou
#-----------------------------------------------------------
source xsim.dir/matrixmul/xsim_script.tcl
# xsim {matrixmul} -autoloadwcfg -tclbatch {matrixmul.tcl}
Vivado Simulator 2017.2
Time resolution is 1 ps
source matrixmul.tcl
## run all
////////////////////////////////////////////////////////////////////////////////////
// Inter-Transaction Progress: Completed Transaction / Total Transaction
// Intra-Transaction Progress: Measured Latency / Latency Estimation * 100%
//
// RTL Simulation : "Inter-Transaction Progress" ["Intra-Transaction Progress"] @ "Simulation Time"
////////////////////////////////////////////////////////////////////////////////////
// RTL Simulation : 0 / 1 [0.00%] @ "116000"
// RTL Simulation : 1 / 1 [0.00%] @ "980000"
////////////////////////////////////////////////////////////////////////////////////
$finish called at time : 1012 ns : File "C:/Users/titas/source/repos/-EmbeddedRealTimeSystems-/Assignment2/Exercise6/Exercise1/matrixmul.prj/solution1/sim/verilog/matrixmul.autotb.v" Line 319
## quit
INFO: [Common 17-206] Exiting xsim at Wed Oct  3 20:07:47 2018...
