

================================================================
== Vivado HLS Report for 'matrixmul'
================================================================
* Date:           Wed Oct  3 20:32:09 2018

* Version:        2017.2 (Build 1909853 on Thu Jun 15 18:55:24 MDT 2017)
* Project:        matrixmul.prj
* Solution:       solution1
* Product family: zynq
* Target device:  xc7z010clg400-1


================================================================
== Performance Estimates
================================================================
+ Timing (ns): 
    * Summary: 
    +--------+-------+----------+------------+
    |  Clock | Target| Estimated| Uncertainty|
    +--------+-------+----------+------------+
    |ap_clk  |   8.00|      6.38|        1.00|
    +--------+-------+----------+------------+

+ Latency (clock cycles): 
    * Summary: 
    +-----+-----+-----+-----+---------+
    |  Latency  |  Interval | Pipeline|
    | min | max | min | max |   Type  |
    +-----+-----+-----+-----+---------+
    |  106|  106|  107|  107|   none  |
    +-----+-----+-----+-----+---------+

    + Detail: 
        * Instance: 
        N/A

        * Loop: 
        +--------------+-----+-----+----------+-----------+-----------+------+----------+
        |              |  Latency  | Iteration|  Initiation Interval  | Trip |          |
        |   Loop Name  | min | max |  Latency |  achieved |   target  | Count| Pipelined|
        +--------------+-----+-----+----------+-----------+-----------+------+----------+
        |- Row         |  105|  105|        35|          -|          -|     3|    no    |
        | + Col        |   33|   33|        11|          -|          -|     3|    no    |
        |  ++ Product  |    9|    9|         3|          -|          -|     3|    no    |
        +--------------+-----+-----+----------+-----------+-----------+------+----------+



================================================================
== Utilization Estimates
================================================================
* Summary: 
+-----------------+---------+-------+-------+-------+
|       Name      | BRAM_18K| DSP48E|   FF  |  LUT  |
+-----------------+---------+-------+-------+-------+
|DSP              |        -|      1|      -|      -|
|Expression       |        -|      -|     93|     73|
|FIFO             |        -|      -|      -|      -|
|Instance         |        -|      -|      -|      -|
|Memory           |        -|      -|      -|      -|
|Multiplexer      |        -|      -|      -|     76|
|Register         |        -|      -|     61|      -|
+-----------------+---------+-------+-------+-------+
|Total            |        0|      1|    154|    149|
+-----------------+---------+-------+-------+-------+
|Available        |      120|     80|  35200|  17600|
+-----------------+---------+-------+-------+-------+
|Utilization (%)  |        0|      1|   ~0  |   ~0  |
+-----------------+---------+-------+-------+-------+

+ Detail: 
    * Instance: 
    N/A

    * DSP48: 
    +-------------------------+----------------------+--------------+
    |         Instance        |        Module        |  Expression  |
    +-------------------------+----------------------+--------------+
    |matrixmul_mac_mulbkb_U0  |matrixmul_mac_mulbkb  | i0 + i1 * i2 |
    +-------------------------+----------------------+--------------+

    * Memory: 
    N/A

    * FIFO: 
    N/A

    * Expression: 
    +---------------------+----------+-------+----+----+------------+------------+
    |    Variable Name    | Operation| DSP48E| FF | LUT| Bitwidth P0| Bitwidth P1|
    +---------------------+----------+-------+----+----+------------+------------+
    |i_1_fu_149_p2        |     +    |      0|  11|   8|           2|           1|
    |j_1_fu_175_p2        |     +    |      0|  11|   8|           2|           1|
    |k_1_fu_229_p2        |     +    |      0|  11|   8|           2|           1|
    |tmp_11_fu_213_p2     |     +    |      0|   0|   8|           5|           5|
    |tmp_8_fu_159_p2      |     +    |      0|  20|  10|           5|           5|
    |tmp_9_fu_185_p2      |     +    |      0|  20|  10|           5|           5|
    |tmp_10_fu_207_p2     |     -    |      0|   0|   8|           5|           5|
    |tmp_7_fu_137_p2      |     -    |      0|  20|  10|           5|           5|
    |exitcond1_fu_169_p2  |   icmp   |      0|   0|   1|           2|           2|
    |exitcond2_fu_143_p2  |   icmp   |      0|   0|   1|           2|           2|
    |exitcond_fu_223_p2   |   icmp   |      0|   0|   1|           2|           2|
    +---------------------+----------+-------+----+----+------------+------------+
    |Total                |          |      0|  93|  73|          37|          34|
    +---------------------+----------+-------+----+----+------------+------------+

    * Multiplexer: 
    +-----------------+----+-----------+-----+-----------+
    |       Name      | LUT| Input Size| Bits| Total Bits|
    +-----------------+----+-----------+-----+-----------+
    |ap_NS_fsm        |  40|          7|    1|          7|
    |i_reg_75         |   9|          2|    2|          4|
    |j_reg_86         |   9|          2|    2|          4|
    |k_reg_110        |   9|          2|    2|          4|
    |res_load_reg_97  |   9|          2|   16|         32|
    +-----------------+----+-----------+-----+-----------+
    |Total            |  76|         15|   23|         51|
    +-----------------+----+-----------+-----+-----------+

    * Register: 
    +----------------------+----+----+-----+-----------+
    |         Name         | FF | LUT| Bits| Const Bits|
    +----------------------+----+----+-----+-----------+
    |a_load_reg_299        |   8|   0|    8|          0|
    |ap_CS_fsm             |   6|   0|    6|          0|
    |b_load_reg_304        |   8|   0|    8|          0|
    |i_1_reg_258           |   2|   0|    2|          0|
    |i_reg_75              |   2|   0|    2|          0|
    |j_1_reg_276           |   2|   0|    2|          0|
    |j_cast2_cast_reg_263  |   2|   0|    5|          3|
    |j_reg_86              |   2|   0|    2|          0|
    |k_1_reg_294           |   2|   0|    2|          0|
    |k_reg_110             |   2|   0|    2|          0|
    |res_addr_reg_268      |   4|   0|    4|          0|
    |res_load_reg_97       |  16|   0|   16|          0|
    |tmp_7_reg_249         |   5|   0|    5|          0|
    +----------------------+----+----+-----+-----------+
    |Total                 |  61|   0|   64|          3|
    +----------------------+----+----+-----+-----------+



================================================================
== Interface
================================================================
* Summary: 
+--------------+-----+-----+------------+--------------+--------------+
|   RTL Ports  | Dir | Bits|  Protocol  | Source Object|    C Type    |
+--------------+-----+-----+------------+--------------+--------------+
|ap_clk        |  in |    1| ap_ctrl_hs |   matrixmul  | return value |
|ap_rst        |  in |    1| ap_ctrl_hs |   matrixmul  | return value |
|ap_start      |  in |    1| ap_ctrl_hs |   matrixmul  | return value |
|ap_done       | out |    1| ap_ctrl_hs |   matrixmul  | return value |
|ap_idle       | out |    1| ap_ctrl_hs |   matrixmul  | return value |
|ap_ready      | out |    1| ap_ctrl_hs |   matrixmul  | return value |
|a_address0    | out |    4|  ap_memory |       a      |     array    |
|a_ce0         | out |    1|  ap_memory |       a      |     array    |
|a_q0          |  in |    8|  ap_memory |       a      |     array    |
|b_address0    | out |    4|  ap_memory |       b      |     array    |
|b_ce0         | out |    1|  ap_memory |       b      |     array    |
|b_q0          |  in |    8|  ap_memory |       b      |     array    |
|res_address0  | out |    4|  ap_memory |      res     |     array    |
|res_ce0       | out |    1|  ap_memory |      res     |     array    |
|res_we0       | out |    1|  ap_memory |      res     |     array    |
|res_d0        | out |   16|  ap_memory |      res     |     array    |
+--------------+-----+-----+------------+--------------+--------------+

