#
# An unexpected error has occurred (11)
#
Stack:
/lib/x86_64-linux-gnu/libc.so.6(+0x354b0) [0x7fa4854314b0]
/opt/Xilinx/Vivado/2018.2/lib/lnx64.o/libhls_hwsyn.so(ssdm::ScModule::propagateSubModulePortProperties()+0x5d4) [0x7fa472b10794]
/opt/Xilinx/Vivado/2018.2/lib/lnx64.o/libhls_hwsyn.so(ssdm::ScModule::elaborate()+0x4bb) [0x7fa472b168db]
/opt/Xilinx/Vivado/2018.2/lib/lnx64.o/libhls_hwsyn.so(ssdm::ScAnalyzer::analyze(std::__cxx11::basic_string<char, std::char_traits<char>, std::allocator<char> > const&)+0x243) [0x7fa472b16fa3]
/opt/Xilinx/Vivado/2018.2/lib/lnx64.o/libhls_hwsyn.so(+0xc96472) [0x7fa472b1d472]
/opt/Xilinx/Vivado/2018.2/lib/lnx64.o/libhls_support.so(xpcl::TclCommand::callback(int, Tcl_Obj* const*)+0x4dd) [0x7fa4748fc69d]
/opt/Xilinx/Vivado/2018.2/lib/lnx64.o/libhls_support.so(+0x5505b) [0x7fa4748fd05b]
/opt/Xilinx/Vivado/2018.2/lib/lnx64.o/libtcl8.5.so(+0x334af) [0x7fa480d7d4af]
/opt/Xilinx/Vivado/2018.2/lib/lnx64.o/libtcl8.5.so(+0x76875) [0x7fa480dc0875]
/opt/Xilinx/Vivado/2018.2/lib/lnx64.o/libtcl8.5.so(+0x7e029) [0x7fa480dc8029]
/opt/Xilinx/Vivado/2018.2/lib/lnx64.o/libtcl8.5.so(TclEvalObjEx+0x76) [0x7fa480d7f156]
/opt/Xilinx/Vivado/2018.2/lib/lnx64.o/librdi_commontasks.so(+0x1b2617) [0x7fa4775fa617]
/opt/Xilinx/Vivado/2018.2/lib/lnx64.o/libtcl8.5.so(+0x334af) [0x7fa480d7d4af]
/opt/Xilinx/Vivado/2018.2/lib/lnx64.o/libtcl8.5.so(+0x76875) [0x7fa480dc0875]
/opt/Xilinx/Vivado/2018.2/lib/lnx64.o/libtcl8.5.so(TclObjInterpProcCore+0x420) [0x7fa480e01df0]
/opt/Xilinx/Vivado/2018.2/lib/lnx64.o/libtcl8.5.so(+0x334af) [0x7fa480d7d4af]
/opt/Xilinx/Vivado/2018.2/lib/lnx64.o/libtcl8.5.so(+0x76875) [0x7fa480dc0875]
/opt/Xilinx/Vivado/2018.2/lib/lnx64.o/libtcl8.5.so(TclObjInterpProcCore+0x420) [0x7fa480e01df0]
/opt/Xilinx/Vivado/2018.2/lib/lnx64.o/libtcl8.5.so(+0x334af) [0x7fa480d7d4af]
/opt/Xilinx/Vivado/2018.2/lib/lnx64.o/libtcl8.5.so(+0x76875) [0x7fa480dc0875]
/opt/Xilinx/Vivado/2018.2/lib/lnx64.o/libtcl8.5.so(TclObjInterpProcCore+0x420) [0x7fa480e01df0]
/opt/Xilinx/Vivado/2018.2/lib/lnx64.o/libtcl8.5.so(+0x334af) [0x7fa480d7d4af]
/opt/Xilinx/Vivado/2018.2/lib/lnx64.o/libtcl8.5.so(+0x76875) [0x7fa480dc0875]
/opt/Xilinx/Vivado/2018.2/lib/lnx64.o/libtcl8.5.so(+0x7e029) [0x7fa480dc8029]
/opt/Xilinx/Vivado/2018.2/lib/lnx64.o/libtcl8.5.so(TclEvalObjEx+0x76) [0x7fa480d7f156]
/opt/Xilinx/Vivado/2018.2/lib/lnx64.o/librdi_commontasks.so(+0x1b2617) [0x7fa4775fa617]
/opt/Xilinx/Vivado/2018.2/lib/lnx64.o/libtcl8.5.so(+0x334af) [0x7fa480d7d4af]
/opt/Xilinx/Vivado/2018.2/lib/lnx64.o/libtcl8.5.so(+0x76875) [0x7fa480dc0875]
/opt/Xilinx/Vivado/2018.2/lib/lnx64.o/libtcl8.5.so(Tcl_ExprObj+0xf8) [0x7fa480dc7c08]
/opt/Xilinx/Vivado/2018.2/lib/lnx64.o/libtcl8.5.so(Tcl_ExprBooleanObj+0x16) [0x7fa480d7de96]
/opt/Xilinx/Vivado/2018.2/lib/lnx64.o/libtcl8.5.so(+0x3e6de) [0x7fa480d886de]
/opt/Xilinx/Vivado/2018.2/lib/lnx64.o/libtcl8.5.so(+0x334af) [0x7fa480d7d4af]
/opt/Xilinx/Vivado/2018.2/lib/lnx64.o/libtcl8.5.so(+0x34b38) [0x7fa480d7eb38]
/opt/Xilinx/Vivado/2018.2/lib/lnx64.o/libtcl8.5.so(Tcl_EvalEx+0x13) [0x7fa480d7f0a3]
/opt/Xilinx/Vivado/2018.2/lib/lnx64.o/libtcl8.5.so(Tcl_Eval+0x15) [0x7fa480d7f0c5]
/opt/Xilinx/Vivado/2018.2/lib/lnx64.o/libhls_main.so(+0x9bec2) [0x7fa474bc7ec2]
/opt/Xilinx/Vivado/2018.2/lib/lnx64.o/libhls_support.so(xpcl::TclCommand::callback(int, Tcl_Obj* const*)+0x4dd) [0x7fa4748fc69d]
/opt/Xilinx/Vivado/2018.2/lib/lnx64.o/libhls_support.so(+0x5505b) [0x7fa4748fd05b]
/opt/Xilinx/Vivado/2018.2/lib/lnx64.o/libtcl8.5.so(+0x334af) [0x7fa480d7d4af]
/opt/Xilinx/Vivado/2018.2/lib/lnx64.o/libtcl8.5.so(+0x76875) [0x7fa480dc0875]
/opt/Xilinx/Vivado/2018.2/lib/lnx64.o/libtcl8.5.so(TclObjInterpProcCore+0x420) [0x7fa480e01df0]
/opt/Xilinx/Vivado/2018.2/lib/lnx64.o/libtcl8.5.so(+0x334af) [0x7fa480d7d4af]
/opt/Xilinx/Vivado/2018.2/lib/lnx64.o/libtcl8.5.so(+0x76875) [0x7fa480dc0875]
/opt/Xilinx/Vivado/2018.2/lib/lnx64.o/libtcl8.5.so(+0x7e029) [0x7fa480dc8029]
/opt/Xilinx/Vivado/2018.2/lib/lnx64.o/libtcl8.5.so(TclEvalObjEx+0x76) [0x7fa480d7f156]
/opt/Xilinx/Vivado/2018.2/lib/lnx64.o/librdi_commontasks.so(+0x1b2617) [0x7fa4775fa617]
/opt/Xilinx/Vivado/2018.2/lib/lnx64.o/libtcl8.5.so(+0x334af) [0x7fa480d7d4af]
/opt/Xilinx/Vivado/2018.2/lib/lnx64.o/libtcl8.5.so(+0x76875) [0x7fa480dc0875]
/opt/Xilinx/Vivado/2018.2/lib/lnx64.o/libtcl8.5.so(Tcl_ExprObj+0xf8) [0x7fa480dc7c08]
/opt/Xilinx/Vivado/2018.2/lib/lnx64.o/libtcl8.5.so(Tcl_ExprBooleanObj+0x16) [0x7fa480d7de96]
/opt/Xilinx/Vivado/2018.2/lib/lnx64.o/libtcl8.5.so(+0x3e6de) [0x7fa480d886de]
/opt/Xilinx/Vivado/2018.2/lib/lnx64.o/libtcl8.5.so(+0x334af) [0x7fa480d7d4af]
/opt/Xilinx/Vivado/2018.2/lib/lnx64.o/libtcl8.5.so(+0x34b38) [0x7fa480d7eb38]
/opt/Xilinx/Vivado/2018.2/lib/lnx64.o/libtcl8.5.so(Tcl_EvalEx+0x13) [0x7fa480d7f0a3]
/opt/Xilinx/Vivado/2018.2/lib/lnx64.o/libtcl8.5.so(Tcl_Eval+0x15) [0x7fa480d7f0c5]
/opt/Xilinx/Vivado/2018.2/lib/lnx64.o/libhls_main.so(+0x9bec2) [0x7fa474bc7ec2]
/opt/Xilinx/Vivado/2018.2/lib/lnx64.o/libhls_support.so(xpcl::TclCommand::callback(int, Tcl_Obj* const*)+0x4dd) [0x7fa4748fc69d]
/opt/Xilinx/Vivado/2018.2/lib/lnx64.o/libhls_support.so(+0x5505b) [0x7fa4748fd05b]
/opt/Xilinx/Vivado/2018.2/lib/lnx64.o/libtcl8.5.so(+0x334af) [0x7fa480d7d4af]
/opt/Xilinx/Vivado/2018.2/lib/lnx64.o/libtcl8.5.so(+0x34b38) [0x7fa480d7eb38]
/opt/Xilinx/Vivado/2018.2/lib/lnx64.o/libtcl8.5.so(Tcl_EvalEx+0x13) [0x7fa480d7f0a3]
/opt/Xilinx/Vivado/2018.2/lib/lnx64.o/libtcl8.5.so(Tcl_FSEvalFileEx+0x1da) [0x7fa480de3c5a]
/opt/Xilinx/Vivado/2018.2/lib/lnx64.o/libhls_main.so(ApSourceTclFile(std::__cxx11::basic_string<char, std::char_traits<char>, std::allocator<char> > const&, char const*)+0x77) [0x7fa474bbd437]
/opt/Xilinx/Vivado/2018.2/lib/lnx64.o/libhls_main.so(+0x96339) [0x7fa474bc2339]
/opt/Xilinx/Vivado/2018.2/lib/lnx64.o/libhls_support.so(xpcl::TclCommand::callback(int, Tcl_Obj* const*)+0x4dd) [0x7fa4748fc69d]
/opt/Xilinx/Vivado/2018.2/lib/lnx64.o/libhls_support.so(+0x5505b) [0x7fa4748fd05b]
/opt/Xilinx/Vivado/2018.2/lib/lnx64.o/libtcl8.5.so(+0x334af) [0x7fa480d7d4af]
/opt/Xilinx/Vivado/2018.2/lib/lnx64.o/libtcl8.5.so(Tcl_EvalObjv+0x32) [0x7fa480d7d5e2]
/opt/Xilinx/Vivado/2018.2/lib/lnx64.o/libtcl8.5.so(TclEvalObjEx+0x322) [0x7fa480d7f402]
/opt/Xilinx/Vivado/2018.2/lib/lnx64.o/librdi_hlstasks.so(+0xb65a) [0x7fa474fdd65a]
/opt/Xilinx/Vivado/2018.2/lib/lnx64.o/librdi_common.so(+0x78e792) [0x7fa4866f5792]
/opt/Xilinx/Vivado/2018.2/lib/lnx64.o/libtcl8.5.so(+0x334af) [0x7fa480d7d4af]
/opt/Xilinx/Vivado/2018.2/lib/lnx64.o/libtcl8.5.so(+0x34b38) [0x7fa480d7eb38]
/opt/Xilinx/Vivado/2018.2/lib/lnx64.o/libtcl8.5.so(Tcl_EvalEx+0x13) [0x7fa480d7f0a3]
/opt/Xilinx/Vivado/2018.2/lib/lnx64.o/libtcl8.5.so(TclEvalObjEx+0x3cf) [0x7fa480d7f4af]
/opt/Xilinx/Vivado/2018.2/lib/lnx64.o/libtcl8.5.so(+0xb74a9) [0x7fa480e014a9]
/opt/Xilinx/Vivado/2018.2/lib/lnx64.o/libtcl8.5.so(+0x334af) [0x7fa480d7d4af]
/opt/Xilinx/Vivado/2018.2/lib/lnx64.o/libtcl8.5.so(+0x76875) [0x7fa480dc0875]
/opt/Xilinx/Vivado/2018.2/lib/lnx64.o/libtcl8.5.so(TclObjInterpProcCore+0x420) [0x7fa480e01df0]
/opt/Xilinx/Vivado/2018.2/lib/lnx64.o/libtcl8.5.so(+0x334af) [0x7fa480d7d4af]
/opt/Xilinx/Vivado/2018.2/lib/lnx64.o/libtcl8.5.so(+0x76875) [0x7fa480dc0875]
/opt/Xilinx/Vivado/2018.2/lib/lnx64.o/libtcl8.5.so(+0x7e029) [0x7fa480dc8029]
/opt/Xilinx/Vivado/2018.2/lib/lnx64.o/libtcl8.5.so(TclEvalObjEx+0x76) [0x7fa480d7f156]
/opt/Xilinx/Vivado/2018.2/lib/lnx64.o/librdi_commontasks.so(+0x1b26b4) [0x7fa4775fa6b4]
/opt/Xilinx/Vivado/2018.2/lib/lnx64.o/libtcl8.5.so(+0x334af) [0x7fa480d7d4af]
/opt/Xilinx/Vivado/2018.2/lib/lnx64.o/libtcl8.5.so(+0x34b38) [0x7fa480d7eb38]
/opt/Xilinx/Vivado/2018.2/lib/lnx64.o/libtcl8.5.so(+0xad486) [0x7fa480df7486]
/opt/Xilinx/Vivado/2018.2/lib/lnx64.o/libtcl8.5.so(+0x346c5) [0x7fa480d7e6c5]
/opt/Xilinx/Vivado/2018.2/lib/lnx64.o/libtcl8.5.so(Tcl_EvalEx+0x13) [0x7fa480d7f0a3]
/opt/Xilinx/Vivado/2018.2/lib/lnx64.o/libtcl8.5.so(Tcl_FSEvalFileEx+0x1da) [0x7fa480de3c5a]
/opt/Xilinx/Vivado/2018.2/lib/lnx64.o/librdi_commontasks.so(+0x1cf84d) [0x7fa47761784d]
/opt/Xilinx/Vivado/2018.2/lib/lnx64.o/librdi_common.so(+0x78e792) [0x7fa4866f5792]
/opt/Xilinx/Vivado/2018.2/lib/lnx64.o/libtcl8.5.so(+0x334af) [0x7fa480d7d4af]
/opt/Xilinx/Vivado/2018.2/lib/lnx64.o/libtcl8.5.so(Tcl_EvalObjv+0x32) [0x7fa480d7d5e2]
/opt/Xilinx/Vivado/2018.2/lib/lnx64.o/libtcl8.5.so(TclEvalObjEx+0x322) [0x7fa480d7f402]
/opt/Xilinx/Vivado/2018.2/lib/lnx64.o/librdi_commontasks.so(+0x200e8f) [0x7fa477648e8f]
/opt/Xilinx/Vivado/2018.2/lib/lnx64.o/librdi_commontasks.so(+0x20255e) [0x7fa47764a55e]
/opt/Xilinx/Vivado/2018.2/lib/lnx64.o/librdi_common.so(+0x78e792) [0x7fa4866f5792]
/opt/Xilinx/Vivado/2018.2/lib/lnx64.o/libtcl8.5.so(+0x334af) [0x7fa480d7d4af]
/opt/Xilinx/Vivado/2018.2/lib/lnx64.o/libtcl8.5.so(Tcl_EvalObjv+0x32) [0x7fa480d7d5e2]
/opt/Xilinx/Vivado/2018.2/lib/lnx64.o/libtcl8.5.so(TclEvalObjEx+0x322) [0x7fa480d7f402]
/opt/Xilinx/Vivado/2018.2/lib/lnx64.o/librdi_commonmain.so(+0x7414) [0x7fa485d63414]
/opt/Xilinx/Vivado/2018.2/lib/lnx64.o/libtcl8.5.so(Tcl_Main+0x1d0) [0x7fa480dea210]
/opt/Xilinx/Vivado/2018.2/lib/lnx64.o/librdi_common.so(+0x7d175b) [0x7fa48673875b]
/lib/x86_64-linux-gnu/libpthread.so.0(+0x76ba) [0x7fa47ed9f6ba]
/lib/x86_64-linux-gnu/libc.so.6(clone+0x6d) [0x7fa48550341d]
