13:43:27 INFO  : Registering command handlers for SDK TCF services
13:43:28 INFO  : Launching XSCT server: xsct.bat -interactive C:\Users\titas\source\repos\-EmbeddedRealTimeSystems-\Assignment_2\Exercise_3\Assignment3\Assignment3.sdk\temp_xsdb_launch_script.tcl
13:43:31 INFO  : XSCT server has started successfully.
13:43:32 INFO  : Successfully done setting XSCT server connection channel  
13:43:32 INFO  : Successfully done setting SDK workspace  
13:43:32 INFO  : Processing command line option -hwspec C:/Users/titas/source/repos/-EmbeddedRealTimeSystems-/Assignment_2/Exercise_3/Assignment3/Assignment3.sdk/design_1_wrapper.hdf.
14:38:23 INFO  : Connected to target on host '127.0.0.1' and port '3121'.
14:38:25 INFO  : 'targets -set -filter {jtag_cable_name =~ "Digilent Zybo 210279A6A5D1A" && level==0} -index 1' command is executed.
14:38:27 INFO  : FPGA configured successfully with bitstream "C:/Users/titas/source/repos/-EmbeddedRealTimeSystems-/Assignment_2/Exercise_3/Assignment3/Assignment3.sdk/design_1_wrapper_hw_platform_0/design_1_wrapper.bit"
14:38:39 INFO  : 'targets -set -filter {jtag_cable_name =~ "Digilent Zybo 210279A6A5D1A" && level==0} -index 1' command is executed.
14:38:39 INFO  : 'fpga -state' command is executed.
14:38:39 INFO  : Connected to target on host '127.0.0.1' and port '3121'.
14:38:39 INFO  : Jtag cable 'Digilent Zybo 210279A6A5D1A' is selected.
14:38:39 INFO  : 'jtag frequency' command is executed.
14:38:39 INFO  : Sourcing of 'C:/Users/titas/source/repos/-EmbeddedRealTimeSystems-/Assignment_2/Exercise_3/Assignment3/Assignment3.sdk/design_1_wrapper_hw_platform_0/ps7_init.tcl' is done.
14:38:39 INFO  : Context for 'APU' is selected.
14:38:39 INFO  : Hardware design information is loaded from 'C:/Users/titas/source/repos/-EmbeddedRealTimeSystems-/Assignment_2/Exercise_3/Assignment3/Assignment3.sdk/design_1_wrapper_hw_platform_0/system.hdf'.
14:38:39 INFO  : 'configparams force-mem-access 1' command is executed.
14:38:39 INFO  : Context for 'APU' is selected.
14:38:39 INFO  : 'stop' command is executed.
14:38:39 INFO  : 'ps7_init' command is executed.
14:38:39 INFO  : 'ps7_post_config' command is executed.
14:38:39 INFO  : Context for processor 'ps7_cortexa9_0' is selected.
14:38:39 INFO  : Processor reset is completed for 'ps7_cortexa9_0'.
14:38:40 INFO  : Context for processor 'ps7_cortexa9_0' is selected.
14:38:41 INFO  : The application 'C:/Users/titas/source/repos/-EmbeddedRealTimeSystems-/Assignment_2/Exercise_3/Assignment3/Assignment3.sdk/Assignment3/Debug/Assignment3.elf' is downloaded to processor 'ps7_cortexa9_0'.
14:38:41 INFO  : 'configparams force-mem-access 0' command is executed.
14:38:41 INFO  : ----------------XSDB Script----------------
connect -url tcp:127.0.0.1:3121
source C:/Users/titas/source/repos/-EmbeddedRealTimeSystems-/Assignment_2/Exercise_3/Assignment3/Assignment3.sdk/design_1_wrapper_hw_platform_0/ps7_init.tcl
targets -set -nocase -filter {name =~"APU*" && jtag_cable_name =~ "Digilent Zybo 210279A6A5D1A"} -index 0
loadhw -hw C:/Users/titas/source/repos/-EmbeddedRealTimeSystems-/Assignment_2/Exercise_3/Assignment3/Assignment3.sdk/design_1_wrapper_hw_platform_0/system.hdf -mem-ranges [list {0x40000000 0xbfffffff}]
configparams force-mem-access 1
targets -set -nocase -filter {name =~"APU*" && jtag_cable_name =~ "Digilent Zybo 210279A6A5D1A"} -index 0
stop
ps7_init
ps7_post_config
targets -set -nocase -filter {name =~ "ARM*#0" && jtag_cable_name =~ "Digilent Zybo 210279A6A5D1A"} -index 0
rst -processor
targets -set -nocase -filter {name =~ "ARM*#0" && jtag_cable_name =~ "Digilent Zybo 210279A6A5D1A"} -index 0
dow C:/Users/titas/source/repos/-EmbeddedRealTimeSystems-/Assignment_2/Exercise_3/Assignment3/Assignment3.sdk/Assignment3/Debug/Assignment3.elf
configparams force-mem-access 0
----------------End of Script----------------

14:38:41 INFO  : Context for processor 'ps7_cortexa9_0' is selected.
14:38:41 INFO  : 'con' command is executed.
14:38:41 INFO  : ----------------XSDB Script (After Launch)----------------
targets -set -nocase -filter {name =~ "ARM*#0" && jtag_cable_name =~ "Digilent Zybo 210279A6A5D1A"} -index 0
con
----------------End of Script----------------

14:38:41 INFO  : Disconnected from the channel tcfchan#1.
14:40:32 INFO  : 'targets -set -filter {jtag_cable_name =~ "Digilent Zybo 210279A6A5D1A" && level==0} -index 1' command is executed.
14:40:32 INFO  : 'fpga -state' command is executed.
14:40:32 INFO  : Connected to target on host '127.0.0.1' and port '3121'.
14:40:32 INFO  : Jtag cable 'Digilent Zybo 210279A6A5D1A' is selected.
14:40:32 INFO  : 'jtag frequency' command is executed.
14:40:33 INFO  : Sourcing of 'C:/Users/titas/source/repos/-EmbeddedRealTimeSystems-/Assignment_2/Exercise_3/Assignment3/Assignment3.sdk/design_1_wrapper_hw_platform_0/ps7_init.tcl' is done.
14:40:33 INFO  : Context for 'APU' is selected.
14:40:36 INFO  : Hardware design information is loaded from 'C:/Users/titas/source/repos/-EmbeddedRealTimeSystems-/Assignment_2/Exercise_3/Assignment3/Assignment3.sdk/design_1_wrapper_hw_platform_0/system.hdf'.
14:40:36 INFO  : 'configparams force-mem-access 1' command is executed.
14:40:36 INFO  : Context for 'APU' is selected.
14:40:37 INFO  : 'stop' command is executed.
14:40:37 ERROR : Memory read error at 0xF8007080. AHB AP transaction error, DAP status f0000021
14:40:37 INFO  : ----------------XSDB Script----------------
connect -url tcp:127.0.0.1:3121
source C:/Users/titas/source/repos/-EmbeddedRealTimeSystems-/Assignment_2/Exercise_3/Assignment3/Assignment3.sdk/design_1_wrapper_hw_platform_0/ps7_init.tcl
targets -set -nocase -filter {name =~"APU*" && jtag_cable_name =~ "Digilent Zybo 210279A6A5D1A"} -index 0
loadhw -hw C:/Users/titas/source/repos/-EmbeddedRealTimeSystems-/Assignment_2/Exercise_3/Assignment3/Assignment3.sdk/design_1_wrapper_hw_platform_0/system.hdf -mem-ranges [list {0x40000000 0xbfffffff}]
configparams force-mem-access 1
targets -set -nocase -filter {name =~"APU*" && jtag_cable_name =~ "Digilent Zybo 210279A6A5D1A"} -index 0
stop
ps7_init
----------------End of Script----------------

14:41:00 INFO  : 'targets -set -filter {jtag_cable_name =~ "Digilent Zybo 210279A6A5D1A" && level==0} -index 1' command is executed.
14:41:00 INFO  : 'fpga -state' command is executed.
14:41:00 INFO  : Connected to target on host '127.0.0.1' and port '3121'.
14:41:00 INFO  : Jtag cable 'Digilent Zybo 210279A6A5D1A' is selected.
14:41:00 INFO  : 'jtag frequency' command is executed.
14:41:00 INFO  : Sourcing of 'C:/Users/titas/source/repos/-EmbeddedRealTimeSystems-/Assignment_2/Exercise_3/Assignment3/Assignment3.sdk/design_1_wrapper_hw_platform_0/ps7_init.tcl' is done.
14:41:00 INFO  : Context for 'APU' is selected.
14:41:00 INFO  : Hardware design information is loaded from 'C:/Users/titas/source/repos/-EmbeddedRealTimeSystems-/Assignment_2/Exercise_3/Assignment3/Assignment3.sdk/design_1_wrapper_hw_platform_0/system.hdf'.
14:41:00 INFO  : 'configparams force-mem-access 1' command is executed.
14:41:00 INFO  : Context for 'APU' is selected.
14:41:00 INFO  : 'stop' command is executed.
14:41:00 ERROR : AP transaction error, DAP status f0000021
14:41:00 INFO  : ----------------XSDB Script----------------
connect -url tcp:127.0.0.1:3121
source C:/Users/titas/source/repos/-EmbeddedRealTimeSystems-/Assignment_2/Exercise_3/Assignment3/Assignment3.sdk/design_1_wrapper_hw_platform_0/ps7_init.tcl
targets -set -nocase -filter {name =~"APU*" && jtag_cable_name =~ "Digilent Zybo 210279A6A5D1A"} -index 0
loadhw -hw C:/Users/titas/source/repos/-EmbeddedRealTimeSystems-/Assignment_2/Exercise_3/Assignment3/Assignment3.sdk/design_1_wrapper_hw_platform_0/system.hdf -mem-ranges [list {0x40000000 0xbfffffff}]
configparams force-mem-access 1
targets -set -nocase -filter {name =~"APU*" && jtag_cable_name =~ "Digilent Zybo 210279A6A5D1A"} -index 0
stop
ps7_init
----------------End of Script----------------

14:41:29 INFO  : Connected to target on host '127.0.0.1' and port '3121'.
14:41:29 INFO  : 'targets -set -filter {jtag_cable_name =~ "Digilent Zybo 210279A6A5D1A" && level==0} -index 1' command is executed.
14:41:30 INFO  : FPGA configured successfully with bitstream "C:/Users/titas/source/repos/-EmbeddedRealTimeSystems-/Assignment_2/Exercise_3/Assignment3/Assignment3.sdk/design_1_wrapper_hw_platform_0/design_1_wrapper.bit"
14:41:42 INFO  : 'targets -set -filter {jtag_cable_name =~ "Digilent Zybo 210279A6A5D1A" && level==0} -index 1' command is executed.
14:41:42 INFO  : 'fpga -state' command is executed.
14:41:42 INFO  : Connected to target on host '127.0.0.1' and port '3121'.
14:41:42 INFO  : Jtag cable 'Digilent Zybo 210279A6A5D1A' is selected.
14:41:42 INFO  : 'jtag frequency' command is executed.
14:41:42 INFO  : Sourcing of 'C:/Users/titas/source/repos/-EmbeddedRealTimeSystems-/Assignment_2/Exercise_3/Assignment3/Assignment3.sdk/design_1_wrapper_hw_platform_0/ps7_init.tcl' is done.
14:41:42 INFO  : Context for 'APU' is selected.
14:41:42 INFO  : Hardware design information is loaded from 'C:/Users/titas/source/repos/-EmbeddedRealTimeSystems-/Assignment_2/Exercise_3/Assignment3/Assignment3.sdk/design_1_wrapper_hw_platform_0/system.hdf'.
14:41:42 INFO  : 'configparams force-mem-access 1' command is executed.
14:41:42 INFO  : Context for 'APU' is selected.
14:41:42 INFO  : 'stop' command is executed.
14:41:43 INFO  : 'ps7_init' command is executed.
14:41:43 INFO  : 'ps7_post_config' command is executed.
14:41:43 INFO  : Context for processor 'ps7_cortexa9_0' is selected.
14:41:43 INFO  : Processor reset is completed for 'ps7_cortexa9_0'.
14:41:43 INFO  : Context for processor 'ps7_cortexa9_0' is selected.
14:41:45 INFO  : The application 'C:/Users/titas/source/repos/-EmbeddedRealTimeSystems-/Assignment_2/Exercise_3/Assignment3/Assignment3.sdk/Assignment3/Debug/Assignment3.elf' is downloaded to processor 'ps7_cortexa9_0'.
14:41:45 INFO  : 'configparams force-mem-access 0' command is executed.
14:41:45 INFO  : ----------------XSDB Script----------------
connect -url tcp:127.0.0.1:3121
source C:/Users/titas/source/repos/-EmbeddedRealTimeSystems-/Assignment_2/Exercise_3/Assignment3/Assignment3.sdk/design_1_wrapper_hw_platform_0/ps7_init.tcl
targets -set -nocase -filter {name =~"APU*" && jtag_cable_name =~ "Digilent Zybo 210279A6A5D1A"} -index 0
loadhw -hw C:/Users/titas/source/repos/-EmbeddedRealTimeSystems-/Assignment_2/Exercise_3/Assignment3/Assignment3.sdk/design_1_wrapper_hw_platform_0/system.hdf -mem-ranges [list {0x40000000 0xbfffffff}]
configparams force-mem-access 1
targets -set -nocase -filter {name =~"APU*" && jtag_cable_name =~ "Digilent Zybo 210279A6A5D1A"} -index 0
stop
ps7_init
ps7_post_config
targets -set -nocase -filter {name =~ "ARM*#0" && jtag_cable_name =~ "Digilent Zybo 210279A6A5D1A"} -index 0
rst -processor
targets -set -nocase -filter {name =~ "ARM*#0" && jtag_cable_name =~ "Digilent Zybo 210279A6A5D1A"} -index 0
dow C:/Users/titas/source/repos/-EmbeddedRealTimeSystems-/Assignment_2/Exercise_3/Assignment3/Assignment3.sdk/Assignment3/Debug/Assignment3.elf
configparams force-mem-access 0
----------------End of Script----------------

14:41:45 INFO  : Context for processor 'ps7_cortexa9_0' is selected.
14:41:45 INFO  : 'con' command is executed.
14:41:45 INFO  : ----------------XSDB Script (After Launch)----------------
targets -set -nocase -filter {name =~ "ARM*#0" && jtag_cable_name =~ "Digilent Zybo 210279A6A5D1A"} -index 0
con
----------------End of Script----------------

14:41:45 INFO  : Disconnected from the channel tcfchan#2.
14:42:26 INFO  : 'targets -set -filter {jtag_cable_name =~ "Digilent Zybo 210279A6A5D1A" && level==0} -index 1' command is executed.
14:42:26 INFO  : 'fpga -state' command is executed.
14:42:26 INFO  : Connected to target on host '127.0.0.1' and port '3121'.
14:42:26 INFO  : Jtag cable 'Digilent Zybo 210279A6A5D1A' is selected.
14:42:26 INFO  : 'jtag frequency' command is executed.
14:42:26 INFO  : Sourcing of 'C:/Users/titas/source/repos/-EmbeddedRealTimeSystems-/Assignment_2/Exercise_3/Assignment3/Assignment3.sdk/design_1_wrapper_hw_platform_0/ps7_init.tcl' is done.
14:42:27 INFO  : Context for 'APU' is selected.
14:42:27 INFO  : Hardware design information is loaded from 'C:/Users/titas/source/repos/-EmbeddedRealTimeSystems-/Assignment_2/Exercise_3/Assignment3/Assignment3.sdk/design_1_wrapper_hw_platform_0/system.hdf'.
14:42:27 INFO  : 'configparams force-mem-access 1' command is executed.
14:42:27 INFO  : Context for 'APU' is selected.
14:42:28 INFO  : 'stop' command is executed.
14:42:28 ERROR : Memory read error at 0xF8007080. AHB AP transaction error, DAP status f0000021
14:42:28 INFO  : ----------------XSDB Script----------------
connect -url tcp:127.0.0.1:3121
source C:/Users/titas/source/repos/-EmbeddedRealTimeSystems-/Assignment_2/Exercise_3/Assignment3/Assignment3.sdk/design_1_wrapper_hw_platform_0/ps7_init.tcl
targets -set -nocase -filter {name =~"APU*" && jtag_cable_name =~ "Digilent Zybo 210279A6A5D1A"} -index 0
loadhw -hw C:/Users/titas/source/repos/-EmbeddedRealTimeSystems-/Assignment_2/Exercise_3/Assignment3/Assignment3.sdk/design_1_wrapper_hw_platform_0/system.hdf -mem-ranges [list {0x40000000 0xbfffffff}]
configparams force-mem-access 1
targets -set -nocase -filter {name =~"APU*" && jtag_cable_name =~ "Digilent Zybo 210279A6A5D1A"} -index 0
stop
ps7_init
----------------End of Script----------------

14:51:48 INFO  : Connected to target on host '127.0.0.1' and port '3121'.
14:51:48 INFO  : 'targets -set -filter {jtag_cable_name =~ "Digilent Zybo 210279A6A5D1A" && level==0} -index 1' command is executed.
14:51:49 INFO  : FPGA configured successfully with bitstream "C:/Users/titas/source/repos/-EmbeddedRealTimeSystems-/Assignment_2/Exercise_3/Assignment3/Assignment3.sdk/design_1_wrapper_hw_platform_0/design_1_wrapper.bit"
14:52:00 INFO  : 'targets -set -filter {jtag_cable_name =~ "Digilent Zybo 210279A6A5D1A" && level==0} -index 1' command is executed.
14:52:00 INFO  : 'fpga -state' command is executed.
14:52:00 INFO  : Connected to target on host '127.0.0.1' and port '3121'.
14:52:01 INFO  : Jtag cable 'Digilent Zybo 210279A6A5D1A' is selected.
14:52:01 INFO  : 'jtag frequency' command is executed.
14:52:01 INFO  : Sourcing of 'C:/Users/titas/source/repos/-EmbeddedRealTimeSystems-/Assignment_2/Exercise_3/Assignment3/Assignment3.sdk/design_1_wrapper_hw_platform_0/ps7_init.tcl' is done.
14:52:01 INFO  : Context for 'APU' is selected.
14:52:01 INFO  : Hardware design information is loaded from 'C:/Users/titas/source/repos/-EmbeddedRealTimeSystems-/Assignment_2/Exercise_3/Assignment3/Assignment3.sdk/design_1_wrapper_hw_platform_0/system.hdf'.
14:52:01 INFO  : 'configparams force-mem-access 1' command is executed.
14:52:01 INFO  : Context for 'APU' is selected.
14:52:01 INFO  : 'stop' command is executed.
14:52:02 INFO  : 'ps7_init' command is executed.
14:52:02 INFO  : 'ps7_post_config' command is executed.
14:52:02 INFO  : Context for processor 'ps7_cortexa9_0' is selected.
14:52:02 INFO  : Processor reset is completed for 'ps7_cortexa9_0'.
14:52:02 INFO  : Context for processor 'ps7_cortexa9_0' is selected.
14:52:04 INFO  : The application 'C:/Users/titas/source/repos/-EmbeddedRealTimeSystems-/Assignment_2/Exercise_3/Assignment3/Assignment3.sdk/Assignment3/Debug/Assignment3.elf' is downloaded to processor 'ps7_cortexa9_0'.
14:52:04 INFO  : 'configparams force-mem-access 0' command is executed.
14:52:04 INFO  : ----------------XSDB Script----------------
connect -url tcp:127.0.0.1:3121
source C:/Users/titas/source/repos/-EmbeddedRealTimeSystems-/Assignment_2/Exercise_3/Assignment3/Assignment3.sdk/design_1_wrapper_hw_platform_0/ps7_init.tcl
targets -set -nocase -filter {name =~"APU*" && jtag_cable_name =~ "Digilent Zybo 210279A6A5D1A"} -index 0
loadhw -hw C:/Users/titas/source/repos/-EmbeddedRealTimeSystems-/Assignment_2/Exercise_3/Assignment3/Assignment3.sdk/design_1_wrapper_hw_platform_0/system.hdf -mem-ranges [list {0x40000000 0xbfffffff}]
configparams force-mem-access 1
targets -set -nocase -filter {name =~"APU*" && jtag_cable_name =~ "Digilent Zybo 210279A6A5D1A"} -index 0
stop
ps7_init
ps7_post_config
targets -set -nocase -filter {name =~ "ARM*#0" && jtag_cable_name =~ "Digilent Zybo 210279A6A5D1A"} -index 0
rst -processor
targets -set -nocase -filter {name =~ "ARM*#0" && jtag_cable_name =~ "Digilent Zybo 210279A6A5D1A"} -index 0
dow C:/Users/titas/source/repos/-EmbeddedRealTimeSystems-/Assignment_2/Exercise_3/Assignment3/Assignment3.sdk/Assignment3/Debug/Assignment3.elf
configparams force-mem-access 0
----------------End of Script----------------

14:52:04 INFO  : Context for processor 'ps7_cortexa9_0' is selected.
14:52:04 INFO  : 'con' command is executed.
14:52:04 INFO  : ----------------XSDB Script (After Launch)----------------
targets -set -nocase -filter {name =~ "ARM*#0" && jtag_cable_name =~ "Digilent Zybo 210279A6A5D1A"} -index 0
con
----------------End of Script----------------

14:52:04 INFO  : Disconnected from the channel tcfchan#3.
14:52:23 INFO  : 'targets -set -filter {jtag_cable_name =~ "Digilent Zybo 210279A6A5D1A" && level==0} -index 1' command is executed.
14:52:23 INFO  : 'fpga -state' command is executed.
14:52:23 INFO  : Connected to target on host '127.0.0.1' and port '3121'.
14:52:24 INFO  : Jtag cable 'Digilent Zybo 210279A6A5D1A' is selected.
14:52:24 INFO  : 'jtag frequency' command is executed.
14:52:24 INFO  : Sourcing of 'C:/Users/titas/source/repos/-EmbeddedRealTimeSystems-/Assignment_2/Exercise_3/Assignment3/Assignment3.sdk/design_1_wrapper_hw_platform_0/ps7_init.tcl' is done.
