

================================================================
== Vivado HLS Report for 'Advios_LedControl'
================================================================
* Date:           Tue Oct  9 16:09:36 2018

* Version:        2017.2 (Build 1909853 on Thu Jun 15 18:55:24 MDT 2017)
* Project:        Advisio
* Solution:       solution1
* Product family: zynq
* Target device:  xc7z010clg400-1


================================================================
== Performance Estimates
================================================================
+ Timing (ns): 
    * Summary: 
    +--------+-------+----------+------------+
    |  Clock | Target| Estimated| Uncertainty|
    +--------+-------+----------+------------+
    |ap_clk  |  10.00|      3.94|        1.25|
    +--------+-------+----------+------------+

+ Latency (clock cycles): 
    * Summary: 
    +-----+-----+-----+-----+---------+
    |  Latency  |  Interval | Pipeline|
    | min | max | min | max |   Type  |
    +-----+-----+-----+-----+---------+
    |    2|    2|    2|    2|   none  |
    +-----+-----+-----+-----+---------+

    + Detail: 
        * Instance: 
        N/A

        * Loop: 
        +----------+-----+-----+----------+-----------+-----------+------+----------+
        |          |  Latency  | Iteration|  Initiation Interval  | Trip |          |
        | Loop Name| min | max |  Latency |  achieved |   target  | Count| Pipelined|
        +----------+-----+-----+----------+-----------+-----------+------+----------+
        |- Loop 1  |    1|    1|         1|          -|          -|  inf |    no    |
        +----------+-----+-----+----------+-----------+-----------+------+----------+

============================================================
+ Verbose Summary: Synthesis Manager
============================================================
InlineROM: 1
ExposeGlobal: 0
============================================================
+ Verbose Summary: CDFG Model
============================================================
IsTopModel: 0
ResetActiveHigh: 1
IsCombinational: 0
IsDatapathOnly: 0
HasWiredReturn: 0
HasMFsm: 0
HasVarLatency: 1
IsPipeline: 0
IsRtlPipelined: 0
IsInstanceOverlapped: 0
IsDontTouch: 0
HasImplIP: 0
IsGatedGlobalClock: 0


============================================================
+ Verbose Summary: Schedule
============================================================
* Number of FSM states: 2
* Pipeline: 0
* Dataflow Pipeline: 0

* FSM state transitions: 
1 --> 
	2  / true
2 --> 
	2  / true
* FSM state operations: 

 <State 1>: 0.00ns
ST_1: StgValue_3 (9)  [1/1] 0.00ns
codeRepl:0  call void (...)* @_ssdm_op_SpecBitsMap(i1* %clk), !map !158

ST_1: StgValue_4 (10)  [1/1] 0.00ns
codeRepl:1  call void (...)* @_ssdm_op_SpecBitsMap(i1* %clk_sc_in), !map !162

ST_1: StgValue_5 (11)  [1/1] 0.00ns
codeRepl:2  call void (...)* @_ssdm_op_SpecBitsMap(i1* %clk_sc_out), !map !166

ST_1: StgValue_6 (12)  [1/1] 0.00ns
codeRepl:3  call void (...)* @_ssdm_op_SpecBitsMap(i1* %reset), !map !170

ST_1: StgValue_7 (13)  [1/1] 0.00ns
codeRepl:4  call void (...)* @_ssdm_op_SpecBitsMap(i4* %ctrl), !map !174

ST_1: StgValue_8 (14)  [1/1] 0.00ns
codeRepl:5  call void (...)* @_ssdm_op_SpecBitsMap(i4* %inSwitch), !map !178

ST_1: StgValue_9 (15)  [1/1] 0.00ns
codeRepl:6  call void (...)* @_ssdm_op_SpecBitsMap(i4* %outLeds), !map !182

ST_1: StgValue_10 (16)  [1/1] 0.00ns  loc: Advisio/Advios.cpp:24
codeRepl:7  call void (...)* @_ssdm_op_SpecPort([7 x i8]* @p_str2, i32 0, [7 x i8]* @p_str1, [4 x i8]* @p_str23, i32 0, i32 0, i1* %clk) nounwind

ST_1: StgValue_11 (17)  [1/1] 0.00ns  loc: Advisio/Advios.cpp:25
codeRepl:8  call void (...)* @_ssdm_op_SpecPort([7 x i8]* @p_str2, i32 0, [7 x i8]* @p_str1, [10 x i8]* @p_str34, i32 0, i32 0, i1* %clk_sc_in) nounwind

ST_1: StgValue_12 (18)  [1/1] 0.00ns  loc: Advisio/Advios.cpp:26
codeRepl:9  call void (...)* @_ssdm_op_SpecPort([7 x i8]* @p_str2, i32 1, [7 x i8]* @p_str1, [11 x i8]* @p_str45, i32 0, i32 0, i1* %clk_sc_out) nounwind

ST_1: StgValue_13 (19)  [1/1] 0.00ns  loc: Advisio/Advios.cpp:27
codeRepl:10  call void (...)* @_ssdm_op_SpecPort([7 x i8]* @p_str2, i32 0, [7 x i8]* @p_str1, [6 x i8]* @p_str56, i32 0, i32 0, i1* %reset) nounwind

ST_1: StgValue_14 (20)  [1/1] 0.00ns  loc: Advisio/Advios.cpp:28
codeRepl:11  call void (...)* @_ssdm_op_SpecPort([7 x i8]* @p_str2, i32 0, [13 x i8]* @p_str67, [5 x i8]* @p_str78, i32 0, i32 0, i4* %ctrl) nounwind

ST_1: StgValue_15 (21)  [1/1] 0.00ns  loc: Advisio/Advios.cpp:29
codeRepl:12  call void (...)* @_ssdm_op_SpecPort([7 x i8]* @p_str2, i32 0, [13 x i8]* @p_str67, [9 x i8]* @p_str89, i32 0, i32 0, i4* %inSwitch) nounwind

ST_1: StgValue_16 (22)  [1/1] 0.00ns  loc: Advisio/Advios.cpp:30
codeRepl:13  call void (...)* @_ssdm_op_SpecPort([7 x i8]* @p_str2, i32 1, [13 x i8]* @p_str67, [8 x i8]* @p_str910, i32 0, i32 0, i4* %outLeds) nounwind

ST_1: StgValue_17 (23)  [1/1] 0.00ns  loc: Advisio/Advios.cpp:31
codeRepl:14  call void (...)* @_ssdm_op_SpecProcessDef([7 x i8]* @p_str2, i32 2, [11 x i8]* @p_str1415) nounwind

ST_1: tmp_4 (24)  [1/1] 0.00ns  loc: Advisio/Advios.cpp:31
codeRepl:15  %tmp_4 = call i32 (...)* @_ssdm_op_SpecRegionBegin([15 x i8]* @p_str1112)

ST_1: StgValue_19 (25)  [1/1] 0.00ns  loc: Advisio/Advios.cpp:31
codeRepl:16  call void (...)* @_ssdm_op_SpecProtocol(i32 1, [1 x i8]* @p_str1213) nounwind

ST_1: p_ssdm_reset_v (26)  [1/1] 0.00ns  loc: Advisio/Advios.cpp:31
codeRepl:17  %p_ssdm_reset_v = call i32 (...)* @_ssdm_op_SpecStateBegin(i32 0, i32 0, i32 1) nounwind

ST_1: StgValue_21 (27)  [1/1] 0.00ns  loc: Advisio/Advios.cpp:25
codeRepl:18  call void (...)* @_ssdm_op_SpecIFCore(i4* %ctrl, [1 x i8]* @p_str1213, [10 x i8]* @p_str1516, [1 x i8]* @p_str1213, i32 -1, [1 x i8]* @p_str1213, [1 x i8]* @p_str1213, [1 x i8]* @p_str1213, [1 x i8]* @p_str1213, [17 x i8]* @p_str1617)

ST_1: empty (28)  [1/1] 0.00ns  loc: Advisio/Advios.cpp:29
codeRepl:19  %empty = call i32 (...)* @_ssdm_op_SpecStateEnd(i32 %p_ssdm_reset_v) nounwind

ST_1: empty_3 (29)  [1/1] 0.00ns  loc: Advisio/Advios.cpp:29
codeRepl:20  %empty_3 = call i32 (...)* @_ssdm_op_SpecRegionEnd([15 x i8]* @p_str1112, i32 %tmp_4)

ST_1: StgValue_24 (30)  [1/1] 0.00ns  loc: Advisio/Advios.cpp:29
codeRepl:21  br label %0


 <State 2>: 3.94ns
ST_2: val_V (32)  [1/1] 0.00ns  loc: Advisio/Advios.cpp:32
:0  %val_V = call i4 @_ssdm_op_Read.ap_auto.volatile.i4P(i4* %ctrl)

ST_2: val_V_1 (33)  [1/1] 0.00ns  loc: Advisio/Advios.cpp:33
:1  %val_V_1 = call i4 @_ssdm_op_Read.ap_auto.volatile.i4P(i4* %inSwitch)

ST_2: tmp (34)  [1/1] 3.10ns  loc: Advisio/Advios.cpp:34
:2  %tmp = icmp eq i4 %val_V, 0

ST_2: StgValue_28 (35)  [1/1] 0.00ns  loc: Advisio/Advios.cpp:34
:3  br i1 %tmp, label %1, label %5

ST_2: r_V (37)  [1/1] 2.07ns  loc: Advisio/Advios.cpp:49
:0  %r_V = and i4 %val_V_1, %val_V

ST_2: StgValue_30 (38)  [1/1] 0.00ns  loc: Advisio/Advios.cpp:49
:1  call void @_ssdm_op_Write.ap_auto.volatile.i4P(i4* %outLeds, i4 %r_V)

ST_2: StgValue_31 (39)  [1/1] 0.00ns
:2  br label %_ZN7_ap_sc_7sc_core4waitEi.exit

ST_2: tmp_3 (41)  [1/1] 3.10ns  loc: Advisio/Advios.cpp:36
:0  %tmp_3 = icmp eq i4 %val_V_1, -8

ST_2: StgValue_33 (42)  [1/1] 0.00ns  loc: Advisio/Advios.cpp:36
:1  br i1 %tmp_3, label %2, label %3

ST_2: counter_V_load (44)  [1/1] 0.00ns  loc: Advisio/Advios.cpp:43
:0  %counter_V_load = load i4* @counter_V, align 1

ST_2: v_V_1 (45)  [1/1] 2.35ns  loc: Advisio/Advios.cpp:43
:1  %v_V_1 = add i4 %counter_V_load, 1

ST_2: StgValue_36 (46)  [1/1] 1.59ns  loc: Advisio/Advios.cpp:43
:2  store i4 %v_V_1, i4* @counter_V, align 1

ST_2: StgValue_37 (47)  [1/1] 0.00ns  loc: Advisio/Advios.cpp:44
:3  call void @_ssdm_op_Write.ap_auto.volatile.i4P(i4* %outLeds, i4 %v_V_1)

ST_2: StgValue_38 (48)  [1/1] 0.00ns
:4  br label %4

ST_2: StgValue_39 (50)  [1/1] 1.59ns  loc: Advisio/Advios.cpp:38
:0  store i4 0, i4* @counter_V, align 1

ST_2: StgValue_40 (51)  [1/1] 0.00ns  loc: Advisio/Advios.cpp:39
:1  call void @_ssdm_op_Write.ap_auto.volatile.i4P(i4* %outLeds, i4 0)

ST_2: StgValue_41 (52)  [1/1] 0.00ns  loc: Advisio/Advios.cpp:40
:2  br label %4

ST_2: StgValue_42 (54)  [1/1] 0.00ns  loc: Advisio/Advios.cpp:46
:0  br label %_ZN7_ap_sc_7sc_core4waitEi.exit

ST_2: StgValue_43 (56)  [1/1] 0.00ns  loc: Advisio/Advios.cpp:51
_ZN7_ap_sc_7sc_core4waitEi.exit:0  call void (...)* @_ssdm_op_Wait(i32 1) nounwind

ST_2: StgValue_44 (57)  [1/1] 0.00ns  loc: Advisio/Advios.cpp:52
_ZN7_ap_sc_7sc_core4waitEi.exit:1  br label %0



============================================================
+ Verbose Summary: Timing violations
============================================================
Target clock period: 10ns, clock uncertainty: 1.25ns.

 <State 1>: 0ns
The critical path consists of the following:

 <State 2>: 3.94ns
The critical path consists of the following:
	'load' operation ('counter_V_load', Advisio/Advios.cpp:43) on static variable 'counter_V' [44]  (0 ns)
	'add' operation ('v.V', Advisio/Advios.cpp:43) [45]  (2.35 ns)
	'store' operation (Advisio/Advios.cpp:43) of variable 'v.V', Advisio/Advios.cpp:43 on static variable 'counter_V' [46]  (1.59 ns)


============================================================
+ Verbose Summary: Binding
============================================================
N/A
* FSMD analyzer results:
  - Output states:
 - Input state : 
  - Chain level:
	State 1
	State 2


============================================================
+ Verbose Summary: Datapath Resource usage 
============================================================
N/A
