INFO: [HLS 200-0] Workspace C:/Users/titas/source/repos/-EmbeddedRealTimeSystems-/Assignment2/Exsercise7_3/ip_repo/Advisio/solution1 opened at Tue Oct 09 16:08:19 +0200 2018
INFO: [HLS 200-100] Execute     config_clock -quiet -name default -period 10 -default=false 
INFO: [SYN 201-201] Setting up clock 'default' with a period of 10ns.
INFO: [HLS 200-100] Command     config_clock returned 0; 0 sec.
INFO: [HLS 200-100] Execute     open_platform DefaultPlatform 
INFO: [HLS 200-100] Command     open_platform returned 0; 0 sec.
INFO: [HLS 200-100] Execute     import_lib C:/Xilinx/Vivado_HLS/2017.2/common/technology/xilinx/zynq/zynq 
INFO: [HLS 200-100] Execute       source C:/Xilinx/Vivado_HLS/2017.2/common/technology/xilinx/common/xilinx.lib 
INFO: [HLS 200-100] Execute         source C:/Xilinx/Vivado_HLS/2017.2/common/technology/xilinx/interface/xilinx_interface.lib 
INFO: [HLS 200-100] Execute           source C:/Xilinx/Vivado_HLS/2017.2/common/technology/xilinx/interface/plb46.lib 
INFO: [HLS 200-100] Command           ap_source returned 0; 0.001 sec.
INFO: [HLS 200-100] Execute           source C:/Xilinx/Vivado_HLS/2017.2/common/technology/xilinx/interface/fsl.lib 
INFO: [HLS 200-100] Command           ap_source returned 0; 0 sec.
INFO: [HLS 200-100] Execute           source C:/Xilinx/Vivado_HLS/2017.2/common/technology/xilinx/interface/axi4.lib 
INFO: [HLS 200-100] Command           ap_source returned 0; 0.001 sec.
INFO: [HLS 200-100] Execute           source C:/Xilinx/Vivado_HLS/2017.2/common/technology/xilinx/interface/maxi.lib 
INFO: [HLS 200-100] Command           ap_source returned 0; 0 sec.
INFO: [HLS 200-100] Execute           source C:/Xilinx/Vivado_HLS/2017.2/common/technology/xilinx/interface/saxilite.lib 
INFO: [HLS 200-100] Command           ap_source returned 0; 0 sec.
INFO: [HLS 200-100] Command         ap_source returned 0; 0.004 sec.
INFO: [HLS 200-100] Execute         source C:/Xilinx/Vivado_HLS/2017.2/common/technology/xilinx/common/dsp48.lib 
INFO: [HLS 200-100] Command         ap_source returned 0; 0 sec.
INFO: [HLS 200-100] Execute         source C:/Xilinx/Vivado_HLS/2017.2/common/technology/xilinx/ip/dds_compiler.lib 
INFO: [HLS 200-100] Command         ap_source returned 0; 0 sec.
INFO: [HLS 200-100] Execute         source C:/Xilinx/Vivado_HLS/2017.2/common/technology/xilinx/ip/xfft.lib 
INFO: [HLS 200-100] Command         ap_source returned 0; 0 sec.
INFO: [HLS 200-100] Execute         source C:/Xilinx/Vivado_HLS/2017.2/common/technology/xilinx/ip/xfir.lib 
INFO: [HLS 200-100] Command         ap_source returned 0; 0 sec.
INFO: [HLS 200-100] Command       ap_source returned 0; 0.009 sec.
INFO: [HLS 200-100] Execute       source C:/Xilinx/Vivado_HLS/2017.2/common/technology/xilinx/common/xilinx_old.lib 
INFO: [HLS 200-100] Command       ap_source returned 0; 0.001 sec.
INFO: [HLS 200-100] Execute       source C:/Xilinx/Vivado_HLS/2017.2/common/technology/xilinx/common/xilinx_vivado.lib 
INFO: [HLS 200-100] Command       ap_source returned 0; 0.001 sec.
INFO: [HLS 200-100] Execute       source C:/Xilinx/Vivado_HLS/2017.2/common/technology/xilinx/common/xilinx.hlp 
INFO: [HLS 200-100] Execute         source C:/Xilinx/Vivado_HLS/2017.2/common/technology/xilinx/common/target_info.tcl 
INFO: [HLS 200-100] Command         ap_source returned 0; 0.002 sec.
INFO: [HLS 200-100] Execute         source C:/Xilinx/Vivado_HLS/2017.2/common/technology/xilinx/interface/xilinx_interface.hlp 
INFO: [HLS 200-100] Execute           source C:/Xilinx/Vivado_HLS/2017.2/common/technology/xilinx/interface/maxi.hlp 
INFO: [HLS 200-100] Command           ap_source returned 0; 0 sec.
INFO: [HLS 200-100] Execute           source C:/Xilinx/Vivado_HLS/2017.2/common/technology/xilinx/interface/saxilite.hlp 
INFO: [HLS 200-100] Command           ap_source returned 0; 0 sec.
INFO: [HLS 200-100] Command         ap_source returned 0; 0.001 sec.
INFO: [HLS 200-100] Execute         source C:/Xilinx/Vivado_HLS/2017.2/common/technology/xilinx/common/dsp48.hlp 
INFO: [HLS 200-100] Command         ap_source returned 0; 0.002 sec.
INFO: [HLS 200-100] Command       ap_source returned 0; 0.006 sec.
INFO: [HLS 200-100] Execute       source C:/Xilinx/Vivado_HLS/2017.2/common/technology/xilinx/zynq/dsp48e1.hlp 
INFO: [HLS 200-100] Command       ap_source returned 0; 0 sec.
INFO: [HLS 200-100] Execute       get_default_platform 
INFO: [HLS 200-100] Command       get_default_platform returned 0; 0 sec.
INFO: [HLS 200-100] Execute       config_chip_info -quiet -resource  {SLICE 13300}  {LUT 53200}     {FF 106400} {DSP48E 220}   {BRAM 280}  
INFO: [HLS 200-100] Command       config_chip_info returned 0; 0 sec.
INFO: [HLS 200-100] Execute       config_chip_info -quiet -speed medium 
INFO: [HLS 200-100] Command       config_chip_info returned 0; 0 sec.
INFO: [HLS 200-100] Execute       source C:/Xilinx/Vivado_HLS/2017.2/common/technology/xilinx/common/xilinx.hlp 
INFO: [HLS 200-100] Execute         source C:/Xilinx/Vivado_HLS/2017.2/common/technology/xilinx/common/target_info.tcl 
INFO: [HLS 200-100] Command         ap_source returned 0; 0.002 sec.
INFO: [HLS 200-100] Execute         source C:/Xilinx/Vivado_HLS/2017.2/common/technology/xilinx/interface/xilinx_interface.hlp 
INFO: [HLS 200-100] Execute           source C:/Xilinx/Vivado_HLS/2017.2/common/technology/xilinx/interface/maxi.hlp 
INFO: [HLS 200-100] Command           ap_source returned 0; 0 sec.
INFO: [HLS 200-100] Execute           source C:/Xilinx/Vivado_HLS/2017.2/common/technology/xilinx/interface/saxilite.hlp 
INFO: [HLS 200-100] Command           ap_source returned 0; 0 sec.
INFO: [HLS 200-100] Command         ap_source returned 0; 0.001 sec.
INFO: [HLS 200-100] Execute         source C:/Xilinx/Vivado_HLS/2017.2/common/technology/xilinx/common/dsp48.hlp 
INFO: [HLS 200-100] Command         ap_source returned 0; 0.001 sec.
INFO: [HLS 200-100] Command       ap_source returned 0; 0.005 sec.
INFO: [HLS 200-100] Command     import_lib returned 0; 0.029 sec.
INFO: [HLS 200-100] Execute     source C:/Xilinx/Vivado_HLS/2017.2/common/technology/xilinx/zynq/zynq.gen 
INFO: [HLS 200-100] Execute       source C:/Xilinx/Vivado_HLS/2017.2/common/technology/xilinx/common/virtex.gen 
INFO: [HLS 200-100] Execute         source C:/Xilinx/Vivado_HLS/2017.2/common/technology/xilinx/common/xilinx.gen 
INFO: [HLS 200-100] Execute           source C:/Xilinx/Vivado_HLS/2017.2/common/technology/xilinx/interface/plb46.gen 
INFO: [HLS 200-100] Command           ap_source returned 0; 0.001 sec.
INFO: [HLS 200-100] Execute           source C:/Xilinx/Vivado_HLS/2017.2/common/technology/xilinx/interface/fsl.gen 
INFO: [HLS 200-100] Command           ap_source returned 0; 0 sec.
INFO: [HLS 200-100] Execute           source C:/Xilinx/Vivado_HLS/2017.2/common/technology/xilinx/interface/axi4.gen 
INFO: [HLS 200-100] Command           ap_source returned 0; 0.002 sec.
INFO: [HLS 200-100] Execute           source C:/Xilinx/Vivado_HLS/2017.2/common/technology/xilinx/interface/nativeAXI4.gen 
INFO: [HLS 200-100] Execute             source C:/Xilinx/Vivado_HLS/2017.2/common/technology/xilinx/interface/saxilite.gen 
INFO: [HLS 200-100] Command             ap_source returned 0; 0.003 sec.
INFO: [HLS 200-100] Execute             source C:/Xilinx/Vivado_HLS/2017.2/common/technology/xilinx/interface/maxi.gen 
INFO: [HLS 200-100] Command             ap_source returned 0; 0.008 sec.
INFO: [HLS 200-100] Command           ap_source returned 0; 0.013 sec.
INFO: [HLS 200-100] Execute           source C:/Xilinx/Vivado_HLS/2017.2/common/technology/xilinx/scripts/xilinxcoregen.gen 
INFO: [HLS 200-100] Command           ap_source returned 0; 0.01 sec.
INFO: [HLS 200-100] Execute           source C:/Xilinx/Vivado_HLS/2017.2/common/technology/xilinx/interface/XilEDKCoreGen.gen 
INFO: [HLS 200-100] Command           ap_source returned 0; 0.008 sec.
INFO: [HLS 200-100] Execute           source C:/Xilinx/Vivado_HLS/2017.2/common/technology/xilinx/ip/dds_compiler.gen 
INFO: [HLS 200-100] Command           ap_source returned 0; 0.003 sec.
INFO: [HLS 200-100] Execute           source C:/Xilinx/Vivado_HLS/2017.2/common/technology/xilinx/ip/util.gen 
INFO: [HLS 200-100] Command           ap_source returned 0; 0.001 sec.
INFO: [HLS 200-100] Execute           source C:/Xilinx/Vivado_HLS/2017.2/common/technology/xilinx/ip/xfft.gen 
INFO: [HLS 200-100] Command           ap_source returned 0; 0.097 sec.
INFO: [HLS 200-100] Execute           source C:/Xilinx/Vivado_HLS/2017.2/common/technology/xilinx/ip/xfir.gen 
INFO: [HLS 200-100] Command           ap_source returned 0; 0.001 sec.
INFO: [HLS 200-100] Command         ap_source returned 0; 0.14 sec.
INFO: [HLS 200-100] Execute         source C:/Xilinx/Vivado_HLS/2017.2/common/technology/xilinx/common/dsp48.gen 
INFO: [HLS 200-100] Command         ap_source returned 0; 0 sec.
INFO: [HLS 200-100] Command       ap_source returned 0; 0.142 sec.
INFO: [HLS 200-100] Command     ap_source returned 0; 0.142 sec.
INFO: [HLS 200-100] Execute     open_platform DefaultPlatform 
INFO: [HLS 200-100] Command     open_platform returned 0; 0 sec.
INFO: [HLS 200-100] Execute     import_lib C:/Xilinx/Vivado_HLS/2017.2/common/technology/xilinx/zynq/zynq_fpv6 
INFO: [HLS 200-100] Execute       source C:/Xilinx/Vivado_HLS/2017.2/common/technology/xilinx/common/xilinx_fpv7.lib 
INFO: [HLS 200-100] Execute         source C:/Xilinx/Vivado_HLS/2017.2/common/technology/xilinx/common/xilinx_hp.lib 
INFO: [HLS 200-100] Command         ap_source returned 0; 0.001 sec.
INFO: [HLS 200-100] Command       ap_source returned 0; 0.004 sec.
INFO: [HLS 200-100] Execute       source C:/Xilinx/Vivado_HLS/2017.2/common/technology/xilinx/common/xilinx_fpv.hlp 
INFO: [HLS 200-100] Execute         source C:/Xilinx/Vivado_HLS/2017.2/common/technology/xilinx/common/xilinx.hlp 
INFO: [HLS 200-100] Execute           source C:/Xilinx/Vivado_HLS/2017.2/common/technology/xilinx/common/target_info.tcl 
INFO: [HLS 200-100] Command           ap_source returned 0; 0.002 sec.
INFO: [HLS 200-100] Execute           source C:/Xilinx/Vivado_HLS/2017.2/common/technology/xilinx/interface/xilinx_interface.hlp 
INFO: [HLS 200-100] Execute             source C:/Xilinx/Vivado_HLS/2017.2/common/technology/xilinx/interface/maxi.hlp 
INFO: [HLS 200-100] Command             ap_source returned 0; 0.001 sec.
INFO: [HLS 200-100] Execute             source C:/Xilinx/Vivado_HLS/2017.2/common/technology/xilinx/interface/saxilite.hlp 
INFO: [HLS 200-100] Command             ap_source returned 0; 0 sec.
INFO: [HLS 200-100] Command           ap_source returned 0; 0.001 sec.
INFO: [HLS 200-100] Execute           source C:/Xilinx/Vivado_HLS/2017.2/common/technology/xilinx/common/dsp48.hlp 
INFO: [HLS 200-100] Command           ap_source returned 0; 0 sec.
INFO: [HLS 200-100] Command         ap_source returned 0; 0.005 sec.
INFO: [HLS 200-100] Command       ap_source returned 0; 0.006 sec.
INFO: [HLS 200-100] Execute       source C:/Xilinx/Vivado_HLS/2017.2/common/technology/xilinx/zynq/zynq_hp.hlp 
INFO: [HLS 200-100] Command       ap_source returned 0; 0.002 sec.
INFO: [HLS 200-100] Command     import_lib returned 0; 0.023 sec.
INFO: [HLS 200-100] Execute     source C:/Xilinx/Vivado_HLS/2017.2/common/technology/xilinx/zynq/zynq_fpv6.gen 
INFO: [HLS 200-100] Execute       source C:/Xilinx/Vivado_HLS/2017.2/common/technology/xilinx/common/xilinx_fpv6.gen 
INFO: [HLS 200-100] Command       ap_source returned 0; 0.002 sec.
INFO: [HLS 200-100] Command     ap_source returned 0; 0.002 sec.
INFO: [HLS 200-100] Execute     set_part xc7z010clg400-1 
INFO: [HLS 200-100] Execute       add_library xilinx/zynq/zynq:xc7z010:clg400:-1 
INFO: [HLS 200-100] Execute         get_default_platform 
INFO: [HLS 200-100] Command         get_default_platform returned 0; 0 sec.
INFO: [HLS 200-100] Execute         license_isbetapart xc7z010 
INFO: [HLS 200-100] Command         license_isbetapart returned 1; 0.02 sec.
INFO: [HLS 200-100] Execute         get_default_platform 
INFO: [HLS 200-100] Command         get_default_platform returned 0; 0 sec.
INFO: [HLS 200-100] Execute         config_chip_info -quiet -resource  {SLICE 4400}   {LUT 17600}     {FF 35200}  {DSP48E 80}    {BRAM 120}  
INFO: [HLS 200-100] Command         config_chip_info returned 0; 0 sec.
INFO: [HLS 200-100] Execute         config_chip_info -quiet -speed slow 
INFO: [HLS 200-100] Command         config_chip_info returned 0; 0 sec.
INFO: [HLS 200-100] Command       add_library returned 0; 0.024 sec.
INFO: [HLS 200-100] Execute       add_library xilinx/zynq/zynq_fpv6 
INFO: [HLS 200-100] Execute         get_default_platform 
INFO: [HLS 200-100] Command         get_default_platform returned 0; 0 sec.
INFO: [HLS 200-100] Command       add_library returned 0; 0.002 sec.
INFO: [HLS 200-10] Setting target device to 'xc7z010clg400-1'
INFO: [HLS 200-100] Execute       get_default_platform 
INFO: [HLS 200-100] Command       get_default_platform returned 0; 0 sec.
INFO: [HLS 200-100] Command     set_part returned 0; 0.08 sec.
INFO: [HLS 200-100] Execute     get_default_platform 
INFO: [HLS 200-100] Command     get_default_platform returned 0; 0 sec.
INFO: [HLS 200-100] Execute     config_chip_info -quiet -resource  {SLICE 4400}   {LUT 17600}     {FF 35200}  {DSP48E 80}    {BRAM 120}  
INFO: [HLS 200-100] Command     config_chip_info returned 0; 0 sec.
INFO: [HLS 200-100] Execute     config_chip_info -quiet -speed slow 
INFO: [HLS 200-100] Command     config_chip_info returned 0; 0 sec.
INFO: [HLS 200-100] Command   open_solution returned 0; 0.298 sec.
INFO: [HLS 200-100] Execute   set_part xc7z010clg400-1 -tool vivado 
INFO: [HLS 200-100] Execute     add_library xilinx/zynq/zynq:xc7z010:clg400:-1 
INFO: [HLS 200-100] Execute       get_default_platform 
INFO: [HLS 200-100] Command       get_default_platform returned 0; 0 sec.
INFO: [HLS 200-100] Execute       license_isbetapart xc7z010 
INFO: [HLS 200-100] Command       license_isbetapart returned 1; 0 sec.
INFO: [HLS 200-100] Execute       get_default_platform 
INFO: [HLS 200-100] Command       get_default_platform returned 0; 0 sec.
INFO: [HLS 200-100] Execute       config_chip_info -quiet -resource  {SLICE 4400}   {LUT 17600}     {FF 35200}  {DSP48E 80}    {BRAM 120}  
INFO: [HLS 200-100] Command       config_chip_info returned 0; 0 sec.
INFO: [HLS 200-100] Execute       config_chip_info -quiet -speed slow 
INFO: [HLS 200-100] Command       config_chip_info returned 0; 0 sec.
INFO: [HLS 200-100] Command     add_library returned 0; 0.004 sec.
INFO: [HLS 200-100] Execute     add_library xilinx/zynq/zynq_fpv6 
INFO: [HLS 200-100] Execute       get_default_platform 
INFO: [HLS 200-100] Command       get_default_platform returned 0; 0 sec.
INFO: [HLS 200-100] Command     add_library returned 0; 0.002 sec.
INFO: [HLS 200-100] Execute     get_default_platform 
INFO: [HLS 200-100] Command     get_default_platform returned 0; 0 sec.
INFO: [HLS 200-100] Command   set_part returned 0; 0.047 sec.
INFO: [HLS 200-100] Execute   create_clock -period 10 -name default 
INFO: [HLS 200-100] Execute     config_clock -quiet -name default -period 10 -default=false 
INFO: [SYN 201-201] Setting up clock 'default' with a period of 10ns.
INFO: [HLS 200-100] Command     config_clock returned 0; 0 sec.
INFO: [HLS 200-100] Command   create_clock returned 0; 0.002 sec.
INFO: [HLS 200-100] Execute   csynth_design 
INFO: [HLS 200-100] Execute     elaborate -effort=medium -skip_syncheck=0 -keep_printf=0 -lm=0 -skip_cdt=0 -skip_transform=0 -ng=0 -g=0 -opt_fp=0 
INFO: [HLS 200-10] Analyzing design file 'Advisio/Top.cpp' ... 
INFO: [HLS 200-0] Compiling one TU...
INFO: [HLS 200-100] Execute       is_m_axi_addr64 
INFO: [HLS 200-100] Command       is_m_axi_addr64 returned 0; 0 sec.
INFO: [HLS 200-0] Handling Advisio/Top.cpp as C++
INFO: [HLS 200-0] Syntax Checking before pre-processing...
INFO: [HLS 200-100] Execute       clang  -fno-limit-debug-info -gcc-toolchain "C:/Xilinx/Vivado_HLS/2017.2/msys" -hls    -fno-math-errno -c -emit-llvm -O0  -mllvm -disable-llvm-optzns -fno-threadsafe-statics  -fno-use-cxa-atexit  -fno-threadsafe-statics -fno-use-cxa-atexit -D__CLANG_3_1__ -D__cdecl=   -I "C:/Xilinx/Vivado_HLS/2017.2/win64/tools/systemc/include" -I "C:/Xilinx/Vivado_HLS/2017.2/include" -I "C:/Xilinx/Vivado_HLS/2017.2/include/ap_sysc" -fexceptions -I "C:/Xilinx/Vivado_HLS/2017.2/common/technology/autopilot" -include etc/autopilot_ssdm_op.h "Advisio/Top.cpp"  -o "C:/Users/titas/source/repos/-EmbeddedRealTimeSystems-/Assignment2/Exsercise7_3/ip_repo/Advisio/solution1/.autopilot/db/Top.pp.00.o" 
INFO: [HLS 200-0] exec clang -fno-limit-debug-info -gcc-toolchain C:/Xilinx/Vivado_HLS/2017.2/msys -hls -fno-math-errno -c -emit-llvm -O0 -mllvm -disable-llvm-optzns -fno-threadsafe-statics -fno-use-cxa-atexit -fno-threadsafe-statics -fno-use-cxa-atexit -D__CLANG_3_1__ -D__cdecl= -I C:/Xilinx/Vivado_HLS/2017.2/win64/tools/systemc/include -I C:/Xilinx/Vivado_HLS/2017.2/include -I C:/Xilinx/Vivado_HLS/2017.2/include/ap_sysc -fexceptions -I C:/Xilinx/Vivado_HLS/2017.2/common/technology/autopilot -include etc/autopilot_ssdm_op.h Advisio/Top.cpp -o C:/Users/titas/source/repos/-EmbeddedRealTimeSystems-/Assignment2/Exsercise7_3/ip_repo/Advisio/solution1/.autopilot/db/Top.pp.00.o
INFO: [HLS 200-100] Command       clang returned 0; 0.688 sec.
INFO: [HLS 200-100] Execute       is_encrypted C:/Users/titas/source/repos/-EmbeddedRealTimeSystems-/Assignment2/Exsercise7_3/ip_repo/Advisio/solution1/.autopilot/db/Top.pp.00.o 
INFO: [HLS 200-100] Command       is_encrypted returned 0; 0 sec.
INFO: [HLS 200-0] Source preprocessing
INFO: [HLS 200-100] Execute       clang  -fno-limit-debug-info -gcc-toolchain "C:/Xilinx/Vivado_HLS/2017.2/msys" -hls -fno-exceptions  -D__llvm__  -CC -E "Advisio/Top.cpp"     -fno-math-errno -c -emit-llvm -O0  -mllvm -disable-llvm-optzns -fno-threadsafe-statics  -fno-use-cxa-atexit  -fno-threadsafe-statics -fno-use-cxa-atexit -D__CLANG_3_1__ -D__cdecl= -DAESL_SYN -D__SYNTHESIS__ -D__HLS_SYN__ -I "C:/Xilinx/Vivado_HLS/2017.2/common/technology/autopilot" -I "C:/Xilinx/Vivado_HLS/2017.2/common/technology/autopilot/ap_sysc" -include etc/autopilot_ssdm_op.h  -o "C:/Users/titas/source/repos/-EmbeddedRealTimeSystems-/Assignment2/Exsercise7_3/ip_repo/Advisio/solution1/.autopilot/db/Top.pp.0.cpp" 
INFO: [HLS 200-0] exec clang -fno-limit-debug-info -gcc-toolchain C:/Xilinx/Vivado_HLS/2017.2/msys -hls -fno-exceptions -D__llvm__ -CC -E Advisio/Top.cpp -fno-math-errno -c -emit-llvm -O0 -mllvm -disable-llvm-optzns -fno-threadsafe-statics -fno-use-cxa-atexit -fno-threadsafe-statics -fno-use-cxa-atexit -D__CLANG_3_1__ -D__cdecl= -DAESL_SYN -D__SYNTHESIS__ -D__HLS_SYN__ -I C:/Xilinx/Vivado_HLS/2017.2/common/technology/autopilot -I C:/Xilinx/Vivado_HLS/2017.2/common/technology/autopilot/ap_sysc -include etc/autopilot_ssdm_op.h -o C:/Users/titas/source/repos/-EmbeddedRealTimeSystems-/Assignment2/Exsercise7_3/ip_repo/Advisio/solution1/.autopilot/db/Top.pp.0.cpp
INFO: [HLS 200-100] Command       clang returned 0; 0.332 sec.
INFO: [HLS 200-0] GCC PP time: 0 seconds per iteration
INFO: [HLS 200-100] Execute       list_core -type functional_unit 
INFO: [HLS 200-100] Command       list_core returned 0; 0 sec.
INFO: [HLS 200-0] CDT Preprocessing...
INFO: [HLS 200-0] Marker-Pragma convertor: C:/Users/titas/source/repos/-EmbeddedRealTimeSystems-/Assignment2/Exsercise7_3/ip_repo/Advisio/solution1/.autopilot/db/Top.pp.0.cpp C:/Users/titas/source/repos/-EmbeddedRealTimeSystems-/Assignment2/Exsercise7_3/ip_repo/Advisio/solution1/.autopilot/db/Top.pp.0.cpp.ap-line.cpp C:/Users/titas/source/repos/-EmbeddedRealTimeSystems-/Assignment2/Exsercise7_3/ip_repo/Advisio/solution1/.autopilot/db/Top.pp.0.cpp.ap-line.cpp.CXX 1
INFO: [HLS 200-0] Converting Markers to Pragmas...
INFO: [HLS 200-100] Execute       cdt  "C:/Users/titas/source/repos/-EmbeddedRealTimeSystems-/Assignment2/Exsercise7_3/ip_repo/Advisio/solution1/.autopilot/db/Top.pp.0.cpp.ap-line.cpp"  -m "Top" -o "C:/Users/titas/source/repos/-EmbeddedRealTimeSystems-/Assignment2/Exsercise7_3/ip_repo/Advisio/solution1/.autopilot/db/Top.pp.0.cpp.ap-cdt.cpp" --pp --directive C:/Users/titas/source/repos/-EmbeddedRealTimeSystems-/Assignment2/Exsercise7_3/ip_repo/Advisio/solution1/solution1.directive --source C:/Users/titas/source/repos/-EmbeddedRealTimeSystems-/Assignment2/Exsercise7_3/ip_repo/Advisio/Top.cpp --error C:/Users/titas/source/repos/-EmbeddedRealTimeSystems-/Assignment2/Exsercise7_3/ip_repo/Advisio/solution1/.autopilot/db --funcunit "AddSub AddSub_DSP AddSubnS DAddSub_fulldsp DAddSub_nodsp DDiv DExp_fulldsp DExp_meddsp DExp_nodsp DLog_fulldsp DLog_meddsp DLog_nodsp DMul_fulldsp DMul_maxdsp DMul_meddsp DMul_nodsp DRSqrt DRecip DSqrt DivnS FAddSub_fulldsp FAddSub_nodsp FDiv FExp_fulldsp FExp_meddsp FExp_nodsp FLog_fulldsp FLog_meddsp FLog_nodsp FMul_fulldsp FMul_maxdsp FMul_meddsp FMul_nodsp FRSqrt_fulldsp FRSqrt_nodsp FRecip_fulldsp FRecip_nodsp FSqrt HAddSub_fulldsp HAddSub_meddsp HAddSub_nodsp HDiv HMul_fulldsp HMul_maxdsp HMul_nodsp HSqrt Mul Mul2S Mul3S Mul4S Mul5S Mul6S Mul_LUT MulnS MuxnS" --ve --vetcl C:/Users/titas/source/repos/-EmbeddedRealTimeSystems-/Assignment2/Exsercise7_3/ip_repo/Advisio/solution1/.autopilot/db --ca --es --gf --pd --p2d C:/Users/titas/source/repos/-EmbeddedRealTimeSystems-/Assignment2/Exsercise7_3/ip_repo/Advisio/solution1/.autopilot/db --sd --scff C:/Users/titas/source/repos/-EmbeddedRealTimeSystems-/Assignment2/Exsercise7_3/ip_repo/Advisio/solution1/.autopilot/db/.systemc_flag --ad 
INFO: [HLS 200-100] Command       cdt returned 0; 5.682 sec.
INFO: [HLS 200-0] Marker-Pragma convertor: C:/Users/titas/source/repos/-EmbeddedRealTimeSystems-/Assignment2/Exsercise7_3/ip_repo/Advisio/solution1/.autopilot/db/Top.pp.0.cpp.ap-cdt.cpp C:/Users/titas/source/repos/-EmbeddedRealTimeSystems-/Assignment2/Exsercise7_3/ip_repo/Advisio/solution1/.autopilot/db/Top.pragma.0.cpp C:/Users/titas/source/repos/-EmbeddedRealTimeSystems-/Assignment2/Exsercise7_3/ip_repo/Advisio/solution1/.autopilot/db/Top.pragma.0.cpp.ap-line.CXX 0
INFO: [HLS 200-0] Converting Pragmas to Markers...
INFO: [HLS 200-100] Execute       source C:/Users/titas/source/repos/-EmbeddedRealTimeSystems-/Assignment2/Exsercise7_3/ip_repo/Advisio/solution1/.autopilot/db/pragma.status.tcl 
INFO: [HLS 200-100] Command       ap_source returned 0; 0.001 sec.
INFO: [HLS 200-0] Pragma Handling...
INFO: [HLS 200-0] SystemC Checker
INFO: [HLS 200-100] Execute       ap_eval exec clang++ -gcc-toolchain C:/Xilinx/Vivado_HLS/2017.2/msys -hls -DAP_PRE  -I "C:/Xilinx/Vivado_HLS/2017.2/win64/tools/systemc/include" -I "C:/Xilinx/Vivado_HLS/2017.2/include" -I "C:/Xilinx/Vivado_HLS/2017.2/include/ap_sysc" -S "Advisio/Top.cpp" -o C:/Users/titas/source/repos/-EmbeddedRealTimeSystems-/Assignment2/Exsercise7_3/ip_repo/Advisio/solution1/.autopilot/db/Top.pp.00.o 
INFO: [HLS 200-100] Command       ap_eval returned 0; 0.683 sec.
INFO: [HLS 200-0] Marker-Pragma convertor: C:/Users/titas/source/repos/-EmbeddedRealTimeSystems-/Assignment2/Exsercise7_3/ip_repo/Advisio/solution1/.autopilot/db/Top.pragma.1.cpp C:/Users/titas/source/repos/-EmbeddedRealTimeSystems-/Assignment2/Exsercise7_3/ip_repo/Advisio/solution1/.autopilot/db/Top.scpp.0.cpp C:/Users/titas/source/repos/-EmbeddedRealTimeSystems-/Assignment2/Exsercise7_3/ip_repo/Advisio/solution1/.autopilot/db/Top.scpp.0.cpp.line_pre.CXX 1
INFO: [HLS 200-0] Converting Markers to Pragmas...
INFO: [HLS 200-0] SystemC preprocessor
INFO: [HLS 200-100] Execute       ap_eval exec C:/Xilinx/Vivado_HLS/2017.2/tps/win64/jre/bin/java -Xmx512m -classpath "C:/Xilinx/Vivado_HLS/2017.2/lib/classes/org.eclipse.cdt.core_5.0.0.200806171202.jar;C:/Xilinx/Vivado_HLS/2017.2/lib/classes/jargs.jar;C:/Xilinx/Vivado_HLS/2017.2/lib/classes/org.eclipse.core.runtime_3.4.0.v20080512.jar;C:/Xilinx/Vivado_HLS/2017.2/lib/classes/org.eclipse.equinox.common_3.4.0.v20080421-2006.jar;C:/Xilinx/Vivado_HLS/2017.2/lib/classes/autopilot.scelaborator.jar"  autopilot.scelaborator.ScParser  -S "C:/Xilinx/Vivado_HLS/2017.2/common/technology/autopilot/ap_sysc" --force-inline  -o "C:/Users/titas/source/repos/-EmbeddedRealTimeSystems-/Assignment2/Exsercise7_3/ip_repo/Advisio/solution1/.autopilot/db/" "C:/Users/titas/source/repos/-EmbeddedRealTimeSystems-/Assignment2/Exsercise7_3/ip_repo/Advisio/solution1/.autopilot/db/Top.scpp.0.cpp" --mi-suffix=0 -d -t 
INFO: [HLS 200-100] Command       ap_eval returned 1; 25.987 sec.
INFO: [HLS 200-0] Marker-Pragma convertor: C:/Users/titas/source/repos/-EmbeddedRealTimeSystems-/Assignment2/Exsercise7_3/ip_repo/Advisio/solution1/.autopilot/db/Top.scpp.0.cpp.ssdm.cpp C:/Users/titas/source/repos/-EmbeddedRealTimeSystems-/Assignment2/Exsercise7_3/ip_repo/Advisio/solution1/.autopilot/db/Top.scpp.1.cpp C:/Users/titas/source/repos/-EmbeddedRealTimeSystems-/Assignment2/Exsercise7_3/ip_repo/Advisio/solution1/.autopilot/db/Top.scpp.1.cpp.line_post.CXX 0
INFO: [HLS 200-0] Converting Pragmas to Markers...
INFO: [HLS 200-0] Source preprocessing
INFO: [HLS 200-100] Execute       clang  -fno-limit-debug-info -gcc-toolchain "C:/Xilinx/Vivado_HLS/2017.2/msys" -hls -fno-exceptions  -D__llvm__  -CC -E "C:/Users/titas/source/repos/-EmbeddedRealTimeSystems-/Assignment2/Exsercise7_3/ip_repo/Advisio/solution1/.autopilot/db/Top.pragma.1.cpp"     -fno-math-errno -c -emit-llvm -O0  -mllvm -disable-llvm-optzns -fno-threadsafe-statics  -fno-use-cxa-atexit  -fno-threadsafe-statics -fno-use-cxa-atexit -D__CLANG_3_1__ -D__cdecl= -DAESL_SYN -D__SYNTHESIS__ -D__HLS_SYN__ -I "C:/Xilinx/Vivado_HLS/2017.2/common/technology/autopilot" -I "C:/Xilinx/Vivado_HLS/2017.2/common/technology/autopilot/ap_sysc" -include etc/autopilot_ssdm_op.h  -o "C:/Users/titas/source/repos/-EmbeddedRealTimeSystems-/Assignment2/Exsercise7_3/ip_repo/Advisio/solution1/.autopilot/db/Top.pragma.2.cpp" 
INFO: [HLS 200-0] exec clang -fno-limit-debug-info -gcc-toolchain C:/Xilinx/Vivado_HLS/2017.2/msys -hls -fno-exceptions -D__llvm__ -CC -E C:/Users/titas/source/repos/-EmbeddedRealTimeSystems-/Assignment2/Exsercise7_3/ip_repo/Advisio/solution1/.autopilot/db/Top.pragma.1.cpp -fno-math-errno -c -emit-llvm -O0 -mllvm -disable-llvm-optzns -fno-threadsafe-statics -fno-use-cxa-atexit -fno-threadsafe-statics -fno-use-cxa-atexit -D__CLANG_3_1__ -D__cdecl= -DAESL_SYN -D__SYNTHESIS__ -D__HLS_SYN__ -I C:/Xilinx/Vivado_HLS/2017.2/common/technology/autopilot -I C:/Xilinx/Vivado_HLS/2017.2/common/technology/autopilot/ap_sysc -include etc/autopilot_ssdm_op.h -o C:/Users/titas/source/repos/-EmbeddedRealTimeSystems-/Assignment2/Exsercise7_3/ip_repo/Advisio/solution1/.autopilot/db/Top.pragma.2.cpp
INFO: [HLS 200-100] Command       clang returned 0; 0.292 sec.
INFO: [HLS 200-0] Processing labels
INFO: [HLS 200-100] Execute       clang  -fno-limit-debug-info -gcc-toolchain C:/Xilinx/Vivado_HLS/2017.2/msys -hls -hls-analyze-label -hls-analyze-pragma -fno-exceptions  -D__llvm__  -w  "C:/Users/titas/source/repos/-EmbeddedRealTimeSystems-/Assignment2/Exsercise7_3/ip_repo/Advisio/solution1/.autopilot/db/Top.pragma.2.cpp"    -fno-math-errno -c -emit-llvm -O0  -mllvm -disable-llvm-optzns -fno-threadsafe-statics  -fno-use-cxa-atexit -DAESL_SYN -D__SYNTHESIS__ -D__HLS_SYN__ -I "C:/Xilinx/Vivado_HLS/2017.2/common/technology/autopilot" -I "C:/Xilinx/Vivado_HLS/2017.2/common/technology/autopilot/ap_sysc" -include etc/autopilot_ssdm_op.h -g -o "C:/Users/titas/source/repos/-EmbeddedRealTimeSystems-/Assignment2/Exsercise7_3/ip_repo/Advisio/solution1/.autopilot/db/Top.g.bc" 
INFO: [HLS 200-0] exec clang -fno-limit-debug-info -gcc-toolchain C:/Xilinx/Vivado_HLS/2017.2/msys -hls -hls-analyze-label -hls-analyze-pragma -fno-exceptions -D__llvm__ -w C:/Users/titas/source/repos/-EmbeddedRealTimeSystems-/Assignment2/Exsercise7_3/ip_repo/Advisio/solution1/.autopilot/db/Top.pragma.2.cpp -fno-math-errno -c -emit-llvm -O0 -mllvm -disable-llvm-optzns -fno-threadsafe-statics -fno-use-cxa-atexit -DAESL_SYN -D__SYNTHESIS__ -D__HLS_SYN__ -I C:/Xilinx/Vivado_HLS/2017.2/common/technology/autopilot -I C:/Xilinx/Vivado_HLS/2017.2/common/technology/autopilot/ap_sysc -include etc/autopilot_ssdm_op.h -g -o C:/Users/titas/source/repos/-EmbeddedRealTimeSystems-/Assignment2/Exsercise7_3/ip_repo/Advisio/solution1/.autopilot/db/Top.g.bc
INFO: [HLS 200-100] Command       clang returned 0; 0.685 sec.
INFO: [HLS 200-10] Analyzing design file 'Advisio/Advios.cpp' ... 
INFO: [HLS 200-0] Compiling one TU...
INFO: [HLS 200-100] Execute       is_m_axi_addr64 
INFO: [HLS 200-100] Command       is_m_axi_addr64 returned 0; 0 sec.
INFO: [HLS 200-0] Handling Advisio/Advios.cpp as C++
INFO: [HLS 200-0] Syntax Checking before pre-processing...
INFO: [HLS 200-100] Execute       clang  -fno-limit-debug-info -gcc-toolchain "C:/Xilinx/Vivado_HLS/2017.2/msys" -hls    -fno-math-errno -c -emit-llvm -O0  -mllvm -disable-llvm-optzns -fno-threadsafe-statics  -fno-use-cxa-atexit  -fno-threadsafe-statics -fno-use-cxa-atexit -D__CLANG_3_1__ -D__cdecl=   -I "C:/Xilinx/Vivado_HLS/2017.2/win64/tools/systemc/include" -I "C:/Xilinx/Vivado_HLS/2017.2/include" -I "C:/Xilinx/Vivado_HLS/2017.2/include/ap_sysc" -fexceptions -I "C:/Xilinx/Vivado_HLS/2017.2/common/technology/autopilot" -include etc/autopilot_ssdm_op.h "Advisio/Advios.cpp"  -o "C:/Users/titas/source/repos/-EmbeddedRealTimeSystems-/Assignment2/Exsercise7_3/ip_repo/Advisio/solution1/.autopilot/db/Advios.pp.00.o" 
INFO: [HLS 200-0] exec clang -fno-limit-debug-info -gcc-toolchain C:/Xilinx/Vivado_HLS/2017.2/msys -hls -fno-math-errno -c -emit-llvm -O0 -mllvm -disable-llvm-optzns -fno-threadsafe-statics -fno-use-cxa-atexit -fno-threadsafe-statics -fno-use-cxa-atexit -D__CLANG_3_1__ -D__cdecl= -I C:/Xilinx/Vivado_HLS/2017.2/win64/tools/systemc/include -I C:/Xilinx/Vivado_HLS/2017.2/include -I C:/Xilinx/Vivado_HLS/2017.2/include/ap_sysc -fexceptions -I C:/Xilinx/Vivado_HLS/2017.2/common/technology/autopilot -include etc/autopilot_ssdm_op.h Advisio/Advios.cpp -o C:/Users/titas/source/repos/-EmbeddedRealTimeSystems-/Assignment2/Exsercise7_3/ip_repo/Advisio/solution1/.autopilot/db/Advios.pp.00.o
INFO: [HLS 200-100] Command       clang returned 0; 0.687 sec.
INFO: [HLS 200-100] Execute       is_encrypted C:/Users/titas/source/repos/-EmbeddedRealTimeSystems-/Assignment2/Exsercise7_3/ip_repo/Advisio/solution1/.autopilot/db/Advios.pp.00.o 
INFO: [HLS 200-100] Command       is_encrypted returned 0; 0.001 sec.
INFO: [HLS 200-0] Source preprocessing
INFO: [HLS 200-100] Execute       clang  -fno-limit-debug-info -gcc-toolchain "C:/Xilinx/Vivado_HLS/2017.2/msys" -hls -fno-exceptions  -D__llvm__  -CC -E "Advisio/Advios.cpp"     -fno-math-errno -c -emit-llvm -O0  -mllvm -disable-llvm-optzns -fno-threadsafe-statics  -fno-use-cxa-atexit  -fno-threadsafe-statics -fno-use-cxa-atexit -D__CLANG_3_1__ -D__cdecl= -DAESL_SYN -D__SYNTHESIS__ -D__HLS_SYN__ -I "C:/Xilinx/Vivado_HLS/2017.2/common/technology/autopilot" -I "C:/Xilinx/Vivado_HLS/2017.2/common/technology/autopilot/ap_sysc" -include etc/autopilot_ssdm_op.h  -o "C:/Users/titas/source/repos/-EmbeddedRealTimeSystems-/Assignment2/Exsercise7_3/ip_repo/Advisio/solution1/.autopilot/db/Advios.pp.0.cpp" 
INFO: [HLS 200-0] exec clang -fno-limit-debug-info -gcc-toolchain C:/Xilinx/Vivado_HLS/2017.2/msys -hls -fno-exceptions -D__llvm__ -CC -E Advisio/Advios.cpp -fno-math-errno -c -emit-llvm -O0 -mllvm -disable-llvm-optzns -fno-threadsafe-statics -fno-use-cxa-atexit -fno-threadsafe-statics -fno-use-cxa-atexit -D__CLANG_3_1__ -D__cdecl= -DAESL_SYN -D__SYNTHESIS__ -D__HLS_SYN__ -I C:/Xilinx/Vivado_HLS/2017.2/common/technology/autopilot -I C:/Xilinx/Vivado_HLS/2017.2/common/technology/autopilot/ap_sysc -include etc/autopilot_ssdm_op.h -o C:/Users/titas/source/repos/-EmbeddedRealTimeSystems-/Assignment2/Exsercise7_3/ip_repo/Advisio/solution1/.autopilot/db/Advios.pp.0.cpp
INFO: [HLS 200-100] Command       clang returned 0; 0.317 sec.
INFO: [HLS 200-0] GCC PP time: 0 seconds per iteration
INFO: [HLS 200-100] Execute       list_core -type functional_unit 
INFO: [HLS 200-100] Command       list_core returned 0; 0 sec.
INFO: [HLS 200-0] CDT Preprocessing...
INFO: [HLS 200-0] Marker-Pragma convertor: C:/Users/titas/source/repos/-EmbeddedRealTimeSystems-/Assignment2/Exsercise7_3/ip_repo/Advisio/solution1/.autopilot/db/Advios.pp.0.cpp C:/Users/titas/source/repos/-EmbeddedRealTimeSystems-/Assignment2/Exsercise7_3/ip_repo/Advisio/solution1/.autopilot/db/Advios.pp.0.cpp.ap-line.cpp C:/Users/titas/source/repos/-EmbeddedRealTimeSystems-/Assignment2/Exsercise7_3/ip_repo/Advisio/solution1/.autopilot/db/Advios.pp.0.cpp.ap-line.cpp.CXX 1
INFO: [HLS 200-0] Converting Markers to Pragmas...
INFO: [HLS 200-100] Execute       cdt  "C:/Users/titas/source/repos/-EmbeddedRealTimeSystems-/Assignment2/Exsercise7_3/ip_repo/Advisio/solution1/.autopilot/db/Advios.pp.0.cpp.ap-line.cpp"  -m "Top" -o "C:/Users/titas/source/repos/-EmbeddedRealTimeSystems-/Assignment2/Exsercise7_3/ip_repo/Advisio/solution1/.autopilot/db/Advios.pp.0.cpp.ap-cdt.cpp" --pp --directive C:/Users/titas/source/repos/-EmbeddedRealTimeSystems-/Assignment2/Exsercise7_3/ip_repo/Advisio/solution1/solution1.directive --source C:/Users/titas/source/repos/-EmbeddedRealTimeSystems-/Assignment2/Exsercise7_3/ip_repo/Advisio/Advios.cpp --error C:/Users/titas/source/repos/-EmbeddedRealTimeSystems-/Assignment2/Exsercise7_3/ip_repo/Advisio/solution1/.autopilot/db --funcunit "AddSub AddSub_DSP AddSubnS DAddSub_fulldsp DAddSub_nodsp DDiv DExp_fulldsp DExp_meddsp DExp_nodsp DLog_fulldsp DLog_meddsp DLog_nodsp DMul_fulldsp DMul_maxdsp DMul_meddsp DMul_nodsp DRSqrt DRecip DSqrt DivnS FAddSub_fulldsp FAddSub_nodsp FDiv FExp_fulldsp FExp_meddsp FExp_nodsp FLog_fulldsp FLog_meddsp FLog_nodsp FMul_fulldsp FMul_maxdsp FMul_meddsp FMul_nodsp FRSqrt_fulldsp FRSqrt_nodsp FRecip_fulldsp FRecip_nodsp FSqrt HAddSub_fulldsp HAddSub_meddsp HAddSub_nodsp HDiv HMul_fulldsp HMul_maxdsp HMul_nodsp HSqrt Mul Mul2S Mul3S Mul4S Mul5S Mul6S Mul_LUT MulnS MuxnS" --ve --vetcl C:/Users/titas/source/repos/-EmbeddedRealTimeSystems-/Assignment2/Exsercise7_3/ip_repo/Advisio/solution1/.autopilot/db --ca --es --gf --pd --p2d C:/Users/titas/source/repos/-EmbeddedRealTimeSystems-/Assignment2/Exsercise7_3/ip_repo/Advisio/solution1/.autopilot/db --sd --scff C:/Users/titas/source/repos/-EmbeddedRealTimeSystems-/Assignment2/Exsercise7_3/ip_repo/Advisio/solution1/.autopilot/db/.systemc_flag --ad 
INFO: [HLS 200-100] Command       cdt returned 0; 6.694 sec.
INFO: [HLS 200-0] Marker-Pragma convertor: C:/Users/titas/source/repos/-EmbeddedRealTimeSystems-/Assignment2/Exsercise7_3/ip_repo/Advisio/solution1/.autopilot/db/Advios.pp.0.cpp.ap-cdt.cpp C:/Users/titas/source/repos/-EmbeddedRealTimeSystems-/Assignment2/Exsercise7_3/ip_repo/Advisio/solution1/.autopilot/db/Advios.pragma.0.cpp C:/Users/titas/source/repos/-EmbeddedRealTimeSystems-/Assignment2/Exsercise7_3/ip_repo/Advisio/solution1/.autopilot/db/Advios.pragma.0.cpp.ap-line.CXX 0
INFO: [HLS 200-0] Converting Pragmas to Markers...
INFO: [HLS 200-100] Execute       source C:/Users/titas/source/repos/-EmbeddedRealTimeSystems-/Assignment2/Exsercise7_3/ip_repo/Advisio/solution1/.autopilot/db/pragma.status.tcl 
INFO: [HLS 200-100] Command       ap_source returned 0; 0.002 sec.
INFO: [HLS 200-0] Pragma Handling...
WARNING: [HLS 200-41] Resource core 'AXI4LiteS' on port '&ctrl' is deprecated. Please use the interface directive to specify the AXI interface.
INFO: [HLS 200-0] SystemC Checker
INFO: [HLS 200-100] Execute       ap_eval exec clang++ -gcc-toolchain C:/Xilinx/Vivado_HLS/2017.2/msys -hls -DAP_PRE  -I "C:/Xilinx/Vivado_HLS/2017.2/win64/tools/systemc/include" -I "C:/Xilinx/Vivado_HLS/2017.2/include" -I "C:/Xilinx/Vivado_HLS/2017.2/include/ap_sysc" -S "Advisio/Advios.cpp" -o C:/Users/titas/source/repos/-EmbeddedRealTimeSystems-/Assignment2/Exsercise7_3/ip_repo/Advisio/solution1/.autopilot/db/Advios.pp.00.o 
INFO: [HLS 200-100] Command       ap_eval returned 0; 0.699 sec.
INFO: [HLS 200-0] Marker-Pragma convertor: C:/Users/titas/source/repos/-EmbeddedRealTimeSystems-/Assignment2/Exsercise7_3/ip_repo/Advisio/solution1/.autopilot/db/Advios.pragma.1.cpp C:/Users/titas/source/repos/-EmbeddedRealTimeSystems-/Assignment2/Exsercise7_3/ip_repo/Advisio/solution1/.autopilot/db/Advios.scpp.0.cpp C:/Users/titas/source/repos/-EmbeddedRealTimeSystems-/Assignment2/Exsercise7_3/ip_repo/Advisio/solution1/.autopilot/db/Advios.scpp.0.cpp.line_pre.CXX 1
INFO: [HLS 200-0] Converting Markers to Pragmas...
INFO: [HLS 200-0] SystemC preprocessor
INFO: [HLS 200-100] Execute       ap_eval exec C:/Xilinx/Vivado_HLS/2017.2/tps/win64/jre/bin/java -Xmx512m -classpath "C:/Xilinx/Vivado_HLS/2017.2/lib/classes/org.eclipse.cdt.core_5.0.0.200806171202.jar;C:/Xilinx/Vivado_HLS/2017.2/lib/classes/jargs.jar;C:/Xilinx/Vivado_HLS/2017.2/lib/classes/org.eclipse.core.runtime_3.4.0.v20080512.jar;C:/Xilinx/Vivado_HLS/2017.2/lib/classes/org.eclipse.equinox.common_3.4.0.v20080421-2006.jar;C:/Xilinx/Vivado_HLS/2017.2/lib/classes/autopilot.scelaborator.jar"  autopilot.scelaborator.ScParser  -S "C:/Xilinx/Vivado_HLS/2017.2/common/technology/autopilot/ap_sysc" --force-inline  -o "C:/Users/titas/source/repos/-EmbeddedRealTimeSystems-/Assignment2/Exsercise7_3/ip_repo/Advisio/solution1/.autopilot/db/" "C:/Users/titas/source/repos/-EmbeddedRealTimeSystems-/Assignment2/Exsercise7_3/ip_repo/Advisio/solution1/.autopilot/db/Advios.scpp.0.cpp" --mi-suffix=1 -d -t 
INFO: [HLS 200-100] Command       ap_eval returned 1; 25.972 sec.
INFO: [HLS 200-0] Marker-Pragma convertor: C:/Users/titas/source/repos/-EmbeddedRealTimeSystems-/Assignment2/Exsercise7_3/ip_repo/Advisio/solution1/.autopilot/db/Advios.scpp.0.cpp.ssdm.cpp C:/Users/titas/source/repos/-EmbeddedRealTimeSystems-/Assignment2/Exsercise7_3/ip_repo/Advisio/solution1/.autopilot/db/Advios.scpp.1.cpp C:/Users/titas/source/repos/-EmbeddedRealTimeSystems-/Assignment2/Exsercise7_3/ip_repo/Advisio/solution1/.autopilot/db/Advios.scpp.1.cpp.line_post.CXX 0
INFO: [HLS 200-0] Converting Pragmas to Markers...
INFO: [HLS 200-0] Source preprocessing
INFO: [HLS 200-100] Execute       clang  -fno-limit-debug-info -gcc-toolchain "C:/Xilinx/Vivado_HLS/2017.2/msys" -hls -fno-exceptions  -D__llvm__  -CC -E "C:/Users/titas/source/repos/-EmbeddedRealTimeSystems-/Assignment2/Exsercise7_3/ip_repo/Advisio/solution1/.autopilot/db/Advios.pragma.1.cpp"     -fno-math-errno -c -emit-llvm -O0  -mllvm -disable-llvm-optzns -fno-threadsafe-statics  -fno-use-cxa-atexit  -fno-threadsafe-statics -fno-use-cxa-atexit -D__CLANG_3_1__ -D__cdecl= -DAESL_SYN -D__SYNTHESIS__ -D__HLS_SYN__ -I "C:/Xilinx/Vivado_HLS/2017.2/common/technology/autopilot" -I "C:/Xilinx/Vivado_HLS/2017.2/common/technology/autopilot/ap_sysc" -include etc/autopilot_ssdm_op.h  -o "C:/Users/titas/source/repos/-EmbeddedRealTimeSystems-/Assignment2/Exsercise7_3/ip_repo/Advisio/solution1/.autopilot/db/Advios.pragma.2.cpp" 
INFO: [HLS 200-0] exec clang -fno-limit-debug-info -gcc-toolchain C:/Xilinx/Vivado_HLS/2017.2/msys -hls -fno-exceptions -D__llvm__ -CC -E C:/Users/titas/source/repos/-EmbeddedRealTimeSystems-/Assignment2/Exsercise7_3/ip_repo/Advisio/solution1/.autopilot/db/Advios.pragma.1.cpp -fno-math-errno -c -emit-llvm -O0 -mllvm -disable-llvm-optzns -fno-threadsafe-statics -fno-use-cxa-atexit -fno-threadsafe-statics -fno-use-cxa-atexit -D__CLANG_3_1__ -D__cdecl= -DAESL_SYN -D__SYNTHESIS__ -D__HLS_SYN__ -I C:/Xilinx/Vivado_HLS/2017.2/common/technology/autopilot -I C:/Xilinx/Vivado_HLS/2017.2/common/technology/autopilot/ap_sysc -include etc/autopilot_ssdm_op.h -o C:/Users/titas/source/repos/-EmbeddedRealTimeSystems-/Assignment2/Exsercise7_3/ip_repo/Advisio/solution1/.autopilot/db/Advios.pragma.2.cpp
INFO: [HLS 200-100] Command       clang returned 0; 0.289 sec.
INFO: [HLS 200-0] Processing labels
INFO: [HLS 200-100] Execute       clang  -fno-limit-debug-info -gcc-toolchain C:/Xilinx/Vivado_HLS/2017.2/msys -hls -hls-analyze-label -hls-analyze-pragma -fno-exceptions  -D__llvm__  -w  "C:/Users/titas/source/repos/-EmbeddedRealTimeSystems-/Assignment2/Exsercise7_3/ip_repo/Advisio/solution1/.autopilot/db/Advios.pragma.2.cpp"    -fno-math-errno -c -emit-llvm -O0  -mllvm -disable-llvm-optzns -fno-threadsafe-statics  -fno-use-cxa-atexit -DAESL_SYN -D__SYNTHESIS__ -D__HLS_SYN__ -I "C:/Xilinx/Vivado_HLS/2017.2/common/technology/autopilot" -I "C:/Xilinx/Vivado_HLS/2017.2/common/technology/autopilot/ap_sysc" -include etc/autopilot_ssdm_op.h -g -o "C:/Users/titas/source/repos/-EmbeddedRealTimeSystems-/Assignment2/Exsercise7_3/ip_repo/Advisio/solution1/.autopilot/db/Advios.g.bc" 
INFO: [HLS 200-0] exec clang -fno-limit-debug-info -gcc-toolchain C:/Xilinx/Vivado_HLS/2017.2/msys -hls -hls-analyze-label -hls-analyze-pragma -fno-exceptions -D__llvm__ -w C:/Users/titas/source/repos/-EmbeddedRealTimeSystems-/Assignment2/Exsercise7_3/ip_repo/Advisio/solution1/.autopilot/db/Advios.pragma.2.cpp -fno-math-errno -c -emit-llvm -O0 -mllvm -disable-llvm-optzns -fno-threadsafe-statics -fno-use-cxa-atexit -DAESL_SYN -D__SYNTHESIS__ -D__HLS_SYN__ -I C:/Xilinx/Vivado_HLS/2017.2/common/technology/autopilot -I C:/Xilinx/Vivado_HLS/2017.2/common/technology/autopilot/ap_sysc -include etc/autopilot_ssdm_op.h -g -o C:/Users/titas/source/repos/-EmbeddedRealTimeSystems-/Assignment2/Exsercise7_3/ip_repo/Advisio/solution1/.autopilot/db/Advios.g.bc
INFO: [HLS 200-100] Command       clang returned 0; 0.692 sec.
INFO: [HLS 200-100] Execute       source C:/Users/titas/source/repos/-EmbeddedRealTimeSystems-/Assignment2/Exsercise7_3/ip_repo/Advisio/solution1/.autopilot/db/ve_warning.tcl 
INFO: [HLS 200-100] Command       ap_source returned 0; 0.001 sec.
INFO: [HLS 200-10] Validating synthesis directives ...
INFO: [HLS 200-100] Execute       source C:/Users/titas/source/repos/-EmbeddedRealTimeSystems-/Assignment2/Exsercise7_3/ip_repo/Advisio/solution1/.autopilot/db/pragma.status.tcl 
INFO: [HLS 200-100] Command       ap_source returned 0; 0.001 sec.
INFO: [HLS 200-111] Finished Checking Pragmas Time (s): cpu = 00:00:04 ; elapsed = 00:01:15 . Memory (MB): peak = 96.688 ; gain = 46.891
INFO: [HLS 200-0] Linking Release ...
INFO: [HLS 200-100] Execute       llvm-ld C:/Users/titas/source/repos/-EmbeddedRealTimeSystems-/Assignment2/Exsercise7_3/ip_repo/Advisio/solution1/.autopilot/db/Top.bc C:/Users/titas/source/repos/-EmbeddedRealTimeSystems-/Assignment2/Exsercise7_3/ip_repo/Advisio/solution1/.autopilot/db/Advios.bc -disable-opt -LC:/Xilinx/Vivado_HLS/2017.2/win64/lib -lm_basic -o C:/Users/titas/source/repos/-EmbeddedRealTimeSystems-/Assignment2/Exsercise7_3/ip_repo/Advisio/solution1/.autopilot/db/a.o 
INFO: [HLS 200-100] Command       llvm-ld returned 0; 0.315 sec.
INFO: [HLS 200-100] Execute       disassemble C:/Users/titas/source/repos/-EmbeddedRealTimeSystems-/Assignment2/Exsercise7_3/ip_repo/Advisio/solution1/.autopilot/db/a.o C:/Users/titas/source/repos/-EmbeddedRealTimeSystems-/Assignment2/Exsercise7_3/ip_repo/Advisio/solution1/.autopilot/db/a.o 
INFO: [HLS 200-100] Execute         is_encrypted C:/Users/titas/source/repos/-EmbeddedRealTimeSystems-/Assignment2/Exsercise7_3/ip_repo/Advisio/solution1/.autopilot/db/a.o.bc 
INFO: [HLS 200-100] Command         is_encrypted returned 0; 0.001 sec.
INFO: [HLS 200-100] Command       disassemble returned 0; 0.11 sec.
INFO: [HLS 200-0] Disassemble time: 0 seconds per iteration
INFO: [HLS 200-0] Linking Debug ...
INFO: [HLS 200-100] Execute       llvm-ld C:/Users/titas/source/repos/-EmbeddedRealTimeSystems-/Assignment2/Exsercise7_3/ip_repo/Advisio/solution1/.autopilot/db/Top.g.bc C:/Users/titas/source/repos/-EmbeddedRealTimeSystems-/Assignment2/Exsercise7_3/ip_repo/Advisio/solution1/.autopilot/db/Advios.g.bc -disable-opt -LC:/Xilinx/Vivado_HLS/2017.2/win64/lib -lm_basic -o C:/Users/titas/source/repos/-EmbeddedRealTimeSystems-/Assignment2/Exsercise7_3/ip_repo/Advisio/solution1/.autopilot/db/a.g 
INFO: [HLS 200-100] Command       llvm-ld returned 0; 0.292 sec.
INFO: [HLS 200-100] Execute       disassemble C:/Users/titas/source/repos/-EmbeddedRealTimeSystems-/Assignment2/Exsercise7_3/ip_repo/Advisio/solution1/.autopilot/db/a.g C:/Users/titas/source/repos/-EmbeddedRealTimeSystems-/Assignment2/Exsercise7_3/ip_repo/Advisio/solution1/.autopilot/db/a.g 
INFO: [HLS 200-100] Execute         is_encrypted C:/Users/titas/source/repos/-EmbeddedRealTimeSystems-/Assignment2/Exsercise7_3/ip_repo/Advisio/solution1/.autopilot/db/a.g.bc 
INFO: [HLS 200-100] Command         is_encrypted returned 0; 0 sec.
INFO: [HLS 200-100] Command       disassemble returned 0; 0.099 sec.
INFO: [HLS 200-0] Disassemble time: 0 seconds per iteration
INFO: [HLS 200-111] Finished Linking Time (s): cpu = 00:00:04 ; elapsed = 00:01:15 . Memory (MB): peak = 96.688 ; gain = 46.891
INFO: [HLS 200-100] Execute       opt_and_import_c a -opt_level=2 -skip_syncheck=0 -ng=0 -keep_printf=0 
INFO: [HLS 200-100] Execute         cleanup_all_models 
INFO: [HLS 200-100] Command         cleanup_all_models returned 0; 0 sec.
INFO: [HLS 200-10] Starting code transformations ...
INFO: [HLS 200-100] Execute         transform -promote-dbg-pointer C:/Users/titas/source/repos/-EmbeddedRealTimeSystems-/Assignment2/Exsercise7_3/ip_repo/Advisio/solution1/.autopilot/db/a.pp.bc -o C:/Users/titas/source/repos/-EmbeddedRealTimeSystems-/Assignment2/Exsercise7_3/ip_repo/Advisio/solution1/.autopilot/db/a.pp.0.bc -f 
INFO: [HLS 200-100] Command         transform returned 0; 0.045 sec.
INFO: [HLS 200-100] Execute         llvm-ld C:/Users/titas/source/repos/-EmbeddedRealTimeSystems-/Assignment2/Exsercise7_3/ip_repo/Advisio/solution1/.autopilot/db/a.pp.0.bc -disable-opt -LC:/Xilinx/Vivado_HLS/2017.2/win64/lib -lfloatconversion -o C:/Users/titas/source/repos/-EmbeddedRealTimeSystems-/Assignment2/Exsercise7_3/ip_repo/Advisio/solution1/.autopilot/db/a.g.0 
INFO: [HLS 200-100] Command         llvm-ld returned 0; 0.257 sec.
INFO: [HLS 200-0] Running Standard Transforms...
INFO: [HLS 200-100] Execute         transform -hls -share-std-xform -demangle-name -inline-byval-memcpy -always-inline -promote-dbg-pointer -interface-preproc -scalarrepl -mem2reg -keep-read-access -instcombine -dce -promote-dbg-pointer -bitop-raise -loop-simplify -indvarspre -indvars -loop-simplify -xunroll -constprop -instcombine -simplifycfg -indvars -simplifycfg -dce -globaldce -basicaa -simplifycfg -mem2reg -globalopt -global-constprop -deadargelim -instcombine -simplifycfg -prune-eh -simplifycfg -scalarrepl -instcombine -reassociate -licm -simplifycfg -loop-simplify -indvars -instcombine -simplifycfg -mem2reg -loop-simplify -indvars -instcombine -gvn -gvn -instcombine -adce -break-crit-edges -simplifycfg -loop-delete -global-array-opt -dce -dse -adce -find-syn-modules -top Top -deadargelim -mem2reg -instcombine -dce -presyn-prepare -auto-rom-infer -interface-preproc -syn-check -check-rec-only -find-region -simplifycfg -func-extr -function-inline -globaldce -mem2reg -instcombine -dce -gvn -globaldce -adce -adse -constprop -instcombine -bit-constprop -instcombine -dce -simplifycfg -bitop-raise -simplifycfg -dce -loop-delete -reassociate -globalopt -global-privatize -mem2reg -dce -global-constprop -pointer-simplify -constprop -dce -func-inst -deadargelim -auto-shift-reg-idiom -promote-dbg-pointer -norm-name C:/Users/titas/source/repos/-EmbeddedRealTimeSystems-/Assignment2/Exsercise7_3/ip_repo/Advisio/solution1/.autopilot/db/a.g.0.bc -o C:/Users/titas/source/repos/-EmbeddedRealTimeSystems-/Assignment2/Exsercise7_3/ip_repo/Advisio/solution1/.autopilot/db/a.g.1.bc -f -phase std-opt 
INFO: [HLS 200-100] Command         transform returned 0; 0.097 sec.
INFO: [HLS 200-100] Execute         disassemble C:/Users/titas/source/repos/-EmbeddedRealTimeSystems-/Assignment2/Exsercise7_3/ip_repo/Advisio/solution1/.autopilot/db/a.g.1 C:/Users/titas/source/repos/-EmbeddedRealTimeSystems-/Assignment2/Exsercise7_3/ip_repo/Advisio/solution1/.autopilot/db/a.g.1 
INFO: [HLS 200-100] Execute           is_encrypted C:/Users/titas/source/repos/-EmbeddedRealTimeSystems-/Assignment2/Exsercise7_3/ip_repo/Advisio/solution1/.autopilot/db/a.g.1.bc 
INFO: [HLS 200-100] Command           is_encrypted returned 0; 0 sec.
INFO: [HLS 200-100] Command         disassemble returned 0; 0.096 sec.
INFO: [HLS 200-111] Finished Standard Transforms Time (s): cpu = 00:00:04 ; elapsed = 00:01:16 . Memory (MB): peak = 110.082 ; gain = 60.285
INFO: [HLS 200-10] Checking synthesizability ...
INFO: [HLS 200-0] Checking Synthesizability 1/2..
INFO: [HLS 200-100] Execute         transform -hls -syn-check -check-rec-only -disaggr -scalarrepl -norm-name -dce -mem2reg -instcombine -function-uniquify -directive-preproc -mem2reg -dse -dce -auto-rom-infer -dce -array-normalize -instcombine -dce -warn-fifo-pointer -array-seg-normalize -instcombine -dce -array-flatten -instcombine -dce -array-burst -dce -deadargelim -promote-global-argument -simplifycfg -mem2reg -globaldce -resolve-double-ptr -dce -deadargelim -dce -instcombine -function-inline -globaldce -dce -doublePtrSimplify -doublePtrElim -dce -doublePtrSimplify -promote-dbg-pointer -dce -scalarrepl -dse -adse -instcombine -ptrLegalization -simplifycfg -dce -instcombine -pointer-simplify -ptrArgReplace -dce -instcombine -disaggr -scalarrepl -norm-name -dce -mem2reg -instcombine -ptrLegalization -simplifycfg -deadargelim -instcombine -dce -inst-simplify -function-uniquify -directive-preproc -mem2reg -dse -dce -globaldce C:/Users/titas/source/repos/-EmbeddedRealTimeSystems-/Assignment2/Exsercise7_3/ip_repo/Advisio/solution1/.autopilot/db/a.g.1.bc -o C:/Users/titas/source/repos/-EmbeddedRealTimeSystems-/Assignment2/Exsercise7_3/ip_repo/Advisio/solution1/.autopilot/db/a.g.2.prechk.bc -f 
INFO: [HLS 200-100] Command         transform returned 0; 0.129 sec.
INFO: [HLS 200-0] Checking Synthesizability 2/2..
INFO: [HLS 200-100] Execute         transform -syn-check C:/Users/titas/source/repos/-EmbeddedRealTimeSystems-/Assignment2/Exsercise7_3/ip_repo/Advisio/solution1/.autopilot/db/a.g.2.prechk.bc -o C:/Users/titas/source/repos/-EmbeddedRealTimeSystems-/Assignment2/Exsercise7_3/ip_repo/Advisio/solution1/.autopilot/db/a.g.2.bc -f -phase syn-check 
INFO: [HLS 200-100] Command         transform returned 0; 0.044 sec.
INFO: [HLS 200-111] Finished Checking Synthesizability Time (s): cpu = 00:00:05 ; elapsed = 00:01:16 . Memory (MB): peak = 117.957 ; gain = 68.160
INFO: [HLS 200-0] Compiler optimizing ...
INFO: [HLS 200-0] Share syncheck's 1.bc for syn flow: copy C:/Users/titas/source/repos/-EmbeddedRealTimeSystems-/Assignment2/Exsercise7_3/ip_repo/Advisio/solution1/.autopilot/db/a.g.1.bc to C:/Users/titas/source/repos/-EmbeddedRealTimeSystems-/Assignment2/Exsercise7_3/ip_repo/Advisio/solution1/.autopilot/db/a.o.1.bc
INFO: [HLS 200-0] Presyn 1...
INFO: [HLS 200-100] Execute         transform -hls -tmp C:/Users/titas/source/repos/-EmbeddedRealTimeSystems-/Assignment2/Exsercise7_3/ip_repo/Advisio/solution1/.autopilot/db -interface-port-rename -type-info -function-uniquify -directive-preproc -mem2reg -dse -dce -disaggr -scalarrepl -norm-name -deadargelim -mem2reg -instcombine -dce -auto-rom-infer -dce -function-uniquify -resource-proc -simplifycfg -mem2reg -globaldce -resolve-double-ptr -dce -deadargelim -dce -instcombine -clib-intrinsic-prepare -dce -func-buffer -dce -array-normalize -func-legal -instcombine -gvn -constprop -dce -ptrArgReplace -mem2reg -instcombine -dce -array-seg-normalize -deadargelim -instcombine -dce -pointer-simplify -dce -port-alignment -dce -interface-preproc -data-pack -instcombine -dce -basicaa -aggr-aa -aggrmodref-aa -aggr-aa -gvn -gvn -basicaa -aggr-aa -aggrmodref-aa -aggr-aa -dse -adse -adce -loop-simplify -indvars -instcombine -gvn -loop-simplify -mem2reg -dce -simplifycfg -find-region -instcombine -auto-loop-pipeline -inst-simplify -interface-preproc -cfgopt -instcombine -indvars -auto-loop-unroll -loop-simplify -loop-bound -xunroll -constprop -instcombine -simplifycfg -indvars -simplifycfg -dce -globaldce -clean-region -attach-range -gvn -inst-simplify -constprop -simplifycfg -dce -pointer-simplify -dce -globalopt -constprop -dce -array-promote -constprop -instcombine -dce -ptrArgReplace -mem2reg -instcombine -simplifycfg -dce -auto-par -instcombine -dce -array-transform-check -array-reshape -instcombine -simplifycfg -dce -ptrArgReplace -deadargelim -mem2reg -instcombine -simplifycfg -dce -indvars -loop-simplify -loop-bound -xunroll -constprop -instcombine -simplifycfg -indvars -simplifycfg -dce -globaldce -duplicate-dataflow-processes -globaldce -instcombine -array-partition -instcombine -simplifycfg -dce -ptrArgReplace -global-constprop -deadargelim -mem2reg -func-legal -instcombine -dce -global-constprop -deadargelim -mem2reg -instcombine -simplifycfg -dce -globalopt -constprop -dce -array-promote -constprop -instcombine -dce -ptrArgReplace -mem2reg -instcombine -simplifycfg -dce -mem-intrinsic-preproc -dce -global-privatize -mem2reg -globaldce -promote-global-argument -ptrArgReplace -mem2reg -instcombine -dce -globalopt -mergereturn -simplify-global-access -mem2reg -dce -pointer-simplify -dce -functionattrs -basicaa -aggr-aa -aggrmodref-aa -aggr-aa -gvn -gvn -basicaa -aggr-aa -aggrmodref-aa -aggr-aa -dse -adse -adce -inst-simplify -dce -norm-name -function-inline -globaldce -func-inst -constprop -instcombine -simplifycfg -dce -func-legal -dce -loop-bound -arraycheck -bitwidthmin -on-by-dataflow -loop-delete -instcombine -simplifycfg -globaldce -dce -gvn -deadargelim -dce -loop-simplify -clean-region -simplifycfg -propagate-stable-arguments -loop-stream -instcombine -simplifycfg -dce -globaldce -stream-intrinsic-preproc -dce -check-ap-stream -loop-simplify -eliminate-keepreads -extract-dataflow-in-loop -loop-simplify -dce -gvn -deadargelim -dse -check-dataflow-syntax -legalize-stream-variable -legalize-global -extract-subproc -dce -dead-channel-elimination -canonicalize-gep -globaldce -dce -gvn -deadargelim -annotate-dataflow-channels -scalar-propagation -deadargelim -globaldce -mem2reg -check-dataflow-channels -function-stream -dce -globaldce -prop-fifo-spec -internal-stream-gen -canonicalize-gep -globaldce -dce -gvn -deadargelim -mergereturn -indvars -loop-simplify -instcombine -array-stream -array-seg-normalize -array-partition -func-legal -instcombine -simplifycfg -dce -bundle-memfifo-ops -deadargelim -function-uniquify -directive-preproc -mem2reg -dse -dce -group-axi-access -licm -simplifycfg -dce -loop-delete -norm-name C:/Users/titas/source/repos/-EmbeddedRealTimeSystems-/Assignment2/Exsercise7_3/ip_repo/Advisio/solution1/.autopilot/db/a.o.1.bc -o C:/Users/titas/source/repos/-EmbeddedRealTimeSystems-/Assignment2/Exsercise7_3/ip_repo/Advisio/solution1/.autopilot/db/a.o.1.tmp.bc -f 
INFO: [HLS 200-100] Command         transform returned 0; 0.26 sec.
INFO: [HLS 200-0] Presyn 2...
INFO: [HLS 200-100] Execute         transform -hls -keep-callgraph -scalarrepl -mem2reg -port-alignment -attach-range -dce -pipe-mux-gen -indvars -loop-bound -inst-simplify -instcombine -dce -merge-array-access -mem2reg -dce -clean-region -mergereturn -if-conv -instcombine -dce -constprop -basicaa -aggr-aa -aggrmodref-aa -aggr-aa -gvn -gvn -basicaa -aggr-aa -aggrmodref-aa -aggr-aa -dse -adse -adce -scalarrepl -mem2reg -global-constprop -deadargelim -deadargelim -instcombine -dce -simplifycfg -ptrArgReplace -mem2reg -function-inline -globaldce -mem2reg -instcombine -dce -expr-balance -instcombine -dce -bitwidthmin -interface-preproc -directive-preproc -inst-rectify -instcombine -dce -functionattrs -constprop -instcombine -bit-constprop -simplify-global-access -globalopt -globaldce -inst-simplify -instcombine -elimdeaddata -dce -loop-delete -simplifycfg -loop-simplify -auto-burst -norm-name C:/Users/titas/source/repos/-EmbeddedRealTimeSystems-/Assignment2/Exsercise7_3/ip_repo/Advisio/solution1/.autopilot/db/a.o.1.tmp.bc -o C:/Users/titas/source/repos/-EmbeddedRealTimeSystems-/Assignment2/Exsercise7_3/ip_repo/Advisio/solution1/.autopilot/db/a.o.2.bc -f -phase presyn 
INFO: [HLS 200-100] Command         transform returned 0; 0.173 sec.
INFO: [HLS 200-100] Execute         disassemble C:/Users/titas/source/repos/-EmbeddedRealTimeSystems-/Assignment2/Exsercise7_3/ip_repo/Advisio/solution1/.autopilot/db/a.o.2 C:/Users/titas/source/repos/-EmbeddedRealTimeSystems-/Assignment2/Exsercise7_3/ip_repo/Advisio/solution1/.autopilot/db/a.o.2 
INFO: [HLS 200-100] Execute           is_encrypted C:/Users/titas/source/repos/-EmbeddedRealTimeSystems-/Assignment2/Exsercise7_3/ip_repo/Advisio/solution1/.autopilot/db/a.o.2.bc 
INFO: [HLS 200-100] Command           is_encrypted returned 0; 0 sec.
INFO: [HLS 200-100] Command         disassemble returned 0; 0.103 sec.
INFO: [HLS 200-111] Finished Pre-synthesis Time (s): cpu = 00:00:05 ; elapsed = 00:01:17 . Memory (MB): peak = 148.789 ; gain = 98.992
INFO: [HLS 200-0] Building ssdm...
INFO: [HLS 200-100] Execute         transform -hls -function-uniquify -auto-function-inline -globaldce -ptrArgReplace -mem2reg -instcombine -dce -reset-lda -loop-simplify -indvars -licm -loop-dep -loop-bound -licm -loop-simplify -flattenloopnest -array-flatten -gvn -instcombine -dce -array-map -dce -func-legal -gvn -adce -instcombine -cfgopt -simplifycfg -loop-simplify -array-burst -promote-global-argument -dce -axi4-lower -array-seg-normalize -basicaa -aggrmodref-aa -globalsmodref-aa -aggr-aa -gvn -gvn -basicaa -aggrmodref-aa -globalsmodref-aa -aggr-aa -dse -adse -adce -licm -inst-simplify -dce -globaldce -instcombine -array-stream -eliminate-keepreads -instcombine -dce -deadargelim -doublePtrSimplify -doublePtrElim -dce -doublePtrSimplify -promote-dbg-pointer -dce -scalarrepl -mem2reg -disaggr -norm-name -mem2reg -instcombine -dse -adse -adce -ptrLegalization -dce -auto-rom-infer -array-flatten -dce -instcombine -check-doubleptr -loop-rot -constprop -cfgopt -simplifycfg -loop-simplify -indvars -pointer-simplify -dce -loop-bound -loop-simplify -loop-preproc -constprop -global-constprop -gvn -mem2reg -instcombine -dce -loop-bound -loop-merge -dce -bitwidthmin -deadargelim -dce -canonicalize-dataflow -dce -scalar-propagation -deadargelim -globaldce -mem2reg -interface-preproc -interface-gen -deadargelim -directive-preproc -inst-simplify -dce -gvn -mem2reg -instcombine -dce -adse -loop-bound -instcombine -cfgopt -simplifycfg -loop-simplify -clean-region -io-protocol -find-region -mem2reg -bitop-raise -inst-simplify -inst-rectify -instcombine -adce -deadargelim -loop-simplify -phi-opt -bitop-raise -cfgopt -simplifycfg -strip-dead-prototypes -interface-lower -bitop-lower -intrinsic-lower -auto-function-inline -basicaa -aggrmodref-aa -globalsmodref-aa -aggr-aa -inst-simplify -simplifycfg -loop-simplify -mergereturn -inst-simplify -inst-rectify -dce -bitop-lower -loop-rewind -pointer-simplify -dce -cfgopt -read-loop-dep -dce -bitwidth -loop-dep -norm-name -legalize -validate-dataflow -cdfg-build C:/Users/titas/source/repos/-EmbeddedRealTimeSystems-/Assignment2/Exsercise7_3/ip_repo/Advisio/solution1/.autopilot/db/a.o.2.bc -o C:/Users/titas/source/repos/-EmbeddedRealTimeSystems-/Assignment2/Exsercise7_3/ip_repo/Advisio/solution1/.autopilot/db/a.o.3.bc -f -phase build-ssdm 
WARNING: [XFORM 203-561] 'Loop-1' (Advisio/Advios.cpp:13:20) in function 'Advios::modulate_clock' is an infinite loop.
WARNING: [XFORM 203-561] 'Loop-1' (Advisio/Advios.cpp:34:8) in function 'Advios::LedControl' is an infinite loop.
INFO: [HLS 200-100] Command         transform returned 0; 0.257 sec.
INFO: [HLS 200-100] Execute         disassemble C:/Users/titas/source/repos/-EmbeddedRealTimeSystems-/Assignment2/Exsercise7_3/ip_repo/Advisio/solution1/.autopilot/db/a.o.3 C:/Users/titas/source/repos/-EmbeddedRealTimeSystems-/Assignment2/Exsercise7_3/ip_repo/Advisio/solution1/.autopilot/db/a.o.3 
INFO: [HLS 200-100] Execute           is_encrypted C:/Users/titas/source/repos/-EmbeddedRealTimeSystems-/Assignment2/Exsercise7_3/ip_repo/Advisio/solution1/.autopilot/db/a.o.3.bc 
INFO: [HLS 200-100] Command           is_encrypted returned 0; 0 sec.
INFO: [HLS 200-100] Command         disassemble returned 0; 0.053 sec.
INFO: [HLS 200-111] Finished Architecture Synthesis Time (s): cpu = 00:00:05 ; elapsed = 00:01:17 . Memory (MB): peak = 172.656 ; gain = 122.859
INFO: [HLS 200-0] Finish building internal data model.
INFO: [HLS 200-100] Command       opt_and_import_c returned 0; 1.551 sec.
INFO: [HLS 200-100] Command     elaborate returned 0; 75.892 sec.
INFO: [HLS 200-100] Execute     autosyn 
INFO: [HLS 200-10] Starting hardware synthesis ...
INFO: [HLS 200-0] Synthesizing SystemC design ...
INFO: [HLS 200-100] Execute       sc_get_modules -debug Top 
INFO: [SCA 200-201] Elaborating SystemC module 'Advios'.
INFO: [SCA 200-201] Performing SystemC synthesis linting.
INFO: [SCA 200-201] Analyzing ports and processes.
INFO: [SCA 200-201] Found the clock port of process 'Advios::modulate_clock': 'clk'.
INFO: [SCA 200-201] Found the reset port of process 'Advios::modulate_clock': 'reset'.
INFO: [SCA 200-201] Found the clock port of process 'Advios::LedControl': 'clk_sc_in'.
INFO: [SCA 200-201] Found the reset port of process 'Advios::LedControl': 'reset'.
WARNING: [SCA 200-202] Port 'outLeds' has no reset.
INFO: [SCA 200-201] Elaborating SystemC module 'Top'.
INFO: [SCA 200-201] Analyzing the module hierarchy:
                    Contains sub-module: 'Advios'
INFO: [SCA 200-201] Performing SystemC synthesis linting.
INFO: [SCA 200-201] Analyzing ports and processes.
INFO: [HLS 200-100] Command       sc_get_modules returned 0; 0.001 sec.
INFO: [HLS 200-100] Execute       export_ssdm C:/Users/titas/source/repos/-EmbeddedRealTimeSystems-/Assignment2/Exsercise7_3/ip_repo/Advisio/solution1/.autopilot/db/a.o.sce.ll 
INFO: [HLS 200-100] Command       export_ssdm returned 0; 0.017 sec.
INFO: [HLS 200-0] SystemC Modules: { Advios Top }
INFO: [HLS 200-100] Execute       ap_set_top_model Top 
INFO: [HLS 200-100] Command       ap_set_top_model returned 0; 0 sec.
INFO: [HLS 200-100] Execute       cdfg_preprocess -model Top 
INFO: [HLS 200-100] Command       cdfg_preprocess returned 0; 0 sec.
INFO: [HLS 200-100] Execute       ap_set_top_model Advios 
INFO: [HLS 200-100] Command       ap_set_top_model returned 0; 0 sec.
INFO: [HLS 200-100] Execute       sc_get_processes Advios 
INFO: [HLS 200-100] Command       sc_get_processes returned 0; 0 sec.
INFO: [HLS 200-10] Synthesizing SystemC module [ Advios ]
INFO: [HLS 200-0] SystemC module [Advios] has process(es): { LedControl modulate_clock }
INFO: [HLS 200-10] Found SystemC process: 'Advios_LedControl' 
INFO: [HLS 200-10] Synthesizing 'Advios_LedControl' ...
INFO: [HLS 200-100] Execute       get_model_list Advios_LedControl -filter all-wo-channel -topdown 
INFO: [HLS 200-100] Command       get_model_list returned 0; 0.001 sec.
INFO: [HLS 200-100] Execute       preproc_iomode -model Advios::LedControl 
INFO: [HLS 200-100] Command       preproc_iomode returned 0; 0 sec.
INFO: [HLS 200-100] Execute       get_model_list Advios_LedControl -filter all-wo-channel 
INFO: [HLS 200-100] Command       get_model_list returned 0; 0 sec.
INFO: [HLS 200-0] Model list for configure: Advios::LedControl
INFO: [HLS 200-0] Configuring Module : Advios::LedControl ...
INFO: [HLS 200-100] Execute       set_default_model Advios::LedControl 
INFO: [HLS 200-100] Command       set_default_model returned 0; 0 sec.
INFO: [HLS 200-100] Execute       apply_spec_resource_limit Advios::LedControl 
INFO: [HLS 200-100] Command       apply_spec_resource_limit returned 0; 0 sec.
INFO: [HLS 200-0] Model list for preprocess: Advios::LedControl
INFO: [HLS 200-0] Preprocessing Module: Advios::LedControl ...
INFO: [HLS 200-100] Execute       set_default_model Advios::LedControl 
INFO: [HLS 200-100] Command       set_default_model returned 0; 0 sec.
INFO: [HLS 200-100] Execute       cdfg_preprocess -model Advios::LedControl 
INFO: [HLS 200-100] Command       cdfg_preprocess returned 0; 0 sec.
INFO: [HLS 200-100] Execute       rtl_gen_preprocess Advios::LedControl 
INFO: [HLS 200-100] Command       rtl_gen_preprocess returned 0; 0.001 sec.
INFO: [HLS 200-0] Model list for synthesis: Advios::LedControl
INFO: [HLS 200-10] ----------------------------------------------------------------
INFO: [HLS 200-10] -- Implementing module 'Advios_LedControl' 
INFO: [HLS 200-10] ----------------------------------------------------------------
INFO: [HLS 200-100] Execute       set_default_model Advios::LedControl 
INFO: [HLS 200-100] Command       set_default_model returned 0; 0 sec.
INFO: [HLS 200-100] Execute       schedule -model Advios::LedControl 
INFO: [SCHED 204-11] Starting scheduling ...
INFO: [SCHED 204-11] Finished scheduling.
INFO: [HLS 200-100] Command       schedule returned 0; 0.017 sec.
INFO: [HLS 200-111]  Elapsed time: 76.983 seconds; current allocated memory: 133.382 MB.
INFO: [HLS 200-100] Execute       report -o C:/Users/titas/source/repos/-EmbeddedRealTimeSystems-/Assignment2/Exsercise7_3/ip_repo/Advisio/solution1/.autopilot/db/Advios_LedControl.verbose.sched.rpt -verbose -f 
INFO: [HLS 200-100] Command       report returned 0; 0.018 sec.
INFO: [HLS 200-100] Execute       db_write -o C:/Users/titas/source/repos/-EmbeddedRealTimeSystems-/Assignment2/Exsercise7_3/ip_repo/Advisio/solution1/.autopilot/db/Advios_LedControl.sched.adb -f 
INFO: [HLS 200-100] Command       db_write returned 0; 0.02 sec.
INFO: [HLS 200-0] Finish scheduling Advios::LedControl.
INFO: [HLS 200-100] Execute       set_default_model Advios::LedControl 
INFO: [HLS 200-100] Command       set_default_model returned 0; 0 sec.
INFO: [HLS 200-100] Execute       bind -model Advios::LedControl 
INFO: [BIND 205-110] clear=
INFO: [BIND 205-110] debug=
INFO: [BIND 205-110] drf=
INFO: [BIND 205-110] effort=
INFO: [BIND 205-110] fast_refine=
INFO: [BIND 205-110] fu_weight=[ 0.0 -- 1.0 ]
INFO: [BIND 205-110] global_opt=
INFO: [BIND 205-110] gsearch=
INFO: [BIND 205-110] help=
INFO: [BIND 205-110] help-hidden=
INFO: [BIND 205-110] min_mem_port=
INFO: [BIND 205-110] min_op=
INFO: [BIND 205-110] minreg=
INFO: [BIND 205-110] ml=
INFO: [BIND 205-110] model=Advios::LedControl
INFO: [BIND 205-110] no_false_path=
INFO: [BIND 205-110] no_min_op=
INFO: [BIND 205-110] normalize=
INFO: [BIND 205-110] quiet=
INFO: [BIND 205-110] refine=
INFO: [BIND 205-110] reg_weight=[ 0.0 -- 1.0 ]
INFO: [BIND 205-110] search=
INFO: [BIND 205-110] tight_delay=
INFO: [BIND 205-110] verbose=
INFO: [BIND 205-110] wFF=
INFO: [BIND 205-110] wFU=
INFO: [BIND 205-110] wMUX=
INFO: [BIND 205-110] wNET=
INFO: [BIND 205-100] Starting micro-architecture generation ...
INFO: [BIND 205-101] Performing variable lifetime analysis.
INFO: [BIND 205-101] Exploring resource sharing.
INFO: [BIND 205-101] Binding ...
INFO: [BIND 205-100] Finished micro-architecture generation.
INFO: [HLS 200-100] Command       bind returned 0; 0.003 sec.
INFO: [HLS 200-111]  Elapsed time: 0.059 seconds; current allocated memory: 133.522 MB.
INFO: [HLS 200-100] Execute       report -o C:/Users/titas/source/repos/-EmbeddedRealTimeSystems-/Assignment2/Exsercise7_3/ip_repo/Advisio/solution1/.autopilot/db/Advios_LedControl.verbose.bind.rpt -verbose -f 
INFO: [HLS 200-100] Command       report returned 0; 0.022 sec.
INFO: [HLS 200-100] Execute       db_write -o C:/Users/titas/source/repos/-EmbeddedRealTimeSystems-/Assignment2/Exsercise7_3/ip_repo/Advisio/solution1/.autopilot/db/Advios_LedControl.bind.adb -f 
INFO: [HLS 200-100] Command       db_write returned 0; 0.02 sec.
INFO: [HLS 200-0] Finish binding Advios::LedControl.
INFO: [HLS 200-100] Execute       get_model_list Advios_LedControl -filter all-wo-channel 
INFO: [HLS 200-100] Command       get_model_list returned 0; 0.001 sec.
INFO: [HLS 200-0] Preprocessing for RTLGen ...
INFO: [HLS 200-100] Execute       rtl_gen_preprocess Advios::LedControl 
INFO: [HLS 200-100] Command       rtl_gen_preprocess returned 0; 0 sec.
INFO: [HLS 200-0] Model list for RTL generation: Advios::LedControl
INFO: [HLS 200-10] ----------------------------------------------------------------
INFO: [HLS 200-10] -- Generating RTL for module 'Advios_LedControl' 
INFO: [HLS 200-10] ----------------------------------------------------------------
INFO: [HLS 200-100] Execute       create_rtl_model Advios::LedControl -vendor xilinx -mg_file C:/Users/titas/source/repos/-EmbeddedRealTimeSystems-/Assignment2/Exsercise7_3/ip_repo/Advisio/solution1/.autopilot/db/Advios_LedControl.compgen.tcl 
WARNING: [RTGEN 206-101] Register 'counter_V' is power-on initialization.
INFO: [RTGEN 206-100] Finished creating RTL model for 'Advios_LedControl'.
INFO: [HLS 200-100] Command       create_rtl_model returned 0; 0.006 sec.
INFO: [HLS 200-111]  Elapsed time: 0.068 seconds; current allocated memory: 133.711 MB.
INFO: [HLS 200-100] Execute       source C:/Users/titas/source/repos/-EmbeddedRealTimeSystems-/Assignment2/Exsercise7_3/ip_repo/Advisio/solution1/.autopilot/db/Top.rtl_wrap.cfg.tcl 
INFO: [HLS 200-100] Command       ap_source returned 1; 0.001 sec.
WARNING: [HLS 200-40] Errors in preparing webtalk data (ignored): can't read "portList": no such variable.
INFO: [HLS 200-100] Execute       gen_rtl Advios::LedControl -style xilinx -tracefl mytrace -tracefmt vcd -traceopt all -f -lang sc -o C:/Users/titas/source/repos/-EmbeddedRealTimeSystems-/Assignment2/Exsercise7_3/ip_repo/Advisio/solution1/syn/systemc/Advios_LedControl -synmodules Advios::LedControl 
INFO: [HLS 200-100] Command       gen_rtl returned 0; 0.002 sec.
INFO: [HLS 200-100] Execute       gen_rtl Advios::LedControl -style xilinx -f -lang vhdl -o C:/Users/titas/source/repos/-EmbeddedRealTimeSystems-/Assignment2/Exsercise7_3/ip_repo/Advisio/solution1/syn/vhdl/Advios_LedControl 
INFO: [HLS 200-100] Command       gen_rtl returned 0; 0.001 sec.
INFO: [HLS 200-100] Execute       gen_rtl Advios::LedControl -style xilinx -f -lang vlog -o C:/Users/titas/source/repos/-EmbeddedRealTimeSystems-/Assignment2/Exsercise7_3/ip_repo/Advisio/solution1/syn/verilog/Advios_LedControl 
INFO: [HLS 200-100] Command       gen_rtl returned 0; 0.001 sec.
INFO: [HLS 200-100] Execute       gen_tb_info Advios::LedControl -o C:/Users/titas/source/repos/-EmbeddedRealTimeSystems-/Assignment2/Exsercise7_3/ip_repo/Advisio/solution1/.autopilot/db/Advios_LedControl -p C:/Users/titas/source/repos/-EmbeddedRealTimeSystems-/Assignment2/Exsercise7_3/ip_repo/Advisio/solution1/.autopilot/db 
INFO: [HLS 200-100] Command       gen_tb_info returned 0; 0.005 sec.
INFO: [HLS 200-100] Execute       report -model Advios::LedControl -o C:/Users/titas/source/repos/-EmbeddedRealTimeSystems-/Assignment2/Exsercise7_3/ip_repo/Advisio/solution1/syn/report/Advios_LedControl_csynth.rpt -f 
INFO: [HLS 200-100] Command       report returned 0; 0.003 sec.
INFO: [HLS 200-100] Execute       report -model Advios::LedControl -o C:/Users/titas/source/repos/-EmbeddedRealTimeSystems-/Assignment2/Exsercise7_3/ip_repo/Advisio/solution1/syn/report/Advios_LedControl_csynth.xml -f -x 
INFO: [HLS 200-100] Command       report returned 0; 0.002 sec.
INFO: [HLS 200-100] Execute       report -model Advios::LedControl -o C:/Users/titas/source/repos/-EmbeddedRealTimeSystems-/Assignment2/Exsercise7_3/ip_repo/Advisio/solution1/.autopilot/db/Advios_LedControl.verbose.rpt -verbose -f 
INFO: [HLS 200-100] Command       report returned 0; 0.023 sec.
INFO: [HLS 200-100] Execute       db_write -model Advios::LedControl -o C:/Users/titas/source/repos/-EmbeddedRealTimeSystems-/Assignment2/Exsercise7_3/ip_repo/Advisio/solution1/.autopilot/db/Advios_LedControl.adb -f 
INFO: [HLS 200-100] Command       db_write returned 0; 0.022 sec.
INFO: [HLS 200-0] Model list for RTL component generation: Advios::LedControl
INFO: [HLS 200-0] Handling components in module [Advios_LedControl] ... 
INFO: [HLS 200-100] Execute       source C:/Users/titas/source/repos/-EmbeddedRealTimeSystems-/Assignment2/Exsercise7_3/ip_repo/Advisio/solution1/.autopilot/db/Advios_LedControl.compgen.tcl 
INFO: [HLS 200-100] Command       ap_source returned 0; 0.002 sec.
INFO: [HLS 200-0] Append model Advios_LedControl
INFO: [HLS 200-0] Generating RTL model list ...
INFO: [HLS 200-0] All models in this session: Advios_LedControl
INFO: [HLS 200-0] To file: write model Advios_LedControl
INFO: [HLS 200-0] Finished generating RTL model list.


INFO: [HLS 200-0] RTL Generation done.
INFO: [HLS 200-0] CAS Generation done.
INFO: [HLS 200-0] CBC Generation done.
INFO: [HLS 200-100] Execute       export_ssdm C:/Users/titas/source/repos/-EmbeddedRealTimeSystems-/Assignment2/Exsercise7_3/ip_repo/Advisio/solution1/.autopilot/db/a.export.ll 
INFO: [HLS 200-100] Command       export_ssdm returned 0; 0.015 sec.
INFO: [HLS 200-10] Found SystemC process: 'Advios_modulate_clock' 
INFO: [HLS 200-10] Synthesizing 'Advios_modulate_clock' ...
INFO: [HLS 200-100] Execute       get_model_list Advios_modulate_clock -filter all-wo-channel -topdown 
INFO: [HLS 200-100] Command       get_model_list returned 0; 0 sec.
INFO: [HLS 200-100] Execute       preproc_iomode -model Advios::modulate_clock 
INFO: [HLS 200-100] Command       preproc_iomode returned 0; 0 sec.
INFO: [HLS 200-100] Execute       get_model_list Advios_modulate_clock -filter all-wo-channel 
INFO: [HLS 200-100] Command       get_model_list returned 0; 0 sec.
INFO: [HLS 200-0] Model list for configure: Advios::modulate_clock
INFO: [HLS 200-0] Configuring Module : Advios::modulate_clock ...
INFO: [HLS 200-100] Execute       set_default_model Advios::modulate_clock 
INFO: [HLS 200-100] Command       set_default_model returned 0; 0 sec.
INFO: [HLS 200-100] Execute       apply_spec_resource_limit Advios::modulate_clock 
INFO: [HLS 200-100] Command       apply_spec_resource_limit returned 0; 0 sec.
INFO: [HLS 200-0] Model list for preprocess: Advios::modulate_clock
INFO: [HLS 200-0] Preprocessing Module: Advios::modulate_clock ...
INFO: [HLS 200-100] Execute       set_default_model Advios::modulate_clock 
INFO: [HLS 200-100] Command       set_default_model returned 0; 0 sec.
INFO: [HLS 200-100] Execute       cdfg_preprocess -model Advios::modulate_clock 
INFO: [HLS 200-100] Command       cdfg_preprocess returned 0; 0.001 sec.
INFO: [HLS 200-100] Execute       rtl_gen_preprocess Advios::modulate_clock 
INFO: [HLS 200-100] Command       rtl_gen_preprocess returned 0; 0.001 sec.
INFO: [HLS 200-0] Model list for synthesis: Advios::modulate_clock
INFO: [HLS 200-10] ----------------------------------------------------------------
INFO: [HLS 200-10] -- Implementing module 'Advios_modulate_clock' 
INFO: [HLS 200-10] ----------------------------------------------------------------
INFO: [HLS 200-100] Execute       set_default_model Advios::modulate_clock 
INFO: [HLS 200-100] Command       set_default_model returned 0; 0 sec.
INFO: [HLS 200-100] Execute       schedule -model Advios::modulate_clock 
INFO: [SCHED 204-11] Starting scheduling ...
INFO: [SCHED 204-11] Finished scheduling.
INFO: [HLS 200-100] Command       schedule returned 0; 0.018 sec.
INFO: [HLS 200-111]  Elapsed time: 0.179 seconds; current allocated memory: 133.910 MB.
INFO: [HLS 200-100] Execute       report -o C:/Users/titas/source/repos/-EmbeddedRealTimeSystems-/Assignment2/Exsercise7_3/ip_repo/Advisio/solution1/.autopilot/db/Advios_modulate_clock.verbose.sched.rpt -verbose -f 
INFO: [HLS 200-100] Command       report returned 0; 0.011 sec.
INFO: [HLS 200-100] Execute       db_write -o C:/Users/titas/source/repos/-EmbeddedRealTimeSystems-/Assignment2/Exsercise7_3/ip_repo/Advisio/solution1/.autopilot/db/Advios_modulate_clock.sched.adb -f 
INFO: [HLS 200-100] Command       db_write returned 0; 0.014 sec.
INFO: [HLS 200-0] Finish scheduling Advios::modulate_clock.
INFO: [HLS 200-100] Execute       set_default_model Advios::modulate_clock 
INFO: [HLS 200-100] Command       set_default_model returned 0; 0.001 sec.
INFO: [HLS 200-100] Execute       bind -model Advios::modulate_clock 
INFO: [BIND 205-110] clear=
INFO: [BIND 205-110] debug=
INFO: [BIND 205-110] drf=
INFO: [BIND 205-110] effort=
INFO: [BIND 205-110] fast_refine=
INFO: [BIND 205-110] fu_weight=[ 0.0 -- 1.0 ]
INFO: [BIND 205-110] global_opt=
INFO: [BIND 205-110] gsearch=
INFO: [BIND 205-110] help=
INFO: [BIND 205-110] help-hidden=
INFO: [BIND 205-110] min_mem_port=
INFO: [BIND 205-110] min_op=
INFO: [BIND 205-110] minreg=
INFO: [BIND 205-110] ml=
INFO: [BIND 205-110] model=Advios::modulate_clock
INFO: [BIND 205-110] no_false_path=
INFO: [BIND 205-110] no_min_op=
INFO: [BIND 205-110] normalize=
INFO: [BIND 205-110] quiet=
INFO: [BIND 205-110] refine=
INFO: [BIND 205-110] reg_weight=[ 0.0 -- 1.0 ]
INFO: [BIND 205-110] search=
INFO: [BIND 205-110] tight_delay=
INFO: [BIND 205-110] verbose=
INFO: [BIND 205-110] wFF=
INFO: [BIND 205-110] wFU=
INFO: [BIND 205-110] wMUX=
INFO: [BIND 205-110] wNET=
INFO: [BIND 205-100] Starting micro-architecture generation ...
INFO: [BIND 205-101] Performing variable lifetime analysis.
INFO: [BIND 205-101] Exploring resource sharing.
INFO: [BIND 205-101] Binding ...
INFO: [BIND 205-100] Finished micro-architecture generation.
INFO: [HLS 200-100] Command       bind returned 0; 0.002 sec.
INFO: [HLS 200-111]  Elapsed time: 0.043 seconds; current allocated memory: 134.012 MB.
INFO: [HLS 200-100] Execute       report -o C:/Users/titas/source/repos/-EmbeddedRealTimeSystems-/Assignment2/Exsercise7_3/ip_repo/Advisio/solution1/.autopilot/db/Advios_modulate_clock.verbose.bind.rpt -verbose -f 
INFO: [HLS 200-100] Command       report returned 0; 0.015 sec.
INFO: [HLS 200-100] Execute       db_write -o C:/Users/titas/source/repos/-EmbeddedRealTimeSystems-/Assignment2/Exsercise7_3/ip_repo/Advisio/solution1/.autopilot/db/Advios_modulate_clock.bind.adb -f 
INFO: [HLS 200-100] Command       db_write returned 0; 0.013 sec.
INFO: [HLS 200-0] Finish binding Advios::modulate_clock.
INFO: [HLS 200-100] Execute       get_model_list Advios_modulate_clock -filter all-wo-channel 
INFO: [HLS 200-100] Command       get_model_list returned 0; 0 sec.
INFO: [HLS 200-0] Preprocessing for RTLGen ...
INFO: [HLS 200-100] Execute       rtl_gen_preprocess Advios::modulate_clock 
INFO: [HLS 200-100] Command       rtl_gen_preprocess returned 0; 0.001 sec.
INFO: [HLS 200-0] Model list for RTL generation: Advios::modulate_clock
INFO: [HLS 200-10] ----------------------------------------------------------------
INFO: [HLS 200-10] -- Generating RTL for module 'Advios_modulate_clock' 
INFO: [HLS 200-10] ----------------------------------------------------------------
INFO: [HLS 200-100] Execute       create_rtl_model Advios::modulate_clock -vendor xilinx -mg_file C:/Users/titas/source/repos/-EmbeddedRealTimeSystems-/Assignment2/Exsercise7_3/ip_repo/Advisio/solution1/.autopilot/db/Advios_modulate_clock.compgen.tcl 
INFO: [RTGEN 206-100] Finished creating RTL model for 'Advios_modulate_clock'.
INFO: [HLS 200-100] Command       create_rtl_model returned 0; 0.002 sec.
INFO: [HLS 200-111]  Elapsed time: 0.047 seconds; current allocated memory: 134.103 MB.
INFO: [HLS 200-100] Execute       source C:/Users/titas/source/repos/-EmbeddedRealTimeSystems-/Assignment2/Exsercise7_3/ip_repo/Advisio/solution1/.autopilot/db/Top.rtl_wrap.cfg.tcl 
INFO: [HLS 200-100] Command       ap_source returned 1; 0.002 sec.
WARNING: [HLS 200-40] Errors in preparing webtalk data (ignored): can't read "portList": no such variable.
INFO: [HLS 200-100] Execute       gen_rtl Advios::modulate_clock -style xilinx -tracefl mytrace -tracefmt vcd -traceopt all -f -lang sc -o C:/Users/titas/source/repos/-EmbeddedRealTimeSystems-/Assignment2/Exsercise7_3/ip_repo/Advisio/solution1/syn/systemc/Advios_modulate_clock -synmodules Advios::modulate_clock 
INFO: [HLS 200-100] Command       gen_rtl returned 0; 0.002 sec.
INFO: [HLS 200-100] Execute       gen_rtl Advios::modulate_clock -style xilinx -f -lang vhdl -o C:/Users/titas/source/repos/-EmbeddedRealTimeSystems-/Assignment2/Exsercise7_3/ip_repo/Advisio/solution1/syn/vhdl/Advios_modulate_clock 
INFO: [HLS 200-100] Command       gen_rtl returned 0; 0.001 sec.
INFO: [HLS 200-100] Execute       gen_rtl Advios::modulate_clock -style xilinx -f -lang vlog -o C:/Users/titas/source/repos/-EmbeddedRealTimeSystems-/Assignment2/Exsercise7_3/ip_repo/Advisio/solution1/syn/verilog/Advios_modulate_clock 
INFO: [HLS 200-100] Command       gen_rtl returned 0; 0.001 sec.
INFO: [HLS 200-100] Execute       gen_tb_info Advios::modulate_clock -o C:/Users/titas/source/repos/-EmbeddedRealTimeSystems-/Assignment2/Exsercise7_3/ip_repo/Advisio/solution1/.autopilot/db/Advios_modulate_clock -p C:/Users/titas/source/repos/-EmbeddedRealTimeSystems-/Assignment2/Exsercise7_3/ip_repo/Advisio/solution1/.autopilot/db 
INFO: [HLS 200-100] Command       gen_tb_info returned 0; 0.005 sec.
INFO: [HLS 200-100] Execute       report -model Advios::modulate_clock -o C:/Users/titas/source/repos/-EmbeddedRealTimeSystems-/Assignment2/Exsercise7_3/ip_repo/Advisio/solution1/syn/report/Advios_modulate_clock_csynth.rpt -f 
INFO: [HLS 200-100] Command       report returned 0; 0.003 sec.
INFO: [HLS 200-100] Execute       report -model Advios::modulate_clock -o C:/Users/titas/source/repos/-EmbeddedRealTimeSystems-/Assignment2/Exsercise7_3/ip_repo/Advisio/solution1/syn/report/Advios_modulate_clock_csynth.xml -f -x 
INFO: [HLS 200-100] Command       report returned 0; 0.002 sec.
INFO: [HLS 200-100] Execute       report -model Advios::modulate_clock -o C:/Users/titas/source/repos/-EmbeddedRealTimeSystems-/Assignment2/Exsercise7_3/ip_repo/Advisio/solution1/.autopilot/db/Advios_modulate_clock.verbose.rpt -verbose -f 
INFO: [HLS 200-100] Command       report returned 0; 0.018 sec.
INFO: [HLS 200-100] Execute       db_write -model Advios::modulate_clock -o C:/Users/titas/source/repos/-EmbeddedRealTimeSystems-/Assignment2/Exsercise7_3/ip_repo/Advisio/solution1/.autopilot/db/Advios_modulate_clock.adb -f 
INFO: [HLS 200-100] Command       db_write returned 0; 0.019 sec.
INFO: [HLS 200-0] Model list for RTL component generation: Advios::modulate_clock
INFO: [HLS 200-0] Handling components in module [Advios_modulate_clock] ... 
INFO: [HLS 200-100] Execute       source C:/Users/titas/source/repos/-EmbeddedRealTimeSystems-/Assignment2/Exsercise7_3/ip_repo/Advisio/solution1/.autopilot/db/Advios_modulate_clock.compgen.tcl 
INFO: [HLS 200-100] Command       ap_source returned 0; 0.002 sec.
INFO: [HLS 200-0] Append model Advios_modulate_clock
INFO: [HLS 200-0] Generating RTL model list ...
INFO: [HLS 200-0] All models in this session: Advios_LedControl Advios_modulate_clock
INFO: [HLS 200-0] To file: write model Advios_LedControl
INFO: [HLS 200-0] To file: write model Advios_modulate_clock
INFO: [HLS 200-0] Finished generating RTL model list.


INFO: [HLS 200-0] RTL Generation done.
INFO: [HLS 200-0] CAS Generation done.
INFO: [HLS 200-0] CBC Generation done.
INFO: [HLS 200-100] Execute       export_ssdm C:/Users/titas/source/repos/-EmbeddedRealTimeSystems-/Assignment2/Exsercise7_3/ip_repo/Advisio/solution1/.autopilot/db/a.export.ll 
INFO: [HLS 200-100] Command       export_ssdm returned 0; 0.005 sec.
INFO: [HLS 200-0] SystemC module [Advios] is top-level?: false 
INFO: [HLS 200-10] Synthesizing 'Advios' ...
INFO: [HLS 200-100] Execute       preproc_iomode -model Advios 
INFO: [HLS 200-100] Command       preproc_iomode returned 0; 0.001 sec.
INFO: [HLS 200-0] Model list for configure: Advios
INFO: [HLS 200-0] Configuring Module : Advios ...
INFO: [HLS 200-100] Execute       set_default_model Advios 
INFO: [HLS 200-100] Command       set_default_model returned 0; 0 sec.
INFO: [HLS 200-100] Execute       apply_spec_resource_limit Advios 
INFO: [HLS 200-100] Command       apply_spec_resource_limit returned 0; 0 sec.
INFO: [HLS 200-0] Model list for preprocess: Advios
INFO: [HLS 200-0] Preprocessing Module: Advios ...
INFO: [HLS 200-100] Execute       set_default_model Advios 
INFO: [HLS 200-100] Command       set_default_model returned 0; 0 sec.
INFO: [HLS 200-100] Execute       cdfg_preprocess -model Advios 
INFO: [HLS 200-100] Command       cdfg_preprocess returned 0; 0.001 sec.
INFO: [HLS 200-100] Execute       rtl_gen_preprocess Advios 
INFO: [HLS 200-100] Command       rtl_gen_preprocess returned 0; 0 sec.
INFO: [HLS 200-0] Model list for synthesis: Advios
INFO: [HLS 200-10] ----------------------------------------------------------------
INFO: [HLS 200-10] -- Implementing module 'Advios' 
INFO: [HLS 200-10] ----------------------------------------------------------------
INFO: [HLS 200-100] Execute       set_default_model Advios 
INFO: [HLS 200-100] Command       set_default_model returned 0; 0 sec.
INFO: [HLS 200-100] Execute       schedule -model Advios 
INFO: [SCHED 204-11] Starting scheduling ...
INFO: [SCHED 204-11] Finished scheduling.
INFO: [HLS 200-100] Command       schedule returned 0; 0.01 sec.
INFO: [HLS 200-111]  Elapsed time: 0.137 seconds; current allocated memory: 134.211 MB.
INFO: [HLS 200-100] Execute       report -o C:/Users/titas/source/repos/-EmbeddedRealTimeSystems-/Assignment2/Exsercise7_3/ip_repo/Advisio/solution1/.autopilot/db/Advios.verbose.sched.rpt -verbose -f 
INFO: [HLS 200-100] Command       report returned 0; 0.003 sec.
INFO: [HLS 200-100] Execute       db_write -o C:/Users/titas/source/repos/-EmbeddedRealTimeSystems-/Assignment2/Exsercise7_3/ip_repo/Advisio/solution1/.autopilot/db/Advios.sched.adb -f 
INFO: [HLS 200-100] Command       db_write returned 0; 0.005 sec.
INFO: [HLS 200-0] Finish scheduling Advios.
INFO: [HLS 200-100] Execute       set_default_model Advios 
INFO: [HLS 200-100] Command       set_default_model returned 0; 0 sec.
INFO: [HLS 200-100] Execute       bind -model Advios 
INFO: [BIND 205-110] clear=
INFO: [BIND 205-110] debug=
INFO: [BIND 205-110] drf=
INFO: [BIND 205-110] effort=
INFO: [BIND 205-110] fast_refine=
INFO: [BIND 205-110] fu_weight=[ 0.0 -- 1.0 ]
INFO: [BIND 205-110] global_opt=
INFO: [BIND 205-110] gsearch=
INFO: [BIND 205-110] help=
INFO: [BIND 205-110] help-hidden=
INFO: [BIND 205-110] min_mem_port=
INFO: [BIND 205-110] min_op=
INFO: [BIND 205-110] minreg=
INFO: [BIND 205-110] ml=
INFO: [BIND 205-110] model=Advios
INFO: [BIND 205-110] no_false_path=
INFO: [BIND 205-110] no_min_op=
INFO: [BIND 205-110] normalize=
INFO: [BIND 205-110] quiet=
INFO: [BIND 205-110] refine=
INFO: [BIND 205-110] reg_weight=[ 0.0 -- 1.0 ]
INFO: [BIND 205-110] search=
INFO: [BIND 205-110] tight_delay=
INFO: [BIND 205-110] verbose=
INFO: [BIND 205-110] wFF=
INFO: [BIND 205-110] wFU=
INFO: [BIND 205-110] wMUX=
INFO: [BIND 205-110] wNET=
INFO: [BIND 205-100] Starting micro-architecture generation ...
INFO: [BIND 205-101] Performing variable lifetime analysis.
INFO: [BIND 205-101] Exploring resource sharing.
INFO: [BIND 205-101] Binding ...
INFO: [BIND 205-100] Finished micro-architecture generation.
INFO: [HLS 200-100] Command       bind returned 0; 0.004 sec.
INFO: [HLS 200-111]  Elapsed time: 0.027 seconds; current allocated memory: 134.316 MB.
INFO: [HLS 200-100] Execute       report -o C:/Users/titas/source/repos/-EmbeddedRealTimeSystems-/Assignment2/Exsercise7_3/ip_repo/Advisio/solution1/.autopilot/db/Advios.verbose.bind.rpt -verbose -f 
INFO: [HLS 200-100] Command       report returned 0; 0.013 sec.
INFO: [HLS 200-100] Execute       db_write -o C:/Users/titas/source/repos/-EmbeddedRealTimeSystems-/Assignment2/Exsercise7_3/ip_repo/Advisio/solution1/.autopilot/db/Advios.bind.adb -f 
INFO: [HLS 200-100] Command       db_write returned 0; 0.006 sec.
INFO: [HLS 200-0] Finish binding Advios.
INFO: [HLS 200-0] Preprocessing for RTLGen ...
INFO: [HLS 200-100] Execute       rtl_gen_preprocess Advios 
INFO: [HLS 200-100] Command       rtl_gen_preprocess returned 0; 0 sec.
INFO: [HLS 200-0] Model list for RTL generation: Advios
INFO: [HLS 200-10] ----------------------------------------------------------------
INFO: [HLS 200-10] -- Generating RTL for module 'Advios' 
INFO: [HLS 200-10] ----------------------------------------------------------------
INFO: [HLS 200-100] Execute       create_rtl_model Advios -vendor xilinx -mg_file C:/Users/titas/source/repos/-EmbeddedRealTimeSystems-/Assignment2/Exsercise7_3/ip_repo/Advisio/solution1/.autopilot/db/Advios.compgen.tcl 
INFO: [RTGEN 206-500] Setting interface mode on port 'Advios/clk' to 'ap_none'.
INFO: [RTGEN 206-500] Setting interface mode on port 'Advios/clk_sc_in' to 'ap_none'.
INFO: [RTGEN 206-500] Setting interface mode on port 'Advios/clk_sc_out' to 'ap_vld'.
INFO: [RTGEN 206-500] Setting interface mode on port 'Advios/reset' to 'ap_none'.
INFO: [RTGEN 206-500] Setting interface mode on port 'Advios/ctrl' to 'ap_none'.
INFO: [RTGEN 206-500] Setting interface mode on port 'Advios/inSwitch' to 'ap_none'.
INFO: [RTGEN 206-500] Setting interface mode on port 'Advios/outLeds' to 'ap_vld'.
INFO: [RTGEN 206-100] Finished creating RTL model for 'Advios'.
INFO: [HLS 200-100] Command       create_rtl_model returned 0; 0.003 sec.
INFO: [HLS 200-111]  Elapsed time: 0.039 seconds; current allocated memory: 134.425 MB.
INFO: [HLS 200-100] Execute       source C:/Users/titas/source/repos/-EmbeddedRealTimeSystems-/Assignment2/Exsercise7_3/ip_repo/Advisio/solution1/.autopilot/db/Top.rtl_wrap.cfg.tcl 
INFO: [HLS 200-100] Command       ap_source returned 1; 0.002 sec.
WARNING: [HLS 200-40] Errors in preparing webtalk data (ignored): can't read "portList": no such variable.
INFO: [HLS 200-100] Execute       gen_rtl Advios -style xilinx -tracefl mytrace -tracefmt vcd -traceopt all -f -lang sc -o C:/Users/titas/source/repos/-EmbeddedRealTimeSystems-/Assignment2/Exsercise7_3/ip_repo/Advisio/solution1/syn/systemc/Advios -synmodules Advios 
INFO: [HLS 200-100] Command       gen_rtl returned 0; 0.002 sec.
INFO: [HLS 200-100] Execute       gen_rtl Advios -style xilinx -f -lang vhdl -o C:/Users/titas/source/repos/-EmbeddedRealTimeSystems-/Assignment2/Exsercise7_3/ip_repo/Advisio/solution1/syn/vhdl/Advios 
INFO: [HLS 200-100] Command       gen_rtl returned 0; 0.002 sec.
INFO: [HLS 200-100] Execute       gen_rtl Advios -style xilinx -f -lang vlog -o C:/Users/titas/source/repos/-EmbeddedRealTimeSystems-/Assignment2/Exsercise7_3/ip_repo/Advisio/solution1/syn/verilog/Advios 
INFO: [HLS 200-100] Command       gen_rtl returned 0; 0.001 sec.
INFO: [HLS 200-100] Execute       gen_tb_info Advios -o C:/Users/titas/source/repos/-EmbeddedRealTimeSystems-/Assignment2/Exsercise7_3/ip_repo/Advisio/solution1/.autopilot/db/Advios -p C:/Users/titas/source/repos/-EmbeddedRealTimeSystems-/Assignment2/Exsercise7_3/ip_repo/Advisio/solution1/.autopilot/db 
INFO: [HLS 200-100] Command       gen_tb_info returned 0; 0.006 sec.
INFO: [HLS 200-100] Execute       report -model Advios -o C:/Users/titas/source/repos/-EmbeddedRealTimeSystems-/Assignment2/Exsercise7_3/ip_repo/Advisio/solution1/syn/report/Advios_csynth.rpt -f 
INFO: [HLS 200-100] Command       report returned 0; 0.003 sec.
INFO: [HLS 200-100] Execute       report -model Advios -o C:/Users/titas/source/repos/-EmbeddedRealTimeSystems-/Assignment2/Exsercise7_3/ip_repo/Advisio/solution1/syn/report/Advios_csynth.xml -f -x 
INFO: [HLS 200-100] Command       report returned 0; 0.002 sec.
INFO: [HLS 200-100] Execute       report -model Advios -o C:/Users/titas/source/repos/-EmbeddedRealTimeSystems-/Assignment2/Exsercise7_3/ip_repo/Advisio/solution1/.autopilot/db/Advios.verbose.rpt -verbose -f 
INFO: [HLS 200-100] Command       report returned 0; 0.011 sec.
INFO: [HLS 200-100] Execute       db_write -model Advios -o C:/Users/titas/source/repos/-EmbeddedRealTimeSystems-/Assignment2/Exsercise7_3/ip_repo/Advisio/solution1/.autopilot/db/Advios.adb -f 
INFO: [HLS 200-100] Command       db_write returned 0; 0.008 sec.
INFO: [HLS 200-0] Model list for RTL component generation: Advios
INFO: [HLS 200-0] Handling components in module [Advios] ... 
INFO: [HLS 200-100] Execute       source C:/Users/titas/source/repos/-EmbeddedRealTimeSystems-/Assignment2/Exsercise7_3/ip_repo/Advisio/solution1/.autopilot/db/Advios.compgen.tcl 
INFO: [HLS 200-100] Command       ap_source returned 0; 0.002 sec.
INFO: [HLS 200-0] Append model Advios
INFO: [HLS 200-0] Generating RTL model list ...
INFO: [HLS 200-0] All models in this session: Advios_LedControl Advios_modulate_clock Advios
INFO: [HLS 200-0] To file: write model Advios_LedControl
INFO: [HLS 200-0] To file: write model Advios_modulate_clock
INFO: [HLS 200-0] To file: write model Advios
INFO: [HLS 200-0] Finished generating RTL model list.


INFO: [HLS 200-0] RTL Generation done.
INFO: [HLS 200-0] CAS Generation done.
INFO: [HLS 200-0] CBC Generation done.
INFO: [HLS 200-100] Execute       export_ssdm C:/Users/titas/source/repos/-EmbeddedRealTimeSystems-/Assignment2/Exsercise7_3/ip_repo/Advisio/solution1/.autopilot/db/a.export.ll 
INFO: [HLS 200-100] Command       export_ssdm returned 0; 0.001 sec.
INFO: [HLS 200-100] Execute       ap_set_top_model Top 
INFO: [HLS 200-100] Command       ap_set_top_model returned 0; 0 sec.
INFO: [HLS 200-100] Execute       sc_get_processes Top 
INFO: [HLS 200-100] Command       sc_get_processes returned 0; 0 sec.
INFO: [HLS 200-10] Synthesizing SystemC module [ Top ]
INFO: [HLS 200-0] SystemC module [Top] has process(es): {  }
INFO: [HLS 200-0] SystemC module [Top] is top-level?: true 
INFO: [HLS 200-10] Synthesizing 'Top' ...
INFO: [HLS 200-100] Execute       preproc_iomode -model Top 
INFO: [HLS 200-100] Command       preproc_iomode returned 0; 0 sec.
INFO: [HLS 200-0] Model list for configure: Top
INFO: [HLS 200-0] Configuring Module : Top ...
INFO: [HLS 200-100] Execute       set_default_model Top 
INFO: [HLS 200-100] Command       set_default_model returned 0; 0 sec.
INFO: [HLS 200-100] Execute       apply_spec_resource_limit Top 
INFO: [HLS 200-100] Command       apply_spec_resource_limit returned 0; 0 sec.
INFO: [HLS 200-0] Model list for preprocess: Top
INFO: [HLS 200-0] Preprocessing Module: Top ...
INFO: [HLS 200-100] Execute       set_default_model Top 
INFO: [HLS 200-100] Command       set_default_model returned 0; 0 sec.
INFO: [HLS 200-100] Execute       cdfg_preprocess -model Top 
INFO: [HLS 200-100] Command       cdfg_preprocess returned 0; 0.001 sec.
INFO: [HLS 200-100] Execute       rtl_gen_preprocess Top 
INFO: [HLS 200-100] Command       rtl_gen_preprocess returned 0; 0 sec.
INFO: [HLS 200-0] Model list for synthesis: Top
INFO: [HLS 200-10] ----------------------------------------------------------------
INFO: [HLS 200-10] -- Implementing module 'Top' 
INFO: [HLS 200-10] ----------------------------------------------------------------
INFO: [HLS 200-100] Execute       set_default_model Top 
INFO: [HLS 200-100] Command       set_default_model returned 0; 0 sec.
INFO: [HLS 200-100] Execute       schedule -model Top 
INFO: [SCHED 204-11] Starting scheduling ...
INFO: [SCHED 204-11] Finished scheduling.
INFO: [HLS 200-100] Command       schedule returned 0; 0.012 sec.
INFO: [HLS 200-111]  Elapsed time: 0.108 seconds; current allocated memory: 134.482 MB.
INFO: [HLS 200-100] Execute       report -o C:/Users/titas/source/repos/-EmbeddedRealTimeSystems-/Assignment2/Exsercise7_3/ip_repo/Advisio/solution1/.autopilot/db/Top.verbose.sched.rpt -verbose -f 
INFO: [HLS 200-100] Command       report returned 0; 0.003 sec.
INFO: [HLS 200-100] Execute       db_write -o C:/Users/titas/source/repos/-EmbeddedRealTimeSystems-/Assignment2/Exsercise7_3/ip_repo/Advisio/solution1/.autopilot/db/Top.sched.adb -f 
INFO: [HLS 200-100] Command       db_write returned 0; 0.004 sec.
INFO: [HLS 200-0] Finish scheduling Top.
INFO: [HLS 200-100] Execute       set_default_model Top 
INFO: [HLS 200-100] Command       set_default_model returned 0; 0 sec.
INFO: [HLS 200-100] Execute       bind -model Top 
INFO: [BIND 205-110] clear=
INFO: [BIND 205-110] debug=
INFO: [BIND 205-110] drf=
INFO: [BIND 205-110] effort=
INFO: [BIND 205-110] fast_refine=
INFO: [BIND 205-110] fu_weight=[ 0.0 -- 1.0 ]
INFO: [BIND 205-110] global_opt=
INFO: [BIND 205-110] gsearch=
INFO: [BIND 205-110] help=
INFO: [BIND 205-110] help-hidden=
INFO: [BIND 205-110] min_mem_port=
INFO: [BIND 205-110] min_op=
INFO: [BIND 205-110] minreg=
INFO: [BIND 205-110] ml=
INFO: [BIND 205-110] model=Top
INFO: [BIND 205-110] no_false_path=
INFO: [BIND 205-110] no_min_op=
INFO: [BIND 205-110] normalize=
INFO: [BIND 205-110] quiet=
INFO: [BIND 205-110] refine=
INFO: [BIND 205-110] reg_weight=[ 0.0 -- 1.0 ]
INFO: [BIND 205-110] search=
INFO: [BIND 205-110] tight_delay=
INFO: [BIND 205-110] verbose=
INFO: [BIND 205-110] wFF=
INFO: [BIND 205-110] wFU=
INFO: [BIND 205-110] wMUX=
INFO: [BIND 205-110] wNET=
INFO: [BIND 205-100] Starting micro-architecture generation ...
INFO: [BIND 205-101] Performing variable lifetime analysis.
INFO: [BIND 205-101] Exploring resource sharing.
INFO: [BIND 205-101] Binding ...
INFO: [BIND 205-100] Finished micro-architecture generation.
INFO: [HLS 200-100] Command       bind returned 0; 0.005 sec.
INFO: [HLS 200-111]  Elapsed time: 0.027 seconds; current allocated memory: 134.548 MB.
INFO: [HLS 200-100] Execute       report -o C:/Users/titas/source/repos/-EmbeddedRealTimeSystems-/Assignment2/Exsercise7_3/ip_repo/Advisio/solution1/.autopilot/db/Top.verbose.bind.rpt -verbose -f 
INFO: [HLS 200-100] Command       report returned 0; 0.011 sec.
INFO: [HLS 200-100] Execute       db_write -o C:/Users/titas/source/repos/-EmbeddedRealTimeSystems-/Assignment2/Exsercise7_3/ip_repo/Advisio/solution1/.autopilot/db/Top.bind.adb -f 
INFO: [HLS 200-100] Command       db_write returned 0; 0.004 sec.
INFO: [HLS 200-0] Finish binding Top.
INFO: [HLS 200-0] Preprocessing for RTLGen ...
INFO: [HLS 200-100] Execute       rtl_gen_preprocess Top 
INFO: [HLS 200-100] Command       rtl_gen_preprocess returned 0; 0 sec.
INFO: [HLS 200-0] Model list for RTL generation: Top
INFO: [HLS 200-10] ----------------------------------------------------------------
INFO: [HLS 200-10] -- Generating RTL for module 'Top' 
INFO: [HLS 200-10] ----------------------------------------------------------------
INFO: [HLS 200-100] Execute       create_rtl_model Top -vendor xilinx -mg_file C:/Users/titas/source/repos/-EmbeddedRealTimeSystems-/Assignment2/Exsercise7_3/ip_repo/Advisio/solution1/.autopilot/db/Top.compgen.tcl 
ERROR: [RTGEN 206-102] Write value to a non-output port: 'Top/random_form1' to 'Top/random'.
ERROR: [HLS 200-103] Write value to a non-output port.
INFO: [HLS 200-100] Command       autosyn returned 2; 0.826 sec.
INFO: [HLS 200-100] Command     csynth_design returned 2; 76.718 sec.
INFO: [HLS 200-100] Command   ap_source returned 1; 77.103 sec.
Synthesis failed.
    while executing
"source C:/Users/titas/source/repos/-EmbeddedRealTimeSystems-/Assignment2/Exsercise7_3/ip_repo/Advisio/solution1/csynth.tcl"
    invoked from within
"hls::main C:/Users/titas/source/repos/-EmbeddedRealTimeSystems-/Assignment2/Exsercise7_3/ip_repo/Advisio/solution1/csynth.tcl"
    ("uplevel" body line 1)
    invoked from within
"uplevel 1 hls::main {*}$args"
    (procedure "hls_proc" line 5)
    invoked from within
"hls_proc $argv"
INFO: [HLS 200-100] Execute   cleanup_all 
INFO: [HLS 200-100] Command   cleanup_all returned 0; 0.01 sec.
