==============================================================
File generated by Vivado(TM) HLS - High-Level Synthesis from C, C++ and SystemC
Version: 2018.2
Copyright (C) 1986-2018 Xilinx, Inc. All Rights Reserved.

==============================================================

==============================================================
File generated by Vivado(TM) HLS - High-Level Synthesis from C, C++ and SystemC
Version: 2018.2
Copyright (C) 1986-2018 Xilinx, Inc. All Rights Reserved.

==============================================================

==============================================================
File generated by Vivado(TM) HLS - High-Level Synthesis from C, C++ and SystemC
Version: 2018.2
Copyright (C) 1986-2018 Xilinx, Inc. All Rights Reserved.

==============================================================

==============================================================
File generated by Vivado(TM) HLS - High-Level Synthesis from C, C++ and SystemC
Version: 2018.2
Copyright (C) 1986-2018 Xilinx, Inc. All Rights Reserved.

==============================================================

==============================================================
File generated by Vivado(TM) HLS - High-Level Synthesis from C, C++ and SystemC
Version: 2018.2
Copyright (C) 1986-2018 Xilinx, Inc. All Rights Reserved.

==============================================================

==============================================================
File generated by Vivado(TM) HLS - High-Level Synthesis from C, C++ and SystemC
Version: 2018.2
Copyright (C) 1986-2018 Xilinx, Inc. All Rights Reserved.

==============================================================

==============================================================
File generated by Vivado(TM) HLS - High-Level Synthesis from C, C++ and SystemC
Version: 2018.2
Copyright (C) 1986-2018 Xilinx, Inc. All Rights Reserved.

==============================================================

==============================================================
File generated by Vivado(TM) HLS - High-Level Synthesis from C, C++ and SystemC
Version: 2018.2
Copyright (C) 1986-2018 Xilinx, Inc. All Rights Reserved.

==============================================================

==============================================================
File generated by Vivado(TM) HLS - High-Level Synthesis from C, C++ and SystemC
Version: 2018.2
Copyright (C) 1986-2018 Xilinx, Inc. All Rights Reserved.

==============================================================

==============================================================
File generated by Vivado(TM) HLS - High-Level Synthesis from C, C++ and SystemC
Version: 2018.2
Copyright (C) 1986-2018 Xilinx, Inc. All Rights Reserved.

==============================================================

==============================================================
File generated by Vivado(TM) HLS - High-Level Synthesis from C, C++ and SystemC
Version: 2018.2
Copyright (C) 1986-2018 Xilinx, Inc. All Rights Reserved.

==============================================================

==============================================================
File generated by Vivado(TM) HLS - High-Level Synthesis from C, C++ and SystemC
Version: 2018.2
Copyright (C) 1986-2018 Xilinx, Inc. All Rights Reserved.

==============================================================

==============================================================
File generated by Vivado(TM) HLS - High-Level Synthesis from C, C++ and SystemC
Version: 2018.2
Copyright (C) 1986-2018 Xilinx, Inc. All Rights Reserved.

==============================================================

==============================================================
File generated by Vivado(TM) HLS - High-Level Synthesis from C, C++ and SystemC
Version: 2018.2
Copyright (C) 1986-2018 Xilinx, Inc. All Rights Reserved.

==============================================================

==============================================================
File generated by Vivado(TM) HLS - High-Level Synthesis from C, C++ and SystemC
Version: 2018.2
Copyright (C) 1986-2018 Xilinx, Inc. All Rights Reserved.

==============================================================

==============================================================
File generated by Vivado(TM) HLS - High-Level Synthesis from C, C++ and SystemC
Version: 2018.2
Copyright (C) 1986-2018 Xilinx, Inc. All Rights Reserved.

==============================================================

==============================================================
File generated by Vivado(TM) HLS - High-Level Synthesis from C, C++ and SystemC
Version: 2018.2
Copyright (C) 1986-2018 Xilinx, Inc. All Rights Reserved.

==============================================================

==============================================================
File generated by Vivado(TM) HLS - High-Level Synthesis from C, C++ and SystemC
Version: 2018.2
Copyright (C) 1986-2018 Xilinx, Inc. All Rights Reserved.

==============================================================

==============================================================
File generated by Vivado(TM) HLS - High-Level Synthesis from C, C++ and SystemC
Version: 2018.2
Copyright (C) 1986-2018 Xilinx, Inc. All Rights Reserved.

==============================================================

==============================================================
File generated by Vivado(TM) HLS - High-Level Synthesis from C, C++ and SystemC
Version: 2018.2
Copyright (C) 1986-2018 Xilinx, Inc. All Rights Reserved.

==============================================================

==============================================================
File generated by Vivado(TM) HLS - High-Level Synthesis from C, C++ and SystemC
Version: 2018.2
Copyright (C) 1986-2018 Xilinx, Inc. All Rights Reserved.

==============================================================

==============================================================
File generated by Vivado(TM) HLS - High-Level Synthesis from C, C++ and SystemC
Version: 2018.2
Copyright (C) 1986-2018 Xilinx, Inc. All Rights Reserved.

==============================================================

==============================================================
File generated by Vivado(TM) HLS - High-Level Synthesis from C, C++ and SystemC
Version: 2018.2
Copyright (C) 1986-2018 Xilinx, Inc. All Rights Reserved.

==============================================================

==============================================================
File generated by Vivado(TM) HLS - High-Level Synthesis from C, C++ and SystemC
Version: 2018.2
Copyright (C) 1986-2018 Xilinx, Inc. All Rights Reserved.

==============================================================

==============================================================
File generated by Vivado(TM) HLS - High-Level Synthesis from C, C++ and SystemC
Version: 2018.2
Copyright (C) 1986-2018 Xilinx, Inc. All Rights Reserved.

==============================================================

==============================================================
File generated by Vivado(TM) HLS - High-Level Synthesis from C, C++ and SystemC
Version: 2018.2
Copyright (C) 1986-2018 Xilinx, Inc. All Rights Reserved.

==============================================================

==============================================================
File generated by Vivado(TM) HLS - High-Level Synthesis from C, C++ and SystemC
Version: 2018.2
Copyright (C) 1986-2018 Xilinx, Inc. All Rights Reserved.

==============================================================

==============================================================
File generated by Vivado(TM) HLS - High-Level Synthesis from C, C++ and SystemC
Version: 2018.2
Copyright (C) 1986-2018 Xilinx, Inc. All Rights Reserved.

==============================================================

==============================================================
File generated by Vivado(TM) HLS - High-Level Synthesis from C, C++ and SystemC
Version: 2018.2
Copyright (C) 1986-2018 Xilinx, Inc. All Rights Reserved.

==============================================================

==============================================================
File generated by Vivado(TM) HLS - High-Level Synthesis from C, C++ and SystemC
Version: 2018.2
Copyright (C) 1986-2018 Xilinx, Inc. All Rights Reserved.

==============================================================

==============================================================
File generated by Vivado(TM) HLS - High-Level Synthesis from C, C++ and SystemC
Version: 2018.2
Copyright (C) 1986-2018 Xilinx, Inc. All Rights Reserved.

==============================================================

==============================================================
File generated by Vivado(TM) HLS - High-Level Synthesis from C, C++ and SystemC
Version: 2018.2
Copyright (C) 1986-2018 Xilinx, Inc. All Rights Reserved.

==============================================================

==============================================================
File generated by Vivado(TM) HLS - High-Level Synthesis from C, C++ and SystemC
Version: 2018.2
Copyright (C) 1986-2018 Xilinx, Inc. All Rights Reserved.

==============================================================

==============================================================
File generated by Vivado(TM) HLS - High-Level Synthesis from C, C++ and SystemC
Version: 2018.2
Copyright (C) 1986-2018 Xilinx, Inc. All Rights Reserved.

==============================================================

==============================================================
File generated by Vivado(TM) HLS - High-Level Synthesis from C, C++ and SystemC
Version: 2018.2
Copyright (C) 1986-2018 Xilinx, Inc. All Rights Reserved.

==============================================================

==============================================================
File generated by Vivado(TM) HLS - High-Level Synthesis from C, C++ and SystemC
Version: 2018.2
Copyright (C) 1986-2018 Xilinx, Inc. All Rights Reserved.

==============================================================

INFO: [SYN 201-201] Setting up clock 'default' with a period of 8ns.
INFO: [HLS 200-10] Setting target device to 'xc7z010clg400-1'
INFO: [SYN 201-201] Setting up clock 'default' with a period of 8ns.
INFO: [HLS 200-10] Analyzing design file 'src/advios.cpp' ... 
WARNING: [HLS 200-40] In file included from src/advios.cpp:1:
In file included from src/advios.cpp:2:
src/../inc/advios.h:22:20: error: use of undeclared identifier 'ctrl'
 sc_in<sc_uint<4>> ctrl;
                   ^
src/../inc/advios.h:22:24: error: type name requires a specifier or qualifier
 sc_in<sc_uint<4>> ctrl;
                       ^
src/../inc/advios.h:22:24: warning: declaration does not declare anything [-Wmissing-declarations]
 sc_in<sc_uint<4>> ctrl;
                       ^
src/../inc/advios.h:23:20: error: use of undeclared identifier 'inSwitch'
 sc_in<sc_uint<4>> inSwitch;
                   ^
src/../inc/advios.h:23:28: error: type name requires a specifier or qualifier
 sc_in<sc_uint<4>> inSwitch;
                           ^
src/../inc/advios.h:23:28: warning: declaration does not declare anything [-Wmissing-declarations]
 sc_in<sc_uint<4>> inSwitch;
                           ^
src/../inc/advios.h:24:21: error: use of undeclared identifier 'outLeds'
 sc_out<sc_uint<4>> outLeds;
                    ^
src/../inc/advios.h:24:28: error: type name requires a specifier or qualifier
 sc_out<sc_uint<4>> outLeds;
                           ^
src/../inc/advios.h:24:28: warning: declaration does not declare anything [-Wmissing-declarations]
 sc_out<sc_uint<4>> outLeds;
                           ^
src/../inc/advios.h:10:13: error: reference to non-static member function must be called; did you mean to call it with no arguments?
  SC_THREAD(time);
            ^~~~
                ()
src/../inc/advios.h:10:3: error: use of undeclared identifier 'SC_THREAD'
  SC_THREAD(time);
  ^
src/../inc/advios.h:13:13: error: reference to non-static member function must be called; did you mean to call it with no arguments?
  SC_THREAD(toggle_leds);
            ^~~~~~~~~~~
                       ()
src/../inc/advios.h:13:3: error: use of undeclared identifier 'SC_THREAD'
  SC_THREAD(toggle_leds);
  ^
In file included from src/advios.cpp:1:
src/advios.cpp:32:7: error: use of undeclared identifier 'ctrl'
  c = ctrl.read(); s = inSwitch.read();
      ^
src/advios.cpp:32:24: error: use of undeclared identifier 'inSwitch'
  c = ctrl.read(); s = inSwitch.read();
                       ^
src/advios.cpp:38:5: error: use of undeclared identifier 'outLeds'
    outLeds.write(counter);
    ^
src/advios.cpp:43:5: error: use of undeclared identifier 'outLeds'
    outLeds.write(counter);
    ^
src/advios.cpp:48:4: error: use of undeclared identifier 'outLeds'
   outLeds.write(c & s);
   ^
3 warnings and 15 errors generated.\n
==============================================================
File generated by Vivado(TM) HLS - High-Level Synthesis from C, C++ and SystemC
Version: 2018.2
Copyright (C) 1986-2018 Xilinx, Inc. All Rights Reserved.

==============================================================

INFO: [SYN 201-201] Setting up clock 'default' with a period of 8ns.
INFO: [HLS 200-10] Setting target device to 'xc7z010clg400-1'
INFO: [SYN 201-201] Setting up clock 'default' with a period of 8ns.
INFO: [HLS 200-10] Analyzing design file 'src/advios.cpp' ... 
WARNING: [HLS 200-40] In file included from src/advios.cpp:1:
In file included from src/advios.cpp:2:
src/../inc/advios.h:21:20: error: use of undeclared identifier 'ctrl'
 sc_in<sc_uint<4>> ctrl;
                   ^
src/../inc/advios.h:21:24: error: type name requires a specifier or qualifier
 sc_in<sc_uint<4>> ctrl;
                       ^
src/../inc/advios.h:21:24: warning: declaration does not declare anything [-Wmissing-declarations]
 sc_in<sc_uint<4>> ctrl;
                       ^
src/../inc/advios.h:22:20: error: use of undeclared identifier 'inSwitch'
 sc_in<sc_uint<4>> inSwitch;
                   ^
src/../inc/advios.h:22:28: error: type name requires a specifier or qualifier
 sc_in<sc_uint<4>> inSwitch;
                           ^
src/../inc/advios.h:22:28: warning: declaration does not declare anything [-Wmissing-declarations]
 sc_in<sc_uint<4>> inSwitch;
                           ^
src/../inc/advios.h:23:21: error: use of undeclared identifier 'outLeds'
 sc_out<sc_uint<4>> outLeds;
                    ^
src/../inc/advios.h:23:28: error: type name requires a specifier or qualifier
 sc_out<sc_uint<4>> outLeds;
                           ^
src/../inc/advios.h:23:28: warning: declaration does not declare anything [-Wmissing-declarations]
 sc_out<sc_uint<4>> outLeds;
                           ^
src/../inc/advios.h:9:13: error: reference to non-static member function must be called; did you mean to call it with no arguments?
  SC_THREAD(time);
            ^~~~
                ()
src/../inc/advios.h:9:3: error: use of undeclared identifier 'SC_THREAD'
  SC_THREAD(time);
  ^
src/../inc/advios.h:12:13: error: reference to non-static member function must be called; did you mean to call it with no arguments?
  SC_THREAD(toggle_leds);
            ^~~~~~~~~~~
                       ()
src/../inc/advios.h:12:3: error: use of undeclared identifier 'SC_THREAD'
  SC_THREAD(toggle_leds);
  ^
In file included from src/advios.cpp:1:
src/advios.cpp:32:7: error: use of undeclared identifier 'ctrl'
  c = ctrl.read(); s = inSwitch.read();
      ^
src/advios.cpp:32:24: error: use of undeclared identifier 'inSwitch'
  c = ctrl.read(); s = inSwitch.read();
                       ^
src/advios.cpp:38:5: error: use of undeclared identifier 'outLeds'
    outLeds.write(counter);
    ^
src/advios.cpp:43:5: error: use of undeclared identifier 'outLeds'
    outLeds.write(counter);
    ^
src/advios.cpp:48:4: error: use of undeclared identifier 'outLeds'
   outLeds.write(c & s);
   ^
3 warnings and 15 errors generated.\n
==============================================================
File generated by Vivado(TM) HLS - High-Level Synthesis from C, C++ and SystemC
Version: 2018.2
Copyright (C) 1986-2018 Xilinx, Inc. All Rights Reserved.

==============================================================

INFO: [SYN 201-201] Setting up clock 'default' with a period of 8ns.
INFO: [HLS 200-10] Setting target device to 'xc7z010clg400-1'
INFO: [HLS 200-10] Analyzing design file 'src/advios.cpp' ... 
WARNING: [HLS 200-40] In file included from src/advios.cpp:1:
In file included from src/advios.cpp:2:
src/../inc/advios.h:21:20: error: use of undeclared identifier 'ctrl'
 sc_in<sc_uint<4>> ctrl;
                   ^
src/../inc/advios.h:21:24: error: type name requires a specifier or qualifier
 sc_in<sc_uint<4>> ctrl;
                       ^
src/../inc/advios.h:21:24: warning: declaration does not declare anything [-Wmissing-declarations]
 sc_in<sc_uint<4>> ctrl;
                       ^
src/../inc/advios.h:22:20: error: use of undeclared identifier 'inSwitch'
 sc_in<sc_uint<4>> inSwitch;
                   ^
src/../inc/advios.h:22:28: error: type name requires a specifier or qualifier
 sc_in<sc_uint<4>> inSwitch;
                           ^
src/../inc/advios.h:22:28: warning: declaration does not declare anything [-Wmissing-declarations]
 sc_in<sc_uint<4>> inSwitch;
                           ^
src/../inc/advios.h:23:21: error: use of undeclared identifier 'outLeds'
 sc_out<sc_uint<4>> outLeds;
                    ^
src/../inc/advios.h:23:28: error: type name requires a specifier or qualifier
 sc_out<sc_uint<4>> outLeds;
                           ^
src/../inc/advios.h:23:28: warning: declaration does not declare anything [-Wmissing-declarations]
 sc_out<sc_uint<4>> outLeds;
                           ^
src/../inc/advios.h:9:13: error: reference to non-static member function must be called; did you mean to call it with no arguments?
  SC_THREAD(time);
            ^~~~
                ()
src/../inc/advios.h:9:3: error: use of undeclared identifier 'SC_THREAD'
  SC_THREAD(time);
  ^
src/../inc/advios.h:12:13: error: reference to non-static member function must be called; did you mean to call it with no arguments?
  SC_THREAD(toggle_leds);
            ^~~~~~~~~~~
                       ()
src/../inc/advios.h:12:3: error: use of undeclared identifier 'SC_THREAD'
  SC_THREAD(toggle_leds);
  ^
In file included from src/advios.cpp:1:
src/advios.cpp:32:7: error: use of undeclared identifier 'ctrl'
  c = ctrl.read(); s = inSwitch.read();
      ^
src/advios.cpp:32:24: error: use of undeclared identifier 'inSwitch'
  c = ctrl.read(); s = inSwitch.read();
                       ^
src/advios.cpp:38:5: error: use of undeclared identifier 'outLeds'
    outLeds.write(counter);
    ^
src/advios.cpp:43:5: error: use of undeclared identifier 'outLeds'
    outLeds.write(counter);
    ^
src/advios.cpp:48:4: error: use of undeclared identifier 'outLeds'
   outLeds.write(c & s);
   ^
3 warnings and 15 errors generated.\n
==============================================================
File generated by Vivado(TM) HLS - High-Level Synthesis from C, C++ and SystemC
Version: 2018.2
Copyright (C) 1986-2018 Xilinx, Inc. All Rights Reserved.

==============================================================

INFO: [SYN 201-201] Setting up clock 'default' with a period of 8ns.
INFO: [HLS 200-10] Setting target device to 'xc7z010clg400-1'
INFO: [HLS 200-10] Analyzing design file 'src/advios.cpp' ... 
WARNING: [HLS 200-40] In file included from src/advios.cpp:1:
In file included from src/advios.cpp:2:
src/../inc/advios.h:22:20: error: use of undeclared identifier 'ctrl'
 sc_in<sc_uint<4>> ctrl;
                   ^
src/../inc/advios.h:22:24: error: type name requires a specifier or qualifier
 sc_in<sc_uint<4>> ctrl;
                       ^
src/../inc/advios.h:22:24: warning: declaration does not declare anything [-Wmissing-declarations]
 sc_in<sc_uint<4>> ctrl;
                       ^
src/../inc/advios.h:23:20: error: use of undeclared identifier 'inSwitch'
 sc_in<sc_uint<4>> inSwitch;
                   ^
src/../inc/advios.h:23:28: error: type name requires a specifier or qualifier
 sc_in<sc_uint<4>> inSwitch;
                           ^
src/../inc/advios.h:23:28: warning: declaration does not declare anything [-Wmissing-declarations]
 sc_in<sc_uint<4>> inSwitch;
                           ^
src/../inc/advios.h:24:21: error: use of undeclared identifier 'outLeds'
 sc_out<sc_uint<4>> outLeds;
                    ^
src/../inc/advios.h:24:28: error: type name requires a specifier or qualifier
 sc_out<sc_uint<4>> outLeds;
                           ^
src/../inc/advios.h:24:28: warning: declaration does not declare anything [-Wmissing-declarations]
 sc_out<sc_uint<4>> outLeds;
                           ^
src/../inc/advios.h:9:13: error: reference to non-static member function must be called; did you mean to call it with no arguments?
  SC_THREAD(time);
            ^~~~
                ()
src/../inc/advios.h:9:3: error: use of undeclared identifier 'SC_THREAD'
  SC_THREAD(time);
  ^
src/../inc/advios.h:12:13: error: reference to non-static member function must be called; did you mean to call it with no arguments?
  SC_THREAD(toggle_leds);
            ^~~~~~~~~~~
                       ()
src/../inc/advios.h:12:3: error: use of undeclared identifier 'SC_THREAD'
  SC_THREAD(toggle_leds);
  ^
In file included from src/advios.cpp:1:
src/advios.cpp:32:7: error: use of undeclared identifier 'ctrl'
  c = ctrl.read(); s = inSwitch.read();
      ^
src/advios.cpp:32:24: error: use of undeclared identifier 'inSwitch'
  c = ctrl.read(); s = inSwitch.read();
                       ^
src/advios.cpp:38:5: error: use of undeclared identifier 'outLeds'
    outLeds.write(counter);
    ^
src/advios.cpp:43:5: error: use of undeclared identifier 'outLeds'
    outLeds.write(counter);
    ^
src/advios.cpp:48:4: error: use of undeclared identifier 'outLeds'
   outLeds.write(c & s);
   ^
3 warnings and 15 errors generated.\n
==============================================================
File generated by Vivado(TM) HLS - High-Level Synthesis from C, C++ and SystemC
Version: 2018.2
Copyright (C) 1986-2018 Xilinx, Inc. All Rights Reserved.

==============================================================

==============================================================
File generated by Vivado(TM) HLS - High-Level Synthesis from C, C++ and SystemC
Version: 2018.2
Copyright (C) 1986-2018 Xilinx, Inc. All Rights Reserved.

==============================================================

==============================================================
File generated by Vivado(TM) HLS - High-Level Synthesis from C, C++ and SystemC
Version: 2018.2
Copyright (C) 1986-2018 Xilinx, Inc. All Rights Reserved.

==============================================================

==============================================================
File generated by Vivado(TM) HLS - High-Level Synthesis from C, C++ and SystemC
Version: 2018.2
Copyright (C) 1986-2018 Xilinx, Inc. All Rights Reserved.

==============================================================

==============================================================
File generated by Vivado(TM) HLS - High-Level Synthesis from C, C++ and SystemC
Version: 2018.2
Copyright (C) 1986-2018 Xilinx, Inc. All Rights Reserved.

==============================================================

==============================================================
File generated by Vivado(TM) HLS - High-Level Synthesis from C, C++ and SystemC
Version: 2018.2
Copyright (C) 1986-2018 Xilinx, Inc. All Rights Reserved.

==============================================================

==============================================================
File generated by Vivado(TM) HLS - High-Level Synthesis from C, C++ and SystemC
Version: 2018.2
Copyright (C) 1986-2018 Xilinx, Inc. All Rights Reserved.

==============================================================

==============================================================
File generated by Vivado(TM) HLS - High-Level Synthesis from C, C++ and SystemC
Version: 2018.2
Copyright (C) 1986-2018 Xilinx, Inc. All Rights Reserved.

==============================================================

==============================================================
File generated by Vivado(TM) HLS - High-Level Synthesis from C, C++ and SystemC
Version: 2018.2
Copyright (C) 1986-2018 Xilinx, Inc. All Rights Reserved.

==============================================================

==============================================================
File generated by Vivado(TM) HLS - High-Level Synthesis from C, C++ and SystemC
Version: 2018.2
Copyright (C) 1986-2018 Xilinx, Inc. All Rights Reserved.

==============================================================

==============================================================
File generated by Vivado(TM) HLS - High-Level Synthesis from C, C++ and SystemC
Version: 2018.2
Copyright (C) 1986-2018 Xilinx, Inc. All Rights Reserved.

==============================================================

==============================================================
File generated by Vivado(TM) HLS - High-Level Synthesis from C, C++ and SystemC
Version: 2018.2
Copyright (C) 1986-2018 Xilinx, Inc. All Rights Reserved.

==============================================================

==============================================================
File generated by Vivado(TM) HLS - High-Level Synthesis from C, C++ and SystemC
Version: 2018.2
Copyright (C) 1986-2018 Xilinx, Inc. All Rights Reserved.

==============================================================

==============================================================
File generated by Vivado(TM) HLS - High-Level Synthesis from C, C++ and SystemC
Version: 2018.2
Copyright (C) 1986-2018 Xilinx, Inc. All Rights Reserved.

==============================================================

==============================================================
File generated by Vivado(TM) HLS - High-Level Synthesis from C, C++ and SystemC
Version: 2018.2
Copyright (C) 1986-2018 Xilinx, Inc. All Rights Reserved.

==============================================================

==============================================================
File generated by Vivado(TM) HLS - High-Level Synthesis from C, C++ and SystemC
Version: 2018.2
Copyright (C) 1986-2018 Xilinx, Inc. All Rights Reserved.

==============================================================

==============================================================
File generated by Vivado(TM) HLS - High-Level Synthesis from C, C++ and SystemC
Version: 2018.2
Copyright (C) 1986-2018 Xilinx, Inc. All Rights Reserved.

==============================================================

==============================================================
File generated by Vivado(TM) HLS - High-Level Synthesis from C, C++ and SystemC
Version: 2018.2
Copyright (C) 1986-2018 Xilinx, Inc. All Rights Reserved.

==============================================================

==============================================================
File generated by Vivado(TM) HLS - High-Level Synthesis from C, C++ and SystemC
Version: 2018.2
Copyright (C) 1986-2018 Xilinx, Inc. All Rights Reserved.

==============================================================

==============================================================
File generated by Vivado(TM) HLS - High-Level Synthesis from C, C++ and SystemC
Version: 2018.2
Copyright (C) 1986-2018 Xilinx, Inc. All Rights Reserved.

==============================================================

==============================================================
File generated by Vivado(TM) HLS - High-Level Synthesis from C, C++ and SystemC
Version: 2018.2
Copyright (C) 1986-2018 Xilinx, Inc. All Rights Reserved.

==============================================================

==============================================================
File generated by Vivado(TM) HLS - High-Level Synthesis from C, C++ and SystemC
Version: 2018.2
Copyright (C) 1986-2018 Xilinx, Inc. All Rights Reserved.

==============================================================

==============================================================
File generated by Vivado(TM) HLS - High-Level Synthesis from C, C++ and SystemC
Version: 2018.2
Copyright (C) 1986-2018 Xilinx, Inc. All Rights Reserved.

==============================================================

==============================================================
File generated by Vivado(TM) HLS - High-Level Synthesis from C, C++ and SystemC
Version: 2018.2
Copyright (C) 1986-2018 Xilinx, Inc. All Rights Reserved.

==============================================================

==============================================================
File generated by Vivado(TM) HLS - High-Level Synthesis from C, C++ and SystemC
Version: 2018.2
Copyright (C) 1986-2018 Xilinx, Inc. All Rights Reserved.

==============================================================

==============================================================
File generated by Vivado(TM) HLS - High-Level Synthesis from C, C++ and SystemC
Version: 2018.2
Copyright (C) 1986-2018 Xilinx, Inc. All Rights Reserved.

==============================================================

==============================================================
File generated by Vivado(TM) HLS - High-Level Synthesis from C, C++ and SystemC
Version: 2018.2
Copyright (C) 1986-2018 Xilinx, Inc. All Rights Reserved.

==============================================================

==============================================================
File generated by Vivado(TM) HLS - High-Level Synthesis from C, C++ and SystemC
Version: 2018.2
Copyright (C) 1986-2018 Xilinx, Inc. All Rights Reserved.

==============================================================

==============================================================
File generated by Vivado(TM) HLS - High-Level Synthesis from C, C++ and SystemC
Version: 2018.2
Copyright (C) 1986-2018 Xilinx, Inc. All Rights Reserved.

==============================================================

