                            latency            interval
transaction        0            242            242
transaction        1            243            243
transaction        2            243            243
transaction        3            243            243
transaction        4            243            243
transaction        5            243            243
transaction        6            243            243
transaction        7            243            243
transaction        8            243            243
transaction        9            243            243
transaction        10            243            243
transaction        11            243            243
transaction        12            243            243
transaction        13            243            243
transaction        14            243            243
transaction        15            243            243
transaction        16            243            243
transaction        17            243            243
transaction        18            243            243
transaction        19            243            243
transaction        20            243            243
transaction        21            243            243
transaction        22            243            243
transaction        23            243            243
transaction        24            243            243
transaction        25            243            243
transaction        26            243            243
transaction        27            243            243
transaction        28            243            243
transaction        29            243            243
transaction        30            243            243
transaction        31            243            243
transaction        32            243            243
transaction        33            243            243
transaction        34            243            243
transaction        35            243            243
transaction        36            243            243
transaction        37            243            243
transaction        38            243            243
transaction        39            243            243
transaction        40            243            243
transaction        41            243            243
transaction        42            243            243
transaction        43            243            243
transaction        44            243            243
transaction        45            243            243
transaction        46            243            243
transaction        47            243            243
transaction        48            243            243
transaction        49            243            243
transaction        50            243            243
transaction        51            243            243
transaction        52            243            243
transaction        53            243            243
transaction        54            243            243
transaction        55            243            243
transaction        56            243            243
transaction        57            243            243
transaction        58            243            243
transaction        59            243            243
transaction        60            243            243
transaction        61            243            243
transaction        62            243            243
transaction        63            243            243
transaction        64            243            243
transaction        65            243            243
transaction        66            243            243
transaction        67            243            243
transaction        68            243            243
transaction        69            243            243
transaction        70            243            243
transaction        71            243            243
transaction        72            243            243
transaction        73            243            243
transaction        74            243            243
transaction        75            243            243
transaction        76            243            243
transaction        77            243            243
transaction        78            243            243
transaction        79            243            243
transaction        80            243            243
transaction        81            243            243
transaction        82            243            243
transaction        83            243            243
transaction        84            243            243
transaction        85            243            243
transaction        86            243            243
transaction        87            243            243
transaction        88            243            243
transaction        89            243            243
transaction        90            243            243
transaction        91            243            243
transaction        92            243            243
transaction        93            243            243
transaction        94            243            243
transaction        95            243            243
transaction        96            243            243
transaction        97            243            243
transaction        98            243            243
transaction        99            243            243
transaction        100            243            243
transaction        101            243            243
transaction        102            243            243
transaction        103            243            243
transaction        104            243            243
transaction        105            243            243
transaction        106            243            243
transaction        107            243            243
transaction        108            243            243
transaction        109            243            243
transaction        110            243            243
transaction        111            243            243
transaction        112            243            243
transaction        113            243            243
transaction        114            243            243
transaction        115            243            243
transaction        116            243            243
transaction        117            243            243
transaction        118            243            243
transaction        119            243            243
transaction        120            243            243
transaction        121            243            243
transaction        122            243            243
transaction        123            243            243
transaction        124            243            243
transaction        125            243            243
transaction        126            243            243
transaction        127            243            243
transaction        128            243            243
transaction        129            243            243
transaction        130            243            243
transaction        131            243            243
transaction        132            243            243
transaction        133            243            243
transaction        134            243            243
transaction        135            243            243
transaction        136            243            243
transaction        137            243            243
transaction        138            243            243
transaction        139            243            243
transaction        140            243            243
transaction        141            243            243
transaction        142            243            243
transaction        143            243            243
transaction        144            243            243
transaction        145            243            243
transaction        146            243            243
transaction        147            243            243
transaction        148            243            243
transaction        149            243            243
transaction        150            243            243
transaction        151            243            243
transaction        152            243            243
transaction        153            243            243
transaction        154            243            243
transaction        155            243            243
transaction        156            243            243
transaction        157            243            243
transaction        158            243            243
transaction        159            243            243
transaction        160            243            243
transaction        161            243            243
transaction        162            243            243
transaction        163            243            243
transaction        164            243            243
transaction        165            243            243
transaction        166            243            243
transaction        167            243            243
transaction        168            243            243
transaction        169            243            243
transaction        170            243            243
transaction        171            243            243
transaction        172            243            243
transaction        173            243            243
transaction        174            243            243
transaction        175            243            243
transaction        176            243            243
transaction        177            243            243
transaction        178            243            243
transaction        179            243            243
transaction        180            243            243
transaction        181            243            243
transaction        182            243            243
transaction        183            243            243
transaction        184            243            243
transaction        185            243            243
transaction        186            243            243
transaction        187            243            243
transaction        188            243            243
transaction        189            243            243
transaction        190            243            243
transaction        191            243            243
transaction        192            243            243
transaction        193            243            243
transaction        194            243            243
transaction        195            243            243
transaction        196            243            243
transaction        197            243            243
transaction        198            243            243
transaction        199            243            243
transaction        200            243            243
transaction        201            243            243
transaction        202            243            243
transaction        203            243            243
transaction        204            243            243
transaction        205            243            243
transaction        206            243            243
transaction        207            243            243
transaction        208            243            243
transaction        209            243            243
transaction        210            243            243
transaction        211            243            243
transaction        212            243            243
transaction        213            243            243
transaction        214            243            243
transaction        215            243            243
transaction        216            243            243
transaction        217            243            243
transaction        218            243            243
transaction        219            243            243
transaction        220            243            243
transaction        221            243            243
transaction        222            243            243
transaction        223            243            243
transaction        224            243            243
transaction        225            243            243
transaction        226            243            243
transaction        227            243            243
transaction        228            243            243
transaction        229            243            243
transaction        230            243            243
transaction        231            243            243
transaction        232            243            243
transaction        233            243            243
transaction        234            243            243
transaction        235            243            243
transaction        236            243            243
transaction        237            243            243
transaction        238            243            243
transaction        239            243            243
transaction        240            243            243
transaction        241            243            243
transaction        242            243            243
transaction        243            243            243
transaction        244            243            243
transaction        245            243            243
transaction        246            243            243
transaction        247            243            243
transaction        248            243            243
transaction        249            243            243
transaction        250            243            243
transaction        251            243            243
transaction        252            243            243
transaction        253            243            243
transaction        254            243            243
transaction        255            243            243
transaction        256            243            243
transaction        257            243            243
transaction        258            243            243
transaction        259            243            243
transaction        260            243            243
transaction        261            243            243
transaction        262            243            243
transaction        263            243            243
transaction        264            243            243
transaction        265            243            243
transaction        266            243            243
transaction        267            243            243
transaction        268            243            243
transaction        269            243            243
transaction        270            243            243
transaction        271            243            243
transaction        272            243            243
transaction        273            243            243
transaction        274            243            243
transaction        275            243            243
transaction        276            243            243
transaction        277            243            243
transaction        278            243            243
transaction        279            243            243
transaction        280            243            243
transaction        281            243            243
transaction        282            243            243
transaction        283            243            243
transaction        284            243            243
transaction        285            243            243
transaction        286            243            243
transaction        287            243            243
transaction        288            243            243
transaction        289            243            243
transaction        290            243            243
transaction        291            243            243
transaction        292            243            243
transaction        293            243            243
transaction        294            243            243
transaction        295            243            243
transaction        296            243            243
transaction        297            243            243
transaction        298            243            243
transaction        299            243            243
transaction        300            243            243
transaction        301            243            243
transaction        302            243            243
transaction        303            243            243
transaction        304            243            243
transaction        305            243            243
transaction        306            243            243
transaction        307            243            243
transaction        308            243            243
transaction        309            243            243
transaction        310            243            243
transaction        311            243            243
transaction        312            243            243
transaction        313            243            243
transaction        314            243            243
transaction        315            243            243
transaction        316            243            243
transaction        317            243            243
transaction        318            243            243
transaction        319            243            243
transaction        320            243            243
transaction        321            243            243
transaction        322            243            243
transaction        323            243            243
transaction        324            243            243
transaction        325            243            243
transaction        326            243            243
transaction        327            243            243
transaction        328            243            243
transaction        329            243            243
transaction        330            243            243
transaction        331            243            243
transaction        332            243            243
transaction        333            243            243
transaction        334            243            243
transaction        335            243            243
transaction        336            243            243
transaction        337            243            243
transaction        338            243            243
transaction        339            243            243
transaction        340            243            243
transaction        341            243            243
transaction        342            243            243
transaction        343            243            243
transaction        344            243            243
transaction        345            243            243
transaction        346            243            243
transaction        347            243            243
transaction        348            243            243
transaction        349            243            243
transaction        350            243            243
transaction        351            243            243
transaction        352            243            243
transaction        353            243            243
transaction        354            243            243
transaction        355            243            243
transaction        356            243            243
transaction        357            243            243
transaction        358            243            243
transaction        359            243            243
transaction        360            243            243
transaction        361            243            243
transaction        362            243            243
transaction        363            243            243
transaction        364            243            243
transaction        365            243            243
transaction        366            243            243
transaction        367            243            243
transaction        368            243            243
transaction        369            243            243
transaction        370            243            243
transaction        371            243            243
transaction        372            243            243
transaction        373            243            243
transaction        374            243            243
transaction        375            243            243
transaction        376            243            243
transaction        377            243            243
transaction        378            243            243
transaction        379            243            243
transaction        380            243            243
transaction        381            243            243
transaction        382            243            243
transaction        383            243            243
transaction        384            243            243
transaction        385            243            243
transaction        386            243            243
transaction        387            243            243
transaction        388            243            243
transaction        389            243            243
transaction        390            243            243
transaction        391            243            243
transaction        392            243            243
transaction        393            243            243
transaction        394            243            243
transaction        395            243            243
transaction        396            243            243
transaction        397            243            243
transaction        398            243            243
transaction        399            243            243
transaction        400            243            243
transaction        401            243            243
transaction        402            243            243
transaction        403            243            243
transaction        404            243            243
transaction        405            243            243
transaction        406            243            243
transaction        407            243            243
transaction        408            243            243
transaction        409            243            243
transaction        410            243            243
transaction        411            243            243
transaction        412            243            243
transaction        413            243            243
transaction        414            243            243
transaction        415            243            243
transaction        416            243            243
transaction        417            243            243
transaction        418            243            243
transaction        419            243            243
transaction        420            243            243
transaction        421            243            243
transaction        422            243            243
transaction        423            243            243
transaction        424            243            243
transaction        425            243            243
transaction        426            243            243
transaction        427            243            243
transaction        428            243            243
transaction        429            243            243
transaction        430            243            243
transaction        431            243            243
transaction        432            243            243
transaction        433            243            243
transaction        434            243            243
transaction        435            243            243
transaction        436            243            243
transaction        437            243            243
transaction        438            243            243
transaction        439            243            243
transaction        440            243            243
transaction        441            243            243
transaction        442            243            243
transaction        443            243            243
transaction        444            243            243
transaction        445            243            243
transaction        446            243            243
transaction        447            243            243
transaction        448            243            243
transaction        449            243            243
transaction        450            243            243
transaction        451            243            243
transaction        452            243            243
transaction        453            243            243
transaction        454            243            243
transaction        455            243            243
transaction        456            243            243
transaction        457            243            243
transaction        458            243            243
transaction        459            243            243
transaction        460            243            243
transaction        461            243            243
transaction        462            243            243
transaction        463            243            243
transaction        464            243            243
transaction        465            243            243
transaction        466            243            243
transaction        467            243            243
transaction        468            243            243
transaction        469            243            243
transaction        470            243            243
transaction        471            243            243
transaction        472            243            243
transaction        473            243            243
transaction        474            243            243
transaction        475            243            243
transaction        476            243            243
transaction        477            243            243
transaction        478            243            243
transaction        479            243            243
transaction        480            243            243
transaction        481            243            243
transaction        482            243            243
transaction        483            243            243
transaction        484            243            243
transaction        485            243            243
transaction        486            243            243
transaction        487            243            243
transaction        488            243            243
transaction        489            243            243
transaction        490            243            243
transaction        491            243            243
transaction        492            243            243
transaction        493            243            243
transaction        494            243            243
transaction        495            243            243
transaction        496            243            243
transaction        497            243            243
transaction        498            243            243
transaction        499            243            243
