Unable to capture context for thread 15160 in process 18296, can not generate back trace
Exception at PC 0x00007FFE28ADBB93
Printing stacktrace...

[0]  [0x00007FFE28ADBB93]
[1]  [0x00007FFE28ADBB93]
[2]  [0x00007FFE28ADB4A1]
[3]  [0x00007FFE28ADB3EF]
[4]  [0x00007FFE28AC19FE]
[5]  [0x00007FFE28AC0ED1]
[6]  [0x00007FFE28AC0D76]
[7]  [0x00007FFE28A679F6]
[8]  [0x00007FFE28A57AFB]
[9]  [0x00007FFE28B7E90A]
[10]  [0x00007FFE28B99F87]
[11]  [0x00007FFE28B9A05F]
[12] (BaseThreadInitThunk+0x14) [0x00007FFEC7943034]
[13] (RtlUserThreadStart+0x21) [0x00007FFEC9EB1461]
Done
Exception at PC 0x00007FFE287E1A52
Attemped to write at address 0x00007FFE8A5DABA4
Printing stacktrace...

[0]  [0x00007FFE287E1A52]
[1]  [0x00007FFE287E1A52]
[2]  [0x00007FFE287E1AD4]
[3]  [0x00007FFE28923FF7]
[4]  [0x00007FFE28809128]
[5]  [0x00007FFE28ABDFB9]
[6]  [0x00007FFE28C8EF23]
[7]  [0x00007FFE28B9B06B]
[8]  [0x00007FFE28B908AF]
[9]  [0x00007FFE28B90A32]
[10] (RtlActivateActivationContextUnsafeFast+0x123) [0x00007FFEC9E74053]
[11] (LdrShutdownProcess+0x125) [0x00007FFEC9E80A05]
[12] (RtlExitUserProcess+0xd8) [0x00007FFEC9E808C8]
[13] (FatalExit+0xa) [0x00007FFEC794B19A]
[14] (exit+0x75) [0x00007FFEC9719CE5]
[15] (initterm_e+0x235) [0x00007FFEC971A345]
[16]  [0x00000000004014CD]
[17]  [0x000000000040151B]
[18] (BaseThreadInitThunk+0x14) [0x00007FFEC7943034]
[19] (RtlUserThreadStart+0x21) [0x00007FFEC9EB1461]
Done
