
*** Running vivado
    with args -log system_wrapper.vdi -applog -m64 -product Vivado -messageDb vivado.pb -mode batch -source system_wrapper.tcl -notrace


****** Vivado v2018.2 (64-bit)
  **** SW Build 2258646 on Thu Jun 14 20:02:38 MDT 2018
  **** IP Build 2256618 on Thu Jun 14 22:10:49 MDT 2018
    ** Copyright 1986-2018 Xilinx, Inc. All Rights Reserved.

source system_wrapper.tcl -notrace
INFO: [IP_Flow 19-234] Refreshing IP repositories
INFO: [IP_Flow 19-1700] Loaded user IP repository '/home/olafur/Documents/Embedded_systems/lectures/Lab_3/custom_ip'.
INFO: [IP_Flow 19-1700] Loaded user IP repository '/home/olafur/Documents/Embedded_systems/Assignment_1/-EmbeddedRealTimeSystems-/Assignment_2/IP/ip_repo'.
INFO: [IP_Flow 19-2313] Loaded Vivado IP repository '/opt/Xilinx/Vivado/2018.2/data/ip'.
Command: link_design -top system_wrapper -part xc7z010clg400-1
Design is defaulting to srcset: sources_1
Design is defaulting to constrset: constrs_1
INFO: [Netlist 29-17] Analyzing 112 Unisim elements for replacement
INFO: [Netlist 29-28] Unisim Transformation completed in 0 CPU seconds
INFO: [Project 1-479] Netlist was created with Vivado 2018.2
INFO: [Device 21-403] Loading part xc7z010clg400-1
INFO: [Project 1-570] Preparing netlist for logic optimization
Parsing XDC File [/home/olafur/Documents/Embedded_systems/Assignment_1/-EmbeddedRealTimeSystems-/Assignment_2/Exercise_3/Lab_4.srcs/sources_1/bd/system/ip/system_processing_system7_0_0/system_processing_system7_0_0.xdc] for cell 'system_i/processing_system7_0/inst'
Finished Parsing XDC File [/home/olafur/Documents/Embedded_systems/Assignment_1/-EmbeddedRealTimeSystems-/Assignment_2/Exercise_3/Lab_4.srcs/sources_1/bd/system/ip/system_processing_system7_0_0/system_processing_system7_0_0.xdc] for cell 'system_i/processing_system7_0/inst'
Parsing XDC File [/home/olafur/Documents/Embedded_systems/Assignment_1/-EmbeddedRealTimeSystems-/Assignment_2/Exercise_3/Lab_4.srcs/sources_1/bd/system/ip/system_axi_gpio_0_0/system_axi_gpio_0_0_board.xdc] for cell 'system_i/switches/U0'
Finished Parsing XDC File [/home/olafur/Documents/Embedded_systems/Assignment_1/-EmbeddedRealTimeSystems-/Assignment_2/Exercise_3/Lab_4.srcs/sources_1/bd/system/ip/system_axi_gpio_0_0/system_axi_gpio_0_0_board.xdc] for cell 'system_i/switches/U0'
Parsing XDC File [/home/olafur/Documents/Embedded_systems/Assignment_1/-EmbeddedRealTimeSystems-/Assignment_2/Exercise_3/Lab_4.srcs/sources_1/bd/system/ip/system_axi_gpio_0_0/system_axi_gpio_0_0.xdc] for cell 'system_i/switches/U0'
Finished Parsing XDC File [/home/olafur/Documents/Embedded_systems/Assignment_1/-EmbeddedRealTimeSystems-/Assignment_2/Exercise_3/Lab_4.srcs/sources_1/bd/system/ip/system_axi_gpio_0_0/system_axi_gpio_0_0.xdc] for cell 'system_i/switches/U0'
Parsing XDC File [/home/olafur/Documents/Embedded_systems/Assignment_1/-EmbeddedRealTimeSystems-/Assignment_2/Exercise_3/Lab_4.srcs/sources_1/bd/system/ip/system_rst_ps7_0_100M_1/system_rst_ps7_0_100M_1_board.xdc] for cell 'system_i/rst_ps7_0_100M/U0'
Finished Parsing XDC File [/home/olafur/Documents/Embedded_systems/Assignment_1/-EmbeddedRealTimeSystems-/Assignment_2/Exercise_3/Lab_4.srcs/sources_1/bd/system/ip/system_rst_ps7_0_100M_1/system_rst_ps7_0_100M_1_board.xdc] for cell 'system_i/rst_ps7_0_100M/U0'
Parsing XDC File [/home/olafur/Documents/Embedded_systems/Assignment_1/-EmbeddedRealTimeSystems-/Assignment_2/Exercise_3/Lab_4.srcs/sources_1/bd/system/ip/system_rst_ps7_0_100M_1/system_rst_ps7_0_100M_1.xdc] for cell 'system_i/rst_ps7_0_100M/U0'
Finished Parsing XDC File [/home/olafur/Documents/Embedded_systems/Assignment_1/-EmbeddedRealTimeSystems-/Assignment_2/Exercise_3/Lab_4.srcs/sources_1/bd/system/ip/system_rst_ps7_0_100M_1/system_rst_ps7_0_100M_1.xdc] for cell 'system_i/rst_ps7_0_100M/U0'
Parsing XDC File [/home/olafur/Documents/Embedded_systems/Assignment_1/-EmbeddedRealTimeSystems-/Assignment_2/Exercise_3/Lab_4.srcs/sources_1/bd/system/ip/system_axi_gpio_0_1/system_axi_gpio_0_1_board.xdc] for cell 'system_i/btns/U0'
Finished Parsing XDC File [/home/olafur/Documents/Embedded_systems/Assignment_1/-EmbeddedRealTimeSystems-/Assignment_2/Exercise_3/Lab_4.srcs/sources_1/bd/system/ip/system_axi_gpio_0_1/system_axi_gpio_0_1_board.xdc] for cell 'system_i/btns/U0'
Parsing XDC File [/home/olafur/Documents/Embedded_systems/Assignment_1/-EmbeddedRealTimeSystems-/Assignment_2/Exercise_3/Lab_4.srcs/sources_1/bd/system/ip/system_axi_gpio_0_1/system_axi_gpio_0_1.xdc] for cell 'system_i/btns/U0'
Finished Parsing XDC File [/home/olafur/Documents/Embedded_systems/Assignment_1/-EmbeddedRealTimeSystems-/Assignment_2/Exercise_3/Lab_4.srcs/sources_1/bd/system/ip/system_axi_gpio_0_1/system_axi_gpio_0_1.xdc] for cell 'system_i/btns/U0'
Parsing XDC File [/home/olafur/Documents/Embedded_systems/Assignment_1/-EmbeddedRealTimeSystems-/Assignment_2/Exercise_3/Lab_4.srcs/constrs_1/imports/lab3/lab3_zybo.xdc]
Finished Parsing XDC File [/home/olafur/Documents/Embedded_systems/Assignment_1/-EmbeddedRealTimeSystems-/Assignment_2/Exercise_3/Lab_4.srcs/constrs_1/imports/lab3/lab3_zybo.xdc]
INFO: [Opt 31-138] Pushed 0 inverter(s) to 0 load pin(s).
Generating merged BMM file for the design top 'system_wrapper'...
INFO: [Project 1-111] Unisim Transformation Summary:
No Unisim elements were transformed.

11 Infos, 0 Warnings, 0 Critical Warnings and 0 Errors encountered.
link_design completed successfully
link_design: Time (s): cpu = 00:00:14 ; elapsed = 00:00:31 . Memory (MB): peak = 1702.637 ; gain = 489.148 ; free physical = 1286 ; free virtual = 4010
Command: opt_design
Attempting to get a license for feature 'Implementation' and/or device 'xc7z010'
INFO: [Common 17-349] Got license for feature 'Implementation' and/or device 'xc7z010'
Running DRC as a precondition to command opt_design

Starting DRC Task
INFO: [DRC 23-27] Running DRC with 4 threads
INFO: [Project 1-461] DRC finished with 0 Errors
INFO: [Project 1-462] Please refer to the DRC report (report_drc) for more information.

Time (s): cpu = 00:00:02 ; elapsed = 00:00:02 . Memory (MB): peak = 1702.637 ; gain = 0.000 ; free physical = 1278 ; free virtual = 4003

Starting Cache Timing Information Task
INFO: [Timing 38-35] Done setting XDC timing constraints.
Ending Cache Timing Information Task | Checksum: fdc42976

Time (s): cpu = 00:00:12 ; elapsed = 00:00:24 . Memory (MB): peak = 2015.125 ; gain = 312.488 ; free physical = 908 ; free virtual = 3633

Starting Logic Optimization Task

Phase 1 Retarget
INFO: [Opt 31-138] Pushed 1 inverter(s) to 2 load pin(s).
INFO: [Opt 31-49] Retargeted 0 cell(s).
Phase 1 Retarget | Checksum: 14f40573a

Time (s): cpu = 00:00:00.42 ; elapsed = 00:00:00.37 . Memory (MB): peak = 2015.125 ; gain = 0.000 ; free physical = 912 ; free virtual = 3637
INFO: [Opt 31-389] Phase Retarget created 0 cells and removed 0 cells

Phase 2 Constant propagation
INFO: [Opt 31-138] Pushed 9 inverter(s) to 13 load pin(s).
Phase 2 Constant propagation | Checksum: 15259337d

Time (s): cpu = 00:00:00.60 ; elapsed = 00:00:00.55 . Memory (MB): peak = 2015.125 ; gain = 0.000 ; free physical = 912 ; free virtual = 3637
INFO: [Opt 31-389] Phase Constant propagation created 59 cells and removed 245 cells

Phase 3 Sweep
Phase 3 Sweep | Checksum: 9bd3078e

Time (s): cpu = 00:00:01 ; elapsed = 00:00:01 . Memory (MB): peak = 2015.125 ; gain = 0.000 ; free physical = 911 ; free virtual = 3636
INFO: [Opt 31-389] Phase Sweep created 4 cells and removed 1086 cells

Phase 4 BUFG optimization
Phase 4 BUFG optimization | Checksum: 9bd3078e

Time (s): cpu = 00:00:01 ; elapsed = 00:00:01 . Memory (MB): peak = 2015.125 ; gain = 0.000 ; free physical = 911 ; free virtual = 3636
INFO: [Opt 31-662] Phase BUFG optimization created 0 cells of which 0 are BUFGs and removed 0 cells.

Phase 5 Shift Register Optimization
Phase 5 Shift Register Optimization | Checksum: fac8724b

Time (s): cpu = 00:00:02 ; elapsed = 00:00:02 . Memory (MB): peak = 2015.125 ; gain = 0.000 ; free physical = 912 ; free virtual = 3636
INFO: [Opt 31-389] Phase Shift Register Optimization created 0 cells and removed 0 cells

Phase 6 Post Processing Netlist
Phase 6 Post Processing Netlist | Checksum: 1991b8516

Time (s): cpu = 00:00:02 ; elapsed = 00:00:02 . Memory (MB): peak = 2015.125 ; gain = 0.000 ; free physical = 912 ; free virtual = 3636
INFO: [Opt 31-389] Phase Post Processing Netlist created 0 cells and removed 0 cells

Starting Connectivity Check Task

Time (s): cpu = 00:00:00.01 ; elapsed = 00:00:00.01 . Memory (MB): peak = 2015.125 ; gain = 0.000 ; free physical = 912 ; free virtual = 3636
Ending Logic Optimization Task | Checksum: 1991b8516

Time (s): cpu = 00:00:02 ; elapsed = 00:00:02 . Memory (MB): peak = 2015.125 ; gain = 0.000 ; free physical = 912 ; free virtual = 3636

Starting Power Optimization Task
INFO: [Pwropt 34-132] Skipping clock gating for clocks with a period < 2.00 ns.
INFO: [Pwropt 34-9] Applying IDT optimizations ...
INFO: [Pwropt 34-10] Applying ODC optimizations ...
INFO: [Timing 38-35] Done setting XDC timing constraints.
INFO: [Physopt 32-619] Estimated Timing Summary | WNS=0.839 | TNS=0.000 |
Running Vector-less Activity Propagation...

Finished Running Vector-less Activity Propagation


Starting PowerOpt Patch Enables Task
INFO: [Pwropt 34-162] WRITE_MODE attribute of 0 BRAM(s) out of a total of 2 has been updated to save power. Run report_power_opt to get a complete listing of the BRAMs updated.
INFO: [Pwropt 34-201] Structural ODC has moved 0 WE to EN ports
Number of BRAM Ports augmented: 0 newly gated: 0 Total Ports: 4
Ending PowerOpt Patch Enables Task | Checksum: 1991b8516

Time (s): cpu = 00:00:00.02 ; elapsed = 00:00:00.03 . Memory (MB): peak = 2256.242 ; gain = 0.000 ; free physical = 894 ; free virtual = 3619
Ending Power Optimization Task | Checksum: 1991b8516

Time (s): cpu = 00:00:02 ; elapsed = 00:00:02 . Memory (MB): peak = 2256.242 ; gain = 241.117 ; free physical = 902 ; free virtual = 3626

Starting Final Cleanup Task
Ending Final Cleanup Task | Checksum: 1991b8516

Time (s): cpu = 00:00:00 ; elapsed = 00:00:00 . Memory (MB): peak = 2256.242 ; gain = 0.000 ; free physical = 902 ; free virtual = 3626
INFO: [Common 17-83] Releasing license: Implementation
33 Infos, 0 Warnings, 0 Critical Warnings and 0 Errors encountered.
opt_design completed successfully
opt_design: Time (s): cpu = 00:00:18 ; elapsed = 00:00:30 . Memory (MB): peak = 2256.242 ; gain = 553.605 ; free physical = 902 ; free virtual = 3626
INFO: [Timing 38-480] Writing timing data to binary archive.
Writing placer database...
Writing XDEF routing.
Writing XDEF routing logical nets.
Writing XDEF routing special nets.
Write XDEF Complete: Time (s): cpu = 00:00:00.13 ; elapsed = 00:00:00.06 . Memory (MB): peak = 2256.242 ; gain = 0.000 ; free physical = 897 ; free virtual = 3624
INFO: [Common 17-1381] The checkpoint '/home/olafur/Documents/Embedded_systems/Assignment_1/-EmbeddedRealTimeSystems-/Assignment_2/Exercise_3/Lab_4.runs/impl_1/system_wrapper_opt.dcp' has been generated.
INFO: [runtcl-4] Executing : report_drc -file system_wrapper_drc_opted.rpt -pb system_wrapper_drc_opted.pb -rpx system_wrapper_drc_opted.rpx
Command: report_drc -file system_wrapper_drc_opted.rpt -pb system_wrapper_drc_opted.pb -rpx system_wrapper_drc_opted.rpx
INFO: [DRC 23-27] Running DRC with 4 threads
INFO: [Coretcl 2-168] The results of DRC are in file /home/olafur/Documents/Embedded_systems/Assignment_1/-EmbeddedRealTimeSystems-/Assignment_2/Exercise_3/Lab_4.runs/impl_1/system_wrapper_drc_opted.rpt.
report_drc completed successfully
Command: place_design
Attempting to get a license for feature 'Implementation' and/or device 'xc7z010'
INFO: [Common 17-349] Got license for feature 'Implementation' and/or device 'xc7z010'
INFO: [DRC 23-27] Running DRC with 4 threads
INFO: [Vivado_Tcl 4-198] DRC finished with 0 Errors
INFO: [Vivado_Tcl 4-199] Please refer to the DRC report (report_drc) for more information.
Running DRC as a precondition to command place_design
INFO: [DRC 23-27] Running DRC with 4 threads
INFO: [Vivado_Tcl 4-198] DRC finished with 0 Errors
INFO: [Vivado_Tcl 4-199] Please refer to the DRC report (report_drc) for more information.

Starting Placer Task
INFO: [Place 30-611] Multithreading enabled for place_design using a maximum of 4 CPUs

Phase 1 Placer Initialization

Phase 1.1 Placer Initialization Netlist Sorting
Netlist sorting complete. Time (s): cpu = 00:00:00.01 ; elapsed = 00:00:00.01 . Memory (MB): peak = 2256.242 ; gain = 0.000 ; free physical = 895 ; free virtual = 3621
Phase 1.1 Placer Initialization Netlist Sorting | Checksum: c4a3e8b4

Time (s): cpu = 00:00:00.01 ; elapsed = 00:00:00.02 . Memory (MB): peak = 2256.242 ; gain = 0.000 ; free physical = 895 ; free virtual = 3621
Netlist sorting complete. Time (s): cpu = 00:00:00.01 ; elapsed = 00:00:00.01 . Memory (MB): peak = 2256.242 ; gain = 0.000 ; free physical = 895 ; free virtual = 3621

Phase 1.2 IO Placement/ Clock Placement/ Build Placer Device
INFO: [Timing 38-35] Done setting XDC timing constraints.
Phase 1.2 IO Placement/ Clock Placement/ Build Placer Device | Checksum: f1c78a28

Time (s): cpu = 00:00:02 ; elapsed = 00:00:02 . Memory (MB): peak = 2256.242 ; gain = 0.000 ; free physical = 892 ; free virtual = 3619

Phase 1.3 Build Placer Netlist Model
Phase 1.3 Build Placer Netlist Model | Checksum: 139a5835d

Time (s): cpu = 00:00:03 ; elapsed = 00:00:03 . Memory (MB): peak = 2256.242 ; gain = 0.000 ; free physical = 884 ; free virtual = 3611

Phase 1.4 Constrain Clocks/Macros
Phase 1.4 Constrain Clocks/Macros | Checksum: 139a5835d

Time (s): cpu = 00:00:03 ; elapsed = 00:00:03 . Memory (MB): peak = 2256.242 ; gain = 0.000 ; free physical = 884 ; free virtual = 3611
Phase 1 Placer Initialization | Checksum: 139a5835d

Time (s): cpu = 00:00:03 ; elapsed = 00:00:03 . Memory (MB): peak = 2256.242 ; gain = 0.000 ; free physical = 884 ; free virtual = 3611

Phase 2 Global Placement

Phase 2.1 Floorplanning
Phase 2.1 Floorplanning | Checksum: 13159110d

Time (s): cpu = 00:00:03 ; elapsed = 00:00:03 . Memory (MB): peak = 2256.242 ; gain = 0.000 ; free physical = 880 ; free virtual = 3607

Phase 2.2 Physical Synthesis In Placer
INFO: [Physopt 32-65] No nets found for high-fanout optimization.
INFO: [Physopt 32-232] Optimized 0 net. Created 0 new instance.
INFO: [Physopt 32-775] End 1 Pass. Optimized 0 net or cell. Created 0 new cell, deleted 0 existing cell and moved 0 existing cell
Netlist sorting complete. Time (s): cpu = 00:00:00 ; elapsed = 00:00:00 . Memory (MB): peak = 2264.246 ; gain = 0.000 ; free physical = 875 ; free virtual = 3601

Summary of Physical Synthesis Optimizations
============================================


-----------------------------------------------------------------------------------------------------------------------------
|  Optimization       |  Added Cells  |  Removed Cells  |  Optimized Cells/Nets  |  Dont Touch  |  Iterations  |  Elapsed   |
-----------------------------------------------------------------------------------------------------------------------------
|  Very High Fanout   |            0  |              0  |                     0  |           0  |           1  |  00:00:00  |
|  Total              |            0  |              0  |                     0  |           0  |           1  |  00:00:00  |
-----------------------------------------------------------------------------------------------------------------------------


Phase 2.2 Physical Synthesis In Placer | Checksum: 12eec39a5

Time (s): cpu = 00:00:08 ; elapsed = 00:00:08 . Memory (MB): peak = 2264.246 ; gain = 8.004 ; free physical = 875 ; free virtual = 3601
Phase 2 Global Placement | Checksum: 20b86dd7a

Time (s): cpu = 00:00:08 ; elapsed = 00:00:08 . Memory (MB): peak = 2264.246 ; gain = 8.004 ; free physical = 875 ; free virtual = 3601

Phase 3 Detail Placement

Phase 3.1 Commit Multi Column Macros
Phase 3.1 Commit Multi Column Macros | Checksum: 20b86dd7a

Time (s): cpu = 00:00:08 ; elapsed = 00:00:08 . Memory (MB): peak = 2264.246 ; gain = 8.004 ; free physical = 875 ; free virtual = 3601

Phase 3.2 Commit Most Macros & LUTRAMs
Phase 3.2 Commit Most Macros & LUTRAMs | Checksum: 178a7c718

Time (s): cpu = 00:00:09 ; elapsed = 00:00:09 . Memory (MB): peak = 2264.246 ; gain = 8.004 ; free physical = 875 ; free virtual = 3602

Phase 3.3 Area Swap Optimization
Phase 3.3 Area Swap Optimization | Checksum: 1d6fb37f8

Time (s): cpu = 00:00:09 ; elapsed = 00:00:09 . Memory (MB): peak = 2264.246 ; gain = 8.004 ; free physical = 875 ; free virtual = 3602

Phase 3.4 Pipeline Register Optimization
Phase 3.4 Pipeline Register Optimization | Checksum: 1d6fb37f8

Time (s): cpu = 00:00:09 ; elapsed = 00:00:09 . Memory (MB): peak = 2264.246 ; gain = 8.004 ; free physical = 875 ; free virtual = 3602

Phase 3.5 Small Shape Detail Placement
Phase 3.5 Small Shape Detail Placement | Checksum: 1233bf490

Time (s): cpu = 00:00:10 ; elapsed = 00:00:10 . Memory (MB): peak = 2264.246 ; gain = 8.004 ; free physical = 872 ; free virtual = 3598

Phase 3.6 Re-assign LUT pins
Phase 3.6 Re-assign LUT pins | Checksum: 1c1d20a67

Time (s): cpu = 00:00:10 ; elapsed = 00:00:10 . Memory (MB): peak = 2264.246 ; gain = 8.004 ; free physical = 872 ; free virtual = 3598

Phase 3.7 Pipeline Register Optimization
Phase 3.7 Pipeline Register Optimization | Checksum: 1c1d20a67

Time (s): cpu = 00:00:10 ; elapsed = 00:00:10 . Memory (MB): peak = 2264.246 ; gain = 8.004 ; free physical = 872 ; free virtual = 3598
Phase 3 Detail Placement | Checksum: 1c1d20a67

Time (s): cpu = 00:00:10 ; elapsed = 00:00:10 . Memory (MB): peak = 2264.246 ; gain = 8.004 ; free physical = 872 ; free virtual = 3598

Phase 4 Post Placement Optimization and Clean-Up

Phase 4.1 Post Commit Optimization
INFO: [Timing 38-35] Done setting XDC timing constraints.

Phase 4.1.1 Post Placement Optimization
Post Placement Optimization Initialization | Checksum: 11e88a80d

Phase 4.1.1.1 BUFG Insertion
INFO: [Place 46-31] BUFG insertion identified 0 candidate nets, 0 success, 0 skipped for placement/routing, 0 skipped for timing, 0 skipped for netlist change reason.
Phase 4.1.1.1 BUFG Insertion | Checksum: 11e88a80d

Time (s): cpu = 00:00:11 ; elapsed = 00:00:11 . Memory (MB): peak = 2264.246 ; gain = 8.004 ; free physical = 874 ; free virtual = 3601
INFO: [Place 30-746] Post Placement Timing Summary WNS=0.951. For the most accurate timing information please run report_timing.
Phase 4.1.1 Post Placement Optimization | Checksum: 181b64077

Time (s): cpu = 00:00:11 ; elapsed = 00:00:11 . Memory (MB): peak = 2264.246 ; gain = 8.004 ; free physical = 874 ; free virtual = 3601
Phase 4.1 Post Commit Optimization | Checksum: 181b64077

Time (s): cpu = 00:00:11 ; elapsed = 00:00:11 . Memory (MB): peak = 2264.246 ; gain = 8.004 ; free physical = 874 ; free virtual = 3601

Phase 4.2 Post Placement Cleanup
Phase 4.2 Post Placement Cleanup | Checksum: 181b64077

Time (s): cpu = 00:00:11 ; elapsed = 00:00:11 . Memory (MB): peak = 2264.246 ; gain = 8.004 ; free physical = 874 ; free virtual = 3601

Phase 4.3 Placer Reporting
Phase 4.3 Placer Reporting | Checksum: 181b64077

Time (s): cpu = 00:00:11 ; elapsed = 00:00:11 . Memory (MB): peak = 2264.246 ; gain = 8.004 ; free physical = 874 ; free virtual = 3601

Phase 4.4 Final Placement Cleanup
Phase 4.4 Final Placement Cleanup | Checksum: 21624005b

Time (s): cpu = 00:00:11 ; elapsed = 00:00:11 . Memory (MB): peak = 2264.246 ; gain = 8.004 ; free physical = 874 ; free virtual = 3601
Phase 4 Post Placement Optimization and Clean-Up | Checksum: 21624005b

Time (s): cpu = 00:00:11 ; elapsed = 00:00:11 . Memory (MB): peak = 2264.246 ; gain = 8.004 ; free physical = 874 ; free virtual = 3601
Ending Placer Task | Checksum: 1a61f9938

Time (s): cpu = 00:00:11 ; elapsed = 00:00:11 . Memory (MB): peak = 2264.246 ; gain = 8.004 ; free physical = 878 ; free virtual = 3604
INFO: [Common 17-83] Releasing license: Implementation
54 Infos, 0 Warnings, 0 Critical Warnings and 0 Errors encountered.
place_design completed successfully
place_design: Time (s): cpu = 00:00:14 ; elapsed = 00:00:13 . Memory (MB): peak = 2264.246 ; gain = 8.004 ; free physical = 878 ; free virtual = 3604
INFO: [Timing 38-480] Writing timing data to binary archive.
Writing placer database...
Writing XDEF routing.
Writing XDEF routing logical nets.
Writing XDEF routing special nets.
Write XDEF Complete: Time (s): cpu = 00:00:01 ; elapsed = 00:00:00.54 . Memory (MB): peak = 2264.246 ; gain = 0.000 ; free physical = 867 ; free virtual = 3601
INFO: [Common 17-1381] The checkpoint '/home/olafur/Documents/Embedded_systems/Assignment_1/-EmbeddedRealTimeSystems-/Assignment_2/Exercise_3/Lab_4.runs/impl_1/system_wrapper_placed.dcp' has been generated.
INFO: [runtcl-4] Executing : report_io -file system_wrapper_io_placed.rpt
report_io: Time (s): cpu = 00:00:00.12 ; elapsed = 00:00:00.19 . Memory (MB): peak = 2264.246 ; gain = 0.000 ; free physical = 862 ; free virtual = 3591
INFO: [runtcl-4] Executing : report_utilization -file system_wrapper_utilization_placed.rpt -pb system_wrapper_utilization_placed.pb
report_utilization: Time (s): cpu = 00:00:00.12 ; elapsed = 00:00:00.18 . Memory (MB): peak = 2264.246 ; gain = 0.000 ; free physical = 873 ; free virtual = 3602
INFO: [runtcl-4] Executing : report_control_sets -verbose -file system_wrapper_control_sets_placed.rpt
report_control_sets: Time (s): cpu = 00:00:00.10 ; elapsed = 00:00:00.16 . Memory (MB): peak = 2264.246 ; gain = 0.000 ; free physical = 873 ; free virtual = 3602
Command: route_design
Attempting to get a license for feature 'Implementation' and/or device 'xc7z010'
INFO: [Common 17-349] Got license for feature 'Implementation' and/or device 'xc7z010'
Running DRC as a precondition to command route_design
INFO: [DRC 23-27] Running DRC with 4 threads
INFO: [Vivado_Tcl 4-198] DRC finished with 0 Errors
INFO: [Vivado_Tcl 4-199] Please refer to the DRC report (report_drc) for more information.


Starting Routing Task
INFO: [Route 35-254] Multithreading enabled for route_design using a maximum of 4 CPUs
Checksum: PlaceDB: b7ece94a ConstDB: 0 ShapeSum: ee32afee RouteDB: 0

Phase 1 Build RT Design
Phase 1 Build RT Design | Checksum: 11edff369

Time (s): cpu = 00:00:10 ; elapsed = 00:00:09 . Memory (MB): peak = 2264.246 ; gain = 0.000 ; free physical = 794 ; free virtual = 3523
Post Restoration Checksum: NetGraph: d3c63453 NumContArr: 4b19bf16 Constraints: 0 Timing: 0

Phase 2 Router Initialization

Phase 2.1 Create Timer
Phase 2.1 Create Timer | Checksum: 11edff369

Time (s): cpu = 00:00:11 ; elapsed = 00:00:09 . Memory (MB): peak = 2264.246 ; gain = 0.000 ; free physical = 794 ; free virtual = 3523

Phase 2.2 Fix Topology Constraints
Phase 2.2 Fix Topology Constraints | Checksum: 11edff369

Time (s): cpu = 00:00:11 ; elapsed = 00:00:09 . Memory (MB): peak = 2264.246 ; gain = 0.000 ; free physical = 779 ; free virtual = 3508

Phase 2.3 Pre Route Cleanup
Phase 2.3 Pre Route Cleanup | Checksum: 11edff369

Time (s): cpu = 00:00:11 ; elapsed = 00:00:09 . Memory (MB): peak = 2264.246 ; gain = 0.000 ; free physical = 779 ; free virtual = 3508
 Number of Nodes with overlaps = 0

Phase 2.4 Update Timing
Phase 2.4 Update Timing | Checksum: f23a35c1

Time (s): cpu = 00:00:12 ; elapsed = 00:00:10 . Memory (MB): peak = 2264.246 ; gain = 0.000 ; free physical = 771 ; free virtual = 3500
INFO: [Route 35-416] Intermediate Timing Summary | WNS=0.907  | TNS=0.000  | WHS=-0.336 | THS=-54.491|

Phase 2 Router Initialization | Checksum: ff65369d

Time (s): cpu = 00:00:12 ; elapsed = 00:00:10 . Memory (MB): peak = 2264.246 ; gain = 0.000 ; free physical = 771 ; free virtual = 3500

Phase 3 Initial Routing
Phase 3 Initial Routing | Checksum: 24c3b4be6

Time (s): cpu = 00:00:13 ; elapsed = 00:00:11 . Memory (MB): peak = 2264.246 ; gain = 0.000 ; free physical = 772 ; free virtual = 3501

Phase 4 Rip-up And Reroute

Phase 4.1 Global Iteration 0
 Number of Nodes with overlaps = 527
 Number of Nodes with overlaps = 95
 Number of Nodes with overlaps = 24
 Number of Nodes with overlaps = 7
 Number of Nodes with overlaps = 4
 Number of Nodes with overlaps = 3
 Number of Nodes with overlaps = 3
 Number of Nodes with overlaps = 1
 Number of Nodes with overlaps = 0
INFO: [Route 35-416] Intermediate Timing Summary | WNS=0.868  | TNS=0.000  | WHS=N/A    | THS=N/A    |

Phase 4.1 Global Iteration 0 | Checksum: a93076ac

Time (s): cpu = 00:00:18 ; elapsed = 00:00:13 . Memory (MB): peak = 2264.246 ; gain = 0.000 ; free physical = 769 ; free virtual = 3498

Phase 4.2 Global Iteration 1
 Number of Nodes with overlaps = 3
 Number of Nodes with overlaps = 0
INFO: [Route 35-416] Intermediate Timing Summary | WNS=0.868  | TNS=0.000  | WHS=N/A    | THS=N/A    |

Phase 4.2 Global Iteration 1 | Checksum: c6e3591b

Time (s): cpu = 00:00:18 ; elapsed = 00:00:13 . Memory (MB): peak = 2264.246 ; gain = 0.000 ; free physical = 769 ; free virtual = 3498
Phase 4 Rip-up And Reroute | Checksum: c6e3591b

Time (s): cpu = 00:00:18 ; elapsed = 00:00:13 . Memory (MB): peak = 2264.246 ; gain = 0.000 ; free physical = 769 ; free virtual = 3498

Phase 5 Delay and Skew Optimization

Phase 5.1 Delay CleanUp
Phase 5.1 Delay CleanUp | Checksum: c6e3591b

Time (s): cpu = 00:00:18 ; elapsed = 00:00:13 . Memory (MB): peak = 2264.246 ; gain = 0.000 ; free physical = 769 ; free virtual = 3498

Phase 5.2 Clock Skew Optimization
Phase 5.2 Clock Skew Optimization | Checksum: c6e3591b

Time (s): cpu = 00:00:18 ; elapsed = 00:00:13 . Memory (MB): peak = 2264.246 ; gain = 0.000 ; free physical = 769 ; free virtual = 3498
Phase 5 Delay and Skew Optimization | Checksum: c6e3591b

Time (s): cpu = 00:00:18 ; elapsed = 00:00:13 . Memory (MB): peak = 2264.246 ; gain = 0.000 ; free physical = 769 ; free virtual = 3498

Phase 6 Post Hold Fix

Phase 6.1 Hold Fix Iter

Phase 6.1.1 Update Timing
Phase 6.1.1 Update Timing | Checksum: 12b6472d1

Time (s): cpu = 00:00:19 ; elapsed = 00:00:13 . Memory (MB): peak = 2264.246 ; gain = 0.000 ; free physical = 769 ; free virtual = 3498
INFO: [Route 35-416] Intermediate Timing Summary | WNS=0.983  | TNS=0.000  | WHS=0.016  | THS=0.000  |

Phase 6.1 Hold Fix Iter | Checksum: 1869b1959

Time (s): cpu = 00:00:19 ; elapsed = 00:00:13 . Memory (MB): peak = 2264.246 ; gain = 0.000 ; free physical = 769 ; free virtual = 3498
Phase 6 Post Hold Fix | Checksum: 1869b1959

Time (s): cpu = 00:00:19 ; elapsed = 00:00:13 . Memory (MB): peak = 2264.246 ; gain = 0.000 ; free physical = 769 ; free virtual = 3498

Phase 7 Route finalize

Router Utilization Summary
  Global Vertical Routing Utilization    = 1.54673 %
  Global Horizontal Routing Utilization  = 2.07054 %
  Routable Net Status*
  *Does not include unroutable nets such as driverless and loadless.
  Run report_route_status for detailed report.
  Number of Failed Nets               = 0
  Number of Unrouted Nets             = 0
  Number of Partially Routed Nets     = 0
  Number of Node Overlaps             = 0

Phase 7 Route finalize | Checksum: d7ab935a

Time (s): cpu = 00:00:19 ; elapsed = 00:00:13 . Memory (MB): peak = 2264.246 ; gain = 0.000 ; free physical = 769 ; free virtual = 3498

Phase 8 Verifying routed nets

 Verification completed successfully
Phase 8 Verifying routed nets | Checksum: d7ab935a

Time (s): cpu = 00:00:19 ; elapsed = 00:00:13 . Memory (MB): peak = 2264.246 ; gain = 0.000 ; free physical = 769 ; free virtual = 3498

Phase 9 Depositing Routes
Phase 9 Depositing Routes | Checksum: cda3623e

Time (s): cpu = 00:00:19 ; elapsed = 00:00:14 . Memory (MB): peak = 2264.246 ; gain = 0.000 ; free physical = 769 ; free virtual = 3498

Phase 10 Post Router Timing
INFO: [Route 35-57] Estimated Timing Summary | WNS=0.983  | TNS=0.000  | WHS=0.016  | THS=0.000  |

INFO: [Route 35-327] The final timing numbers are based on the router estimated timing analysis. For a complete and accurate timing signoff, please run report_timing_summary.
Phase 10 Post Router Timing | Checksum: cda3623e

Time (s): cpu = 00:00:19 ; elapsed = 00:00:14 . Memory (MB): peak = 2264.246 ; gain = 0.000 ; free physical = 769 ; free virtual = 3498
INFO: [Route 35-16] Router Completed Successfully

Time (s): cpu = 00:00:19 ; elapsed = 00:00:14 . Memory (MB): peak = 2264.246 ; gain = 0.000 ; free physical = 786 ; free virtual = 3515

Routing Is Done.
INFO: [Common 17-83] Releasing license: Implementation
72 Infos, 0 Warnings, 0 Critical Warnings and 0 Errors encountered.
route_design completed successfully
route_design: Time (s): cpu = 00:00:23 ; elapsed = 00:00:17 . Memory (MB): peak = 2264.246 ; gain = 0.000 ; free physical = 785 ; free virtual = 3514
INFO: [Timing 38-480] Writing timing data to binary archive.
Writing placer database...
Writing XDEF routing.
Writing XDEF routing logical nets.
Writing XDEF routing special nets.
Write XDEF Complete: Time (s): cpu = 00:00:01 ; elapsed = 00:00:00.65 . Memory (MB): peak = 2264.246 ; gain = 0.000 ; free physical = 772 ; free virtual = 3511
INFO: [Common 17-1381] The checkpoint '/home/olafur/Documents/Embedded_systems/Assignment_1/-EmbeddedRealTimeSystems-/Assignment_2/Exercise_3/Lab_4.runs/impl_1/system_wrapper_routed.dcp' has been generated.
INFO: [runtcl-4] Executing : report_drc -file system_wrapper_drc_routed.rpt -pb system_wrapper_drc_routed.pb -rpx system_wrapper_drc_routed.rpx
Command: report_drc -file system_wrapper_drc_routed.rpt -pb system_wrapper_drc_routed.pb -rpx system_wrapper_drc_routed.rpx
INFO: [DRC 23-27] Running DRC with 4 threads
INFO: [Coretcl 2-168] The results of DRC are in file /home/olafur/Documents/Embedded_systems/Assignment_1/-EmbeddedRealTimeSystems-/Assignment_2/Exercise_3/Lab_4.runs/impl_1/system_wrapper_drc_routed.rpt.
report_drc completed successfully
INFO: [runtcl-4] Executing : report_methodology -file system_wrapper_methodology_drc_routed.rpt -pb system_wrapper_methodology_drc_routed.pb -rpx system_wrapper_methodology_drc_routed.rpx
Command: report_methodology -file system_wrapper_methodology_drc_routed.rpt -pb system_wrapper_methodology_drc_routed.pb -rpx system_wrapper_methodology_drc_routed.rpx
INFO: [Timing 38-35] Done setting XDC timing constraints.
INFO: [Timing 38-35] Done setting XDC timing constraints.
INFO: [DRC 23-133] Running Methodology with 4 threads
INFO: [Coretcl 2-1520] The results of Report Methodology are in file /home/olafur/Documents/Embedded_systems/Assignment_1/-EmbeddedRealTimeSystems-/Assignment_2/Exercise_3/Lab_4.runs/impl_1/system_wrapper_methodology_drc_routed.rpt.
report_methodology completed successfully
INFO: [runtcl-4] Executing : report_power -file system_wrapper_power_routed.rpt -pb system_wrapper_power_summary_routed.pb -rpx system_wrapper_power_routed.rpx
Command: report_power -file system_wrapper_power_routed.rpt -pb system_wrapper_power_summary_routed.pb -rpx system_wrapper_power_routed.rpx
INFO: [Timing 38-35] Done setting XDC timing constraints.
Running Vector-less Activity Propagation...

Finished Running Vector-less Activity Propagation
84 Infos, 0 Warnings, 0 Critical Warnings and 0 Errors encountered.
report_power completed successfully
INFO: [runtcl-4] Executing : report_route_status -file system_wrapper_route_status.rpt -pb system_wrapper_route_status.pb
INFO: [runtcl-4] Executing : report_timing_summary -max_paths 10 -file system_wrapper_timing_summary_routed.rpt -pb system_wrapper_timing_summary_routed.pb -rpx system_wrapper_timing_summary_routed.rpx -warn_on_violation 
INFO: [Timing 38-91] UpdateTimingParams: Speed grade: -1, Delay Type: min_max, Timing Stage: Requireds.
INFO: [Timing 38-191] Multithreading enabled for timing update using a maximum of 4 CPUs
INFO: [runtcl-4] Executing : report_incremental_reuse -file system_wrapper_incremental_reuse_routed.rpt
INFO: [Vivado_Tcl 4-545] No incremental reuse to report, no incremental placement and routing data was found.
INFO: [runtcl-4] Executing : report_clock_utilization -file system_wrapper_clock_utilization_routed.rpt
INFO: [runtcl-4] Executing : report_bus_skew -warn_on_violation -file system_wrapper_bus_skew_routed.rpt -pb system_wrapper_bus_skew_routed.pb -rpx system_wrapper_bus_skew_routed.rpx
INFO: [Timing 38-91] UpdateTimingParams: Speed grade: -1, Delay Type: min_max, Timing Stage: Requireds.
INFO: [Timing 38-191] Multithreading enabled for timing update using a maximum of 4 CPUs
Command: write_bitstream -force system_wrapper.bit
Attempting to get a license for feature 'Implementation' and/or device 'xc7z010'
INFO: [Common 17-349] Got license for feature 'Implementation' and/or device 'xc7z010'
Running DRC as a precondition to command write_bitstream
INFO: [DRC 23-27] Running DRC with 4 threads
INFO: [Vivado 12-3199] DRC finished with 0 Errors
INFO: [Vivado 12-3200] Please refer to the DRC report (report_drc) for more information.
INFO: [Designutils 20-2272] Running write_bitstream with 4 threads.
Loading data files...
Loading site data...
Loading route data...
Processing options...
Creating bitmap...
Creating bitstream...
Writing bitstream ./system_wrapper.bit...
INFO: [Vivado 12-1842] Bitgen Completed Successfully.
INFO: [Project 1-120] WebTalk data collection is mandatory when using a WebPACK part without a full Vivado license. To see the specific WebTalk data collected for your design, open the usage_statistics_webtalk.html or usage_statistics_webtalk.xml file in the implementation directory.
INFO: [Common 17-186] '/home/olafur/Documents/Embedded_systems/Assignment_1/-EmbeddedRealTimeSystems-/Assignment_2/Exercise_3/Lab_4.runs/impl_1/usage_statistics_webtalk.xml' has been successfully sent to Xilinx on Sun Sep 30 15:27:15 2018. For additional details about this file, please refer to the WebTalk help file at /opt/Xilinx/Vivado/2018.2/doc/webtalk_introduction.html.
INFO: [Common 17-83] Releasing license: Implementation
103 Infos, 0 Warnings, 0 Critical Warnings and 0 Errors encountered.
write_bitstream completed successfully
write_bitstream: Time (s): cpu = 00:00:15 ; elapsed = 00:00:25 . Memory (MB): peak = 2511.672 ; gain = 247.426 ; free physical = 722 ; free virtual = 3459
INFO: [Common 17-206] Exiting Vivado at Sun Sep 30 15:27:15 2018...
