16:16:32 INFO  : Registering command handlers for SDK TCF services
16:16:34 INFO  : Launching XSCT server: xsct -n -interactive /home/olafur/Documents/Embedded_systems/Assignment_1/-EmbeddedRealTimeSystems-/Assignment2/Exercise6/Exercise4/step2/audio/audio.sdk/temp_xsdb_launch_script.tcl
16:16:36 INFO  : XSCT server has started successfully.
16:16:38 INFO  : Successfully done setting XSCT server connection channel  
16:16:38 INFO  : Successfully done setting SDK workspace  
16:16:38 INFO  : Processing command line option -hwspec /home/olafur/Documents/Embedded_systems/Assignment_1/-EmbeddedRealTimeSystems-/Assignment2/Exercise6/Exercise4/step2/audio/audio.sdk/system_wrapper.hdf.
12:26:45 INFO  : Connected to target on host '127.0.0.1' and port '3121'.
12:26:46 INFO  : 'targets -set -filter {jtag_cable_name =~ "Digilent Zybo 210279A6A4AAA" && level==0} -index 1' command is executed.
12:26:48 INFO  : FPGA configured successfully with bitstream "/home/olafur/Documents/Embedded_systems/Assignment_1/-EmbeddedRealTimeSystems-/Assignment2/Exercise6/Exercise4/step2/audio/audio.sdk/system_wrapper_hw_platform_0/system_wrapper.bit"
12:27:26 INFO  : 'targets -set -filter {jtag_cable_name =~ "Digilent Zybo 210279A6A4AAA" && level==0} -index 1' command is executed.
12:27:26 INFO  : 'fpga -state' command is executed.
12:27:26 INFO  : Connected to target on host '127.0.0.1' and port '3121'.
12:27:27 INFO  : Jtag cable 'Digilent Zybo 210279A6A4AAA' is selected.
12:27:27 INFO  : 'jtag frequency' command is executed.
12:27:27 INFO  : Sourcing of '/home/olafur/Documents/Embedded_systems/Assignment_1/-EmbeddedRealTimeSystems-/Assignment2/Exercise6/Exercise4/step2/audio/audio.sdk/system_wrapper_hw_platform_0/ps7_init.tcl' is done.
12:27:27 INFO  : Context for 'APU' is selected.
12:27:27 INFO  : Hardware design information is loaded from '/home/olafur/Documents/Embedded_systems/Assignment_1/-EmbeddedRealTimeSystems-/Assignment2/Exercise6/Exercise4/step2/audio/audio.sdk/system_wrapper_hw_platform_0/system.hdf'.
12:27:27 INFO  : 'configparams force-mem-access 1' command is executed.
12:27:27 INFO  : Context for 'APU' is selected.
12:27:28 INFO  : 'stop' command is executed.
12:27:32 INFO  : 'ps7_init' command is executed.
12:27:32 INFO  : 'ps7_post_config' command is executed.
12:27:32 INFO  : Context for processor 'ps7_cortexa9_0' is selected.
12:27:32 INFO  : Processor reset is completed for 'ps7_cortexa9_0'.
12:27:32 INFO  : Context for processor 'ps7_cortexa9_0' is selected.
12:27:33 INFO  : The application '/home/olafur/Documents/Embedded_systems/Assignment_1/-EmbeddedRealTimeSystems-/Assignment2/Exercise6/Exercise4/step2/audio/audio.sdk/TestApp/Debug/TestApp.elf' is downloaded to processor 'ps7_cortexa9_0'.
12:27:33 INFO  : 'configparams force-mem-access 0' command is executed.
12:27:33 INFO  : ----------------XSDB Script----------------
connect -url tcp:127.0.0.1:3121
source /home/olafur/Documents/Embedded_systems/Assignment_1/-EmbeddedRealTimeSystems-/Assignment2/Exercise6/Exercise4/step2/audio/audio.sdk/system_wrapper_hw_platform_0/ps7_init.tcl
targets -set -nocase -filter {name =~"APU*" && jtag_cable_name =~ "Digilent Zybo 210279A6A4AAA"} -index 0
loadhw -hw /home/olafur/Documents/Embedded_systems/Assignment_1/-EmbeddedRealTimeSystems-/Assignment2/Exercise6/Exercise4/step2/audio/audio.sdk/system_wrapper_hw_platform_0/system.hdf -mem-ranges [list {0x40000000 0xbfffffff}]
configparams force-mem-access 1
targets -set -nocase -filter {name =~"APU*" && jtag_cable_name =~ "Digilent Zybo 210279A6A4AAA"} -index 0
stop
ps7_init
ps7_post_config
targets -set -nocase -filter {name =~ "ARM*#0" && jtag_cable_name =~ "Digilent Zybo 210279A6A4AAA"} -index 0
rst -processor
targets -set -nocase -filter {name =~ "ARM*#0" && jtag_cable_name =~ "Digilent Zybo 210279A6A4AAA"} -index 0
dow /home/olafur/Documents/Embedded_systems/Assignment_1/-EmbeddedRealTimeSystems-/Assignment2/Exercise6/Exercise4/step2/audio/audio.sdk/TestApp/Debug/TestApp.elf
configparams force-mem-access 0
----------------End of Script----------------

12:27:33 INFO  : Context for processor 'ps7_cortexa9_0' is selected.
12:27:33 INFO  : 'con' command is executed.
12:27:33 INFO  : ----------------XSDB Script (After Launch)----------------
targets -set -nocase -filter {name =~ "ARM*#0" && jtag_cable_name =~ "Digilent Zybo 210279A6A4AAA"} -index 0
con
----------------End of Script----------------

12:27:33 INFO  : Disconnected from the channel tcfchan#1.
18:07:24 INFO  : Launching XSCT server: xsct -n -interactive /home/olafur/Documents/Embedded_systems/-EmbeddedRealTimeSystems-/Assignment2/Exercise6/Exercise4/step2/audio/audio.sdk/temp_xsdb_launch_script.tcl
18:07:26 INFO  : XSCT server has started successfully.
18:07:26 INFO  : Successfully done setting XSCT server connection channel  
18:07:26 INFO  : Successfully done setting SDK workspace  
18:07:30 INFO  : Registering command handlers for SDK TCF services
18:07:30 INFO  : Processing command line option -hwspec /home/olafur/Documents/Embedded_systems/-EmbeddedRealTimeSystems-/Assignment2/Exercise6/Exercise4/step2/audio/audio.sdk/system_wrapper.hdf.
18:08:19 INFO  : Connected to target on host '127.0.0.1' and port '3121'.
18:08:19 INFO  : 'targets -set -filter {jtag_cable_name =~ "Digilent Zybo 210279A6A4AAA" && level==0} -index 1' command is executed.
18:08:21 INFO  : FPGA configured successfully with bitstream "/home/olafur/Documents/Embedded_systems/-EmbeddedRealTimeSystems-/Assignment2/Exercise6/Exercise4/step2/audio/audio.sdk/system_wrapper_hw_platform_0/system_wrapper.bit"
18:08:39 INFO  : 'targets -set -filter {jtag_cable_name =~ "Digilent Zybo 210279A6A4AAA" && level==0} -index 1' command is executed.
18:08:39 INFO  : 'fpga -state' command is executed.
18:08:39 INFO  : Connected to target on host '127.0.0.1' and port '3121'.
18:08:39 INFO  : Jtag cable 'Digilent Zybo 210279A6A4AAA' is selected.
18:08:39 INFO  : 'jtag frequency' command is executed.
18:08:39 INFO  : Sourcing of '/home/olafur/Documents/Embedded_systems/-EmbeddedRealTimeSystems-/Assignment2/Exercise6/Exercise4/step2/audio/audio.sdk/system_wrapper_hw_platform_0/ps7_init.tcl' is done.
18:08:39 INFO  : Context for 'APU' is selected.
18:08:39 INFO  : Hardware design information is loaded from '/home/olafur/Documents/Embedded_systems/-EmbeddedRealTimeSystems-/Assignment2/Exercise6/Exercise4/step2/audio/audio.sdk/system_wrapper_hw_platform_0/system.hdf'.
18:08:39 INFO  : 'configparams force-mem-access 1' command is executed.
18:08:39 INFO  : Context for 'APU' is selected.
18:08:39 INFO  : 'stop' command is executed.
18:08:40 INFO  : 'ps7_init' command is executed.
18:08:40 INFO  : 'ps7_post_config' command is executed.
18:08:40 INFO  : Context for processor 'ps7_cortexa9_0' is selected.
18:08:40 INFO  : Processor reset is completed for 'ps7_cortexa9_0'.
18:08:40 INFO  : Context for processor 'ps7_cortexa9_0' is selected.
18:08:40 INFO  : The application '/home/olafur/Documents/Embedded_systems/-EmbeddedRealTimeSystems-/Assignment2/Exercise6/Exercise4/step2/audio/audio.sdk/TestApp/Debug/TestApp.elf' is downloaded to processor 'ps7_cortexa9_0'.
18:08:40 INFO  : 'configparams force-mem-access 0' command is executed.
18:08:40 INFO  : ----------------XSDB Script----------------
connect -url tcp:127.0.0.1:3121
source /home/olafur/Documents/Embedded_systems/-EmbeddedRealTimeSystems-/Assignment2/Exercise6/Exercise4/step2/audio/audio.sdk/system_wrapper_hw_platform_0/ps7_init.tcl
targets -set -nocase -filter {name =~"APU*" && jtag_cable_name =~ "Digilent Zybo 210279A6A4AAA"} -index 0
loadhw -hw /home/olafur/Documents/Embedded_systems/-EmbeddedRealTimeSystems-/Assignment2/Exercise6/Exercise4/step2/audio/audio.sdk/system_wrapper_hw_platform_0/system.hdf -mem-ranges [list {0x40000000 0xbfffffff}]
configparams force-mem-access 1
targets -set -nocase -filter {name =~"APU*" && jtag_cable_name =~ "Digilent Zybo 210279A6A4AAA"} -index 0
stop
ps7_init
ps7_post_config
targets -set -nocase -filter {name =~ "ARM*#0" && jtag_cable_name =~ "Digilent Zybo 210279A6A4AAA"} -index 0
rst -processor
targets -set -nocase -filter {name =~ "ARM*#0" && jtag_cable_name =~ "Digilent Zybo 210279A6A4AAA"} -index 0
dow /home/olafur/Documents/Embedded_systems/-EmbeddedRealTimeSystems-/Assignment2/Exercise6/Exercise4/step2/audio/audio.sdk/TestApp/Debug/TestApp.elf
configparams force-mem-access 0
----------------End of Script----------------

18:08:40 INFO  : Memory regions updated for context APU
18:08:40 INFO  : Context for processor 'ps7_cortexa9_0' is selected.
18:08:40 INFO  : 'con' command is executed.
18:08:40 INFO  : ----------------XSDB Script (After Launch)----------------
targets -set -nocase -filter {name =~ "ARM*#0" && jtag_cable_name =~ "Digilent Zybo 210279A6A4AAA"} -index 0
con
----------------End of Script----------------

18:08:40 INFO  : Launch script is exported to file '/home/olafur/Documents/Embedded_systems/-EmbeddedRealTimeSystems-/Assignment2/Exercise6/Exercise4/step2/audio/audio.sdk/.sdk/launch_scripts/xilinx_c-c++_application_(system_debugger)/system_debugger_using_debug_testapp.elf_on_local.tcl'
18:10:15 INFO  : Connected to target on host '127.0.0.1' and port '3121'.
18:10:15 INFO  : 'targets -set -filter {jtag_cable_name =~ "Digilent Zybo 210279A6A4AAA" && level==0} -index 1' command is executed.
18:10:16 INFO  : FPGA configured successfully with bitstream "/home/olafur/Documents/Embedded_systems/-EmbeddedRealTimeSystems-/Assignment2/Exercise6/Exercise4/step2/audio/audio.sdk/system_wrapper_hw_platform_0/system_wrapper.bit"
18:10:33 INFO  : Disconnected from the channel tcfchan#1.
