

================================================================
== Vivado HLS Report for 'Advios_modulate_clock'
================================================================
* Date:           Tue Oct  9 16:09:36 2018

* Version:        2017.2 (Build 1909853 on Thu Jun 15 18:55:24 MDT 2017)
* Project:        Advisio
* Solution:       solution1
* Product family: zynq
* Target device:  xc7z010clg400-1


================================================================
== Performance Estimates
================================================================
+ Timing (ns): 
    * Summary: 
    +--------+-------+----------+------------+
    |  Clock | Target| Estimated| Uncertainty|
    +--------+-------+----------+------------+
    |ap_clk  |  10.00|      5.92|        1.25|
    +--------+-------+----------+------------+

+ Latency (clock cycles): 
    * Summary: 
    +-----+-----+-----+-----+---------+
    |  Latency  |  Interval | Pipeline|
    | min | max | min | max |   Type  |
    +-----+-----+-----+-----+---------+
    |    3|    3|    3|    3|   none  |
    +-----+-----+-----+-----+---------+

    + Detail: 
        * Instance: 
        N/A

        * Loop: 
        +----------+-----+-----+----------+-----------+-----------+------+----------+
        |          |  Latency  | Iteration|  Initiation Interval  | Trip |          |
        | Loop Name| min | max |  Latency |  achieved |   target  | Count| Pipelined|
        +----------+-----+-----+----------+-----------+-----------+------+----------+
        |- Loop 1  |    1|    1|         1|          -|          -|  inf |    no    |
        +----------+-----+-----+----------+-----------+-----------+------+----------+



================================================================
== Utilization Estimates
================================================================
* Summary: 
+-----------------+---------+-------+-------+-------+
|       Name      | BRAM_18K| DSP48E|   FF  |  LUT  |
+-----------------+---------+-------+-------+-------+
|DSP              |        -|      -|      -|      -|
|Expression       |        -|      -|     83|     46|
|FIFO             |        -|      -|      -|      -|
|Instance         |        -|      -|      -|      -|
|Memory           |        -|      -|      -|      -|
|Multiplexer      |        -|      -|      -|     30|
|Register         |        -|      -|     29|      -|
+-----------------+---------+-------+-------+-------+
|Total            |        0|      0|    112|     76|
+-----------------+---------+-------+-------+-------+
|Available        |      120|     80|  35200|  17600|
+-----------------+---------+-------+-------+-------+
|Utilization (%)  |        0|      0|   ~0  |   ~0  |
+-----------------+---------+-------+-------+-------+

+ Detail: 
    * Instance: 
    N/A

    * DSP48: 
    N/A

    * Memory: 
    N/A

    * FIFO: 
    N/A

    * Expression: 
    +--------------------------------+----------+-------+----+----+------------+------------+
    |          Variable Name         | Operation| DSP48E| FF | LUT| Bitwidth P0| Bitwidth P1|
    +--------------------------------+----------+-------+----+----+------------+------------+
    |clock_counter_V_assi_fu_112_p2  |     +    |      0|  83|  31|          26|           1|
    |tmp_1_fu_118_p2                 |   icmp   |      0|   0|  13|          26|          26|
    |clk_sc_out                      |    xor   |      0|   0|   2|           1|           2|
    +--------------------------------+----------+-------+----+----+------------+------------+
    |Total                           |          |      0|  83|  46|          53|          29|
    +--------------------------------+----------+-------+----+----+------------+------------+

    * Multiplexer: 
    +-----------------------+----+-----------+-----+-----------+
    |          Name         | LUT| Input Size| Bits| Total Bits|
    +-----------------------+----+-----------+-----+-----------+
    |ap_NS_fsm              |  21|          4|    1|          4|
    |clock_counter_V_fu_86  |   9|          2|   26|         52|
    +-----------------------+----+-----------+-----+-----------+
    |Total                  |  30|          6|   27|         56|
    +-----------------------+----+-----------+-----+-----------+

    * Register: 
    +-----------------------+----+----+-----+-----------+
    |          Name         | FF | LUT| Bits| Const Bits|
    +-----------------------+----+----+-----+-----------+
    |ap_CS_fsm              |   3|   0|    3|          0|
    |clock_counter_V_fu_86  |  26|   0|   26|          0|
    +-----------------------+----+----+-----+-----------+
    |Total                  |  29|   0|   29|          0|
    +-----------------------+----+----+-----+-----------+



================================================================
== Interface
================================================================
* Summary: 
+-------------------+-----+-----+------------+------------------------+--------------+
|     RTL Ports     | Dir | Bits|  Protocol  |      Source Object     |    C Type    |
+-------------------+-----+-----+------------+------------------------+--------------+
|ap_clk             |  in |    1| ap_ctrl_hs | Advios::modulate_clock | return value |
|ap_rst             |  in |    1| ap_ctrl_hs | Advios::modulate_clock | return value |
|clk_sc_in          |  in |    1|   ap_none  |        clk_sc_in       |    pointer   |
|clk_sc_out         | out |    1|   ap_vld   |       clk_sc_out       |    pointer   |
|clk_sc_out_ap_vld  | out |    1|   ap_vld   |       clk_sc_out       |    pointer   |
+-------------------+-----+-----+------------+------------------------+--------------+

