Copyright 1986-2017 Xilinx, Inc. All Rights Reserved.
-----------------------------------------------------------------------------------------------------------------------------------------------------------
| Tool Version : Vivado v.2017.2 (win64) Build 1909853 Thu Jun 15 18:39:09 MDT 2017
| Date         : Wed Oct  3 20:36:47 2018
| Host         : LAPTOP-07F69O5Q running 64-bit major release  (build 9200)
| Command      : report_timing_summary -warn_on_violation -max_paths 10 -file matrixmul_timing_summary_routed.rpt -rpx matrixmul_timing_summary_routed.rpx
| Design       : matrixmul
| Device       : 7z010-clg400
| Speed File   : -1  PRODUCTION 1.11 2014-09-11
-----------------------------------------------------------------------------------------------------------------------------------------------------------

Timing Summary Report

------------------------------------------------------------------------------------------------
| Timer Settings
| --------------
------------------------------------------------------------------------------------------------

  Enable Multi Corner Analysis               :  Yes
  Enable Pessimism Removal                   :  Yes
  Pessimism Removal Resolution               :  Nearest Common Node
  Enable Input Delay Default Clock           :  No
  Enable Preset / Clear Arcs                 :  No
  Disable Flight Delays                      :  No
  Ignore I/O Paths                           :  No
  Timing Early Launch at Borrowing Latches   :  false

  Corner  Analyze    Analyze    
  Name    Max Paths  Min Paths  
  ------  ---------  ---------  
  Slow    Yes        Yes        
  Fast    Yes        Yes        



check_timing report

Table of Contents
-----------------
1. checking no_clock
2. checking constant_clock
3. checking pulse_width_clock
4. checking unconstrained_internal_endpoints
5. checking no_input_delay
6. checking no_output_delay
7. checking multiple_clock
8. checking generated_clocks
9. checking loops
10. checking partial_input_delay
11. checking partial_output_delay
12. checking latch_loops

1. checking no_clock
--------------------
 There are 0 register/latch pins with no clock.


2. checking constant_clock
--------------------------
 There are 0 register/latch pins with constant_clock.


3. checking pulse_width_clock
-----------------------------
 There are 0 register/latch pins which need pulse_width check


4. checking unconstrained_internal_endpoints
--------------------------------------------
 There are 0 pins that are not constrained for maximum delay.

 There are 0 pins that are not constrained for maximum delay due to constant clock.


5. checking no_input_delay
--------------------------
 There are 18 input ports with no input delay specified. (HIGH)

 There are 0 input ports with no input delay but user has a false path constraint.


6. checking no_output_delay
---------------------------
 There are 35 ports with no output delay specified. (HIGH)

 There are 0 ports with no output delay but user has a false path constraint

 There are 0 ports with no output delay but with a timing clock defined on it or propagating through it


7. checking multiple_clock
--------------------------
 There are 0 register/latch pins with multiple clocks.


8. checking generated_clocks
----------------------------
 There are 0 generated clocks that are not connected to a clock source.


9. checking loops
-----------------
 There are 0 combinational loops in the design.


10. checking partial_input_delay
--------------------------------
 There are 0 input ports with partial input delay specified.


11. checking partial_output_delay
---------------------------------
 There are 0 ports with partial output delay specified.


12. checking latch_loops
------------------------
 There are 0 combinational latch loops in the design through latch input



------------------------------------------------------------------------------------------------
| Design Timing Summary
| ---------------------
------------------------------------------------------------------------------------------------

    WNS(ns)      TNS(ns)  TNS Failing Endpoints  TNS Total Endpoints      WHS(ns)      THS(ns)  THS Failing Endpoints  THS Total Endpoints     WPWS(ns)     TPWS(ns)  TPWS Failing Endpoints  TPWS Total Endpoints  
    -------      -------  ---------------------  -------------------      -------      -------  ---------------------  -------------------     --------     --------  ----------------------  --------------------  
      4.296        0.000                      0                   92        0.150        0.000                      0                   92        3.500        0.000                       0                    28  


All user specified timing constraints are met.


------------------------------------------------------------------------------------------------
| Clock Summary
| -------------
------------------------------------------------------------------------------------------------

Clock   Waveform(ns)         Period(ns)      Frequency(MHz)
-----   ------------         ----------      --------------
ap_clk  {0.000 4.000}        8.000           125.000         


------------------------------------------------------------------------------------------------
| Intra Clock Table
| -----------------
------------------------------------------------------------------------------------------------

Clock             WNS(ns)      TNS(ns)  TNS Failing Endpoints  TNS Total Endpoints      WHS(ns)      THS(ns)  THS Failing Endpoints  THS Total Endpoints     WPWS(ns)     TPWS(ns)  TPWS Failing Endpoints  TPWS Total Endpoints  
-----             -------      -------  ---------------------  -------------------      -------      -------  ---------------------  -------------------     --------     --------  ----------------------  --------------------  
ap_clk              4.296        0.000                      0                   92        0.150        0.000                      0                   92        3.500        0.000                       0                    28  


------------------------------------------------------------------------------------------------
| Inter Clock Table
| -----------------
------------------------------------------------------------------------------------------------

From Clock    To Clock          WNS(ns)      TNS(ns)  TNS Failing Endpoints  TNS Total Endpoints      WHS(ns)      THS(ns)  THS Failing Endpoints  THS Total Endpoints  
----------    --------          -------      -------  ---------------------  -------------------      -------      -------  ---------------------  -------------------  


------------------------------------------------------------------------------------------------
| Other Path Groups Table
| -----------------------
------------------------------------------------------------------------------------------------

Path Group    From Clock    To Clock          WNS(ns)      TNS(ns)  TNS Failing Endpoints  TNS Total Endpoints      WHS(ns)      THS(ns)  THS Failing Endpoints  THS Total Endpoints  
----------    ----------    --------          -------      -------  ---------------------  -------------------      -------      -------  ---------------------  -------------------  


------------------------------------------------------------------------------------------------
| Timing Details
| --------------
------------------------------------------------------------------------------------------------


---------------------------------------------------------------------------------------------------
From Clock:  ap_clk
  To Clock:  ap_clk

Setup :            0  Failing Endpoints,  Worst Slack        4.296ns,  Total Violation        0.000ns
Hold  :            0  Failing Endpoints,  Worst Slack        0.150ns,  Total Violation        0.000ns
PW    :            0  Failing Endpoints,  Worst Slack        3.500ns,  Total Violation        0.000ns
---------------------------------------------------------------------------------------------------


Max Delay Paths
--------------------------------------------------------------------------------------
Slack (MET) :             4.296ns  (required time - arrival time)
  Source:                 matrixmul_mac_mulbkb_U0/matrixmul_mac_mulbkb_DSP48_0_U/p/CLK
                            (rising edge-triggered cell DSP48E1 clocked by ap_clk  {rise@0.000ns fall@4.000ns period=8.000ns})
  Destination:            matrixmul_mac_mulbkb_U0/matrixmul_mac_mulbkb_DSP48_0_U/p/C[16]
                            (rising edge-triggered cell DSP48E1 clocked by ap_clk  {rise@0.000ns fall@4.000ns period=8.000ns})
  Path Group:             ap_clk
  Path Type:              Setup (Max at Slow Process Corner)
  Requirement:            8.000ns  (ap_clk rise@8.000ns - ap_clk rise@0.000ns)
  Data Path Delay:        1.943ns  (logic 0.434ns (22.336%)  route 1.509ns (77.664%))
  Logic Levels:           0  
  Clock Path Skew:        -0.025ns (DCD - SCD + CPR)
    Destination Clock Delay (DCD):    1.584ns = ( 9.584 - 8.000 ) 
    Source Clock Delay      (SCD):    1.758ns
    Clock Pessimism Removal (CPR):    0.149ns
  Clock Uncertainty:      0.035ns  ((TSJ^2 + TIJ^2)^1/2 + DJ) / 2 + PE
    Total System Jitter     (TSJ):    0.071ns
    Total Input Jitter      (TIJ):    0.000ns
    Discrete Jitter          (DJ):    0.000ns
    Phase Error              (PE):    0.000ns

    Location             Delay type                Incr(ns)  Path(ns)    Netlist Resource(s)
  -------------------------------------------------------------------    -------------------
                         (clock ap_clk rise edge)     0.000     0.000 r  
                                                      0.000     0.000 r  ap_clk (IN)
                         net (fo=27, unset)           1.758     1.758    matrixmul_mac_mulbkb_U0/matrixmul_mac_mulbkb_DSP48_0_U/ap_clk
    DSP48_X0Y20          DSP48E1                                      r  matrixmul_mac_mulbkb_U0/matrixmul_mac_mulbkb_DSP48_0_U/p/CLK
  -------------------------------------------------------------------    -------------------
    DSP48_X0Y20          DSP48E1 (Prop_dsp48e1_CLK_P[15])
                                                      0.434     2.192 r  matrixmul_mac_mulbkb_U0/matrixmul_mac_mulbkb_DSP48_0_U/p/P[15]
                         net (fo=33, routed)          1.509     3.701    matrixmul_mac_mulbkb_U0/matrixmul_mac_mulbkb_DSP48_0_U/P[15]
    DSP48_X0Y20          DSP48E1                                      r  matrixmul_mac_mulbkb_U0/matrixmul_mac_mulbkb_DSP48_0_U/p/C[16]
  -------------------------------------------------------------------    -------------------

                         (clock ap_clk rise edge)     8.000     8.000 r  
                                                      0.000     8.000 r  ap_clk (IN)
                         net (fo=27, unset)           1.584     9.584    matrixmul_mac_mulbkb_U0/matrixmul_mac_mulbkb_DSP48_0_U/ap_clk
    DSP48_X0Y20          DSP48E1                                      r  matrixmul_mac_mulbkb_U0/matrixmul_mac_mulbkb_DSP48_0_U/p/CLK
                         clock pessimism              0.149     9.733    
                         clock uncertainty           -0.035     9.697    
    DSP48_X0Y20          DSP48E1 (Setup_dsp48e1_CLK_C[16])
                                                     -1.701     7.996    matrixmul_mac_mulbkb_U0/matrixmul_mac_mulbkb_DSP48_0_U/p
  -------------------------------------------------------------------
                         required time                          7.996    
                         arrival time                          -3.701    
  -------------------------------------------------------------------
                         slack                                  4.296    

Slack (MET) :             4.296ns  (required time - arrival time)
  Source:                 matrixmul_mac_mulbkb_U0/matrixmul_mac_mulbkb_DSP48_0_U/p/CLK
                            (rising edge-triggered cell DSP48E1 clocked by ap_clk  {rise@0.000ns fall@4.000ns period=8.000ns})
  Destination:            matrixmul_mac_mulbkb_U0/matrixmul_mac_mulbkb_DSP48_0_U/p/C[18]
                            (rising edge-triggered cell DSP48E1 clocked by ap_clk  {rise@0.000ns fall@4.000ns period=8.000ns})
  Path Group:             ap_clk
  Path Type:              Setup (Max at Slow Process Corner)
  Requirement:            8.000ns  (ap_clk rise@8.000ns - ap_clk rise@0.000ns)
  Data Path Delay:        1.943ns  (logic 0.434ns (22.336%)  route 1.509ns (77.664%))
  Logic Levels:           0  
  Clock Path Skew:        -0.025ns (DCD - SCD + CPR)
    Destination Clock Delay (DCD):    1.584ns = ( 9.584 - 8.000 ) 
    Source Clock Delay      (SCD):    1.758ns
    Clock Pessimism Removal (CPR):    0.149ns
  Clock Uncertainty:      0.035ns  ((TSJ^2 + TIJ^2)^1/2 + DJ) / 2 + PE
    Total System Jitter     (TSJ):    0.071ns
    Total Input Jitter      (TIJ):    0.000ns
    Discrete Jitter          (DJ):    0.000ns
    Phase Error              (PE):    0.000ns

    Location             Delay type                Incr(ns)  Path(ns)    Netlist Resource(s)
  -------------------------------------------------------------------    -------------------
                         (clock ap_clk rise edge)     0.000     0.000 r  
                                                      0.000     0.000 r  ap_clk (IN)
                         net (fo=27, unset)           1.758     1.758    matrixmul_mac_mulbkb_U0/matrixmul_mac_mulbkb_DSP48_0_U/ap_clk
    DSP48_X0Y20          DSP48E1                                      r  matrixmul_mac_mulbkb_U0/matrixmul_mac_mulbkb_DSP48_0_U/p/CLK
  -------------------------------------------------------------------    -------------------
    DSP48_X0Y20          DSP48E1 (Prop_dsp48e1_CLK_P[15])
                                                      0.434     2.192 r  matrixmul_mac_mulbkb_U0/matrixmul_mac_mulbkb_DSP48_0_U/p/P[15]
                         net (fo=33, routed)          1.509     3.701    matrixmul_mac_mulbkb_U0/matrixmul_mac_mulbkb_DSP48_0_U/P[15]
    DSP48_X0Y20          DSP48E1                                      r  matrixmul_mac_mulbkb_U0/matrixmul_mac_mulbkb_DSP48_0_U/p/C[18]
  -------------------------------------------------------------------    -------------------

                         (clock ap_clk rise edge)     8.000     8.000 r  
                                                      0.000     8.000 r  ap_clk (IN)
                         net (fo=27, unset)           1.584     9.584    matrixmul_mac_mulbkb_U0/matrixmul_mac_mulbkb_DSP48_0_U/ap_clk
    DSP48_X0Y20          DSP48E1                                      r  matrixmul_mac_mulbkb_U0/matrixmul_mac_mulbkb_DSP48_0_U/p/CLK
                         clock pessimism              0.149     9.733    
                         clock uncertainty           -0.035     9.697    
    DSP48_X0Y20          DSP48E1 (Setup_dsp48e1_CLK_C[18])
                                                     -1.701     7.996    matrixmul_mac_mulbkb_U0/matrixmul_mac_mulbkb_DSP48_0_U/p
  -------------------------------------------------------------------
                         required time                          7.996    
                         arrival time                          -3.701    
  -------------------------------------------------------------------
                         slack                                  4.296    

Slack (MET) :             4.296ns  (required time - arrival time)
  Source:                 matrixmul_mac_mulbkb_U0/matrixmul_mac_mulbkb_DSP48_0_U/p/CLK
                            (rising edge-triggered cell DSP48E1 clocked by ap_clk  {rise@0.000ns fall@4.000ns period=8.000ns})
  Destination:            matrixmul_mac_mulbkb_U0/matrixmul_mac_mulbkb_DSP48_0_U/p/C[45]
                            (rising edge-triggered cell DSP48E1 clocked by ap_clk  {rise@0.000ns fall@4.000ns period=8.000ns})
  Path Group:             ap_clk
  Path Type:              Setup (Max at Slow Process Corner)
  Requirement:            8.000ns  (ap_clk rise@8.000ns - ap_clk rise@0.000ns)
  Data Path Delay:        1.943ns  (logic 0.434ns (22.336%)  route 1.509ns (77.664%))
  Logic Levels:           0  
  Clock Path Skew:        -0.025ns (DCD - SCD + CPR)
    Destination Clock Delay (DCD):    1.584ns = ( 9.584 - 8.000 ) 
    Source Clock Delay      (SCD):    1.758ns
    Clock Pessimism Removal (CPR):    0.149ns
  Clock Uncertainty:      0.035ns  ((TSJ^2 + TIJ^2)^1/2 + DJ) / 2 + PE
    Total System Jitter     (TSJ):    0.071ns
    Total Input Jitter      (TIJ):    0.000ns
    Discrete Jitter          (DJ):    0.000ns
    Phase Error              (PE):    0.000ns

    Location             Delay type                Incr(ns)  Path(ns)    Netlist Resource(s)
  -------------------------------------------------------------------    -------------------
                         (clock ap_clk rise edge)     0.000     0.000 r  
                                                      0.000     0.000 r  ap_clk (IN)
                         net (fo=27, unset)           1.758     1.758    matrixmul_mac_mulbkb_U0/matrixmul_mac_mulbkb_DSP48_0_U/ap_clk
    DSP48_X0Y20          DSP48E1                                      r  matrixmul_mac_mulbkb_U0/matrixmul_mac_mulbkb_DSP48_0_U/p/CLK
  -------------------------------------------------------------------    -------------------
    DSP48_X0Y20          DSP48E1 (Prop_dsp48e1_CLK_P[15])
                                                      0.434     2.192 r  matrixmul_mac_mulbkb_U0/matrixmul_mac_mulbkb_DSP48_0_U/p/P[15]
                         net (fo=33, routed)          1.509     3.701    matrixmul_mac_mulbkb_U0/matrixmul_mac_mulbkb_DSP48_0_U/P[15]
    DSP48_X0Y20          DSP48E1                                      r  matrixmul_mac_mulbkb_U0/matrixmul_mac_mulbkb_DSP48_0_U/p/C[45]
  -------------------------------------------------------------------    -------------------

                         (clock ap_clk rise edge)     8.000     8.000 r  
                                                      0.000     8.000 r  ap_clk (IN)
                         net (fo=27, unset)           1.584     9.584    matrixmul_mac_mulbkb_U0/matrixmul_mac_mulbkb_DSP48_0_U/ap_clk
    DSP48_X0Y20          DSP48E1                                      r  matrixmul_mac_mulbkb_U0/matrixmul_mac_mulbkb_DSP48_0_U/p/CLK
                         clock pessimism              0.149     9.733    
                         clock uncertainty           -0.035     9.697    
    DSP48_X0Y20          DSP48E1 (Setup_dsp48e1_CLK_C[45])
                                                     -1.701     7.996    matrixmul_mac_mulbkb_U0/matrixmul_mac_mulbkb_DSP48_0_U/p
  -------------------------------------------------------------------
                         required time                          7.996    
                         arrival time                          -3.701    
  -------------------------------------------------------------------
                         slack                                  4.296    

Slack (MET) :             4.508ns  (required time - arrival time)
  Source:                 matrixmul_mac_mulbkb_U0/matrixmul_mac_mulbkb_DSP48_0_U/p/CLK
                            (rising edge-triggered cell DSP48E1 clocked by ap_clk  {rise@0.000ns fall@4.000ns period=8.000ns})
  Destination:            matrixmul_mac_mulbkb_U0/matrixmul_mac_mulbkb_DSP48_0_U/p/C[36]
                            (rising edge-triggered cell DSP48E1 clocked by ap_clk  {rise@0.000ns fall@4.000ns period=8.000ns})
  Path Group:             ap_clk
  Path Type:              Setup (Max at Slow Process Corner)
  Requirement:            8.000ns  (ap_clk rise@8.000ns - ap_clk rise@0.000ns)
  Data Path Delay:        1.731ns  (logic 0.434ns (25.078%)  route 1.297ns (74.922%))
  Logic Levels:           0  
  Clock Path Skew:        -0.025ns (DCD - SCD + CPR)
    Destination Clock Delay (DCD):    1.584ns = ( 9.584 - 8.000 ) 
    Source Clock Delay      (SCD):    1.758ns
    Clock Pessimism Removal (CPR):    0.149ns
  Clock Uncertainty:      0.035ns  ((TSJ^2 + TIJ^2)^1/2 + DJ) / 2 + PE
    Total System Jitter     (TSJ):    0.071ns
    Total Input Jitter      (TIJ):    0.000ns
    Discrete Jitter          (DJ):    0.000ns
    Phase Error              (PE):    0.000ns

    Location             Delay type                Incr(ns)  Path(ns)    Netlist Resource(s)
  -------------------------------------------------------------------    -------------------
                         (clock ap_clk rise edge)     0.000     0.000 r  
                                                      0.000     0.000 r  ap_clk (IN)
                         net (fo=27, unset)           1.758     1.758    matrixmul_mac_mulbkb_U0/matrixmul_mac_mulbkb_DSP48_0_U/ap_clk
    DSP48_X0Y20          DSP48E1                                      r  matrixmul_mac_mulbkb_U0/matrixmul_mac_mulbkb_DSP48_0_U/p/CLK
  -------------------------------------------------------------------    -------------------
    DSP48_X0Y20          DSP48E1 (Prop_dsp48e1_CLK_P[15])
                                                      0.434     2.192 r  matrixmul_mac_mulbkb_U0/matrixmul_mac_mulbkb_DSP48_0_U/p/P[15]
                         net (fo=33, routed)          1.297     3.488    matrixmul_mac_mulbkb_U0/matrixmul_mac_mulbkb_DSP48_0_U/P[15]
    DSP48_X0Y20          DSP48E1                                      r  matrixmul_mac_mulbkb_U0/matrixmul_mac_mulbkb_DSP48_0_U/p/C[36]
  -------------------------------------------------------------------    -------------------

                         (clock ap_clk rise edge)     8.000     8.000 r  
                                                      0.000     8.000 r  ap_clk (IN)
                         net (fo=27, unset)           1.584     9.584    matrixmul_mac_mulbkb_U0/matrixmul_mac_mulbkb_DSP48_0_U/ap_clk
    DSP48_X0Y20          DSP48E1                                      r  matrixmul_mac_mulbkb_U0/matrixmul_mac_mulbkb_DSP48_0_U/p/CLK
                         clock pessimism              0.149     9.733    
                         clock uncertainty           -0.035     9.697    
    DSP48_X0Y20          DSP48E1 (Setup_dsp48e1_CLK_C[36])
                                                     -1.701     7.996    matrixmul_mac_mulbkb_U0/matrixmul_mac_mulbkb_DSP48_0_U/p
  -------------------------------------------------------------------
                         required time                          7.996    
                         arrival time                          -3.488    
  -------------------------------------------------------------------
                         slack                                  4.508    

Slack (MET) :             4.508ns  (required time - arrival time)
  Source:                 matrixmul_mac_mulbkb_U0/matrixmul_mac_mulbkb_DSP48_0_U/p/CLK
                            (rising edge-triggered cell DSP48E1 clocked by ap_clk  {rise@0.000ns fall@4.000ns period=8.000ns})
  Destination:            matrixmul_mac_mulbkb_U0/matrixmul_mac_mulbkb_DSP48_0_U/p/C[38]
                            (rising edge-triggered cell DSP48E1 clocked by ap_clk  {rise@0.000ns fall@4.000ns period=8.000ns})
  Path Group:             ap_clk
  Path Type:              Setup (Max at Slow Process Corner)
  Requirement:            8.000ns  (ap_clk rise@8.000ns - ap_clk rise@0.000ns)
  Data Path Delay:        1.731ns  (logic 0.434ns (25.078%)  route 1.297ns (74.922%))
  Logic Levels:           0  
  Clock Path Skew:        -0.025ns (DCD - SCD + CPR)
    Destination Clock Delay (DCD):    1.584ns = ( 9.584 - 8.000 ) 
    Source Clock Delay      (SCD):    1.758ns
    Clock Pessimism Removal (CPR):    0.149ns
  Clock Uncertainty:      0.035ns  ((TSJ^2 + TIJ^2)^1/2 + DJ) / 2 + PE
    Total System Jitter     (TSJ):    0.071ns
    Total Input Jitter      (TIJ):    0.000ns
    Discrete Jitter          (DJ):    0.000ns
    Phase Error              (PE):    0.000ns

    Location             Delay type                Incr(ns)  Path(ns)    Netlist Resource(s)
  -------------------------------------------------------------------    -------------------
                         (clock ap_clk rise edge)     0.000     0.000 r  
                                                      0.000     0.000 r  ap_clk (IN)
                         net (fo=27, unset)           1.758     1.758    matrixmul_mac_mulbkb_U0/matrixmul_mac_mulbkb_DSP48_0_U/ap_clk
    DSP48_X0Y20          DSP48E1                                      r  matrixmul_mac_mulbkb_U0/matrixmul_mac_mulbkb_DSP48_0_U/p/CLK
  -------------------------------------------------------------------    -------------------
    DSP48_X0Y20          DSP48E1 (Prop_dsp48e1_CLK_P[15])
                                                      0.434     2.192 r  matrixmul_mac_mulbkb_U0/matrixmul_mac_mulbkb_DSP48_0_U/p/P[15]
                         net (fo=33, routed)          1.297     3.488    matrixmul_mac_mulbkb_U0/matrixmul_mac_mulbkb_DSP48_0_U/P[15]
    DSP48_X0Y20          DSP48E1                                      r  matrixmul_mac_mulbkb_U0/matrixmul_mac_mulbkb_DSP48_0_U/p/C[38]
  -------------------------------------------------------------------    -------------------

                         (clock ap_clk rise edge)     8.000     8.000 r  
                                                      0.000     8.000 r  ap_clk (IN)
                         net (fo=27, unset)           1.584     9.584    matrixmul_mac_mulbkb_U0/matrixmul_mac_mulbkb_DSP48_0_U/ap_clk
    DSP48_X0Y20          DSP48E1                                      r  matrixmul_mac_mulbkb_U0/matrixmul_mac_mulbkb_DSP48_0_U/p/CLK
                         clock pessimism              0.149     9.733    
                         clock uncertainty           -0.035     9.697    
    DSP48_X0Y20          DSP48E1 (Setup_dsp48e1_CLK_C[38])
                                                     -1.701     7.996    matrixmul_mac_mulbkb_U0/matrixmul_mac_mulbkb_DSP48_0_U/p
  -------------------------------------------------------------------
                         required time                          7.996    
                         arrival time                          -3.488    
  -------------------------------------------------------------------
                         slack                                  4.508    

Slack (MET) :             4.720ns  (required time - arrival time)
  Source:                 matrixmul_mac_mulbkb_U0/matrixmul_mac_mulbkb_DSP48_0_U/p/CLK
                            (rising edge-triggered cell DSP48E1 clocked by ap_clk  {rise@0.000ns fall@4.000ns period=8.000ns})
  Destination:            matrixmul_mac_mulbkb_U0/matrixmul_mac_mulbkb_DSP48_0_U/p/C[17]
                            (rising edge-triggered cell DSP48E1 clocked by ap_clk  {rise@0.000ns fall@4.000ns period=8.000ns})
  Path Group:             ap_clk
  Path Type:              Setup (Max at Slow Process Corner)
  Requirement:            8.000ns  (ap_clk rise@8.000ns - ap_clk rise@0.000ns)
  Data Path Delay:        1.518ns  (logic 0.434ns (28.583%)  route 1.084ns (71.417%))
  Logic Levels:           0  
  Clock Path Skew:        -0.025ns (DCD - SCD + CPR)
    Destination Clock Delay (DCD):    1.584ns = ( 9.584 - 8.000 ) 
    Source Clock Delay      (SCD):    1.758ns
    Clock Pessimism Removal (CPR):    0.149ns
  Clock Uncertainty:      0.035ns  ((TSJ^2 + TIJ^2)^1/2 + DJ) / 2 + PE
    Total System Jitter     (TSJ):    0.071ns
    Total Input Jitter      (TIJ):    0.000ns
    Discrete Jitter          (DJ):    0.000ns
    Phase Error              (PE):    0.000ns

    Location             Delay type                Incr(ns)  Path(ns)    Netlist Resource(s)
  -------------------------------------------------------------------    -------------------
                         (clock ap_clk rise edge)     0.000     0.000 r  
                                                      0.000     0.000 r  ap_clk (IN)
                         net (fo=27, unset)           1.758     1.758    matrixmul_mac_mulbkb_U0/matrixmul_mac_mulbkb_DSP48_0_U/ap_clk
    DSP48_X0Y20          DSP48E1                                      r  matrixmul_mac_mulbkb_U0/matrixmul_mac_mulbkb_DSP48_0_U/p/CLK
  -------------------------------------------------------------------    -------------------
    DSP48_X0Y20          DSP48E1 (Prop_dsp48e1_CLK_P[15])
                                                      0.434     2.192 r  matrixmul_mac_mulbkb_U0/matrixmul_mac_mulbkb_DSP48_0_U/p/P[15]
                         net (fo=33, routed)          1.084     3.276    matrixmul_mac_mulbkb_U0/matrixmul_mac_mulbkb_DSP48_0_U/P[15]
    DSP48_X0Y20          DSP48E1                                      r  matrixmul_mac_mulbkb_U0/matrixmul_mac_mulbkb_DSP48_0_U/p/C[17]
  -------------------------------------------------------------------    -------------------

                         (clock ap_clk rise edge)     8.000     8.000 r  
                                                      0.000     8.000 r  ap_clk (IN)
                         net (fo=27, unset)           1.584     9.584    matrixmul_mac_mulbkb_U0/matrixmul_mac_mulbkb_DSP48_0_U/ap_clk
    DSP48_X0Y20          DSP48E1                                      r  matrixmul_mac_mulbkb_U0/matrixmul_mac_mulbkb_DSP48_0_U/p/CLK
                         clock pessimism              0.149     9.733    
                         clock uncertainty           -0.035     9.697    
    DSP48_X0Y20          DSP48E1 (Setup_dsp48e1_CLK_C[17])
                                                     -1.701     7.996    matrixmul_mac_mulbkb_U0/matrixmul_mac_mulbkb_DSP48_0_U/p
  -------------------------------------------------------------------
                         required time                          7.996    
                         arrival time                          -3.276    
  -------------------------------------------------------------------
                         slack                                  4.720    

Slack (MET) :             4.720ns  (required time - arrival time)
  Source:                 matrixmul_mac_mulbkb_U0/matrixmul_mac_mulbkb_DSP48_0_U/p/CLK
                            (rising edge-triggered cell DSP48E1 clocked by ap_clk  {rise@0.000ns fall@4.000ns period=8.000ns})
  Destination:            matrixmul_mac_mulbkb_U0/matrixmul_mac_mulbkb_DSP48_0_U/p/C[46]
                            (rising edge-triggered cell DSP48E1 clocked by ap_clk  {rise@0.000ns fall@4.000ns period=8.000ns})
  Path Group:             ap_clk
  Path Type:              Setup (Max at Slow Process Corner)
  Requirement:            8.000ns  (ap_clk rise@8.000ns - ap_clk rise@0.000ns)
  Data Path Delay:        1.518ns  (logic 0.434ns (28.583%)  route 1.084ns (71.417%))
  Logic Levels:           0  
  Clock Path Skew:        -0.025ns (DCD - SCD + CPR)
    Destination Clock Delay (DCD):    1.584ns = ( 9.584 - 8.000 ) 
    Source Clock Delay      (SCD):    1.758ns
    Clock Pessimism Removal (CPR):    0.149ns
  Clock Uncertainty:      0.035ns  ((TSJ^2 + TIJ^2)^1/2 + DJ) / 2 + PE
    Total System Jitter     (TSJ):    0.071ns
    Total Input Jitter      (TIJ):    0.000ns
    Discrete Jitter          (DJ):    0.000ns
    Phase Error              (PE):    0.000ns

    Location             Delay type                Incr(ns)  Path(ns)    Netlist Resource(s)
  -------------------------------------------------------------------    -------------------
                         (clock ap_clk rise edge)     0.000     0.000 r  
                                                      0.000     0.000 r  ap_clk (IN)
                         net (fo=27, unset)           1.758     1.758    matrixmul_mac_mulbkb_U0/matrixmul_mac_mulbkb_DSP48_0_U/ap_clk
    DSP48_X0Y20          DSP48E1                                      r  matrixmul_mac_mulbkb_U0/matrixmul_mac_mulbkb_DSP48_0_U/p/CLK
  -------------------------------------------------------------------    -------------------
    DSP48_X0Y20          DSP48E1 (Prop_dsp48e1_CLK_P[15])
                                                      0.434     2.192 r  matrixmul_mac_mulbkb_U0/matrixmul_mac_mulbkb_DSP48_0_U/p/P[15]
                         net (fo=33, routed)          1.084     3.276    matrixmul_mac_mulbkb_U0/matrixmul_mac_mulbkb_DSP48_0_U/P[15]
    DSP48_X0Y20          DSP48E1                                      r  matrixmul_mac_mulbkb_U0/matrixmul_mac_mulbkb_DSP48_0_U/p/C[46]
  -------------------------------------------------------------------    -------------------

                         (clock ap_clk rise edge)     8.000     8.000 r  
                                                      0.000     8.000 r  ap_clk (IN)
                         net (fo=27, unset)           1.584     9.584    matrixmul_mac_mulbkb_U0/matrixmul_mac_mulbkb_DSP48_0_U/ap_clk
    DSP48_X0Y20          DSP48E1                                      r  matrixmul_mac_mulbkb_U0/matrixmul_mac_mulbkb_DSP48_0_U/p/CLK
                         clock pessimism              0.149     9.733    
                         clock uncertainty           -0.035     9.697    
    DSP48_X0Y20          DSP48E1 (Setup_dsp48e1_CLK_C[46])
                                                     -1.701     7.996    matrixmul_mac_mulbkb_U0/matrixmul_mac_mulbkb_DSP48_0_U/p
  -------------------------------------------------------------------
                         required time                          7.996    
                         arrival time                          -3.276    
  -------------------------------------------------------------------
                         slack                                  4.720    

Slack (MET) :             4.763ns  (required time - arrival time)
  Source:                 matrixmul_mac_mulbkb_U0/matrixmul_mac_mulbkb_DSP48_0_U/p/CLK
                            (rising edge-triggered cell DSP48E1 clocked by ap_clk  {rise@0.000ns fall@4.000ns period=8.000ns})
  Destination:            matrixmul_mac_mulbkb_U0/matrixmul_mac_mulbkb_DSP48_0_U/p/C[29]
                            (rising edge-triggered cell DSP48E1 clocked by ap_clk  {rise@0.000ns fall@4.000ns period=8.000ns})
  Path Group:             ap_clk
  Path Type:              Setup (Max at Slow Process Corner)
  Requirement:            8.000ns  (ap_clk rise@8.000ns - ap_clk rise@0.000ns)
  Data Path Delay:        1.476ns  (logic 0.434ns (29.410%)  route 1.042ns (70.590%))
  Logic Levels:           0  
  Clock Path Skew:        -0.025ns (DCD - SCD + CPR)
    Destination Clock Delay (DCD):    1.584ns = ( 9.584 - 8.000 ) 
    Source Clock Delay      (SCD):    1.758ns
    Clock Pessimism Removal (CPR):    0.149ns
  Clock Uncertainty:      0.035ns  ((TSJ^2 + TIJ^2)^1/2 + DJ) / 2 + PE
    Total System Jitter     (TSJ):    0.071ns
    Total Input Jitter      (TIJ):    0.000ns
    Discrete Jitter          (DJ):    0.000ns
    Phase Error              (PE):    0.000ns

    Location             Delay type                Incr(ns)  Path(ns)    Netlist Resource(s)
  -------------------------------------------------------------------    -------------------
                         (clock ap_clk rise edge)     0.000     0.000 r  
                                                      0.000     0.000 r  ap_clk (IN)
                         net (fo=27, unset)           1.758     1.758    matrixmul_mac_mulbkb_U0/matrixmul_mac_mulbkb_DSP48_0_U/ap_clk
    DSP48_X0Y20          DSP48E1                                      r  matrixmul_mac_mulbkb_U0/matrixmul_mac_mulbkb_DSP48_0_U/p/CLK
  -------------------------------------------------------------------    -------------------
    DSP48_X0Y20          DSP48E1 (Prop_dsp48e1_CLK_P[15])
                                                      0.434     2.192 r  matrixmul_mac_mulbkb_U0/matrixmul_mac_mulbkb_DSP48_0_U/p/P[15]
                         net (fo=33, routed)          1.042     3.233    matrixmul_mac_mulbkb_U0/matrixmul_mac_mulbkb_DSP48_0_U/P[15]
    DSP48_X0Y20          DSP48E1                                      r  matrixmul_mac_mulbkb_U0/matrixmul_mac_mulbkb_DSP48_0_U/p/C[29]
  -------------------------------------------------------------------    -------------------

                         (clock ap_clk rise edge)     8.000     8.000 r  
                                                      0.000     8.000 r  ap_clk (IN)
                         net (fo=27, unset)           1.584     9.584    matrixmul_mac_mulbkb_U0/matrixmul_mac_mulbkb_DSP48_0_U/ap_clk
    DSP48_X0Y20          DSP48E1                                      r  matrixmul_mac_mulbkb_U0/matrixmul_mac_mulbkb_DSP48_0_U/p/CLK
                         clock pessimism              0.149     9.733    
                         clock uncertainty           -0.035     9.697    
    DSP48_X0Y20          DSP48E1 (Setup_dsp48e1_CLK_C[29])
                                                     -1.701     7.996    matrixmul_mac_mulbkb_U0/matrixmul_mac_mulbkb_DSP48_0_U/p
  -------------------------------------------------------------------
                         required time                          7.996    
                         arrival time                          -3.233    
  -------------------------------------------------------------------
                         slack                                  4.763    

Slack (MET) :             4.845ns  (required time - arrival time)
  Source:                 matrixmul_mac_mulbkb_U0/matrixmul_mac_mulbkb_DSP48_0_U/p/CLK
                            (rising edge-triggered cell DSP48E1 clocked by ap_clk  {rise@0.000ns fall@4.000ns period=8.000ns})
  Destination:            matrixmul_mac_mulbkb_U0/matrixmul_mac_mulbkb_DSP48_0_U/p/C[23]
                            (rising edge-triggered cell DSP48E1 clocked by ap_clk  {rise@0.000ns fall@4.000ns period=8.000ns})
  Path Group:             ap_clk
  Path Type:              Setup (Max at Slow Process Corner)
  Requirement:            8.000ns  (ap_clk rise@8.000ns - ap_clk rise@0.000ns)
  Data Path Delay:        1.393ns  (logic 0.434ns (31.145%)  route 0.959ns (68.855%))
  Logic Levels:           0  
  Clock Path Skew:        -0.025ns (DCD - SCD + CPR)
    Destination Clock Delay (DCD):    1.584ns = ( 9.584 - 8.000 ) 
    Source Clock Delay      (SCD):    1.758ns
    Clock Pessimism Removal (CPR):    0.149ns
  Clock Uncertainty:      0.035ns  ((TSJ^2 + TIJ^2)^1/2 + DJ) / 2 + PE
    Total System Jitter     (TSJ):    0.071ns
    Total Input Jitter      (TIJ):    0.000ns
    Discrete Jitter          (DJ):    0.000ns
    Phase Error              (PE):    0.000ns

    Location             Delay type                Incr(ns)  Path(ns)    Netlist Resource(s)
  -------------------------------------------------------------------    -------------------
                         (clock ap_clk rise edge)     0.000     0.000 r  
                                                      0.000     0.000 r  ap_clk (IN)
                         net (fo=27, unset)           1.758     1.758    matrixmul_mac_mulbkb_U0/matrixmul_mac_mulbkb_DSP48_0_U/ap_clk
    DSP48_X0Y20          DSP48E1                                      r  matrixmul_mac_mulbkb_U0/matrixmul_mac_mulbkb_DSP48_0_U/p/CLK
  -------------------------------------------------------------------    -------------------
    DSP48_X0Y20          DSP48E1 (Prop_dsp48e1_CLK_P[15])
                                                      0.434     2.192 r  matrixmul_mac_mulbkb_U0/matrixmul_mac_mulbkb_DSP48_0_U/p/P[15]
                         net (fo=33, routed)          0.959     3.151    matrixmul_mac_mulbkb_U0/matrixmul_mac_mulbkb_DSP48_0_U/P[15]
    DSP48_X0Y20          DSP48E1                                      r  matrixmul_mac_mulbkb_U0/matrixmul_mac_mulbkb_DSP48_0_U/p/C[23]
  -------------------------------------------------------------------    -------------------

                         (clock ap_clk rise edge)     8.000     8.000 r  
                                                      0.000     8.000 r  ap_clk (IN)
                         net (fo=27, unset)           1.584     9.584    matrixmul_mac_mulbkb_U0/matrixmul_mac_mulbkb_DSP48_0_U/ap_clk
    DSP48_X0Y20          DSP48E1                                      r  matrixmul_mac_mulbkb_U0/matrixmul_mac_mulbkb_DSP48_0_U/p/CLK
                         clock pessimism              0.149     9.733    
                         clock uncertainty           -0.035     9.697    
    DSP48_X0Y20          DSP48E1 (Setup_dsp48e1_CLK_C[23])
                                                     -1.701     7.996    matrixmul_mac_mulbkb_U0/matrixmul_mac_mulbkb_DSP48_0_U/p
  -------------------------------------------------------------------
                         required time                          7.996    
                         arrival time                          -3.151    
  -------------------------------------------------------------------
                         slack                                  4.845    

Slack (MET) :             4.845ns  (required time - arrival time)
  Source:                 matrixmul_mac_mulbkb_U0/matrixmul_mac_mulbkb_DSP48_0_U/p/CLK
                            (rising edge-triggered cell DSP48E1 clocked by ap_clk  {rise@0.000ns fall@4.000ns period=8.000ns})
  Destination:            matrixmul_mac_mulbkb_U0/matrixmul_mac_mulbkb_DSP48_0_U/p/C[41]
                            (rising edge-triggered cell DSP48E1 clocked by ap_clk  {rise@0.000ns fall@4.000ns period=8.000ns})
  Path Group:             ap_clk
  Path Type:              Setup (Max at Slow Process Corner)
  Requirement:            8.000ns  (ap_clk rise@8.000ns - ap_clk rise@0.000ns)
  Data Path Delay:        1.393ns  (logic 0.434ns (31.145%)  route 0.959ns (68.855%))
  Logic Levels:           0  
  Clock Path Skew:        -0.025ns (DCD - SCD + CPR)
    Destination Clock Delay (DCD):    1.584ns = ( 9.584 - 8.000 ) 
    Source Clock Delay      (SCD):    1.758ns
    Clock Pessimism Removal (CPR):    0.149ns
  Clock Uncertainty:      0.035ns  ((TSJ^2 + TIJ^2)^1/2 + DJ) / 2 + PE
    Total System Jitter     (TSJ):    0.071ns
    Total Input Jitter      (TIJ):    0.000ns
    Discrete Jitter          (DJ):    0.000ns
    Phase Error              (PE):    0.000ns

    Location             Delay type                Incr(ns)  Path(ns)    Netlist Resource(s)
  -------------------------------------------------------------------    -------------------
                         (clock ap_clk rise edge)     0.000     0.000 r  
                                                      0.000     0.000 r  ap_clk (IN)
                         net (fo=27, unset)           1.758     1.758    matrixmul_mac_mulbkb_U0/matrixmul_mac_mulbkb_DSP48_0_U/ap_clk
    DSP48_X0Y20          DSP48E1                                      r  matrixmul_mac_mulbkb_U0/matrixmul_mac_mulbkb_DSP48_0_U/p/CLK
  -------------------------------------------------------------------    -------------------
    DSP48_X0Y20          DSP48E1 (Prop_dsp48e1_CLK_P[15])
                                                      0.434     2.192 r  matrixmul_mac_mulbkb_U0/matrixmul_mac_mulbkb_DSP48_0_U/p/P[15]
                         net (fo=33, routed)          0.959     3.151    matrixmul_mac_mulbkb_U0/matrixmul_mac_mulbkb_DSP48_0_U/P[15]
    DSP48_X0Y20          DSP48E1                                      r  matrixmul_mac_mulbkb_U0/matrixmul_mac_mulbkb_DSP48_0_U/p/C[41]
  -------------------------------------------------------------------    -------------------

                         (clock ap_clk rise edge)     8.000     8.000 r  
                                                      0.000     8.000 r  ap_clk (IN)
                         net (fo=27, unset)           1.584     9.584    matrixmul_mac_mulbkb_U0/matrixmul_mac_mulbkb_DSP48_0_U/ap_clk
    DSP48_X0Y20          DSP48E1                                      r  matrixmul_mac_mulbkb_U0/matrixmul_mac_mulbkb_DSP48_0_U/p/CLK
                         clock pessimism              0.149     9.733    
                         clock uncertainty           -0.035     9.697    
    DSP48_X0Y20          DSP48E1 (Setup_dsp48e1_CLK_C[41])
                                                     -1.701     7.996    matrixmul_mac_mulbkb_U0/matrixmul_mac_mulbkb_DSP48_0_U/p
  -------------------------------------------------------------------
                         required time                          7.996    
                         arrival time                          -3.151    
  -------------------------------------------------------------------
                         slack                                  4.845    





Min Delay Paths
--------------------------------------------------------------------------------------
Slack (MET) :             0.150ns  (arrival time - required time)
  Source:                 k_reg_110_reg[0]/C
                            (rising edge-triggered cell FDRE clocked by ap_clk  {rise@0.000ns fall@4.000ns period=8.000ns})
  Destination:            ap_CS_fsm_reg[4]/D
                            (rising edge-triggered cell FDRE clocked by ap_clk  {rise@0.000ns fall@4.000ns period=8.000ns})
  Path Group:             ap_clk
  Path Type:              Hold (Min at Fast Process Corner)
  Requirement:            0.000ns  (ap_clk rise@0.000ns - ap_clk rise@0.000ns)
  Data Path Delay:        0.287ns  (logic 0.186ns (64.874%)  route 0.101ns (35.126%))
  Logic Levels:           1  (LUT3=1)
  Clock Path Skew:        0.016ns (DCD - SCD - CPR)
    Destination Clock Delay (DCD):    0.850ns
    Source Clock Delay      (SCD):    0.581ns
    Clock Pessimism Removal (CPR):    0.253ns

    Location             Delay type                Incr(ns)  Path(ns)    Netlist Resource(s)
  -------------------------------------------------------------------    -------------------
                         (clock ap_clk rise edge)     0.000     0.000 r  
                                                      0.000     0.000 r  ap_clk (IN)
                         net (fo=27, unset)           0.581     0.581    ap_clk
    SLICE_X5Y50          FDRE                                         r  k_reg_110_reg[0]/C
  -------------------------------------------------------------------    -------------------
    SLICE_X5Y50          FDRE (Prop_fdre_C_Q)         0.141     0.722 f  k_reg_110_reg[0]/Q
                         net (fo=14, routed)          0.101     0.823    tmp_s_fu_195_p3[2]
    SLICE_X4Y50          LUT3 (Prop_lut3_I2_O)        0.045     0.868 r  ap_CS_fsm[4]_i_1/O
                         net (fo=1, routed)           0.000     0.868    ap_CS_fsm[4]_i_1_n_2
    SLICE_X4Y50          FDRE                                         r  ap_CS_fsm_reg[4]/D
  -------------------------------------------------------------------    -------------------

                         (clock ap_clk rise edge)     0.000     0.000 r  
                                                      0.000     0.000 r  ap_clk (IN)
                         net (fo=27, unset)           0.850     0.850    ap_clk
    SLICE_X4Y50          FDRE                                         r  ap_CS_fsm_reg[4]/C
                         clock pessimism             -0.253     0.597    
    SLICE_X4Y50          FDRE (Hold_fdre_C_D)         0.121     0.718    ap_CS_fsm_reg[4]
  -------------------------------------------------------------------
                         required time                         -0.718    
                         arrival time                           0.868    
  -------------------------------------------------------------------
                         slack                                  0.150    

Slack (MET) :             0.183ns  (arrival time - required time)
  Source:                 i_reg_75_reg[1]/C
                            (rising edge-triggered cell FDRE clocked by ap_clk  {rise@0.000ns fall@4.000ns period=8.000ns})
  Destination:            ap_CS_fsm_reg[0]/D
                            (rising edge-triggered cell FDSE clocked by ap_clk  {rise@0.000ns fall@4.000ns period=8.000ns})
  Path Group:             ap_clk
  Path Type:              Hold (Min at Fast Process Corner)
  Requirement:            0.000ns  (ap_clk rise@0.000ns - ap_clk rise@0.000ns)
  Data Path Delay:        0.319ns  (logic 0.186ns (58.227%)  route 0.133ns (41.773%))
  Logic Levels:           1  (LUT5=1)
  Clock Path Skew:        0.016ns (DCD - SCD - CPR)
    Destination Clock Delay (DCD):    0.850ns
    Source Clock Delay      (SCD):    0.581ns
    Clock Pessimism Removal (CPR):    0.253ns

    Location             Delay type                Incr(ns)  Path(ns)    Netlist Resource(s)
  -------------------------------------------------------------------    -------------------
                         (clock ap_clk rise edge)     0.000     0.000 r  
                                                      0.000     0.000 r  ap_clk (IN)
                         net (fo=27, unset)           0.581     0.581    ap_clk
    SLICE_X5Y51          FDRE                                         r  i_reg_75_reg[1]/C
  -------------------------------------------------------------------    -------------------
    SLICE_X5Y51          FDRE (Prop_fdre_C_Q)         0.141     0.722 r  i_reg_75_reg[1]/Q
                         net (fo=9, routed)           0.133     0.855    tmp_6_fu_125_p3[3]
    SLICE_X4Y51          LUT5 (Prop_lut5_I3_O)        0.045     0.900 r  ap_CS_fsm[0]_i_1/O
                         net (fo=1, routed)           0.000     0.900    ap_NS_fsm[0]
    SLICE_X4Y51          FDSE                                         r  ap_CS_fsm_reg[0]/D
  -------------------------------------------------------------------    -------------------

                         (clock ap_clk rise edge)     0.000     0.000 r  
                                                      0.000     0.000 r  ap_clk (IN)
                         net (fo=27, unset)           0.850     0.850    ap_clk
    SLICE_X4Y51          FDSE                                         r  ap_CS_fsm_reg[0]/C
                         clock pessimism             -0.253     0.597    
    SLICE_X4Y51          FDSE (Hold_fdse_C_D)         0.120     0.717    ap_CS_fsm_reg[0]
  -------------------------------------------------------------------
                         required time                         -0.717    
                         arrival time                           0.900    
  -------------------------------------------------------------------
                         slack                                  0.183    

Slack (MET) :             0.199ns  (arrival time - required time)
  Source:                 k_1_reg_294_reg[1]/C
                            (rising edge-triggered cell FDRE clocked by ap_clk  {rise@0.000ns fall@4.000ns period=8.000ns})
  Destination:            k_reg_110_reg[1]/D
                            (rising edge-triggered cell FDRE clocked by ap_clk  {rise@0.000ns fall@4.000ns period=8.000ns})
  Path Group:             ap_clk
  Path Type:              Hold (Min at Fast Process Corner)
  Requirement:            0.000ns  (ap_clk rise@0.000ns - ap_clk rise@0.000ns)
  Data Path Delay:        0.307ns  (logic 0.186ns (60.656%)  route 0.121ns (39.344%))
  Logic Levels:           1  (LUT6=1)
  Clock Path Skew:        0.016ns (DCD - SCD - CPR)
    Destination Clock Delay (DCD):    0.850ns
    Source Clock Delay      (SCD):    0.581ns
    Clock Pessimism Removal (CPR):    0.253ns

    Location             Delay type                Incr(ns)  Path(ns)    Netlist Resource(s)
  -------------------------------------------------------------------    -------------------
                         (clock ap_clk rise edge)     0.000     0.000 r  
                                                      0.000     0.000 r  ap_clk (IN)
                         net (fo=27, unset)           0.581     0.581    ap_clk
    SLICE_X5Y50          FDRE                                         r  k_1_reg_294_reg[1]/C
  -------------------------------------------------------------------    -------------------
    SLICE_X5Y50          FDRE (Prop_fdre_C_Q)         0.141     0.722 r  k_1_reg_294_reg[1]/Q
                         net (fo=2, routed)           0.121     0.843    k_1_reg_294[1]
    SLICE_X5Y50          LUT6 (Prop_lut6_I1_O)        0.045     0.888 r  k_reg_110[1]_i_1/O
                         net (fo=1, routed)           0.000     0.888    k_reg_110[1]_i_1_n_2
    SLICE_X5Y50          FDRE                                         r  k_reg_110_reg[1]/D
  -------------------------------------------------------------------    -------------------

                         (clock ap_clk rise edge)     0.000     0.000 r  
                                                      0.000     0.000 r  ap_clk (IN)
                         net (fo=27, unset)           0.850     0.850    ap_clk
    SLICE_X5Y50          FDRE                                         r  k_reg_110_reg[1]/C
                         clock pessimism             -0.253     0.597    
    SLICE_X5Y50          FDRE (Hold_fdre_C_D)         0.092     0.689    k_reg_110_reg[1]
  -------------------------------------------------------------------
                         required time                         -0.689    
                         arrival time                           0.888    
  -------------------------------------------------------------------
                         slack                                  0.199    

Slack (MET) :             0.216ns  (arrival time - required time)
  Source:                 ap_CS_fsm_reg[4]/C
                            (rising edge-triggered cell FDRE clocked by ap_clk  {rise@0.000ns fall@4.000ns period=8.000ns})
  Destination:            ap_CS_fsm_reg[5]/D
                            (rising edge-triggered cell FDRE clocked by ap_clk  {rise@0.000ns fall@4.000ns period=8.000ns})
  Path Group:             ap_clk
  Path Type:              Hold (Min at Fast Process Corner)
  Requirement:            0.000ns  (ap_clk rise@0.000ns - ap_clk rise@0.000ns)
  Data Path Delay:        0.292ns  (logic 0.164ns (56.094%)  route 0.128ns (43.906%))
  Logic Levels:           0  
  Clock Path Skew:        0.016ns (DCD - SCD - CPR)
    Destination Clock Delay (DCD):    0.850ns
    Source Clock Delay      (SCD):    0.581ns
    Clock Pessimism Removal (CPR):    0.253ns

    Location             Delay type                Incr(ns)  Path(ns)    Netlist Resource(s)
  -------------------------------------------------------------------    -------------------
                         (clock ap_clk rise edge)     0.000     0.000 r  
                                                      0.000     0.000 r  ap_clk (IN)
                         net (fo=27, unset)           0.581     0.581    ap_clk
    SLICE_X4Y50          FDRE                                         r  ap_CS_fsm_reg[4]/C
  -------------------------------------------------------------------    -------------------
    SLICE_X4Y50          FDRE (Prop_fdre_C_Q)         0.164     0.745 r  ap_CS_fsm_reg[4]/Q
                         net (fo=3, routed)           0.128     0.873    ap_CS_fsm_state5
    SLICE_X4Y50          FDRE                                         r  ap_CS_fsm_reg[5]/D
  -------------------------------------------------------------------    -------------------

                         (clock ap_clk rise edge)     0.000     0.000 r  
                                                      0.000     0.000 r  ap_clk (IN)
                         net (fo=27, unset)           0.850     0.850    ap_clk
    SLICE_X4Y50          FDRE                                         r  ap_CS_fsm_reg[5]/C
                         clock pessimism             -0.253     0.597    
    SLICE_X4Y50          FDRE (Hold_fdre_C_D)         0.060     0.657    ap_CS_fsm_reg[5]
  -------------------------------------------------------------------
                         required time                         -0.657    
                         arrival time                           0.873    
  -------------------------------------------------------------------
                         slack                                  0.216    

Slack (MET) :             0.220ns  (arrival time - required time)
  Source:                 j_1_reg_276_reg[0]/C
                            (rising edge-triggered cell FDRE clocked by ap_clk  {rise@0.000ns fall@4.000ns period=8.000ns})
  Destination:            j_reg_86_reg[0]/D
                            (rising edge-triggered cell FDRE clocked by ap_clk  {rise@0.000ns fall@4.000ns period=8.000ns})
  Path Group:             ap_clk
  Path Type:              Hold (Min at Fast Process Corner)
  Requirement:            0.000ns  (ap_clk rise@0.000ns - ap_clk rise@0.000ns)
  Data Path Delay:        0.328ns  (logic 0.186ns (56.642%)  route 0.142ns (43.358%))
  Logic Levels:           1  (LUT6=1)
  Clock Path Skew:        0.016ns (DCD - SCD - CPR)
    Destination Clock Delay (DCD):    0.850ns
    Source Clock Delay      (SCD):    0.581ns
    Clock Pessimism Removal (CPR):    0.253ns

    Location             Delay type                Incr(ns)  Path(ns)    Netlist Resource(s)
  -------------------------------------------------------------------    -------------------
                         (clock ap_clk rise edge)     0.000     0.000 r  
                                                      0.000     0.000 r  ap_clk (IN)
                         net (fo=27, unset)           0.581     0.581    ap_clk
    SLICE_X5Y52          FDRE                                         r  j_1_reg_276_reg[0]/C
  -------------------------------------------------------------------    -------------------
    SLICE_X5Y52          FDRE (Prop_fdre_C_Q)         0.141     0.722 r  j_1_reg_276_reg[0]/Q
                         net (fo=1, routed)           0.142     0.864    j_1_reg_276[0]
    SLICE_X5Y51          LUT6 (Prop_lut6_I1_O)        0.045     0.909 r  j_reg_86[0]_i_1/O
                         net (fo=1, routed)           0.000     0.909    j_reg_86[0]_i_1_n_2
    SLICE_X5Y51          FDRE                                         r  j_reg_86_reg[0]/D
  -------------------------------------------------------------------    -------------------

                         (clock ap_clk rise edge)     0.000     0.000 r  
                                                      0.000     0.000 r  ap_clk (IN)
                         net (fo=27, unset)           0.850     0.850    ap_clk
    SLICE_X5Y51          FDRE                                         r  j_reg_86_reg[0]/C
                         clock pessimism             -0.253     0.597    
    SLICE_X5Y51          FDRE (Hold_fdre_C_D)         0.092     0.689    j_reg_86_reg[0]
  -------------------------------------------------------------------
                         required time                         -0.689    
                         arrival time                           0.909    
  -------------------------------------------------------------------
                         slack                                  0.220    

Slack (MET) :             0.226ns  (arrival time - required time)
  Source:                 j_reg_86_reg[1]/C
                            (rising edge-triggered cell FDRE clocked by ap_clk  {rise@0.000ns fall@4.000ns period=8.000ns})
  Destination:            j_cast2_cast_reg_263_reg[1]/D
                            (rising edge-triggered cell FDRE clocked by ap_clk  {rise@0.000ns fall@4.000ns period=8.000ns})
  Path Group:             ap_clk
  Path Type:              Hold (Min at Fast Process Corner)
  Requirement:            0.000ns  (ap_clk rise@0.000ns - ap_clk rise@0.000ns)
  Data Path Delay:        0.294ns  (logic 0.141ns (47.964%)  route 0.153ns (52.036%))
  Logic Levels:           0  
  Clock Path Skew:        0.016ns (DCD - SCD - CPR)
    Destination Clock Delay (DCD):    0.850ns
    Source Clock Delay      (SCD):    0.581ns
    Clock Pessimism Removal (CPR):    0.253ns

    Location             Delay type                Incr(ns)  Path(ns)    Netlist Resource(s)
  -------------------------------------------------------------------    -------------------
                         (clock ap_clk rise edge)     0.000     0.000 r  
                                                      0.000     0.000 r  ap_clk (IN)
                         net (fo=27, unset)           0.581     0.581    ap_clk
    SLICE_X5Y51          FDRE                                         r  j_reg_86_reg[1]/C
  -------------------------------------------------------------------    -------------------
    SLICE_X5Y51          FDRE (Prop_fdre_C_Q)         0.141     0.722 r  j_reg_86_reg[1]/Q
                         net (fo=13, routed)          0.153     0.875    j_reg_86_reg_n_2_[1]
    SLICE_X4Y52          FDRE                                         r  j_cast2_cast_reg_263_reg[1]/D
  -------------------------------------------------------------------    -------------------

                         (clock ap_clk rise edge)     0.000     0.000 r  
                                                      0.000     0.000 r  ap_clk (IN)
                         net (fo=27, unset)           0.850     0.850    ap_clk
    SLICE_X4Y52          FDRE                                         r  j_cast2_cast_reg_263_reg[1]/C
                         clock pessimism             -0.253     0.597    
    SLICE_X4Y52          FDRE (Hold_fdre_C_D)         0.052     0.649    j_cast2_cast_reg_263_reg[1]
  -------------------------------------------------------------------
                         required time                         -0.649    
                         arrival time                           0.875    
  -------------------------------------------------------------------
                         slack                                  0.226    

Slack (MET) :             0.227ns  (arrival time - required time)
  Source:                 j_reg_86_reg[1]/C
                            (rising edge-triggered cell FDRE clocked by ap_clk  {rise@0.000ns fall@4.000ns period=8.000ns})
  Destination:            res_addr_reg_268_reg[3]/D
                            (rising edge-triggered cell FDRE clocked by ap_clk  {rise@0.000ns fall@4.000ns period=8.000ns})
  Path Group:             ap_clk
  Path Type:              Hold (Min at Fast Process Corner)
  Requirement:            0.000ns  (ap_clk rise@0.000ns - ap_clk rise@0.000ns)
  Data Path Delay:        0.335ns  (logic 0.186ns (55.527%)  route 0.149ns (44.473%))
  Logic Levels:           1  (LUT6=1)
  Clock Path Skew:        0.016ns (DCD - SCD - CPR)
    Destination Clock Delay (DCD):    0.850ns
    Source Clock Delay      (SCD):    0.581ns
    Clock Pessimism Removal (CPR):    0.253ns

    Location             Delay type                Incr(ns)  Path(ns)    Netlist Resource(s)
  -------------------------------------------------------------------    -------------------
                         (clock ap_clk rise edge)     0.000     0.000 r  
                                                      0.000     0.000 r  ap_clk (IN)
                         net (fo=27, unset)           0.581     0.581    ap_clk
    SLICE_X5Y51          FDRE                                         r  j_reg_86_reg[1]/C
  -------------------------------------------------------------------    -------------------
    SLICE_X5Y51          FDRE (Prop_fdre_C_Q)         0.141     0.722 r  j_reg_86_reg[1]/Q
                         net (fo=13, routed)          0.149     0.871    j_reg_86_reg_n_2_[1]
    SLICE_X5Y52          LUT6 (Prop_lut6_I0_O)        0.045     0.916 r  res_addr_reg_268[3]_i_1/O
                         net (fo=1, routed)           0.000     0.916    tmp_8_fu_159_p2[3]
    SLICE_X5Y52          FDRE                                         r  res_addr_reg_268_reg[3]/D
  -------------------------------------------------------------------    -------------------

                         (clock ap_clk rise edge)     0.000     0.000 r  
                                                      0.000     0.000 r  ap_clk (IN)
                         net (fo=27, unset)           0.850     0.850    ap_clk
    SLICE_X5Y52          FDRE                                         r  res_addr_reg_268_reg[3]/C
                         clock pessimism             -0.253     0.597    
    SLICE_X5Y52          FDRE (Hold_fdre_C_D)         0.092     0.689    res_addr_reg_268_reg[3]
  -------------------------------------------------------------------
                         required time                         -0.689    
                         arrival time                           0.916    
  -------------------------------------------------------------------
                         slack                                  0.227    

Slack (MET) :             0.227ns  (arrival time - required time)
  Source:                 j_reg_86_reg[1]/C
                            (rising edge-triggered cell FDRE clocked by ap_clk  {rise@0.000ns fall@4.000ns period=8.000ns})
  Destination:            ap_CS_fsm_reg[3]/D
                            (rising edge-triggered cell FDRE clocked by ap_clk  {rise@0.000ns fall@4.000ns period=8.000ns})
  Path Group:             ap_clk
  Path Type:              Hold (Min at Fast Process Corner)
  Requirement:            0.000ns  (ap_clk rise@0.000ns - ap_clk rise@0.000ns)
  Data Path Delay:        0.364ns  (logic 0.186ns (51.063%)  route 0.178ns (48.937%))
  Logic Levels:           1  (LUT4=1)
  Clock Path Skew:        0.016ns (DCD - SCD - CPR)
    Destination Clock Delay (DCD):    0.850ns
    Source Clock Delay      (SCD):    0.581ns
    Clock Pessimism Removal (CPR):    0.253ns

    Location             Delay type                Incr(ns)  Path(ns)    Netlist Resource(s)
  -------------------------------------------------------------------    -------------------
                         (clock ap_clk rise edge)     0.000     0.000 r  
                                                      0.000     0.000 r  ap_clk (IN)
                         net (fo=27, unset)           0.581     0.581    ap_clk
    SLICE_X5Y51          FDRE                                         r  j_reg_86_reg[1]/C
  -------------------------------------------------------------------    -------------------
    SLICE_X5Y51          FDRE (Prop_fdre_C_Q)         0.141     0.722 f  j_reg_86_reg[1]/Q
                         net (fo=13, routed)          0.178     0.900    j_reg_86_reg_n_2_[1]
    SLICE_X4Y50          LUT4 (Prop_lut4_I1_O)        0.045     0.945 r  ap_CS_fsm[3]_i_1/O
                         net (fo=1, routed)           0.000     0.945    ap_NS_fsm[3]
    SLICE_X4Y50          FDRE                                         r  ap_CS_fsm_reg[3]/D
  -------------------------------------------------------------------    -------------------

                         (clock ap_clk rise edge)     0.000     0.000 r  
                                                      0.000     0.000 r  ap_clk (IN)
                         net (fo=27, unset)           0.850     0.850    ap_clk
    SLICE_X4Y50          FDRE                                         r  ap_CS_fsm_reg[3]/C
                         clock pessimism             -0.253     0.597    
    SLICE_X4Y50          FDRE (Hold_fdre_C_D)         0.121     0.718    ap_CS_fsm_reg[3]
  -------------------------------------------------------------------
                         required time                         -0.718    
                         arrival time                           0.945    
  -------------------------------------------------------------------
                         slack                                  0.227    

Slack (MET) :             0.231ns  (arrival time - required time)
  Source:                 ap_CS_fsm_reg[2]/C
                            (rising edge-triggered cell FDRE clocked by ap_clk  {rise@0.000ns fall@4.000ns period=8.000ns})
  Destination:            k_reg_110_reg[0]/D
                            (rising edge-triggered cell FDRE clocked by ap_clk  {rise@0.000ns fall@4.000ns period=8.000ns})
  Path Group:             ap_clk
  Path Type:              Hold (Min at Fast Process Corner)
  Requirement:            0.000ns  (ap_clk rise@0.000ns - ap_clk rise@0.000ns)
  Data Path Delay:        0.339ns  (logic 0.209ns (61.728%)  route 0.130ns (38.272%))
  Logic Levels:           1  (LUT6=1)
  Clock Path Skew:        0.016ns (DCD - SCD - CPR)
    Destination Clock Delay (DCD):    0.850ns
    Source Clock Delay      (SCD):    0.581ns
    Clock Pessimism Removal (CPR):    0.253ns

    Location             Delay type                Incr(ns)  Path(ns)    Netlist Resource(s)
  -------------------------------------------------------------------    -------------------
                         (clock ap_clk rise edge)     0.000     0.000 r  
                                                      0.000     0.000 r  ap_clk (IN)
                         net (fo=27, unset)           0.581     0.581    ap_clk
    SLICE_X4Y50          FDRE                                         r  ap_CS_fsm_reg[2]/C
  -------------------------------------------------------------------    -------------------
    SLICE_X4Y50          FDRE (Prop_fdre_C_Q)         0.164     0.745 f  ap_CS_fsm_reg[2]/Q
                         net (fo=15, routed)          0.130     0.875    ap_CS_fsm_state3
    SLICE_X5Y50          LUT6 (Prop_lut6_I3_O)        0.045     0.920 r  k_reg_110[0]_i_1/O
                         net (fo=1, routed)           0.000     0.920    k_reg_110[0]_i_1_n_2
    SLICE_X5Y50          FDRE                                         r  k_reg_110_reg[0]/D
  -------------------------------------------------------------------    -------------------

                         (clock ap_clk rise edge)     0.000     0.000 r  
                                                      0.000     0.000 r  ap_clk (IN)
                         net (fo=27, unset)           0.850     0.850    ap_clk
    SLICE_X5Y50          FDRE                                         r  k_reg_110_reg[0]/C
                         clock pessimism             -0.253     0.597    
    SLICE_X5Y50          FDRE (Hold_fdre_C_D)         0.092     0.689    k_reg_110_reg[0]
  -------------------------------------------------------------------
                         required time                         -0.689    
                         arrival time                           0.920    
  -------------------------------------------------------------------
                         slack                                  0.231    

Slack (MET) :             0.232ns  (arrival time - required time)
  Source:                 k_reg_110_reg[1]/C
                            (rising edge-triggered cell FDRE clocked by ap_clk  {rise@0.000ns fall@4.000ns period=8.000ns})
  Destination:            ap_CS_fsm_reg[2]/D
                            (rising edge-triggered cell FDRE clocked by ap_clk  {rise@0.000ns fall@4.000ns period=8.000ns})
  Path Group:             ap_clk
  Path Type:              Hold (Min at Fast Process Corner)
  Requirement:            0.000ns  (ap_clk rise@0.000ns - ap_clk rise@0.000ns)
  Data Path Delay:        0.368ns  (logic 0.186ns (50.550%)  route 0.182ns (49.450%))
  Logic Levels:           1  (LUT6=1)
  Clock Path Skew:        0.016ns (DCD - SCD - CPR)
    Destination Clock Delay (DCD):    0.850ns
    Source Clock Delay      (SCD):    0.581ns
    Clock Pessimism Removal (CPR):    0.253ns

    Location             Delay type                Incr(ns)  Path(ns)    Netlist Resource(s)
  -------------------------------------------------------------------    -------------------
                         (clock ap_clk rise edge)     0.000     0.000 r  
                                                      0.000     0.000 r  ap_clk (IN)
                         net (fo=27, unset)           0.581     0.581    ap_clk
    SLICE_X5Y50          FDRE                                         r  k_reg_110_reg[1]/C
  -------------------------------------------------------------------    -------------------
    SLICE_X5Y50          FDRE (Prop_fdre_C_Q)         0.141     0.722 r  k_reg_110_reg[1]/Q
                         net (fo=11, routed)          0.182     0.904    tmp_s_fu_195_p3[3]
    SLICE_X4Y50          LUT6 (Prop_lut6_I4_O)        0.045     0.949 r  ap_CS_fsm[2]_i_1/O
                         net (fo=1, routed)           0.000     0.949    ap_NS_fsm[2]
    SLICE_X4Y50          FDRE                                         r  ap_CS_fsm_reg[2]/D
  -------------------------------------------------------------------    -------------------

                         (clock ap_clk rise edge)     0.000     0.000 r  
                                                      0.000     0.000 r  ap_clk (IN)
                         net (fo=27, unset)           0.850     0.850    ap_clk
    SLICE_X4Y50          FDRE                                         r  ap_CS_fsm_reg[2]/C
                         clock pessimism             -0.253     0.597    
    SLICE_X4Y50          FDRE (Hold_fdre_C_D)         0.120     0.717    ap_CS_fsm_reg[2]
  -------------------------------------------------------------------
                         required time                         -0.717    
                         arrival time                           0.949    
  -------------------------------------------------------------------
                         slack                                  0.232    





Pulse Width Checks
--------------------------------------------------------------------------------------
Clock Name:         ap_clk
Waveform(ns):       { 0.000 4.000 }
Period(ns):         8.000
Sources:            { ap_clk }

Check Type        Corner  Lib Pin      Reference Pin  Required(ns)  Actual(ns)  Slack(ns)  Location     Pin
Min Period        n/a     DSP48E1/CLK  n/a            3.884         8.000       4.116      DSP48_X0Y20  matrixmul_mac_mulbkb_U0/matrixmul_mac_mulbkb_DSP48_0_U/p/CLK
Min Period        n/a     FDSE/C       n/a            1.000         8.000       7.000      SLICE_X4Y51  ap_CS_fsm_reg[0]/C
Min Period        n/a     FDRE/C       n/a            1.000         8.000       7.000      SLICE_X4Y51  ap_CS_fsm_reg[1]/C
Min Period        n/a     FDRE/C       n/a            1.000         8.000       7.000      SLICE_X4Y50  ap_CS_fsm_reg[2]/C
Min Period        n/a     FDRE/C       n/a            1.000         8.000       7.000      SLICE_X4Y50  ap_CS_fsm_reg[3]/C
Min Period        n/a     FDRE/C       n/a            1.000         8.000       7.000      SLICE_X4Y50  ap_CS_fsm_reg[4]/C
Min Period        n/a     FDRE/C       n/a            1.000         8.000       7.000      SLICE_X4Y50  ap_CS_fsm_reg[5]/C
Min Period        n/a     FDRE/C       n/a            1.000         8.000       7.000      SLICE_X5Y52  res_addr_reg_268_reg[0]/C
Min Period        n/a     FDRE/C       n/a            1.000         8.000       7.000      SLICE_X5Y52  res_addr_reg_268_reg[1]/C
Min Period        n/a     FDRE/C       n/a            1.000         8.000       7.000      SLICE_X5Y52  res_addr_reg_268_reg[2]/C
Low Pulse Width   Slow    FDRE/C       n/a            0.500         4.000       3.500      SLICE_X4Y53  tmp_7_reg_249_reg[0]/C
Low Pulse Width   Slow    FDRE/C       n/a            0.500         4.000       3.500      SLICE_X5Y53  tmp_7_reg_249_reg[1]/C
Low Pulse Width   Slow    FDRE/C       n/a            0.500         4.000       3.500      SLICE_X5Y53  tmp_7_reg_249_reg[2]/C
Low Pulse Width   Slow    FDRE/C       n/a            0.500         4.000       3.500      SLICE_X5Y53  tmp_7_reg_249_reg[3]/C
Low Pulse Width   Slow    FDRE/C       n/a            0.500         4.000       3.500      SLICE_X5Y53  i_1_reg_258_reg[0]/C
Low Pulse Width   Slow    FDRE/C       n/a            0.500         4.000       3.500      SLICE_X5Y49  k_1_reg_294_reg[0]/C
Low Pulse Width   Fast    FDRE/C       n/a            0.500         4.000       3.500      SLICE_X5Y49  k_1_reg_294_reg[0]/C
Low Pulse Width   Slow    FDSE/C       n/a            0.500         4.000       3.500      SLICE_X4Y51  ap_CS_fsm_reg[0]/C
Low Pulse Width   Fast    FDSE/C       n/a            0.500         4.000       3.500      SLICE_X4Y51  ap_CS_fsm_reg[0]/C
Low Pulse Width   Slow    FDRE/C       n/a            0.500         4.000       3.500      SLICE_X4Y51  ap_CS_fsm_reg[1]/C
High Pulse Width  Slow    FDSE/C       n/a            0.500         4.000       3.500      SLICE_X4Y51  ap_CS_fsm_reg[0]/C
High Pulse Width  Fast    FDSE/C       n/a            0.500         4.000       3.500      SLICE_X4Y51  ap_CS_fsm_reg[0]/C
High Pulse Width  Slow    FDRE/C       n/a            0.500         4.000       3.500      SLICE_X4Y51  ap_CS_fsm_reg[1]/C
High Pulse Width  Fast    FDRE/C       n/a            0.500         4.000       3.500      SLICE_X4Y51  ap_CS_fsm_reg[1]/C
High Pulse Width  Slow    FDRE/C       n/a            0.500         4.000       3.500      SLICE_X4Y50  ap_CS_fsm_reg[2]/C
High Pulse Width  Fast    FDRE/C       n/a            0.500         4.000       3.500      SLICE_X4Y50  ap_CS_fsm_reg[2]/C
High Pulse Width  Slow    FDRE/C       n/a            0.500         4.000       3.500      SLICE_X4Y50  ap_CS_fsm_reg[3]/C
High Pulse Width  Fast    FDRE/C       n/a            0.500         4.000       3.500      SLICE_X4Y50  ap_CS_fsm_reg[3]/C
High Pulse Width  Slow    FDRE/C       n/a            0.500         4.000       3.500      SLICE_X4Y50  ap_CS_fsm_reg[4]/C
High Pulse Width  Fast    FDRE/C       n/a            0.500         4.000       3.500      SLICE_X4Y50  ap_CS_fsm_reg[4]/C



