INFO: [XSIM 43-3496] Using init file passed via -initfile option "/opt/Xilinx/Vivado/2018.2/data/xsim/ip/xsim_ip.ini".
Vivado Simulator 2018.2
Copyright 1986-1999, 2001-2018 Xilinx, Inc. All Rights Reserved.
Running: /opt/Xilinx/Vivado/2018.2/bin/unwrapped/lnx64.o/xelab xil_defaultlib.apatb_fir_top glbl -prj fir.prj -L smartconnect_v1_0 -L axi_protocol_checker_v1_1_12 -L axi_protocol_checker_v1_1_13 -L axis_protocol_checker_v1_1_11 -L axis_protocol_checker_v1_1_12 -L xil_defaultlib -L unisims -L xpm --initfile /opt/Xilinx/Vivado/2018.2/data/xsim/ip/xsim_ip.ini --lib ieee_proposed=./ieee_proposed -s fir 
Multi-threading is on. Using 2 slave threads.
Determining compilation order of HDL files.
WARNING: [XSIM 43-3431] One or more environment variables have been detected which affect the operation of the C compiler. These are typically not set in standard installations and are not tested by Xilinx, however they may be appropriate for your system, so the flow will attempt to continue.  If errors occur, try running xelab with the "-mt off -v 1" switches to see more information from the C compiler. The following environment variables have been detected:
INFO: [VRFC 10-2263] Analyzing SystemVerilog file "/home/olafur/Documents/Embedded_systems/Assignment_1/-EmbeddedRealTimeSystems-/Assignment2/Exercise6/Exercise4/fir.prj/solution1/sim/vhdl/glbl.v" into library work
INFO: [VRFC 10-311] analyzing module glbl
INFO: [VRFC 10-163] Analyzing VHDL file "/home/olafur/Documents/Embedded_systems/Assignment_1/-EmbeddedRealTimeSystems-/Assignment2/Exercise6/Exercise4/fir.prj/solution1/sim/vhdl/AESL_sim_pkg.vhd" into library xil_defaultlib
INFO: [VRFC 10-163] Analyzing VHDL file "/home/olafur/Documents/Embedded_systems/Assignment_1/-EmbeddedRealTimeSystems-/Assignment2/Exercise6/Exercise4/fir.prj/solution1/sim/vhdl/fir.vhd" into library xil_defaultlib
INFO: [VRFC 10-307] analyzing entity fir
INFO: [VRFC 10-163] Analyzing VHDL file "/home/olafur/Documents/Embedded_systems/Assignment_1/-EmbeddedRealTimeSystems-/Assignment2/Exercise6/Exercise4/fir.prj/solution1/sim/vhdl/fir.autotb.vhd" into library xil_defaultlib
INFO: [VRFC 10-307] analyzing entity apatb_fir_top
INFO: [VRFC 10-163] Analyzing VHDL file "/home/olafur/Documents/Embedded_systems/Assignment_1/-EmbeddedRealTimeSystems-/Assignment2/Exercise6/Exercise4/fir.prj/solution1/sim/vhdl/fir_mac_muladd_10dEe.vhd" into library xil_defaultlib
INFO: [VRFC 10-307] analyzing entity fir_mac_muladd_10dEe_DSP48_2
INFO: [VRFC 10-307] analyzing entity fir_mac_muladd_10dEe
INFO: [VRFC 10-163] Analyzing VHDL file "/home/olafur/Documents/Embedded_systems/Assignment_1/-EmbeddedRealTimeSystems-/Assignment2/Exercise6/Exercise4/fir.prj/solution1/sim/vhdl/fir_mul_mul_16s_1bkb.vhd" into library xil_defaultlib
INFO: [VRFC 10-307] analyzing entity fir_mul_mul_16s_1bkb_DSP48_0
INFO: [VRFC 10-307] analyzing entity fir_mul_mul_16s_1bkb
INFO: [VRFC 10-163] Analyzing VHDL file "/home/olafur/Documents/Embedded_systems/Assignment_1/-EmbeddedRealTimeSystems-/Assignment2/Exercise6/Exercise4/fir.prj/solution1/sim/vhdl/fir_mac_muladd_16cud.vhd" into library xil_defaultlib
INFO: [VRFC 10-307] analyzing entity fir_mac_muladd_16cud_DSP48_1
INFO: [VRFC 10-307] analyzing entity fir_mac_muladd_16cud
INFO: [VRFC 10-163] Analyzing VHDL file "/home/olafur/Documents/Embedded_systems/Assignment_1/-EmbeddedRealTimeSystems-/Assignment2/Exercise6/Exercise4/fir.prj/solution1/sim/vhdl/fir_shift_reg.vhd" into library xil_defaultlib
INFO: [VRFC 10-307] analyzing entity fir_shift_reg_ram
INFO: [VRFC 10-307] analyzing entity fir_shift_reg
INFO: [VRFC 10-163] Analyzing VHDL file "/home/olafur/Documents/Embedded_systems/Assignment_1/-EmbeddedRealTimeSystems-/Assignment2/Exercise6/Exercise4/fir.prj/solution1/sim/vhdl/fir_c.vhd" into library xil_defaultlib
INFO: [VRFC 10-307] analyzing entity fir_c_rom
INFO: [VRFC 10-307] analyzing entity fir_c
Starting static elaboration
Completed static elaboration
Starting simulation data flow analysis
Completed simulation data flow analysis
Time Resolution for simulation is 1ps
Compiling package std.standard
Compiling package std.textio
Compiling package ieee.std_logic_1164
Compiling package ieee.std_logic_arith
Compiling package ieee.std_logic_unsigned
Compiling package ieee.numeric_std
Compiling package ieee.std_logic_textio
Compiling module work.glbl
Compiling architecture rtl of entity xil_defaultlib.fir_shift_reg_ram [\fir_shift_reg_ram(1,11)\]
Compiling architecture arch of entity xil_defaultlib.fir_shift_reg [fir_shift_reg_default]
Compiling architecture rtl of entity xil_defaultlib.fir_c_rom [fir_c_rom_default]
Compiling architecture arch of entity xil_defaultlib.fir_c [fir_c_default]
Compiling architecture behav of entity xil_defaultlib.fir_mul_mul_16s_1bkb_DSP48_0 [fir_mul_mul_16s_1bkb_dsp48_0_def...]
Compiling architecture arch of entity xil_defaultlib.fir_mul_mul_16s_1bkb [\fir_mul_mul_16s_1bkb(id=1,num_s...]
Compiling architecture behav of entity xil_defaultlib.fir_mac_muladd_16cud_DSP48_1 [fir_mac_muladd_16cud_dsp48_1_def...]
Compiling architecture arch of entity xil_defaultlib.fir_mac_muladd_16cud [\fir_mac_muladd_16cud(id=1,num_s...]
Compiling architecture behav of entity xil_defaultlib.fir_mac_muladd_10dEe_DSP48_2 [fir_mac_muladd_10dee_dsp48_2_def...]
Compiling architecture arch of entity xil_defaultlib.fir_mac_muladd_10dEe [\fir_mac_muladd_10dEe(id=1,num_s...]
Compiling architecture behav of entity xil_defaultlib.fir [fir_default]
Compiling architecture behav of entity xil_defaultlib.apatb_fir_top
Built simulation snapshot fir
