#-----------------------------------------------------------
# xsim v2018.2 (64-bit)
# SW Build 2258646 on Thu Jun 14 20:02:38 MDT 2018
# IP Build 2256618 on Thu Jun 14 22:10:49 MDT 2018
# Start of session at: Thu Oct  4 10:45:50 2018
# Process ID: 24177
# Current directory: /home/olafur/Documents/Embedded_systems/Assignment_1/-EmbeddedRealTimeSystems-/Assignment2/Exercise6/Exercise4/fir.prj/solution1/sim/vhdl
# Command line: xsim -mode tcl -source {xsim.dir/fir/xsim_script.tcl}
# Log file: /home/olafur/Documents/Embedded_systems/Assignment_1/-EmbeddedRealTimeSystems-/Assignment2/Exercise6/Exercise4/fir.prj/solution1/sim/vhdl/xsim.log
# Journal file: /home/olafur/Documents/Embedded_systems/Assignment_1/-EmbeddedRealTimeSystems-/Assignment2/Exercise6/Exercise4/fir.prj/solution1/sim/vhdl/xsim.jou
#-----------------------------------------------------------
source xsim.dir/fir/xsim_script.tcl
# xsim {fir} -autoloadwcfg -tclbatch {fir.tcl}
Vivado Simulator 2018.2
Time resolution is 1 ps
source fir.tcl
## run all
Note: simulation done!
Time: 34972 ns  Iteration: 1  Process: /apatb_fir_top/generate_sim_done_proc  File: /home/olafur/Documents/Embedded_systems/Assignment_1/-EmbeddedRealTimeSystems-/Assignment2/Exercise6/Exercise4/fir.prj/solution1/sim/vhdl/fir.autotb.vhd
Failure: NORMAL EXIT (note: failure is to force the simulator to stop)
Time: 34972 ns  Iteration: 1  Process: /apatb_fir_top/generate_sim_done_proc  File: /home/olafur/Documents/Embedded_systems/Assignment_1/-EmbeddedRealTimeSystems-/Assignment2/Exercise6/Exercise4/fir.prj/solution1/sim/vhdl/fir.autotb.vhd
$finish called at time : 34972 ns
## quit
INFO: [Common 17-206] Exiting xsim at Thu Oct  4 10:46:17 2018...
