Copyright 1986-2017 Xilinx, Inc. All Rights Reserved.
------------------------------------------------------------------------------------
| Tool Version : Vivado v.2017.2 (win64) Build 1909853 Thu Jun 15 18:39:09 MDT 2017
| Date         : Tue Sep 25 22:22:19 2018
| Host         : LAPTOP-07F69O5Q running 64-bit major release  (build 9200)
| Command      : upgrade_ip
| Device       : xc7z010clg400-1
------------------------------------------------------------------------------------

Upgrade Log for IP 'system_rst_processing_system7_0_50M_0'

1. Summary
----------

SUCCESS in the upgrade of system_rst_processing_system7_0_50M_0 (xilinx.com:ip:proc_sys_reset:5.0) from (Rev. 8) to (Rev. 11)






Copyright 1986-2017 Xilinx, Inc. All Rights Reserved.
------------------------------------------------------------------------------------
| Tool Version : Vivado v.2017.2 (win64) Build 1909853 Thu Jun 15 18:39:09 MDT 2017
| Date         : Tue Sep 25 22:22:19 2018
| Host         : LAPTOP-07F69O5Q running 64-bit major release  (build 9200)
| Command      : upgrade_ip
| Device       : xc7z010clg400-1
------------------------------------------------------------------------------------

Upgrade Log for IP 'system_processing_system7_0_axi_periph_0'

1. Summary
----------

SUCCESS in the upgrade of system_processing_system7_0_axi_periph_0 (xilinx.com:ip:axi_interconnect:2.1) from (Rev. 8) to (Rev. 14)






Copyright 1986-2017 Xilinx, Inc. All Rights Reserved.
------------------------------------------------------------------------------------
| Tool Version : Vivado v.2017.2 (win64) Build 1909853 Thu Jun 15 18:39:09 MDT 2017
| Date         : Tue Sep 25 22:22:19 2018
| Host         : LAPTOP-07F69O5Q running 64-bit major release  (build 9200)
| Command      : upgrade_ip
| Device       : xc7z010clg400-1
------------------------------------------------------------------------------------

Upgrade Log for IP 'system_processing_system7_0_0'

1. Summary
----------

SUCCESS in the upgrade of system_processing_system7_0_0 (xilinx.com:ip:processing_system7:5.5) from (Rev. 3) to (Rev. 5)

2. Upgrade messages
-------------------

WARNING: upgrade cannot add parameter PCW_TRACE_INTERNAL_WIDTH with default value 32 : a parameter called PCW_TRACE_INTERNAL_WIDTH already exists in processing_system7_v5_5
WARNING: upgrade cannot add parameter PCW_USE_AXI_NONSECURE with default value 0 : a parameter called PCW_USE_AXI_NONSECURE already exists in processing_system7_v5_5
WARNING: upgrade cannot add parameter PCW_EN_PTP_ENET0 with default value 1 : a parameter called PCW_EN_PTP_ENET0 already exists in processing_system7_v5_5
WARNING: upgrade cannot add parameter PCW_EN_PTP_ENET0 with default value 1 : a parameter called PCW_EN_PTP_ENET0 already exists in processing_system7_v5_5
Added parameter PCW_GP0_NUM_WRITE_THREADS with value 4 (source 'default')
Added parameter PCW_GP0_NUM_READ_THREADS with value 4 (source 'default')
Added parameter PCW_GP1_NUM_WRITE_THREADS with value 4 (source 'default')
Added parameter PCW_GP1_NUM_READ_THREADS with value 4 (source 'default')
Added parameter PCW_GP0_EN_MODIFIABLE_TXN with value 0 (source 'default')
Added parameter PCW_GP1_EN_MODIFIABLE_TXN with value 0 (source 'default')






Copyright 1986-2017 Xilinx, Inc. All Rights Reserved.
------------------------------------------------------------------------------------
| Tool Version : Vivado v.2017.2 (win64) Build 1909853 Thu Jun 15 18:39:09 MDT 2017
| Date         : Tue Sep 25 22:22:19 2018
| Host         : LAPTOP-07F69O5Q running 64-bit major release  (build 9200)
| Command      : upgrade_ip
| Device       : xc7z010clg400-1
------------------------------------------------------------------------------------

Upgrade Log for IP 'system_axi_gpio_0_1'

1. Summary
----------

CAUTION (success, with warnings) in the upgrade of system_axi_gpio_0_1 (xilinx.com:ip:axi_gpio:2.0) from (Rev. 9) to (Rev. 15)

After upgrade, an IP may have parameter and port differences compared to the original customization. Please review the parameters within the IP customization GUI to ensure proper functionality. Also, please review the updated IP instantiation template to ensure proper connectivity, and update your design if required.

2. Connection Warnings
----------------------

Detected external port differences while upgrading 'system_axi_gpio_0_1'. These changes may impact your design.


-Upgraded port 'gpio_io_i' width 4 differs from original width 32

-Upgrade has removed port 'gpio_io_o'

-Upgrade has removed port 'gpio_io_t'


3. Customization warnings
-------------------------

An attempt to modify the value of disabled parameter 'C_GPIO_WIDTH' from '4' to '32' has been ignored for IP 'system_axi_gpio_0_1'

An attempt to modify the value of disabled parameter 'C_ALL_INPUTS' from '1' to '0' has been ignored for IP 'system_axi_gpio_0_1'


4. Debug Commands
-----------------

  The following debug information can be passed to Vivado as Tcl commands,
in order to validate or debug the output of the upgrade flow.
  You may consult any warnings from within this upgrade, and alter or remove
the configuration parameter(s) which caused the warning; then execute the Tcl
commands, and use the IP Customization GUI to verify the IP configuration.

create_ip -vlnv xilinx.com:ip:axi_gpio:2.0 -user_name system_axi_gpio_0_1
set_property -dict "\
  CONFIG.C_ALL_INPUTS {0} \
  CONFIG.C_ALL_INPUTS_2 {0} \
  CONFIG.C_ALL_OUTPUTS {0} \
  CONFIG.C_ALL_OUTPUTS_2 {0} \
  CONFIG.C_DOUT_DEFAULT {0x00000000} \
  CONFIG.C_DOUT_DEFAULT_2 {0x00000000} \
  CONFIG.C_GPIO2_WIDTH {32} \
  CONFIG.C_GPIO_WIDTH {32} \
  CONFIG.C_INTERRUPT_PRESENT {0} \
  CONFIG.C_IS_DUAL {0} \
  CONFIG.C_TRI_DEFAULT {0xFFFFFFFF} \
  CONFIG.C_TRI_DEFAULT_2 {0xFFFFFFFF} \
  CONFIG.Component_Name {system_axi_gpio_0_1} \
  CONFIG.GPIO.BOARD.ASSOCIATED_PARAM {GPIO_BOARD_INTERFACE} \
  CONFIG.GPIO2_BOARD_INTERFACE {Custom} \
  CONFIG.GPIO_BOARD_INTERFACE {sws_4bits} \
  CONFIG.S_AXI_ACLK.ASSOCIATED_BUSIF {S_AXI} \
  CONFIG.S_AXI_ACLK.ASSOCIATED_RESET {s_axi_aresetn} \
  CONFIG.S_AXI_ARESETN.POLARITY {ACTIVE_LOW} \
  CONFIG.USE_BOARD_FLOW {true} " [get_ips system_axi_gpio_0_1]







Copyright 1986-2017 Xilinx, Inc. All Rights Reserved.
------------------------------------------------------------------------------------
| Tool Version : Vivado v.2017.2 (win64) Build 1909853 Thu Jun 15 18:39:09 MDT 2017
| Date         : Tue Sep 25 22:22:19 2018
| Host         : LAPTOP-07F69O5Q running 64-bit major release  (build 9200)
| Command      : upgrade_ip
| Device       : xc7z010clg400-1
------------------------------------------------------------------------------------

Upgrade Log for IP 'system_axi_gpio_0_0'

1. Summary
----------

CAUTION (success, with warnings) in the upgrade of system_axi_gpio_0_0 (xilinx.com:ip:axi_gpio:2.0) from (Rev. 9) to (Rev. 15)

After upgrade, an IP may have parameter and port differences compared to the original customization. Please review the parameters within the IP customization GUI to ensure proper functionality. Also, please review the updated IP instantiation template to ensure proper connectivity, and update your design if required.

2. Connection Warnings
----------------------

Detected external port differences while upgrading 'system_axi_gpio_0_0'. These changes may impact your design.


-Upgraded port 'gpio_io_i' width 4 differs from original width 32

-Upgrade has removed port 'gpio_io_o'

-Upgrade has removed port 'gpio_io_t'


3. Customization warnings
-------------------------

An attempt to modify the value of disabled parameter 'C_GPIO_WIDTH' from '4' to '32' has been ignored for IP 'system_axi_gpio_0_0'

An attempt to modify the value of disabled parameter 'C_ALL_INPUTS' from '1' to '0' has been ignored for IP 'system_axi_gpio_0_0'


4. Debug Commands
-----------------

  The following debug information can be passed to Vivado as Tcl commands,
in order to validate or debug the output of the upgrade flow.
  You may consult any warnings from within this upgrade, and alter or remove
the configuration parameter(s) which caused the warning; then execute the Tcl
commands, and use the IP Customization GUI to verify the IP configuration.

create_ip -vlnv xilinx.com:ip:axi_gpio:2.0 -user_name system_axi_gpio_0_0
set_property -dict "\
  CONFIG.C_ALL_INPUTS {0} \
  CONFIG.C_ALL_INPUTS_2 {0} \
  CONFIG.C_ALL_OUTPUTS {0} \
  CONFIG.C_ALL_OUTPUTS_2 {0} \
  CONFIG.C_DOUT_DEFAULT {0x00000000} \
  CONFIG.C_DOUT_DEFAULT_2 {0x00000000} \
  CONFIG.C_GPIO2_WIDTH {32} \
  CONFIG.C_GPIO_WIDTH {32} \
  CONFIG.C_INTERRUPT_PRESENT {0} \
  CONFIG.C_IS_DUAL {0} \
  CONFIG.C_TRI_DEFAULT {0xFFFFFFFF} \
  CONFIG.C_TRI_DEFAULT_2 {0xFFFFFFFF} \
  CONFIG.Component_Name {system_axi_gpio_0_0} \
  CONFIG.GPIO.BOARD.ASSOCIATED_PARAM {GPIO_BOARD_INTERFACE} \
  CONFIG.GPIO2_BOARD_INTERFACE {Custom} \
  CONFIG.GPIO_BOARD_INTERFACE {btns_4bits} \
  CONFIG.S_AXI_ACLK.ASSOCIATED_BUSIF {S_AXI} \
  CONFIG.S_AXI_ACLK.ASSOCIATED_RESET {s_axi_aresetn} \
  CONFIG.S_AXI_ARESETN.POLARITY {ACTIVE_LOW} \
  CONFIG.USE_BOARD_FLOW {true} " [get_ips system_axi_gpio_0_0]


